n_estimators= 2500 , learning_rate= 0.02
AdaBoosting with pca data
dimension:  1
{'fit_time': array([2.21402454, 2.26930046, 3.17614651, 3.20783281, 2.27077889]), 'score_time': array([0.26334119, 0.26662779, 0.2570045 , 0.24981666, 0.28953075]), 'test_score': array([0.82051282, 0.74358974, 0.73684211, 0.81578947, 0.81578947])}
{'fit_time': array([3.21269464, 2.34296036, 2.39452648, 2.35028505, 3.20783925]), 'score_time': array([0.25014162, 0.26059151, 0.25784588, 0.25881577, 0.24315476]), 'test_score': array([0.82051282, 0.74358974, 0.73684211, 0.81578947, 0.81578947])}
{'fit_time': array([2.26367664, 3.1783154 , 2.23013663, 2.20789862, 3.13907909]), 'score_time': array([0.26344681, 0.28463769, 0.2592802 , 0.25460863, 0.24034786]), 'test_score': array([0.82051282, 0.74358974, 0.73684211, 0.81578947, 0.81578947])}
{'fit_time': array([2.20977759, 2.95237708, 2.42172885, 2.22716999, 3.17916441]), 'score_time': array([0.25375056, 0.25490355, 0.30868626, 0.2570498 , 0.24160814]), 'test_score': array([0.82051282, 0.74358974, 0.73684211, 0.81578947, 0.81578947])}
{'fit_time': array([3.16273665, 2.33667374, 3.17165017, 2.22430968, 2.34567738]), 'score_time': array([0.25318241, 0.25986886, 0.25987029, 0.25680089, 0.25752306]), 'test_score': array([0.82051282, 0.74358974, 0.73684211, 0.81578947, 0.81578947])}
{'fit_time': array([2.2878108 , 2.29523325, 2.25524497, 3.17728996, 3.21753716]), 'score_time': array([0.2613349 , 0.25731659, 0.2520988 , 0.24544525, 0.28419805]), 'test_score': array([0.82051282, 0.74358974, 0.73684211, 0.81578947, 0.81578947])}
{'fit_time': array([2.19124603, 3.14639664, 2.26762938, 2.19897103, 3.16759706]), 'score_time': array([0.25371265, 0.25041533, 0.26085854, 0.25731492, 0.24692702]), 'test_score': array([0.82051282, 0.74358974, 0.73684211, 0.81578947, 0.81578947])}
{'fit_time': array([2.25011086, 2.20508599, 3.14319468, 2.28930068, 3.16423202]), 'score_time': array([0.24967837, 0.25648594, 0.24909759, 0.26759458, 0.24244285]), 'test_score': array([0.82051282, 0.74358974, 0.73684211, 0.81578947, 0.81578947])}
{'fit_time': array([2.21643567, 2.20374846, 2.32379293, 3.14025879, 3.16993904]), 'score_time': array([0.25688291, 0.25182796, 0.27215719, 0.24222779, 0.25495315]), 'test_score': array([0.82051282, 0.74358974, 0.73684211, 0.81578947, 0.81578947])}
{'fit_time': array([2.26351714, 2.21166873, 2.26146698, 3.13692141, 3.13173914]), 'score_time': array([0.25872135, 0.25736189, 0.25530553, 0.24464989, 0.24433184]), 'test_score': array([0.82051282, 0.74358974, 0.73684211, 0.81578947, 0.81578947])}
dimension:  2
{'fit_time': array([2.41695452, 2.5556674 , 2.42502403, 3.47467899, 3.46684599]), 'score_time': array([0.28298664, 0.29948807, 0.27937818, 0.27035594, 0.28327799]), 'test_score': array([0.74358974, 0.56410256, 0.71052632, 0.84210526, 0.73684211])}
{'fit_time': array([2.44199514, 3.5140624 , 2.46218729, 3.47807789, 2.50865841]), 'score_time': array([0.29564404, 0.28438258, 0.29372573, 0.27266645, 0.28323102]), 'test_score': array([0.74358974, 0.56410256, 0.71052632, 0.84210526, 0.73684211])}
{'fit_time': array([2.41386986, 2.52854228, 3.49152064, 2.46004701, 3.4730382 ]), 'score_time': array([0.28690028, 0.29755116, 0.28200531, 0.27979708, 0.27108693]), 'test_score': array([0.74358974, 0.56410256, 0.71052632, 0.84210526, 0.73684211])}
{'fit_time': array([3.48581147, 2.44069099, 2.53875017, 3.49999499, 2.59660912]), 'score_time': array([0.26921844, 0.2795341 , 0.28088832, 0.27297044, 0.28430581]), 'test_score': array([0.74358974, 0.56410256, 0.71052632, 0.84210526, 0.73684211])}
{'fit_time': array([3.48431444, 2.48111463, 2.45704412, 3.52210307, 2.51748586]), 'score_time': array([0.27149582, 0.27993655, 0.29631257, 0.28816462, 0.2874558 ]), 'test_score': array([0.74358974, 0.56410256, 0.71052632, 0.84210526, 0.73684211])}
{'fit_time': array([2.4728744 , 2.46671319, 3.50221419, 3.48506355, 2.6083653 ]), 'score_time': array([0.28092766, 0.28805137, 0.27994585, 0.26933289, 0.28659463]), 'test_score': array([0.74358974, 0.56410256, 0.71052632, 0.84210526, 0.73684211])}
{'fit_time': array([2.43041754, 2.56560564, 3.51267481, 2.43437576, 3.49863935]), 'score_time': array([0.28280902, 0.28248167, 0.27765799, 0.29021859, 0.27800822]), 'test_score': array([0.74358974, 0.56410256, 0.71052632, 0.84210526, 0.73684211])}
{'fit_time': array([2.41449237, 2.46717668, 2.5441227 , 3.52093744, 3.47399259]), 'score_time': array([0.27922821, 0.29357505, 0.28819203, 0.28893852, 0.26752949]), 'test_score': array([0.74358974, 0.56410256, 0.71052632, 0.84210526, 0.73684211])}
{'fit_time': array([2.45610142, 2.47465491, 3.50102139, 2.43546176, 3.54545927]), 'score_time': array([0.28143454, 0.28415036, 0.27907443, 0.29377913, 0.27853727]), 'test_score': array([0.74358974, 0.56410256, 0.71052632, 0.84210526, 0.73684211])}
{'fit_time': array([2.50030041, 2.43041968, 3.5155499 , 3.47714782, 2.57166696]), 'score_time': array([0.29825068, 0.27665424, 0.27767396, 0.27609634, 0.28361726]), 'test_score': array([0.74358974, 0.56410256, 0.71052632, 0.84210526, 0.73684211])}
dimension:  3
{'fit_time': array([2.66644597, 2.72253561, 2.65502429, 3.79014969, 3.84275699]), 'score_time': array([0.31618142, 0.31762505, 0.31107211, 0.30750799, 0.30135274]), 'test_score': array([0.76923077, 0.74358974, 0.84210526, 0.81578947, 0.68421053])}
{'fit_time': array([3.86001468, 2.69560218, 2.69467521, 2.68059731, 3.82902479]), 'score_time': array([0.30951214, 0.31415701, 0.31530476, 0.31236672, 0.29693007]), 'test_score': array([0.76923077, 0.74358974, 0.84210526, 0.81578947, 0.68421053])}
{'fit_time': array([2.7441628 , 2.61740923, 2.71497226, 3.78129101, 3.79238248]), 'score_time': array([0.31803632, 0.30140686, 0.31837654, 0.29996634, 0.29846668]), 'test_score': array([0.76923077, 0.74358974, 0.84210526, 0.81578947, 0.68421053])}
{'fit_time': array([3.83048368, 2.81007481, 2.71974897, 3.85243773, 2.82425261]), 'score_time': array([0.29955387, 0.33113742, 0.31528807, 0.30038905, 0.30893898]), 'test_score': array([0.76923077, 0.74358974, 0.84210526, 0.81578947, 0.68421053])}
{'fit_time': array([2.7420373 , 2.67509103, 2.72661638, 3.84038115, 3.87972331]), 'score_time': array([0.31881094, 0.31173205, 0.31595588, 0.29285502, 0.30650711]), 'test_score': array([0.76923077, 0.74358974, 0.84210526, 0.81578947, 0.68421053])}
{'fit_time': array([2.79391599, 2.7242918 , 3.80996537, 3.81506371, 2.64894152]), 'score_time': array([0.32968283, 0.31340122, 0.29668641, 0.2994082 , 0.30467892]), 'test_score': array([0.76923077, 0.74358974, 0.84210526, 0.81578947, 0.68421053])}
{'fit_time': array([2.71595788, 2.7938199 , 3.84613347, 2.67853546, 3.81965303]), 'score_time': array([0.33069134, 0.32401013, 0.30351973, 0.31084394, 0.30173039]), 'test_score': array([0.76923077, 0.74358974, 0.84210526, 0.81578947, 0.68421053])}
{'fit_time': array([2.65340805, 2.83816075, 3.80411983, 2.71119547, 3.81822205]), 'score_time': array([0.31617379, 0.3334589 , 0.30770636, 0.30622387, 0.29698682]), 'test_score': array([0.76923077, 0.74358974, 0.84210526, 0.81578947, 0.68421053])}
{'fit_time': array([2.6883781 , 3.86033845, 2.75184464, 2.78190446, 3.85967541]), 'score_time': array([0.32350183, 0.30724311, 0.32858419, 0.31506991, 0.30766058]), 'test_score': array([0.76923077, 0.74358974, 0.84210526, 0.81578947, 0.68421053])}
{'fit_time': array([2.7509954 , 2.71290421, 2.75154853, 3.82687616, 3.82427287]), 'score_time': array([0.31079054, 0.32675409, 0.32953715, 0.30611157, 0.30181956]), 'test_score': array([0.76923077, 0.74358974, 0.84210526, 0.81578947, 0.68421053])}
dimension:  4
{'fit_time': array([3.06933236, 2.93027735, 4.22140527, 2.92430067, 4.19728231]), 'score_time': array([0.35148668, 0.34453011, 0.31809402, 0.35544825, 0.3346827 ]), 'test_score': array([0.79487179, 0.74358974, 0.73684211, 0.78947368, 0.71052632])}
{'fit_time': array([2.94729924, 2.99378967, 4.21035552, 2.91621184, 4.2103343 ]), 'score_time': array([0.33714652, 0.35731149, 0.36796689, 0.33185363, 0.32324123]), 'test_score': array([0.79487179, 0.74358974, 0.73684211, 0.78947368, 0.71052632])}
{'fit_time': array([4.20531011, 2.96999145, 2.93001795, 2.95658517, 4.19552565]), 'score_time': array([0.32584834, 0.34578538, 0.34816003, 0.35689068, 0.3271482 ]), 'test_score': array([0.79487179, 0.74358974, 0.73684211, 0.78947368, 0.71052632])}
{'fit_time': array([2.96519113, 4.26649809, 2.96003199, 2.85294843, 4.26973057]), 'score_time': array([0.35729599, 0.33287716, 0.34433198, 0.33928227, 0.32559705]), 'test_score': array([0.79487179, 0.74358974, 0.73684211, 0.78947368, 0.71052632])}
{'fit_time': array([4.17305398, 2.96746325, 2.95117712, 4.1947186 , 2.9155128 ]), 'score_time': array([0.32748246, 0.3516686 , 0.33954382, 0.32956362, 0.33767343]), 'test_score': array([0.79487179, 0.74358974, 0.73684211, 0.78947368, 0.71052632])}
{'fit_time': array([3.0039022 , 4.22500134, 2.99874234, 2.93076563, 4.19592285]), 'score_time': array([0.35007024, 0.33565426, 0.34420276, 0.34240317, 0.32147837]), 'test_score': array([0.79487179, 0.74358974, 0.73684211, 0.78947368, 0.71052632])}
{'fit_time': array([4.17046428, 2.97149754, 2.93283725, 4.18075037, 2.91735721]), 'score_time': array([0.32708669, 0.34566236, 0.34262228, 0.31921816, 0.34184933]), 'test_score': array([0.79487179, 0.74358974, 0.73684211, 0.78947368, 0.71052632])}
{'fit_time': array([4.21483874, 4.13072562, 2.93345761, 2.8872211 , 2.93134117]), 'score_time': array([0.3348434 , 0.3328414 , 0.3343966 , 0.34274411, 0.34715366]), 'test_score': array([0.79487179, 0.74358974, 0.73684211, 0.78947368, 0.71052632])}
{'fit_time': array([2.94584227, 3.76056719, 3.42077518, 2.97773647, 4.2008357 ]), 'score_time': array([0.34310555, 0.34356904, 0.33152103, 0.35131431, 0.33368993]), 'test_score': array([0.79487179, 0.74358974, 0.73684211, 0.78947368, 0.71052632])}
{'fit_time': array([4.15573907, 2.96760225, 2.89479399, 2.92423677, 4.18357825]), 'score_time': array([0.32943535, 0.34901428, 0.33409643, 0.3409102 , 0.32382417]), 'test_score': array([0.79487179, 0.74358974, 0.73684211, 0.78947368, 0.71052632])}
dimension:  5
{'fit_time': array([4.53070498, 3.16497302, 3.15306044, 3.16933513, 4.50648952]), 'score_time': array([0.39390469, 0.37846494, 0.37720299, 0.3608284 , 0.35120654]), 'test_score': array([0.82051282, 0.61538462, 0.71052632, 0.78947368, 0.73684211])}
{'fit_time': array([3.12901545, 3.19918513, 3.12454748, 4.50836515, 4.52122092]), 'score_time': array([0.37140393, 0.36711788, 0.37632871, 0.35179138, 0.35681152]), 'test_score': array([0.82051282, 0.61538462, 0.71052632, 0.78947368, 0.73684211])}
{'fit_time': array([3.27501202, 4.47247291, 3.17887807, 4.50830007, 3.21670818]), 'score_time': array([0.39005756, 0.34635258, 0.36114812, 0.3558073 , 0.35571551]), 'test_score': array([0.82051282, 0.61538462, 0.71052632, 0.78947368, 0.73684211])}
{'fit_time': array([4.500422  , 3.14693427, 3.2796433 , 3.09523559, 4.53714132]), 'score_time': array([0.3517015 , 0.37553501, 0.38235545, 0.35728669, 0.36409926]), 'test_score': array([0.82051282, 0.61538462, 0.71052632, 0.78947368, 0.73684211])}
{'fit_time': array([3.1719656 , 3.16556764, 3.15574551, 4.53173232, 4.59087682]), 'score_time': array([0.36919212, 0.38276196, 0.37357736, 0.35212064, 0.39831519]), 'test_score': array([0.82051282, 0.61538462, 0.71052632, 0.78947368, 0.73684211])}
{'fit_time': array([4.47793698, 3.08131123, 3.13827848, 3.17341757, 4.61374068]), 'score_time': array([0.35897303, 0.36239386, 0.37793422, 0.36018324, 0.37880468]), 'test_score': array([0.82051282, 0.61538462, 0.71052632, 0.78947368, 0.73684211])}
{'fit_time': array([3.14027977, 3.12410927, 4.53610086, 3.1900661 , 4.54097342]), 'score_time': array([0.36629701, 0.36219549, 0.35780358, 0.38438988, 0.3527782 ]), 'test_score': array([0.82051282, 0.61538462, 0.71052632, 0.78947368, 0.73684211])}
{'fit_time': array([3.18859339, 3.07496309, 3.21413589, 4.49079943, 4.51799512]), 'score_time': array([0.38192964, 0.36287045, 0.37631321, 0.35209775, 0.36131144]), 'test_score': array([0.82051282, 0.61538462, 0.71052632, 0.78947368, 0.73684211])}
{'fit_time': array([3.26136661, 3.23690414, 4.56388593, 3.22480106, 4.63572192]), 'score_time': array([0.37499332, 0.39150715, 0.35801911, 0.36894369, 0.35375476]), 'test_score': array([0.82051282, 0.61538462, 0.71052632, 0.78947368, 0.73684211])}
{'fit_time': array([3.2068181 , 3.18907547, 4.54504156, 3.2319572 , 4.57800221]), 'score_time': array([0.39488626, 0.388165  , 0.34625983, 0.36813068, 0.35562015]), 'test_score': array([0.82051282, 0.61538462, 0.71052632, 0.78947368, 0.73684211])}
dimension:  6
{'fit_time': array([4.85326314, 3.5151422 , 3.40053606, 3.36206198, 4.98720789]), 'score_time': array([0.38426852, 0.40795183, 0.38863111, 0.37918401, 0.37833643]), 'test_score': array([0.74358974, 0.66666667, 0.78947368, 0.78947368, 0.73684211])}
{'fit_time': array([3.25684762, 3.40320444, 3.38790822, 4.77556038, 4.88935828]), 'score_time': array([0.38554692, 0.41178036, 0.38997316, 0.38090158, 0.38035607]), 'test_score': array([0.74358974, 0.66666667, 0.78947368, 0.78947368, 0.73684211])}
{'fit_time': array([3.26644754, 3.33276653, 3.46507311, 4.77127123, 4.89071488]), 'score_time': array([0.37831235, 0.39013028, 0.40223241, 0.37490487, 0.3862195 ]), 'test_score': array([0.74358974, 0.66666667, 0.78947368, 0.78947368, 0.73684211])}
{'fit_time': array([4.81795764, 3.33481479, 3.36741829, 4.81479716, 3.48821568]), 'score_time': array([0.38115048, 0.39942837, 0.39265299, 0.36914253, 0.41265869]), 'test_score': array([0.74358974, 0.66666667, 0.78947368, 0.78947368, 0.73684211])}
{'fit_time': array([3.69371271, 3.62468457, 3.60384274, 5.15188503, 5.18675232]), 'score_time': array([0.45101643, 0.44705915, 0.40582943, 0.3888793 , 0.39186788]), 'test_score': array([0.74358974, 0.66666667, 0.78947368, 0.78947368, 0.73684211])}
{'fit_time': array([4.84573722, 3.40442538, 3.40965199, 3.41597247, 4.82627368]), 'score_time': array([0.38389754, 0.40661216, 0.39641476, 0.38406444, 0.37992883]), 'test_score': array([0.74358974, 0.66666667, 0.78947368, 0.78947368, 0.73684211])}
{'fit_time': array([4.80793786, 3.4859314 , 3.42845678, 4.83277607, 3.42050076]), 'score_time': array([0.37788296, 0.41923118, 0.39565587, 0.39629984, 0.39669514]), 'test_score': array([0.74358974, 0.66666667, 0.78947368, 0.78947368, 0.73684211])}
{'fit_time': array([3.45546579, 3.39420938, 4.96479797, 3.32871246, 4.93906474]), 'score_time': array([0.39238071, 0.40821862, 0.4170146 , 0.38915515, 0.36802697]), 'test_score': array([0.74358974, 0.66666667, 0.78947368, 0.78947368, 0.73684211])}
{'fit_time': array([3.32648134, 3.41080999, 4.98319054, 3.39231682, 4.89494085]), 'score_time': array([0.39728737, 0.40810466, 0.38216567, 0.39949536, 0.37962651]), 'test_score': array([0.74358974, 0.66666667, 0.78947368, 0.78947368, 0.73684211])}
{'fit_time': array([3.4397738 , 3.54104066, 4.82411361, 3.50772548, 4.98462224]), 'score_time': array([0.39491081, 0.38960171, 0.37331891, 0.42606211, 0.40386295]), 'test_score': array([0.74358974, 0.66666667, 0.78947368, 0.78947368, 0.73684211])}
dimension:  7
{'fit_time': array([5.12519479, 3.6412549 , 3.78270292, 3.57723475, 5.22098899]), 'score_time': array([0.40026593, 0.44652033, 0.42370749, 0.43280458, 0.41575503]), 'test_score': array([0.74358974, 0.64102564, 0.78947368, 0.78947368, 0.73684211])}
{'fit_time': array([3.71810269, 5.28803062, 5.29707623, 3.59730005, 3.70066953]), 'score_time': array([0.44847345, 0.40601158, 0.40687847, 0.42604589, 0.43202996]), 'test_score': array([0.74358974, 0.64102564, 0.78947368, 0.78947368, 0.73684211])}
{'fit_time': array([5.12126112, 5.25460219, 3.74484897, 3.62332678, 3.63063908]), 'score_time': array([0.39649248, 0.41859007, 0.43863106, 0.42342782, 0.42979407]), 'test_score': array([0.74358974, 0.64102564, 0.78947368, 0.78947368, 0.73684211])}
{'fit_time': array([3.63258028, 5.1908865 , 3.72623205, 3.56163335, 5.29165411]), 'score_time': array([0.43872571, 0.41154814, 0.43135357, 0.41963744, 0.40842867]), 'test_score': array([0.74358974, 0.64102564, 0.78947368, 0.78947368, 0.73684211])}
{'fit_time': array([5.1470468 , 3.6070416 , 3.75596809, 3.64366364, 5.2460587 ]), 'score_time': array([0.39707804, 0.42848921, 0.4373312 , 0.43325233, 0.41738081]), 'test_score': array([0.74358974, 0.64102564, 0.78947368, 0.78947368, 0.73684211])}
{'fit_time': array([3.59639502, 3.7360177 , 3.68826652, 5.16253734, 5.23237491]), 'score_time': array([0.44886303, 0.44325471, 0.42488003, 0.40012455, 0.41162086]), 'test_score': array([0.74358974, 0.64102564, 0.78947368, 0.78947368, 0.73684211])}
{'fit_time': array([5.08761191, 3.6922195 , 3.79539776, 3.59224343, 5.22076392]), 'score_time': array([0.4023056 , 0.43262482, 0.45099568, 0.42127275, 0.4086144 ]), 'test_score': array([0.74358974, 0.64102564, 0.78947368, 0.78947368, 0.73684211])}
{'fit_time': array([3.61531496, 3.73766112, 3.68209624, 5.1417706 , 5.22365189]), 'score_time': array([0.41352916, 0.43666601, 0.4273324 , 0.39766812, 0.41302395]), 'test_score': array([0.74358974, 0.64102564, 0.78947368, 0.78947368, 0.73684211])}
{'fit_time': array([3.59818196, 5.1176815 , 3.63238692, 3.48357821, 5.21920705]), 'score_time': array([0.43402958, 0.4114666 , 0.41736555, 0.40978432, 0.41354394]), 'test_score': array([0.74358974, 0.64102564, 0.78947368, 0.78947368, 0.73684211])}
{'fit_time': array([3.5320034 , 3.6650548 , 4.1200819 , 4.77016377, 5.24664354]), 'score_time': array([0.44418144, 0.43880677, 0.40804362, 0.44306087, 0.41413641]), 'test_score': array([0.74358974, 0.64102564, 0.78947368, 0.78947368, 0.73684211])}
dimension:  8
{'fit_time': array([5.6029954 , 5.58083558, 3.96036792, 3.92867589, 3.94638419]), 'score_time': array([0.43584371, 0.42657995, 0.45957279, 0.46194863, 0.46286106]), 'test_score': array([0.74358974, 0.69230769, 0.78947368, 0.78947368, 0.76315789])}
{'fit_time': array([3.79818201, 3.92554474, 3.85140538, 5.48661041, 5.53584456]), 'score_time': array([0.45544624, 0.47164512, 0.44378066, 0.41687965, 0.46566701]), 'test_score': array([0.74358974, 0.69230769, 0.78947368, 0.78947368, 0.76315789])}
{'fit_time': array([5.55727983, 3.88572216, 4.09118533, 3.73570585, 5.53328514]), 'score_time': array([0.43675947, 0.46283555, 0.44802475, 0.43468237, 0.42151999]), 'test_score': array([0.74358974, 0.69230769, 0.78947368, 0.78947368, 0.76315789])}
{'fit_time': array([3.91081595, 3.89683938, 4.02099276, 5.57068372, 5.72906637]), 'score_time': array([0.46289062, 0.44444561, 0.45267177, 0.42860079, 0.44480991]), 'test_score': array([0.74358974, 0.69230769, 0.78947368, 0.78947368, 0.76315789])}
{'fit_time': array([5.49372363, 5.48811173, 3.97187829, 3.82019162, 3.79424286]), 'score_time': array([0.42977333, 0.42867661, 0.47055602, 0.44456029, 0.44029236]), 'test_score': array([0.74358974, 0.69230769, 0.78947368, 0.78947368, 0.76315789])}
{'fit_time': array([5.5988667 , 3.84477401, 3.87451744, 5.58119082, 3.73568487]), 'score_time': array([0.47571111, 0.46406126, 0.45422721, 0.41765594, 0.44181061]), 'test_score': array([0.74358974, 0.69230769, 0.78947368, 0.78947368, 0.76315789])}
{'fit_time': array([3.74721146, 3.87957597, 5.53379154, 5.39401293, 3.86899137]), 'score_time': array([0.44672275, 0.43827367, 0.45842147, 0.41525197, 0.47142458]), 'test_score': array([0.74358974, 0.69230769, 0.78947368, 0.78947368, 0.76315789])}
{'fit_time': array([3.70738411, 4.55395603, 4.80916977, 3.73071599, 5.51022434]), 'score_time': array([0.44656897, 0.44406438, 0.43067908, 0.4352591 , 0.43813396]), 'test_score': array([0.74358974, 0.69230769, 0.78947368, 0.78947368, 0.76315789])}
{'fit_time': array([3.94222641, 5.51224637, 3.92722154, 3.79355073, 5.56547713]), 'score_time': array([0.45758224, 0.42891264, 0.47572923, 0.45149541, 0.44923973]), 'test_score': array([0.74358974, 0.69230769, 0.78947368, 0.78947368, 0.76315789])}
{'fit_time': array([5.14070916, 4.417979  , 3.97311306, 3.81600928, 5.63130426]), 'score_time': array([0.43838429, 0.44373894, 0.46859479, 0.44280005, 0.4466033 ]), 'test_score': array([0.74358974, 0.69230769, 0.78947368, 0.78947368, 0.76315789])}
dimension:  9
{'fit_time': array([4.07499313, 4.10003614, 5.98786974, 5.95769095, 4.35803342]), 'score_time': array([0.47273088, 0.50356174, 0.45691752, 0.44072723, 0.47936773]), 'test_score': array([0.71794872, 0.69230769, 0.73684211, 0.78947368, 0.76315789])}
{'fit_time': array([4.03999376, 4.31680989, 4.12091208, 6.05703259, 5.98323917]), 'score_time': array([0.48207951, 0.5021224 , 0.48035216, 0.47052956, 0.44450688]), 'test_score': array([0.71794872, 0.69230769, 0.73684211, 0.78947368, 0.76315789])}
{'fit_time': array([4.15877271, 5.29577136, 4.19219542, 4.95789123, 5.99883175]), 'score_time': array([0.49938369, 0.4755199 , 0.48325539, 0.45638537, 0.44901633]), 'test_score': array([0.71794872, 0.69230769, 0.73684211, 0.78947368, 0.76315789])}
{'fit_time': array([4.08415174, 4.17255306, 4.20797348, 6.01141548, 5.95690727]), 'score_time': array([0.49271512, 0.51355195, 0.49245071, 0.47388649, 0.45194483]), 'test_score': array([0.71794872, 0.69230769, 0.73684211, 0.78947368, 0.76315789])}
{'fit_time': array([4.17650437, 4.17302799, 5.98456502, 4.14972353, 5.99494553]), 'score_time': array([0.48694849, 0.49504995, 0.47135615, 0.50627923, 0.46988487]), 'test_score': array([0.71794872, 0.69230769, 0.73684211, 0.78947368, 0.76315789])}
{'fit_time': array([5.89063215, 4.10014367, 4.16198397, 4.26502967, 6.02893758]), 'score_time': array([0.45750213, 0.4882772 , 0.49408913, 0.49433756, 0.49503303]), 'test_score': array([0.71794872, 0.69230769, 0.73684211, 0.78947368, 0.76315789])}
{'fit_time': array([4.17312622, 4.1062479 , 5.87691641, 4.07976341, 5.97249269]), 'score_time': array([0.48576212, 0.48229718, 0.44625831, 0.46666813, 0.49122119]), 'test_score': array([0.71794872, 0.69230769, 0.73684211, 0.78947368, 0.76315789])}
{'fit_time': array([3.97629023, 4.08739924, 4.00519824, 5.83796906, 5.92338371]), 'score_time': array([0.46824527, 0.48147321, 0.47079134, 0.4464221 , 0.46696281]), 'test_score': array([0.71794872, 0.69230769, 0.73684211, 0.78947368, 0.76315789])}
{'fit_time': array([5.92227626, 4.09440756, 4.09038949, 5.91403031, 4.10058379]), 'score_time': array([0.47609615, 0.5052166 , 0.47691298, 0.44655967, 0.49071455]), 'test_score': array([0.71794872, 0.69230769, 0.73684211, 0.78947368, 0.76315789])}
{'fit_time': array([4.28227687, 4.34502983, 5.71962404, 4.03075576, 5.88374376]), 'score_time': array([0.47735143, 0.49067783, 0.46680903, 0.46917892, 0.44048333]), 'test_score': array([0.71794872, 0.69230769, 0.73684211, 0.78947368, 0.76315789])}
dimension:  10
{'fit_time': array([4.4888854 , 5.68355703, 5.05548263, 4.3020854 , 6.36833787]), 'score_time': array([0.50881886, 0.48200321, 0.48441315, 0.48477364, 0.46436763]), 'test_score': array([0.69230769, 0.69230769, 0.78947368, 0.78947368, 0.76315789])}
{'fit_time': array([5.92407203, 4.59872198, 4.28472376, 4.28049254, 6.17953587]), 'score_time': array([0.48081326, 0.50892448, 0.51622105, 0.53327441, 0.4687767 ]), 'test_score': array([0.69230769, 0.69230769, 0.78947368, 0.78947368, 0.76315789])}
{'fit_time': array([4.31741691, 4.21212316, 4.34139156, 6.15596938, 6.19013405]), 'score_time': array([0.50457501, 0.49890542, 0.51039886, 0.46070743, 0.47836542]), 'test_score': array([0.69230769, 0.69230769, 0.78947368, 0.78947368, 0.76315789])}
{'fit_time': array([4.30400538, 4.4526844 , 4.37069464, 6.30134511, 6.24512959]), 'score_time': array([0.53249764, 0.51725006, 0.50729942, 0.49854064, 0.46510983]), 'test_score': array([0.69230769, 0.69230769, 0.78947368, 0.78947368, 0.76315789])}
{'fit_time': array([4.28505659, 4.40158033, 4.44299698, 6.30102491, 6.33334374]), 'score_time': array([0.52310085, 0.53263068, 0.5203743 , 0.47907925, 0.49220943]), 'test_score': array([0.69230769, 0.69230769, 0.78947368, 0.78947368, 0.76315789])}
{'fit_time': array([4.39315152, 6.32049441, 4.44495034, 4.36139131, 6.32661629]), 'score_time': array([0.52624083, 0.47621346, 0.5190196 , 0.52440381, 0.47185969]), 'test_score': array([0.69230769, 0.69230769, 0.78947368, 0.78947368, 0.76315789])}
{'fit_time': array([4.2764504 , 6.00528002, 4.77366281, 4.24271536, 6.24023747]), 'score_time': array([0.55873084, 0.47048426, 0.54304552, 0.49704051, 0.47462344]), 'test_score': array([0.69230769, 0.69230769, 0.78947368, 0.78947368, 0.76315789])}
{'fit_time': array([4.22093081, 4.31422329, 5.43862677, 5.4327023 , 6.26756144]), 'score_time': array([0.5063374 , 0.52694654, 0.51185441, 0.50175166, 0.47053528]), 'test_score': array([0.69230769, 0.69230769, 0.78947368, 0.78947368, 0.76315789])}
{'fit_time': array([6.36028671, 4.40463924, 4.43985748, 5.7247138 , 5.0548048 ]), 'score_time': array([0.47935367, 0.51799846, 0.48557734, 0.48585701, 0.49089646]), 'test_score': array([0.69230769, 0.69230769, 0.78947368, 0.78947368, 0.76315789])}
{'fit_time': array([4.19529319, 4.31618929, 6.09592295, 4.29768062, 6.21811557]), 'score_time': array([0.49792814, 0.51485658, 0.47665954, 0.51162195, 0.48453593]), 'test_score': array([0.69230769, 0.69230769, 0.78947368, 0.78947368, 0.76315789])}
dimension:  11
{'fit_time': array([4.67834711, 4.71081996, 6.5076189 , 4.49250364, 6.53387427]), 'score_time': array([0.56323123, 0.53838968, 0.49360991, 0.54352045, 0.49769688]), 'test_score': array([0.71794872, 0.61538462, 0.78947368, 0.78947368, 0.76315789])}
{'fit_time': array([4.71740842, 4.72467399, 6.69380474, 6.56237435, 4.95390105]), 'score_time': array([0.55070257, 0.53852701, 0.51643515, 0.48805785, 0.5312891 ]), 'test_score': array([0.71794872, 0.61538462, 0.78947368, 0.78947368, 0.76315789])}
{'fit_time': array([4.848634  , 4.81288671, 4.83468127, 6.72491217, 6.83576655]), 'score_time': array([0.54392362, 0.53785706, 0.5148375 , 0.53802991, 0.50486922]), 'test_score': array([0.71794872, 0.61538462, 0.78947368, 0.78947368, 0.76315789])}
{'fit_time': array([4.44280648, 6.46404839, 4.52418637, 4.35846162, 6.55800104]), 'score_time': array([0.51484871, 0.50478029, 0.52885056, 0.50856781, 0.51778865]), 'test_score': array([0.71794872, 0.61538462, 0.78947368, 0.78947368, 0.76315789])}
{'fit_time': array([6.552176  , 4.5308702 , 4.5391829 , 6.57612896, 4.75517797]), 'score_time': array([0.50603056, 0.55905676, 0.54284596, 0.48901176, 0.54086256]), 'test_score': array([0.71794872, 0.61538462, 0.78947368, 0.78947368, 0.76315789])}
{'fit_time': array([4.68570065, 4.65980434, 6.64394164, 6.49171758, 4.55395007]), 'score_time': array([0.53971243, 0.51755381, 0.51887369, 0.51792598, 0.51361227]), 'test_score': array([0.71794872, 0.61538462, 0.78947368, 0.78947368, 0.76315789])}
{'fit_time': array([4.5371139 , 6.52363253, 4.54744554, 6.46942306, 4.54680061]), 'score_time': array([0.53030539, 0.49921918, 0.52725482, 0.48737836, 0.52870083]), 'test_score': array([0.71794872, 0.61538462, 0.78947368, 0.78947368, 0.76315789])}
{'fit_time': array([4.53855658, 6.55502796, 4.75496054, 6.55548835, 4.44552827]), 'score_time': array([0.5407176 , 0.506006  , 0.5302496 , 0.48375869, 0.51787567]), 'test_score': array([0.71794872, 0.61538462, 0.78947368, 0.78947368, 0.76315789])}
{'fit_time': array([4.44532514, 4.61017823, 4.64811492, 6.57428837, 6.60192871]), 'score_time': array([0.52801299, 0.54931045, 0.54264092, 0.48786378, 0.50281596]), 'test_score': array([0.71794872, 0.61538462, 0.78947368, 0.78947368, 0.76315789])}
{'fit_time': array([4.42291546, 4.5810678 , 4.71493101, 6.61670113, 6.65767336]), 'score_time': array([0.53729486, 0.53447294, 0.54750061, 0.48743629, 0.50264978]), 'test_score': array([0.71794872, 0.61538462, 0.78947368, 0.78947368, 0.76315789])}
dimension:  12
{'fit_time': array([4.66949821, 4.84782934, 4.94944119, 6.90500832, 6.91984367]), 'score_time': array([0.56247783, 0.586411  , 0.56311345, 0.52230763, 0.52770901]), 'test_score': array([0.64102564, 0.69230769, 0.76315789, 0.81578947, 0.76315789])}
{'fit_time': array([4.83079433, 6.83437824, 6.95762277, 4.81371713, 4.7939465 ]), 'score_time': array([0.5879705 , 0.53168797, 0.53314066, 0.55233026, 0.57298589]), 'test_score': array([0.64102564, 0.69230769, 0.76315789, 0.81578947, 0.76315789])}
{'fit_time': array([6.22525048, 4.79441047, 5.51072526, 4.80368924, 6.94210005]), 'score_time': array([0.52980185, 0.58921576, 0.52795434, 0.54404068, 0.52160668]), 'test_score': array([0.64102564, 0.69230769, 0.76315789, 0.81578947, 0.76315789])}
{'fit_time': array([4.70529914, 6.90072107, 4.86298299, 4.7913928 , 7.10323524]), 'score_time': array([0.537076  , 0.53202033, 0.54177642, 0.54594755, 0.53366637]), 'test_score': array([0.64102564, 0.69230769, 0.76315789, 0.81578947, 0.76315789])}
{'fit_time': array([6.23976636, 5.20474291, 4.69523454, 4.74784088, 6.92098403]), 'score_time': array([0.53973293, 0.55541515, 0.52810645, 0.57371831, 0.5383203 ]), 'test_score': array([0.64102564, 0.69230769, 0.76315789, 0.81578947, 0.76315789])}
{'fit_time': array([4.72223258, 6.87435961, 4.8495605 , 4.72182488, 7.05208993]), 'score_time': array([0.55460095, 0.53419733, 0.56210351, 0.55360889, 0.54214311]), 'test_score': array([0.64102564, 0.69230769, 0.76315789, 0.81578947, 0.76315789])}
{'fit_time': array([5.49783421, 4.91550589, 6.87261438, 4.87152171, 6.45391488]), 'score_time': array([0.52268457, 0.5527153 , 0.51376176, 0.56872869, 0.5379765 ]), 'test_score': array([0.64102564, 0.69230769, 0.76315789, 0.81578947, 0.76315789])}
{'fit_time': array([4.85149121, 4.78880405, 6.95524931, 5.01358628, 6.93160081]), 'score_time': array([0.57339239, 0.5536828 , 0.53218365, 0.5832057 , 0.51243639]), 'test_score': array([0.64102564, 0.69230769, 0.76315789, 0.81578947, 0.76315789])}
{'fit_time': array([4.83247185, 6.12127924, 5.78369784, 6.91920781, 4.73109984]), 'score_time': array([0.60124731, 0.52728796, 0.54242611, 0.54065084, 0.55376625]), 'test_score': array([0.64102564, 0.69230769, 0.76315789, 0.81578947, 0.76315789])}
{'fit_time': array([4.6508832 , 4.82392502, 5.11125445, 6.88300133, 6.87914014]), 'score_time': array([0.55983281, 0.57237411, 0.56487274, 0.51389384, 0.51453185]), 'test_score': array([0.64102564, 0.69230769, 0.76315789, 0.81578947, 0.76315789])}
dimension:  13
{'fit_time': array([7.20660281, 7.27365708, 5.26125431, 4.93702459, 4.8534646 ]), 'score_time': array([0.54460406, 0.55530715, 0.5886395 , 0.56695867, 0.55452561]), 'test_score': array([0.64102564, 0.74358974, 0.78947368, 0.89473684, 0.76315789])}
{'fit_time': array([7.1586597 , 4.86339879, 5.2586391 , 7.17174983, 4.9866817 ]), 'score_time': array([0.54705405, 0.5786097 , 0.61340976, 0.54721999, 0.60070133]), 'test_score': array([0.64102564, 0.74358974, 0.78947368, 0.89473684, 0.76315789])}
{'fit_time': array([4.91274381, 7.22886992, 5.36634302, 4.92431092, 7.25383377]), 'score_time': array([0.56637907, 0.55606413, 0.5723083 , 0.55522776, 0.55938983]), 'test_score': array([0.64102564, 0.74358974, 0.78947368, 0.89473684, 0.76315789])}
{'fit_time': array([4.7785666 , 7.10076404, 5.05339861, 5.12605643, 7.09106016]), 'score_time': array([0.57274413, 0.54561257, 0.60332942, 0.57697392, 0.53753018]), 'test_score': array([0.64102564, 0.74358974, 0.78947368, 0.89473684, 0.76315789])}
{'fit_time': array([7.22661614, 5.28517532, 5.07734895, 7.30391002, 4.93393588]), 'score_time': array([0.5395329 , 0.62173915, 0.59017372, 0.56060672, 0.57108831]), 'test_score': array([0.64102564, 0.74358974, 0.78947368, 0.89473684, 0.76315789])}
{'fit_time': array([4.95178103, 5.01007128, 5.29162574, 7.25863266, 7.2416718 ]), 'score_time': array([0.575845  , 0.60791469, 0.59216332, 0.55741715, 0.54425025]), 'test_score': array([0.64102564, 0.74358974, 0.78947368, 0.89473684, 0.76315789])}
{'fit_time': array([7.2309289 , 4.97503281, 5.30192113, 7.23415947, 4.8848834 ]), 'score_time': array([0.56086826, 0.58483577, 0.59703493, 0.56177163, 0.54848027]), 'test_score': array([0.64102564, 0.74358974, 0.78947368, 0.89473684, 0.76315789])}
{'fit_time': array([4.97582197, 4.9396286 , 5.14987516, 7.13459587, 7.16429377]), 'score_time': array([0.60754752, 0.59111547, 0.60217953, 0.5383141 , 0.55809331]), 'test_score': array([0.64102564, 0.74358974, 0.78947368, 0.89473684, 0.76315789])}
{'fit_time': array([5.044137  , 5.04505277, 5.17389727, 7.31952906, 7.26360059]), 'score_time': array([0.60319448, 0.60533142, 0.58333898, 0.54718852, 0.53504562]), 'test_score': array([0.64102564, 0.74358974, 0.78947368, 0.89473684, 0.76315789])}
{'fit_time': array([5.15114307, 5.04727197, 5.09154296, 7.24011302, 7.27886677]), 'score_time': array([0.61973   , 0.58356428, 0.59318614, 0.53749108, 0.55776405]), 'test_score': array([0.64102564, 0.74358974, 0.78947368, 0.89473684, 0.76315789])}
dimension:  14
{'fit_time': array([5.34982109, 7.80210304, 5.29857516, 5.20415616, 7.65817595]), 'score_time': array([0.62326479, 0.64234591, 0.61327314, 0.59225011, 0.56623721]), 'test_score': array([0.69230769, 0.74358974, 0.84210526, 0.86842105, 0.76315789])}
{'fit_time': array([5.12975907, 5.27825499, 5.37281013, 7.54244328, 7.62050366]), 'score_time': array([0.60678744, 0.62669277, 0.62009478, 0.56563568, 0.58602023]), 'test_score': array([0.69230769, 0.74358974, 0.84210526, 0.86842105, 0.76315789])}
{'fit_time': array([7.40778041, 5.2057364 , 5.31266642, 5.22104359, 7.64200902]), 'score_time': array([0.56183553, 0.60658836, 0.58422637, 0.5809176 , 0.59341025]), 'test_score': array([0.69230769, 0.74358974, 0.84210526, 0.86842105, 0.76315789])}
{'fit_time': array([7.44524312, 5.08382726, 5.18505764, 7.42580414, 5.48304772]), 'score_time': array([0.56864262, 0.58388114, 0.61733317, 0.56026506, 0.62617207]), 'test_score': array([0.69230769, 0.74358974, 0.84210526, 0.86842105, 0.76315789])}
{'fit_time': array([7.51653171, 5.34681654, 5.47693992, 7.51440048, 5.14436865]), 'score_time': array([0.56803513, 0.64870095, 0.62850404, 0.57906127, 0.60405755]), 'test_score': array([0.69230769, 0.74358974, 0.84210526, 0.86842105, 0.76315789])}
{'fit_time': array([7.51904154, 5.24654198, 5.52555704, 5.16482902, 7.49128723]), 'score_time': array([0.56763411, 0.60584998, 0.63178515, 0.59639072, 0.5661037 ]), 'test_score': array([0.69230769, 0.74358974, 0.84210526, 0.86842105, 0.76315789])}
{'fit_time': array([4.99955821, 5.18245411, 5.37012863, 7.35001302, 7.40460253]), 'score_time': array([0.58418107, 0.61361551, 0.61894941, 0.56159949, 0.56297326]), 'test_score': array([0.69230769, 0.74358974, 0.84210526, 0.86842105, 0.76315789])}
{'fit_time': array([7.66216683, 5.29175735, 7.78722358, 5.14190125, 5.09983516]), 'score_time': array([0.56848645, 0.60767913, 0.59677362, 0.62661481, 0.58743477]), 'test_score': array([0.69230769, 0.74358974, 0.84210526, 0.86842105, 0.76315789])}
{'fit_time': array([7.58255124, 5.10481477, 5.14903927, 7.49647069, 5.41112423]), 'score_time': array([0.59049582, 0.60562944, 0.58252954, 0.5606904 , 0.6105268 ]), 'test_score': array([0.69230769, 0.74358974, 0.84210526, 0.86842105, 0.76315789])}
{'fit_time': array([5.08128929, 7.28122663, 5.45279694, 4.98887539, 7.41863775]), 'score_time': array([0.58906007, 0.56927657, 0.61723638, 0.57195473, 0.57172585]), 'test_score': array([0.69230769, 0.74358974, 0.84210526, 0.86842105, 0.76315789])}
dimension:  15
{'fit_time': array([5.23482418, 7.66398382, 5.58902192, 5.38805437, 7.76391339]), 'score_time': array([0.61335969, 0.59997559, 0.64079237, 0.62272692, 0.58159995]), 'test_score': array([0.64102564, 0.71794872, 0.81578947, 0.86842105, 0.76315789])}
{'fit_time': array([5.27204967, 5.53168464, 5.60730672, 7.82916307, 7.84093881]), 'score_time': array([0.6546905 , 0.62571597, 0.669451  , 0.60995746, 0.59402108]), 'test_score': array([0.64102564, 0.71794872, 0.81578947, 0.86842105, 0.76315789])}
{'fit_time': array([5.54090977, 5.38026214, 8.06375718, 5.40142035, 7.91348004]), 'score_time': array([0.6503346 , 0.64535117, 0.61947203, 0.61982799, 0.58516884]), 'test_score': array([0.64102564, 0.71794872, 0.81578947, 0.86842105, 0.76315789])}
{'fit_time': array([7.88386965, 5.51537275, 5.48570108, 5.49818683, 7.96899533]), 'score_time': array([0.60467649, 0.65748262, 0.64209318, 0.62781143, 0.6061573 ]), 'test_score': array([0.64102564, 0.71794872, 0.81578947, 0.86842105, 0.76315789])}
{'fit_time': array([7.72880936, 5.48745561, 5.614187  , 5.3521769 , 7.92219019]), 'score_time': array([0.59806085, 0.64887166, 0.64652896, 0.61619401, 0.61975956]), 'test_score': array([0.64102564, 0.71794872, 0.81578947, 0.86842105, 0.76315789])}
{'fit_time': array([5.35596442, 7.86364269, 7.80360293, 5.413908  , 5.6070435 ]), 'score_time': array([0.61498094, 0.60653448, 0.5862124 , 0.6083653 , 0.64579487]), 'test_score': array([0.64102564, 0.71794872, 0.81578947, 0.86842105, 0.76315789])}
{'fit_time': array([5.57434106, 7.64757395, 7.82771015, 5.28801394, 5.4134016 ]), 'score_time': array([0.61904573, 0.60220814, 0.60560203, 0.64119387, 0.60010457]), 'test_score': array([0.64102564, 0.71794872, 0.81578947, 0.86842105, 0.76315789])}
{'fit_time': array([5.41389108, 7.87177229, 5.54086041, 5.5064652 , 8.04342937]), 'score_time': array([0.62273669, 0.59891868, 0.61831665, 0.62137222, 0.61898613]), 'test_score': array([0.64102564, 0.71794872, 0.81578947, 0.86842105, 0.76315789])}
{'fit_time': array([5.22823763, 7.64291143, 5.52319884, 5.25102377, 7.87112784]), 'score_time': array([0.63323736, 0.58805919, 0.60648942, 0.60424662, 0.61301231]), 'test_score': array([0.64102564, 0.71794872, 0.81578947, 0.86842105, 0.76315789])}
{'fit_time': array([7.94441676, 5.51860356, 5.47311282, 5.40967417, 8.07611203]), 'score_time': array([0.59102368, 0.65074515, 0.63306117, 0.62782669, 0.61918306]), 'test_score': array([0.64102564, 0.71794872, 0.81578947, 0.86842105, 0.76315789])}
dimension:  16
{'fit_time': array([5.65712428, 5.75848007, 7.58532119, 6.40178275, 8.33457875]), 'score_time': array([0.66710663, 0.6755147 , 0.61226678, 0.62277436, 0.63028049]), 'test_score': array([0.58974359, 0.71794872, 0.84210526, 0.86842105, 0.78947368])}
{'fit_time': array([5.59960246, 8.25493693, 5.81184316, 5.61626625, 8.47227597]), 'score_time': array([0.66406703, 0.62410593, 0.66670561, 0.64342856, 0.64545846]), 'test_score': array([0.58974359, 0.71794872, 0.84210526, 0.86842105, 0.78947368])}
{'fit_time': array([5.69981027, 8.18437338, 8.33287477, 5.71147656, 5.98748159]), 'score_time': array([0.6831677 , 0.61035109, 0.62191367, 0.67007399, 0.66001916]), 'test_score': array([0.58974359, 0.71794872, 0.84210526, 0.86842105, 0.78947368])}
{'fit_time': array([5.70788145, 8.05308127, 8.36552763, 5.67994857, 5.62657094]), 'score_time': array([0.64685416, 0.61360407, 0.66258001, 0.6426506 , 0.64252162]), 'test_score': array([0.58974359, 0.71794872, 0.84210526, 0.86842105, 0.78947368])}
{'fit_time': array([5.67374825, 5.62125635, 8.14236903, 8.04307365, 5.84068775]), 'score_time': array([0.68424797, 0.68840981, 0.60678267, 0.60607028, 0.68774438]), 'test_score': array([0.58974359, 0.71794872, 0.84210526, 0.86842105, 0.78947368])}
{'fit_time': array([5.75012183, 5.83452106, 8.31858182, 5.70273399, 8.31928253]), 'score_time': array([0.64820433, 0.67350864, 0.62880135, 0.62930679, 0.61661553]), 'test_score': array([0.58974359, 0.71794872, 0.84210526, 0.86842105, 0.78947368])}
{'fit_time': array([5.63942742, 8.0372808 , 5.59965873, 8.14796066, 5.72467947]), 'score_time': array([0.65652776, 0.63039923, 0.64413905, 0.60358882, 0.65912175]), 'test_score': array([0.58974359, 0.71794872, 0.84210526, 0.86842105, 0.78947368])}
{'fit_time': array([8.25047064, 5.62342715, 5.78764343, 5.73681259, 8.31813931]), 'score_time': array([0.63380504, 0.65102625, 0.66606665, 0.6736114 , 0.60848832]), 'test_score': array([0.58974359, 0.71794872, 0.84210526, 0.86842105, 0.78947368])}
{'fit_time': array([5.65795183, 5.73888636, 5.85222721, 8.40867066, 8.54493189]), 'score_time': array([0.69438004, 0.69808149, 0.69358349, 0.63113689, 0.60290933]), 'test_score': array([0.58974359, 0.71794872, 0.84210526, 0.86842105, 0.78947368])}
{'fit_time': array([5.52821827, 7.98093462, 5.81760478, 5.65939832, 8.07896304]), 'score_time': array([0.62709999, 0.61002421, 0.65892196, 0.67658186, 0.60001683]), 'test_score': array([0.58974359, 0.71794872, 0.84210526, 0.86842105, 0.78947368])}
dimension:  17
{'fit_time': array([5.64921236, 5.86861777, 6.07773471, 8.32952428, 8.36979032]), 'score_time': array([0.65109539, 0.70210576, 0.68841815, 0.63697624, 0.63262153]), 'test_score': array([0.58974359, 0.71794872, 0.86842105, 0.84210526, 0.78947368])}
{'fit_time': array([8.60340548, 6.09865212, 6.21863317, 6.27489281, 8.68792415]), 'score_time': array([0.66501904, 0.69436407, 0.69462538, 0.67743206, 0.64188528]), 'test_score': array([0.58974359, 0.71794872, 0.86842105, 0.84210526, 0.78947368])}
{'fit_time': array([5.86081457, 6.18205333, 8.48148441, 8.46155858, 5.76133227]), 'score_time': array([0.68601656, 0.71654367, 0.63365483, 0.63062954, 0.66787434]), 'test_score': array([0.58974359, 0.71794872, 0.86842105, 0.84210526, 0.78947368])}
{'fit_time': array([5.84066224, 5.85369825, 8.60880494, 6.00702715, 8.48956823]), 'score_time': array([0.68910098, 0.70079422, 0.65378881, 0.69480824, 0.65870023]), 'test_score': array([0.58974359, 0.71794872, 0.86842105, 0.84210526, 0.78947368])}
{'fit_time': array([5.84196019, 5.9502871 , 6.09453702, 8.47524214, 8.71158051]), 'score_time': array([0.68218517, 0.68515396, 0.69635129, 0.62495351, 0.65867949]), 'test_score': array([0.58974359, 0.71794872, 0.86842105, 0.84210526, 0.78947368])}
{'fit_time': array([5.78404307, 5.83062243, 5.93367314, 8.39090705, 8.56782246]), 'score_time': array([0.68524647, 0.67999101, 0.66841555, 0.64382482, 0.65663004]), 'test_score': array([0.58974359, 0.71794872, 0.86842105, 0.84210526, 0.78947368])}
{'fit_time': array([5.60258007, 6.76142311, 6.98643923, 6.39139032, 8.54365325]), 'score_time': array([0.65026236, 0.67723536, 0.64589715, 0.66596103, 0.65390348]), 'test_score': array([0.58974359, 0.71794872, 0.86842105, 0.84210526, 0.78947368])}
{'fit_time': array([8.46697402, 8.3637712 , 5.91208625, 5.79372048, 6.1646502 ]), 'score_time': array([0.63293767, 0.63221121, 0.70127249, 0.67610669, 0.72183299]), 'test_score': array([0.61538462, 0.71794872, 0.86842105, 0.84210526, 0.78947368])}
{'fit_time': array([6.02027106, 5.97352505, 6.10650826, 8.55421209, 8.56368184]), 'score_time': array([0.67878246, 0.68368745, 0.70513916, 0.65651178, 0.62307978]), 'test_score': array([0.58974359, 0.71794872, 0.86842105, 0.84210526, 0.78947368])}
{'fit_time': array([8.56656599, 5.77228928, 5.89136481, 8.62119555, 5.80629539]), 'score_time': array([0.65620947, 0.66267228, 0.69602156, 0.62577415, 0.65337801]), 'test_score': array([0.58974359, 0.71794872, 0.86842105, 0.84210526, 0.78947368])}
dimension:  18
{'fit_time': array([6.21454334, 6.10087204, 8.97807717, 6.17077637, 8.88183951]), 'score_time': array([0.71810341, 0.70660567, 0.6770587 , 0.75031877, 0.66126442]), 'test_score': array([0.64102564, 0.69230769, 0.81578947, 0.84210526, 0.78947368])}
{'fit_time': array([6.09041023, 9.10255408, 6.13119936, 6.1352334 , 9.23200703]), 'score_time': array([0.76170588, 0.65733576, 0.73147678, 0.7151835 , 0.71084547]), 'test_score': array([0.64102564, 0.69230769, 0.81578947, 0.84210526, 0.78947368])}
{'fit_time': array([6.04786372, 6.03232622, 6.24196243, 9.03588748, 9.12020707]), 'score_time': array([0.69562054, 0.70931768, 0.70370984, 0.66107512, 0.69012618]), 'test_score': array([0.64102564, 0.69230769, 0.81578947, 0.84210526, 0.78947368])}
{'fit_time': array([6.06779432, 6.0096364 , 6.19506955, 9.06950998, 9.12313843]), 'score_time': array([0.70632076, 0.69065523, 0.71130252, 0.65139937, 0.70178819]), 'test_score': array([0.64102564, 0.69230769, 0.81578947, 0.84210526, 0.78947368])}
{'fit_time': array([8.99650383, 6.09432578, 6.25765109, 9.09199023, 6.39273953]), 'score_time': array([0.66044307, 0.74221849, 0.69771385, 0.66805267, 0.74309635]), 'test_score': array([0.61538462, 0.69230769, 0.81578947, 0.84210526, 0.78947368])}
{'fit_time': array([6.06356072, 6.11049509, 8.90643764, 6.04033875, 8.87282848]), 'score_time': array([0.70564461, 0.70240903, 0.67944837, 0.68007255, 0.66701555]), 'test_score': array([0.64102564, 0.69230769, 0.81578947, 0.84210526, 0.78947368])}
{'fit_time': array([5.96386051, 6.08336544, 6.18081546, 8.76972246, 8.89196825]), 'score_time': array([0.72000456, 0.73355746, 0.70048714, 0.65018439, 0.70992327]), 'test_score': array([0.64102564, 0.69230769, 0.81578947, 0.84210526, 0.78947368])}
{'fit_time': array([8.88405871, 6.10780692, 6.02609062, 8.98406458, 6.33515596]), 'score_time': array([0.656569  , 0.70111036, 0.70224643, 0.68319988, 0.7001102 ]), 'test_score': array([0.64102564, 0.69230769, 0.81578947, 0.84210526, 0.78947368])}
{'fit_time': array([6.1947    , 6.29722428, 9.06632352, 8.91684222, 6.11847353]), 'score_time': array([0.73324323, 0.72170424, 0.6990149 , 0.64736032, 0.7257998 ]), 'test_score': array([0.64102564, 0.69230769, 0.81578947, 0.84210526, 0.78947368])}
{'fit_time': array([6.23417115, 6.18850708, 6.19727826, 8.98108959, 9.03777719]), 'score_time': array([0.74821901, 0.72514129, 0.69699121, 0.668396  , 0.68024516]), 'test_score': array([0.64102564, 0.69230769, 0.81578947, 0.84210526, 0.78947368])}
dimension:  19
{'fit_time': array([6.4204464 , 9.32358289, 6.32815695, 9.31647635, 6.52554083]), 'score_time': array([0.72109342, 0.71130228, 0.75922203, 0.68381596, 0.75369334]), 'test_score': array([0.64102564, 0.66666667, 0.78947368, 0.84210526, 0.81578947])}
{'fit_time': array([6.30265617, 6.0768199 , 6.41208434, 9.0998013 , 9.04522467]), 'score_time': array([0.73257613, 0.7228682 , 0.72045088, 0.68121386, 0.67685056]), 'test_score': array([0.61538462, 0.66666667, 0.78947368, 0.84210526, 0.81578947])}
{'fit_time': array([6.25810981, 6.46670628, 6.49336886, 9.20974398, 9.29387999]), 'score_time': array([0.73376775, 0.76067996, 0.74956155, 0.70096493, 0.68294096]), 'test_score': array([0.64102564, 0.66666667, 0.78947368, 0.84210526, 0.81578947])}
{'fit_time': array([6.36008453, 6.37960291, 9.38274097, 6.42976785, 9.22461462]), 'score_time': array([0.73959208, 0.76915073, 0.72275329, 0.72889471, 0.71304274]), 'test_score': array([0.61538462, 0.66666667, 0.78947368, 0.84210526, 0.81578947])}
{'fit_time': array([6.25441527, 9.01924133, 6.34694529, 6.23515916, 9.1964426 ]), 'score_time': array([0.70306754, 0.68702865, 0.73378277, 0.72687411, 0.70376444]), 'test_score': array([0.61538462, 0.66666667, 0.78947368, 0.84210526, 0.81578947])}
{'fit_time': array([9.02234602, 6.25529194, 6.3985095 , 6.29395199, 9.28514051]), 'score_time': array([0.68230772, 0.73244882, 0.74901199, 0.74099493, 0.70105124]), 'test_score': array([0.64102564, 0.66666667, 0.78947368, 0.84210526, 0.81578947])}
{'fit_time': array([6.76061821, 8.78915906, 6.50172877, 9.26688433, 6.6796031 ]), 'score_time': array([0.99181223, 0.69516253, 0.74022031, 0.67618036, 0.78651428]), 'test_score': array([0.64102564, 0.66666667, 0.78947368, 0.84210526, 0.81578947])}
{'fit_time': array([6.28069806, 9.29192376, 6.36786985, 6.30334854, 9.0444839 ]), 'score_time': array([0.7402389 , 0.72428155, 0.72100449, 0.70571661, 0.66693616]), 'test_score': array([0.61538462, 0.66666667, 0.78947368, 0.84210526, 0.81578947])}
{'fit_time': array([6.3701179 , 9.18560767, 6.22977734, 9.35357976, 6.46299648]), 'score_time': array([0.73453093, 0.69788957, 0.74706149, 0.67261815, 0.73965502]), 'test_score': array([0.64102564, 0.66666667, 0.78947368, 0.84210526, 0.81578947])}
{'fit_time': array([6.25799417, 7.03726292, 8.75945735, 6.22461176, 9.15801764]), 'score_time': array([0.73771739, 0.70060134, 0.7228086 , 0.70111847, 0.66484809]), 'test_score': array([0.61538462, 0.66666667, 0.78947368, 0.84210526, 0.81578947])}
dimension:  20
{'fit_time': array([6.43036675, 6.45709848, 6.43050408, 9.63445282, 9.28858542]), 'score_time': array([0.75599408, 0.75173497, 0.72315192, 0.77509069, 0.68931127]), 'test_score': array([0.61538462, 0.71794872, 0.78947368, 0.84210526, 0.81578947])}
{'fit_time': array([9.4275763 , 6.42314887, 6.55635381, 9.37873769, 6.67936945]), 'score_time': array([0.73510838, 0.74919248, 0.73329902, 0.70668483, 0.76726055]), 'test_score': array([0.61538462, 0.71794872, 0.78947368, 0.84210526, 0.81578947])}
{'fit_time': array([6.70019126, 6.84852982, 9.7082417 , 6.4685235 , 9.5407486 ]), 'score_time': array([0.77160478, 0.77377081, 0.73570919, 0.77231884, 0.6953485 ]), 'test_score': array([0.61538462, 0.71794872, 0.78947368, 0.84210526, 0.81578947])}
{'fit_time': array([6.62231469, 9.57177877, 6.58839512, 6.64664102, 9.90087247]), 'score_time': array([0.76296926, 0.71542192, 0.77166796, 0.75704074, 0.73542023]), 'test_score': array([0.64102564, 0.71794872, 0.78947368, 0.84210526, 0.81578947])}
{'fit_time': array([8.13304424, 9.54575157, 6.47567749, 6.78137469, 8.4710393 ]), 'score_time': array([0.7689817 , 0.69521093, 0.74464726, 0.79353142, 0.75261164]), 'test_score': array([0.61538462, 0.71794872, 0.78947368, 0.84210526, 0.81578947])}
{'fit_time': array([9.58578181, 6.56698132, 6.61073899, 6.70353532, 9.47088671]), 'score_time': array([0.76879835, 0.75602961, 0.76248813, 0.76642609, 0.69932747]), 'test_score': array([0.64102564, 0.71794872, 0.78947368, 0.84210526, 0.81578947])}
{'fit_time': array([9.68746114, 6.94894958, 7.11810207, 6.75152254, 9.76852131]), 'score_time': array([0.70418596, 0.78818989, 0.766958  , 0.76587009, 0.71284914]), 'test_score': array([0.64102564, 0.71794872, 0.78947368, 0.84210526, 0.81578947])}
{'fit_time': array([6.45327163, 6.70373058, 9.60754704, 9.39737892, 6.55496931]), 'score_time': array([0.72683716, 0.72910881, 0.71789145, 0.72944713, 0.75818372]), 'test_score': array([0.64102564, 0.71794872, 0.78947368, 0.84210526, 0.81578947])}
{'fit_time': array([6.36609769, 9.52783465, 6.61774468, 6.48743272, 9.77887487]), 'score_time': array([0.74967837, 0.72324324, 0.77246952, 0.74468088, 0.7445364 ]), 'test_score': array([0.61538462, 0.71794872, 0.78947368, 0.84210526, 0.81578947])}
{'fit_time': array([8.40722275, 6.519207  , 7.63589978, 6.81292081, 9.6789968 ]), 'score_time': array([0.71367311, 0.7436285 , 0.71620011, 0.79459715, 0.71746039]), 'test_score': array([0.61538462, 0.71794872, 0.78947368, 0.84210526, 0.81578947])}
AdaBoosting with raw data
{'fit_time': array([ 6.71351242, 10.01564384,  6.88709879,  6.61060762, 10.27518296]), 'score_time': array([0.82995844, 0.79275131, 0.78821397, 0.77987027, 0.81244111]), 'test_score': array([0.71794872, 0.79487179, 0.78947368, 0.81578947, 0.84210526])}
{'fit_time': array([ 6.7055521 ,  6.96579313,  7.83845329,  9.2279408 , 10.32773209]), 'score_time': array([0.86816716, 0.84421086, 0.81602693, 0.76989293, 0.80813432]), 'test_score': array([0.71794872, 0.79487179, 0.78947368, 0.81578947, 0.84210526])}
{'fit_time': array([ 6.61945367,  6.98076367,  9.8400197 ,  6.65995502, 10.15263033]), 'score_time': array([0.79845476, 0.83288169, 0.75897646, 0.81076598, 0.84156656]), 'test_score': array([0.71794872, 0.79487179, 0.78947368, 0.81578947, 0.84210526])}
{'fit_time': array([ 6.75208974,  6.71616149, 10.05099487,  6.98880482, 10.43650842]), 'score_time': array([0.86831355, 0.82647896, 0.77635455, 0.81707668, 0.81355953]), 'test_score': array([0.71794872, 0.79487179, 0.78947368, 0.81578947, 0.84210526])}
{'fit_time': array([ 6.81603503,  9.94943261,  6.93182588,  6.66817999, 10.09762216]), 'score_time': array([0.82039952, 0.78614354, 0.82605767, 0.78979945, 0.8054297 ]), 'test_score': array([0.71794872, 0.79487179, 0.78947368, 0.81578947, 0.84210526])}
{'fit_time': array([ 8.67237258,  6.68182421,  8.47692847,  6.62509012, 10.34484386]), 'score_time': array([0.82840109, 0.82728934, 0.84930587, 0.84769225, 0.80586362]), 'test_score': array([0.71794872, 0.79487179, 0.78947368, 0.81578947, 0.84210526])}
{'fit_time': array([ 6.74955416,  6.66340303,  6.9744575 , 10.07885051, 10.41065359]), 'score_time': array([0.80257344, 0.80240488, 0.81682611, 0.7938199 , 0.80460501]), 'test_score': array([0.69230769, 0.79487179, 0.78947368, 0.81578947, 0.84210526])}
{'fit_time': array([ 6.93914938, 10.204036  ,  7.04162598,  9.92645502,  7.09070849]), 'score_time': array([0.86005235, 0.78506279, 0.86650419, 0.76222086, 0.85678625]), 'test_score': array([0.69230769, 0.79487179, 0.78947368, 0.81578947, 0.84210526])}
{'fit_time': array([ 7.13508701, 10.05299592,  7.15531063,  6.69563031, 10.0377419 ]), 'score_time': array([0.84848309, 0.77648997, 0.84833694, 0.77881241, 0.75974631]), 'test_score': array([0.71794872, 0.79487179, 0.78947368, 0.81578947, 0.84210526])}
{'fit_time': array([ 6.78021622, 10.15287805,  7.21239448,  6.63825774, 10.12746978]), 'score_time': array([0.8313086 , 0.79232359, 0.84352255, 0.80770802, 0.75774598]), 'test_score': array([0.71794872, 0.79487179, 0.78947368, 0.81578947, 0.84210526])}

Maximum value Summary
PCA data [0.82051282 0.84210526 0.84210526 0.79487179 0.82051282 0.78947368
 0.78947368 0.78947368 0.78947368 0.78947368 0.78947368 0.81578947
 0.89473684 0.86842105 0.86842105 0.86842105 0.86842105 0.84210526
 0.84210526 0.84210526]
raw_data 0.8421052631578947

Time Summary
PCA data [14.4088906  15.85760572 17.38397205 18.94044948 20.44074512 22.06307032
 23.48511531 24.95391459 26.72063379 28.09650924 29.64082265 31.04454448
 32.46535399 33.75910292 35.15650928 36.85155485 38.15654259 39.92279112
 41.11742778 42.767677  ]
raw_data 44.87317407131195
