n_estimators= 2500 , learning_rate= 0.02
AdaBoosting with pca data
dimension:  1
{'fit_time': array([2.2588923 , 2.30564046, 3.1240077 , 3.13628888, 2.29723477]), 'score_time': array([0.26129913, 0.27271008, 0.25325823, 0.25954533, 0.26530385]), 'test_score': array([0.76744186, 0.69767442, 0.72093023, 0.80952381, 0.80952381])}
{'fit_time': array([2.40448236, 2.91652966, 2.47302461, 3.3158772 , 2.86242437]), 'score_time': array([0.28870916, 0.26797462, 0.28404236, 0.25911188, 0.25731707]), 'test_score': array([0.76744186, 0.69767442, 0.72093023, 0.80952381, 0.80952381])}
{'fit_time': array([2.26542926, 2.48378754, 3.2248044 , 2.34808183, 3.24969721]), 'score_time': array([0.29717827, 0.28347421, 0.29237437, 0.29070926, 0.273417  ]), 'test_score': array([0.76744186, 0.69767442, 0.72093023, 0.80952381, 0.80952381])}
{'fit_time': array([3.23211455, 2.36859488, 2.33117342, 3.21023107, 2.32625294]), 'score_time': array([0.25989199, 0.26554489, 0.2632885 , 0.2477808 , 0.2626586 ]), 'test_score': array([0.76744186, 0.69767442, 0.72093023, 0.80952381, 0.80952381])}
{'fit_time': array([2.85442114, 2.44104624, 2.74025297, 3.24470067, 2.42186022]), 'score_time': array([0.26418447, 0.26643419, 0.26741076, 0.24597478, 0.26914835]), 'test_score': array([0.76744186, 0.69767442, 0.72093023, 0.80952381, 0.80952381])}
{'fit_time': array([2.32989573, 3.22726274, 3.23235059, 2.33505797, 2.23384428]), 'score_time': array([0.2702415 , 0.25565672, 0.2720325 , 0.26746368, 0.25020003]), 'test_score': array([0.76744186, 0.69767442, 0.72093023, 0.80952381, 0.80952381])}
{'fit_time': array([2.23618412, 2.30626869, 2.33502126, 3.21309447, 3.22206235]), 'score_time': array([0.27146339, 0.2687037 , 0.26377869, 0.26085162, 0.25284004]), 'test_score': array([0.76744186, 0.69767442, 0.72093023, 0.80952381, 0.80952381])}
{'fit_time': array([3.20008349, 2.32043648, 2.30422544, 2.27266264, 3.18858695]), 'score_time': array([0.26225805, 0.26909566, 0.26031923, 0.26291299, 0.25060725]), 'test_score': array([0.76744186, 0.69767442, 0.72093023, 0.80952381, 0.80952381])}
{'fit_time': array([2.30004263, 2.2459805 , 3.20484757, 2.29423046, 3.21476936]), 'score_time': array([0.27181673, 0.25886464, 0.25759625, 0.26520801, 0.25640512]), 'test_score': array([0.76744186, 0.69767442, 0.72093023, 0.80952381, 0.80952381])}
{'fit_time': array([2.25801826, 3.19898176, 2.28557944, 3.1937933 , 2.26793456]), 'score_time': array([0.26418233, 0.25598383, 0.26178217, 0.25054336, 0.26362062]), 'test_score': array([0.76744186, 0.69767442, 0.72093023, 0.80952381, 0.80952381])}
dimension:  2
{'fit_time': array([2.77030802, 2.50531483, 2.58611107, 3.44347119, 3.59553695]), 'score_time': array([0.2946384 , 0.27932811, 0.2928772 , 0.30271339, 0.29580522]), 'test_score': array([0.81395349, 0.79069767, 0.81395349, 0.83333333, 0.83333333])}
{'fit_time': array([2.76443887, 3.02867627, 3.89092112, 2.90113068, 3.86987543]), 'score_time': array([0.3336513 , 0.3278904 , 0.32459164, 0.33221316, 0.304847  ]), 'test_score': array([0.81395349, 0.79069767, 0.81395349, 0.83333333, 0.83333333])}
{'fit_time': array([2.7525413 , 2.80514097, 3.88312721, 2.88433242, 3.85259128]), 'score_time': array([0.43199039, 0.36833572, 0.30414438, 0.42689443, 0.28333783]), 'test_score': array([0.81395349, 0.79069767, 0.81395349, 0.83333333, 0.83333333])}
{'fit_time': array([2.80087328, 3.74536037, 3.74713969, 2.72455835, 2.68453598]), 'score_time': array([0.33678579, 0.28464127, 0.29131031, 0.33454895, 0.35349655]), 'test_score': array([0.81395349, 0.79069767, 0.81395349, 0.83333333, 0.83333333])}
{'fit_time': array([2.68861413, 2.64967203, 3.70913553, 3.6622057 , 2.58793592]), 'score_time': array([0.32228518, 0.33591628, 0.29058075, 0.28151774, 0.31200385]), 'test_score': array([0.81395349, 0.79069767, 0.81395349, 0.83333333, 0.83333333])}
{'fit_time': array([2.65758848, 3.66038275, 2.64194369, 3.64287424, 2.65929866]), 'score_time': array([0.29935002, 0.32657862, 0.30398703, 0.321913  , 0.31008863]), 'test_score': array([0.81395349, 0.79069767, 0.81395349, 0.83333333, 0.83333333])}
{'fit_time': array([3.29956532, 3.31805301, 3.29862499, 4.02636409, 4.01528978]), 'score_time': array([0.3476181 , 0.34402442, 0.32650948, 0.2980895 , 0.28874183]), 'test_score': array([0.81395349, 0.79069767, 0.81395349, 0.83333333, 0.83333333])}
{'fit_time': array([4.16283441, 3.97621751, 4.3202877 , 3.69813943, 4.20865059]), 'score_time': array([0.3561101 , 0.40552139, 0.34897327, 0.51077986, 0.44551182]), 'test_score': array([0.81395349, 0.79069767, 0.81395349, 0.83333333, 0.83333333])}
{'fit_time': array([3.38787365, 3.53063416, 3.06261373, 3.82829046, 3.70112038]), 'score_time': array([0.34755206, 0.3530705 , 0.3508594 , 0.32982564, 0.31761456]), 'test_score': array([0.81395349, 0.79069767, 0.81395349, 0.83333333, 0.83333333])}
{'fit_time': array([3.89491725, 3.72682929, 4.32820415, 3.71926785, 3.87840748]), 'score_time': array([0.32615995, 0.31914759, 0.33088112, 0.35122943, 0.40890503]), 'test_score': array([0.81395349, 0.79069767, 0.81395349, 0.83333333, 0.83333333])}
dimension:  3
{'fit_time': array([4.15325332, 3.07011604, 3.24010634, 4.26970601, 3.22419882]), 'score_time': array([0.34087181, 0.37093878, 0.37951756, 0.33061814, 0.46792603]), 'test_score': array([0.81395349, 0.86046512, 0.8372093 , 0.9047619 , 0.78571429])}
{'fit_time': array([4.40745497, 3.57980275, 3.42485881, 3.54910374, 4.26523399]), 'score_time': array([0.33792615, 0.37197995, 0.35738111, 0.37064314, 0.32944179]), 'test_score': array([0.81395349, 0.86046512, 0.8372093 , 0.9047619 , 0.78571429])}
{'fit_time': array([3.44533396, 3.77702856, 3.75671291, 3.96649241, 3.18148685]), 'score_time': array([0.41645169, 0.34917402, 0.34307909, 0.31060696, 0.37153268]), 'test_score': array([0.81395349, 0.86046512, 0.8372093 , 0.9047619 , 0.78571429])}
{'fit_time': array([4.57075191, 4.09360027, 3.98150516, 4.43239641, 4.01545882]), 'score_time': array([0.40368891, 0.49565792, 0.4102993 , 0.37306976, 0.41365409]), 'test_score': array([0.81395349, 0.86046512, 0.8372093 , 0.9047619 , 0.78571429])}
{'fit_time': array([3.58753037, 3.90255547, 4.46045518, 3.98304486, 4.08268547]), 'score_time': array([0.34375668, 0.45226288, 0.3135097 , 0.38648939, 0.39078403]), 'test_score': array([0.81395349, 0.86046512, 0.8372093 , 0.9047619 , 0.78571429])}
{'fit_time': array([2.94235921, 2.87868094, 2.89173055, 4.05357504, 4.07003307]), 'score_time': array([0.35960484, 0.3563869 , 0.3632412 , 0.35046744, 0.33948994]), 'test_score': array([0.81395349, 0.86046512, 0.8372093 , 0.9047619 , 0.78571429])}
{'fit_time': array([2.92917323, 2.84888411, 3.7231431 , 4.073982  , 3.3278656 ]), 'score_time': array([0.36670303, 0.35151219, 0.31822038, 0.34609962, 0.35194492]), 'test_score': array([0.81395349, 0.86046512, 0.8372093 , 0.9047619 , 0.78571429])}
{'fit_time': array([4.14894247, 2.99733472, 2.96244693, 2.94971514, 4.15540743]), 'score_time': array([0.31007528, 0.34985304, 0.33898282, 0.33066988, 0.30946541]), 'test_score': array([0.81395349, 0.86046512, 0.8372093 , 0.9047619 , 0.78571429])}
{'fit_time': array([2.97740388, 3.05185843, 3.00210357, 4.0973947 , 4.102597  ]), 'score_time': array([0.34224153, 0.33791065, 0.31986165, 0.31097341, 0.30984497]), 'test_score': array([0.81395349, 0.86046512, 0.8372093 , 0.9047619 , 0.78571429])}
{'fit_time': array([4.12228131, 2.97667074, 2.90391231, 4.1313746 , 2.94099474]), 'score_time': array([0.31274009, 0.36331511, 0.38343835, 0.30515003, 0.35408354]), 'test_score': array([0.81395349, 0.86046512, 0.8372093 , 0.9047619 , 0.78571429])}
dimension:  4
{'fit_time': array([4.61472511, 3.36513448, 3.3183949 , 3.49232197, 4.59112   ]), 'score_time': array([0.37154794, 0.41882801, 0.39556599, 0.39473891, 0.359972  ]), 'test_score': array([0.8372093 , 0.8372093 , 0.81395349, 0.9047619 , 0.78571429])}
{'fit_time': array([3.45677543, 3.61289477, 4.73058605, 4.75110269, 3.57443762]), 'score_time': array([0.3893187 , 0.37789464, 0.36318684, 0.34839702, 0.37756276]), 'test_score': array([0.8372093 , 0.8372093 , 0.81395349, 0.9047619 , 0.78571429])}
{'fit_time': array([3.14408684, 3.10051751, 4.45186019, 3.13947749, 4.47840929]), 'score_time': array([0.3644762 , 0.36120915, 0.36099792, 0.36765695, 0.38050604]), 'test_score': array([0.8372093 , 0.8372093 , 0.81395349, 0.9047619 , 0.78571429])}
{'fit_time': array([4.37553787, 3.04074168, 3.10135937, 4.37765002, 3.10043859]), 'score_time': array([0.34350896, 0.36842155, 0.36918688, 0.33839369, 0.3634522 ]), 'test_score': array([0.8372093 , 0.8372093 , 0.81395349, 0.9047619 , 0.78571429])}
{'fit_time': array([3.20755458, 3.12427115, 4.43982863, 3.13922286, 4.4082098 ]), 'score_time': array([0.35755944, 0.35598445, 0.34698081, 0.36078095, 0.33350658]), 'test_score': array([0.8372093 , 0.8372093 , 0.81395349, 0.9047619 , 0.78571429])}
{'fit_time': array([2.99389863, 3.00875354, 4.27411079, 3.15084505, 4.28082681]), 'score_time': array([0.35499644, 0.35045791, 0.36561275, 0.36858702, 0.35747838]), 'test_score': array([0.8372093 , 0.8372093 , 0.81395349, 0.9047619 , 0.78571429])}
{'fit_time': array([4.55543733, 3.30769658, 3.40808749, 3.33287978, 4.61193085]), 'score_time': array([0.33938837, 0.34849501, 0.37296963, 0.35134745, 0.35690331]), 'test_score': array([0.8372093 , 0.8372093 , 0.81395349, 0.9047619 , 0.78571429])}
{'fit_time': array([4.33292818, 4.36689806, 3.05987072, 3.07791972, 3.09002423]), 'score_time': array([0.34007692, 0.3506465 , 0.37500048, 0.34891295, 0.35992217]), 'test_score': array([0.8372093 , 0.8372093 , 0.81395349, 0.9047619 , 0.78571429])}
{'fit_time': array([4.42540336, 3.88756204, 3.5620563 , 3.87258124, 4.5957582 ]), 'score_time': array([0.34127665, 0.3713727 , 0.6725409 , 0.51903057, 0.35693026]), 'test_score': array([0.8372093 , 0.8372093 , 0.81395349, 0.9047619 , 0.78571429])}
{'fit_time': array([3.16053581, 2.99344993, 3.01092792, 4.35472035, 4.30538821]), 'score_time': array([0.36517215, 0.35574603, 0.34919834, 0.35108399, 0.32702613]), 'test_score': array([0.8372093 , 0.8372093 , 0.81395349, 0.9047619 , 0.78571429])}
dimension:  5
{'fit_time': array([3.35072112, 4.7420609 , 3.29783154, 3.39107013, 4.75127482]), 'score_time': array([0.39636779, 0.37679648, 0.39116645, 0.39301753, 0.37688351]), 'test_score': array([0.79069767, 0.8372093 , 0.81395349, 0.88095238, 0.83333333])}
{'fit_time': array([3.38908005, 4.75985241, 3.56321239, 3.31116724, 4.53121877]), 'score_time': array([0.40164924, 0.3714273 , 0.38448453, 0.40155673, 0.36534405]), 'test_score': array([0.79069767, 0.8372093 , 0.81395349, 0.88095238, 0.83333333])}
{'fit_time': array([4.7897985 , 3.43284988, 3.43572855, 4.75177526, 3.3667624 ]), 'score_time': array([0.36973429, 0.39803863, 0.37641072, 0.36260343, 0.39046574]), 'test_score': array([0.79069767, 0.8372093 , 0.81395349, 0.88095238, 0.83333333])}
{'fit_time': array([3.30940175, 3.26542425, 4.75006533, 4.70884299, 3.30543303]), 'score_time': array([0.39698195, 0.39202452, 0.40651131, 0.36364555, 0.38709235]), 'test_score': array([0.79069767, 0.8372093 , 0.81395349, 0.88095238, 0.83333333])}
{'fit_time': array([3.36369896, 3.404706  , 4.85073853, 3.45263934, 4.8095541 ]), 'score_time': array([0.41591549, 0.46529055, 0.49039197, 0.43237162, 0.48252273]), 'test_score': array([0.79069767, 0.8372093 , 0.81395349, 0.88095238, 0.83333333])}
{'fit_time': array([3.98324513, 3.69098806, 3.70633721, 4.75718665, 5.2159493 ]), 'score_time': array([0.4298594 , 0.4420104 , 0.47361255, 0.44846201, 0.3689816 ]), 'test_score': array([0.79069767, 0.8372093 , 0.81395349, 0.88095238, 0.83333333])}
{'fit_time': array([3.52175188, 4.82272673, 4.07959604, 4.1341064 , 3.48324203]), 'score_time': array([0.38760853, 0.36450195, 0.37809896, 0.36682105, 0.39690399]), 'test_score': array([0.79069767, 0.8372093 , 0.81395349, 0.88095238, 0.83333333])}
{'fit_time': array([4.85723758, 3.52650785, 3.43373561, 3.54159021, 4.84246612]), 'score_time': array([0.38181019, 0.39075422, 0.38495111, 0.4155395 , 0.38930798]), 'test_score': array([0.79069767, 0.8372093 , 0.81395349, 0.88095238, 0.83333333])}
{'fit_time': array([3.31794691, 3.51537323, 4.80155611, 3.42750907, 4.81586385]), 'score_time': array([0.37583017, 0.4065218 , 0.39347219, 0.38621712, 0.38865066]), 'test_score': array([0.79069767, 0.8372093 , 0.81395349, 0.88095238, 0.83333333])}
{'fit_time': array([4.69462609, 4.71339273, 3.46132517, 3.22609091, 3.31020856]), 'score_time': array([0.3692503 , 0.36917138, 0.39399934, 0.39695549, 0.38519645]), 'test_score': array([0.79069767, 0.8372093 , 0.81395349, 0.88095238, 0.83333333])}
dimension:  6
{'fit_time': array([3.58302665, 5.47256017, 3.63775468, 5.42508245, 3.71579933]), 'score_time': array([0.43807554, 0.44525743, 0.43536401, 0.41573071, 0.45357347]), 'test_score': array([0.76744186, 0.8372093 , 0.76744186, 0.88095238, 0.78571429])}
{'fit_time': array([5.09986043, 4.55557156, 4.37478709, 5.46875691, 4.27359915]), 'score_time': array([0.41187644, 0.43125916, 0.44420457, 0.40306234, 0.43546367]), 'test_score': array([0.76744186, 0.8372093 , 0.76744186, 0.88095238, 0.78571429])}
{'fit_time': array([3.8028307 , 3.80569696, 5.27435017, 3.70285559, 5.27047968]), 'score_time': array([0.46559143, 0.44629598, 0.41961479, 0.49978399, 0.40990663]), 'test_score': array([0.76744186, 0.8372093 , 0.76744186, 0.88095238, 0.78571429])}
{'fit_time': array([5.1965239 , 3.66912746, 5.17682552, 3.64560175, 3.80366302]), 'score_time': array([0.40597486, 0.46931458, 0.39241934, 0.44438028, 0.43660903]), 'test_score': array([0.76744186, 0.8372093 , 0.76744186, 0.88095238, 0.78571429])}
{'fit_time': array([3.53353238, 5.12411308, 3.46687269, 3.58710504, 5.08626723]), 'score_time': array([0.39869523, 0.40871024, 0.43015552, 0.40823603, 0.39161849]), 'test_score': array([0.76744186, 0.8372093 , 0.76744186, 0.88095238, 0.78571429])}
{'fit_time': array([5.07891035, 3.50563097, 5.11027002, 3.62743115, 3.55803657]), 'score_time': array([0.39597845, 0.41469359, 0.41511202, 0.43676114, 0.41922283]), 'test_score': array([0.76744186, 0.8372093 , 0.76744186, 0.88095238, 0.78571429])}
{'fit_time': array([3.47512341, 3.61939478, 5.07761192, 5.14161491, 3.69259834]), 'score_time': array([0.40718317, 0.41964459, 0.40044498, 0.41573501, 0.41728854]), 'test_score': array([0.76744186, 0.8372093 , 0.76744186, 0.88095238, 0.78571429])}
{'fit_time': array([5.06789017, 3.46788716, 3.54357362, 5.12709832, 3.60141182]), 'score_time': array([0.38914418, 0.40849805, 0.40413165, 0.41117764, 0.43825936]), 'test_score': array([0.76744186, 0.8372093 , 0.76744186, 0.88095238, 0.78571429])}
{'fit_time': array([3.49853587, 5.02101493, 3.46022677, 5.04480314, 3.62674642]), 'score_time': array([0.40120816, 0.39070964, 0.41609812, 0.38955855, 0.42722154]), 'test_score': array([0.76744186, 0.8372093 , 0.76744186, 0.88095238, 0.78571429])}
{'fit_time': array([5.09982538, 3.46741629, 3.54870033, 3.52543807, 5.03837705]), 'score_time': array([0.41202116, 0.40357494, 0.42809129, 0.41108465, 0.38682628]), 'test_score': array([0.76744186, 0.8372093 , 0.76744186, 0.88095238, 0.78571429])}
dimension:  7
{'fit_time': array([3.72272205, 3.82177711, 5.47598362, 5.46057177, 3.8774724 ]), 'score_time': array([0.44809818, 0.45213604, 0.43274498, 0.4109261 , 0.44487858]), 'test_score': array([0.79069767, 0.8372093 , 0.81395349, 0.9047619 , 0.78571429])}
{'fit_time': array([3.73737454, 3.79637551, 5.41797042, 3.73362303, 5.36285996]), 'score_time': array([0.43660426, 0.45417309, 0.44554567, 0.43532157, 0.41896534]), 'test_score': array([0.79069767, 0.8372093 , 0.81395349, 0.9047619 , 0.78571429])}
{'fit_time': array([5.37576866, 3.72735834, 3.75808024, 3.78695941, 5.41175056]), 'score_time': array([0.42026091, 0.43345666, 0.45719957, 0.44342971, 0.41869211]), 'test_score': array([0.79069767, 0.8372093 , 0.81395349, 0.9047619 , 0.78571429])}
{'fit_time': array([5.45744085, 3.78406286, 3.81141186, 5.42935061, 3.79613996]), 'score_time': array([0.42951775, 0.44668102, 0.46411085, 0.41080785, 0.44528389]), 'test_score': array([0.79069767, 0.8372093 , 0.81395349, 0.9047619 , 0.78571429])}
{'fit_time': array([3.92312074, 3.81772423, 5.61340499, 5.59730339, 3.98518872]), 'score_time': array([0.46317506, 0.461344  , 0.46935344, 0.41978526, 0.44927788]), 'test_score': array([0.79069767, 0.8372093 , 0.81395349, 0.9047619 , 0.78571429])}
{'fit_time': array([5.46413636, 3.76982164, 5.47573042, 3.80880404, 3.78093815]), 'score_time': array([0.42940974, 0.45511699, 0.43698931, 0.43338037, 0.443753  ]), 'test_score': array([0.79069767, 0.8372093 , 0.81395349, 0.9047619 , 0.78571429])}
{'fit_time': array([3.84837723, 5.48665643, 3.66731429, 5.45760512, 3.79848337]), 'score_time': array([0.44779444, 0.43279362, 0.44641566, 0.42295933, 0.43549824]), 'test_score': array([0.79069767, 0.8372093 , 0.81395349, 0.9047619 , 0.78571429])}
{'fit_time': array([3.71293259, 5.39533782, 3.78863573, 5.42205334, 3.76423025]), 'score_time': array([0.44515419, 0.4185524 , 0.45195699, 0.43080091, 0.44120359]), 'test_score': array([0.79069767, 0.8372093 , 0.81395349, 0.9047619 , 0.78571429])}
{'fit_time': array([5.43014765, 3.82281947, 3.76073289, 5.47255921, 3.84306598]), 'score_time': array([0.41962337, 0.45366764, 0.45335293, 0.42805123, 0.43962789]), 'test_score': array([0.79069767, 0.8372093 , 0.81395349, 0.9047619 , 0.78571429])}
{'fit_time': array([5.43337584, 3.95005703, 3.72461605, 3.74278498, 5.41579485]), 'score_time': array([0.42741704, 0.46986604, 0.44561768, 0.42546439, 0.422858  ]), 'test_score': array([0.79069767, 0.8372093 , 0.81395349, 0.9047619 , 0.78571429])}
dimension:  8
{'fit_time': array([3.92732596, 3.97090006, 5.73729587, 4.05843139, 5.81799173]), 'score_time': array([0.46396589, 0.47349954, 0.47171211, 0.47435117, 0.44615674]), 'test_score': array([0.79069767, 0.79069767, 0.76744186, 0.9047619 , 0.76190476])}
{'fit_time': array([4.05310488, 5.86495733, 4.08002043, 5.83953643, 4.06239867]), 'score_time': array([0.48075938, 0.45900583, 0.47686243, 0.44701648, 0.45886135]), 'test_score': array([0.79069767, 0.79069767, 0.76744186, 0.9047619 , 0.76190476])}
{'fit_time': array([4.06118846, 4.04879308, 5.82319689, 5.1716373 , 4.74205232]), 'score_time': array([0.47081017, 0.48053265, 0.45335412, 0.46931362, 0.47982121]), 'test_score': array([0.79069767, 0.79069767, 0.76744186, 0.9047619 , 0.76190476])}
{'fit_time': array([4.04616737, 5.77777147, 4.07867098, 3.93102455, 5.7667985 ]), 'score_time': array([0.47804475, 0.45941186, 0.47900581, 0.47399235, 0.44544768]), 'test_score': array([0.79069767, 0.79069767, 0.76744186, 0.9047619 , 0.76190476])}
{'fit_time': array([4.10667109, 5.77960396, 5.73598146, 3.93491507, 3.90195465]), 'score_time': array([0.47335553, 0.44319892, 0.4662447 , 0.46411324, 0.46131349]), 'test_score': array([0.79069767, 0.79069767, 0.76744186, 0.9047619 , 0.76190476])}
{'fit_time': array([5.62667489, 3.91257858, 4.18307829, 4.12539411, 5.75279403]), 'score_time': array([0.46602154, 0.46303415, 0.47796369, 0.47715878, 0.44049263]), 'test_score': array([0.79069767, 0.79069767, 0.76744186, 0.9047619 , 0.76190476])}
{'fit_time': array([3.9663012 , 5.81202078, 4.0982008 , 5.85471416, 3.9262805 ]), 'score_time': array([0.46225715, 0.48912454, 0.47308064, 0.4383328 , 0.45812225]), 'test_score': array([0.79069767, 0.79069767, 0.76744186, 0.9047619 , 0.76190476])}
{'fit_time': array([5.893718  , 4.02313709, 4.15325809, 5.86160517, 4.11828041]), 'score_time': array([0.45890856, 0.4639008 , 0.49193549, 0.44583368, 0.4821589 ]), 'test_score': array([0.79069767, 0.79069767, 0.76744186, 0.9047619 , 0.76190476])}
{'fit_time': array([4.01161623, 5.82710361, 4.18390989, 3.99300575, 5.89772081]), 'score_time': array([0.47725916, 0.46655679, 0.49193788, 0.47119236, 0.44430566]), 'test_score': array([0.79069767, 0.79069767, 0.76744186, 0.9047619 , 0.76190476])}
{'fit_time': array([4.10847545, 4.16422486, 5.95024085, 5.97761846, 4.03530288]), 'score_time': array([0.47658849, 0.49047232, 0.45388317, 0.45949101, 0.49232388]), 'test_score': array([0.79069767, 0.79069767, 0.76744186, 0.9047619 , 0.76190476])}
dimension:  9
{'fit_time': array([4.2751534 , 6.16051888, 6.17802072, 4.41494179, 4.46965694]), 'score_time': array([0.49618816, 0.46979237, 0.48818088, 0.49802089, 0.5314312 ]), 'test_score': array([0.79069767, 0.86046512, 0.79069767, 0.85714286, 0.78571429])}
{'fit_time': array([6.2233932 , 4.40711951, 4.38246989, 6.2227242 , 4.25969958]), 'score_time': array([0.47102928, 0.52401066, 0.52331161, 0.46463943, 0.50012708]), 'test_score': array([0.79069767, 0.86046512, 0.79069767, 0.85714286, 0.78571429])}
{'fit_time': array([6.31716585, 6.23783231, 4.40111184, 4.31495118, 4.27890229]), 'score_time': array([0.4715786 , 0.49178767, 0.50445676, 0.49400473, 0.51678467]), 'test_score': array([0.79069767, 0.86046512, 0.79069767, 0.85714286, 0.78571429])}
{'fit_time': array([5.59003329, 4.23638082, 5.18329   , 4.50243926, 6.29834557]), 'score_time': array([0.48640347, 0.50174451, 0.51556778, 0.56412554, 0.46037197]), 'test_score': array([0.79069767, 0.86046512, 0.79069767, 0.85714286, 0.78571429])}
{'fit_time': array([4.25949049, 4.56956792, 6.18961406, 6.15934753, 4.34580851]), 'score_time': array([0.50555611, 0.51121354, 0.50362921, 0.46339536, 0.50436425]), 'test_score': array([0.79069767, 0.86046512, 0.79069767, 0.85714286, 0.78571429])}
{'fit_time': array([4.14911461, 4.28053546, 6.15436125, 4.23779488, 6.14254379]), 'score_time': array([0.49727917, 0.48607659, 0.49782348, 0.50721836, 0.4714489 ]), 'test_score': array([0.79069767, 0.86046512, 0.79069767, 0.85714286, 0.78571429])}
{'fit_time': array([6.24957395, 4.32141089, 4.27388644, 6.27139401, 4.36297226]), 'score_time': array([0.47397089, 0.52791381, 0.53557777, 0.48761463, 0.50745916]), 'test_score': array([0.79069767, 0.86046512, 0.79069767, 0.85714286, 0.78571429])}
{'fit_time': array([4.39562535, 4.42983603, 4.28061843, 6.2458272 , 6.25081873]), 'score_time': array([0.51990652, 0.51968098, 0.51137447, 0.47209549, 0.47115779]), 'test_score': array([0.79069767, 0.86046512, 0.79069767, 0.85714286, 0.78571429])}
{'fit_time': array([4.47127414, 6.22320628, 4.39996767, 4.30191684, 6.26131773]), 'score_time': array([0.50698876, 0.4840548 , 0.52012587, 0.49843407, 0.46812391]), 'test_score': array([0.79069767, 0.86046512, 0.79069767, 0.85714286, 0.78571429])}
{'fit_time': array([6.36565614, 4.28246927, 4.54683757, 6.29509282, 4.23922849]), 'score_time': array([0.4976275 , 0.52505231, 0.50513458, 0.46155047, 0.50671339]), 'test_score': array([0.79069767, 0.86046512, 0.79069767, 0.85714286, 0.78571429])}
dimension:  10
{'fit_time': array([4.52344942, 4.61800981, 4.72049618, 6.69303656, 6.68496037]), 'score_time': array([0.52847838, 0.52736044, 0.57545018, 0.49460387, 0.49655485]), 'test_score': array([0.79069767, 0.86046512, 0.74418605, 0.85714286, 0.78571429])}
{'fit_time': array([4.44711518, 5.7238133 , 4.79344821, 5.33433771, 6.55081749]), 'score_time': array([0.53139353, 0.50053763, 0.56269097, 0.51790857, 0.48943877]), 'test_score': array([0.79069767, 0.86046512, 0.74418605, 0.85714286, 0.78571429])}
{'fit_time': array([4.48650718, 4.65668678, 6.46273041, 6.5016675 , 4.3854506 ]), 'score_time': array([0.53870749, 0.53611112, 0.51080179, 0.48851013, 0.5055058 ]), 'test_score': array([0.79069767, 0.86046512, 0.74418605, 0.85714286, 0.78571429])}
{'fit_time': array([4.57305646, 4.68116784, 4.98106956, 6.61923838, 6.61475325]), 'score_time': array([0.59334064, 0.64182782, 0.59851074, 0.4914186 , 0.50200987]), 'test_score': array([0.79069767, 0.86046512, 0.74418605, 0.85714286, 0.78571429])}
{'fit_time': array([6.4048748 , 6.46001101, 5.49725795, 5.33871388, 5.11036897]), 'score_time': array([0.51344371, 0.51813316, 0.68819928, 0.7219243 , 0.52614474]), 'test_score': array([0.79069767, 0.86046512, 0.74418605, 0.85714286, 0.78571429])}
{'fit_time': array([4.71635866, 6.77885866, 4.65460587, 4.58571911, 6.63981342]), 'score_time': array([0.53095913, 0.52750158, 0.54374003, 0.5547328 , 0.5031929 ]), 'test_score': array([0.79069767, 0.86046512, 0.74418605, 0.85714286, 0.78571429])}
{'fit_time': array([4.57411337, 4.58518267, 6.75535059, 4.82671762, 6.73478866]), 'score_time': array([0.53279042, 0.56301999, 0.51060152, 0.54310441, 0.49031091]), 'test_score': array([0.79069767, 0.86046512, 0.74418605, 0.85714286, 0.78571429])}
{'fit_time': array([6.59881091, 4.62848091, 4.70357013, 4.66033196, 6.71932769]), 'score_time': array([0.51442122, 0.54202366, 0.56306338, 0.5405705 , 0.49671221]), 'test_score': array([0.79069767, 0.86046512, 0.74418605, 0.85714286, 0.78571429])}
{'fit_time': array([4.70939875, 6.71143198, 4.65714836, 6.76324987, 4.73521876]), 'score_time': array([0.55637956, 0.50064254, 0.56560922, 0.51805544, 0.55237985]), 'test_score': array([0.79069767, 0.86046512, 0.74418605, 0.85714286, 0.78571429])}
{'fit_time': array([4.67163777, 6.66161013, 6.67540169, 4.58933926, 4.76121354]), 'score_time': array([0.54816246, 0.50570345, 0.50086856, 0.55453444, 0.54156947]), 'test_score': array([0.79069767, 0.86046512, 0.74418605, 0.85714286, 0.78571429])}
dimension:  11
{'fit_time': array([6.99586701, 4.96980619, 4.85399723, 4.91750741, 7.05164242]), 'score_time': array([0.52402401, 0.56508541, 0.55708861, 0.55275702, 0.52776051]), 'test_score': array([0.81395349, 0.86046512, 0.76744186, 0.85714286, 0.78571429])}
{'fit_time': array([4.61408019, 6.90661597, 4.86924386, 4.79738641, 6.8437295 ]), 'score_time': array([0.54285216, 0.5589633 , 0.58616996, 0.54712439, 0.52245092]), 'test_score': array([0.81395349, 0.86046512, 0.76744186, 0.85714286, 0.78571429])}
{'fit_time': array([6.93156648, 4.79093409, 4.79746795, 4.76229763, 6.98966575]), 'score_time': array([0.52227879, 0.57014298, 0.58734512, 0.55447602, 0.53434873]), 'test_score': array([0.81395349, 0.86046512, 0.76744186, 0.85714286, 0.78571429])}
{'fit_time': array([4.70670509, 4.95019269, 7.01325917, 6.99315572, 4.98651052]), 'score_time': array([0.55544257, 0.58179021, 0.53230739, 0.51627088, 0.58425236]), 'test_score': array([0.81395349, 0.86046512, 0.76744186, 0.85714286, 0.78571429])}
{'fit_time': array([7.07617593, 4.94579649, 4.89633679, 4.90371799, 7.0680356 ]), 'score_time': array([0.545959  , 0.57766056, 0.57501936, 0.55603242, 0.52059865]), 'test_score': array([0.81395349, 0.86046512, 0.76744186, 0.85714286, 0.78571429])}
{'fit_time': array([4.7772162 , 6.85341024, 4.83253169, 4.66336036, 6.86543012]), 'score_time': array([0.58053613, 0.53008628, 0.55942822, 0.53811312, 0.52418327]), 'test_score': array([0.81395349, 0.86046512, 0.76744186, 0.85714286, 0.78571429])}
{'fit_time': array([4.77352166, 4.81856775, 6.8369    , 4.69807625, 6.83511782]), 'score_time': array([0.57109022, 0.56502581, 0.52646399, 0.54168773, 0.51606178]), 'test_score': array([0.81395349, 0.86046512, 0.76744186, 0.85714286, 0.78571429])}
{'fit_time': array([5.35422421, 4.67441726, 4.87443304, 6.87348032, 6.24214268]), 'score_time': array([0.54405928, 0.54174185, 0.56720185, 0.51296306, 0.51352167]), 'test_score': array([0.81395349, 0.86046512, 0.76744186, 0.85714286, 0.78571429])}
{'fit_time': array([4.71405005, 5.02048802, 6.63429952, 6.88823247, 4.99119687]), 'score_time': array([0.55885434, 0.58166814, 0.55884409, 0.51106834, 0.68338013]), 'test_score': array([0.81395349, 0.86046512, 0.76744186, 0.85714286, 0.78571429])}
{'fit_time': array([6.96848202, 4.91026735, 6.95664144, 4.85051203, 4.89875913]), 'score_time': array([0.52054524, 0.58723903, 0.52018142, 0.56800103, 0.564641  ]), 'test_score': array([0.81395349, 0.86046512, 0.76744186, 0.85714286, 0.78571429])}
dimension:  12
{'fit_time': array([7.27787781, 5.12120342, 5.19074678, 7.33076835, 5.03163147]), 'score_time': array([0.55965829, 0.60559988, 0.61306548, 0.55759883, 0.58583498]), 'test_score': array([0.8372093 , 0.86046512, 0.79069767, 0.9047619 , 0.76190476])}
{'fit_time': array([5.02478576, 6.65235806, 5.12697721, 7.39544582, 5.82916307]), 'score_time': array([0.58577609, 0.55495524, 0.59559727, 0.55372977, 0.57067204]), 'test_score': array([0.8372093 , 0.86046512, 0.79069767, 0.9047619 , 0.76190476])}
{'fit_time': array([7.39283824, 7.40971708, 5.19836783, 5.08376956, 5.25066638]), 'score_time': array([0.55199409, 0.55991244, 0.59342313, 0.60173821, 0.60079002]), 'test_score': array([0.8372093 , 0.86046512, 0.79069767, 0.9047619 , 0.76190476])}
{'fit_time': array([7.15609264, 5.42456841, 5.13730741, 5.06995225, 7.40527177]), 'score_time': array([0.55830121, 0.58169746, 0.59727645, 0.57884288, 0.53869343]), 'test_score': array([0.8372093 , 0.86046512, 0.79069767, 0.9047619 , 0.76190476])}
{'fit_time': array([7.33146667, 7.36556149, 4.95899677, 4.93991494, 5.20038176]), 'score_time': array([0.55274558, 0.5714221 , 0.58857536, 0.58862782, 0.60814953]), 'test_score': array([0.8372093 , 0.86046512, 0.79069767, 0.9047619 , 0.76190476])}
{'fit_time': array([5.1924994 , 7.39814281, 5.08062911, 7.4254899 , 5.14410901]), 'score_time': array([0.61604381, 0.54893136, 0.60649037, 0.55862236, 0.5957818 ]), 'test_score': array([0.8372093 , 0.86046512, 0.79069767, 0.9047619 , 0.76190476])}
{'fit_time': array([5.24750853, 5.12441516, 7.40824199, 7.40979743, 5.09619403]), 'score_time': array([0.61510205, 0.60591125, 0.55315328, 0.54743218, 0.58838367]), 'test_score': array([0.8372093 , 0.86046512, 0.79069767, 0.9047619 , 0.76190476])}
{'fit_time': array([5.01404095, 5.35144687, 7.23144269, 4.98253822, 7.33363962]), 'score_time': array([0.58723831, 0.59925914, 0.55095315, 0.60233355, 0.55073285]), 'test_score': array([0.8372093 , 0.86046512, 0.79069767, 0.9047619 , 0.76190476])}
{'fit_time': array([5.1389997 , 4.97768068, 5.21105123, 7.3225894 , 7.31188107]), 'score_time': array([0.61112356, 0.59222245, 0.61655617, 0.54396868, 0.55177212]), 'test_score': array([0.8372093 , 0.86046512, 0.79069767, 0.9047619 , 0.76190476])}
{'fit_time': array([7.34097934, 5.03204322, 5.27216148, 4.99390745, 7.38228345]), 'score_time': array([0.56781697, 0.5726037 , 0.58369756, 0.57330203, 0.54464245]), 'test_score': array([0.8372093 , 0.86046512, 0.79069767, 0.9047619 , 0.76190476])}
dimension:  13
{'fit_time': array([7.70266604, 7.74157977, 5.3708601 , 5.39127755, 5.21805525]), 'score_time': array([0.57888341, 0.57440424, 0.61461425, 0.62271142, 0.59990859]), 'test_score': array([0.81395349, 0.8372093 , 0.79069767, 0.88095238, 0.80952381])}
{'fit_time': array([5.35287237, 7.68498826, 5.37502551, 5.23877764, 7.78001833]), 'score_time': array([0.62149167, 0.60134387, 0.65775466, 0.62153125, 0.56596637]), 'test_score': array([0.81395349, 0.8372093 , 0.79069767, 0.88095238, 0.80952381])}
{'fit_time': array([7.6405015 , 5.46013713, 5.23957968, 5.40680003, 7.72465968]), 'score_time': array([0.57402706, 0.62164998, 0.62250924, 0.61673355, 0.59555197]), 'test_score': array([0.81395349, 0.8372093 , 0.79069767, 0.88095238, 0.80952381])}
{'fit_time': array([5.30758905, 5.67252612, 7.64567995, 7.65353894, 5.5236094 ]), 'score_time': array([0.64304042, 0.63859296, 0.59407091, 0.56447935, 0.59922147]), 'test_score': array([0.81395349, 0.8372093 , 0.79069767, 0.88095238, 0.80952381])}
{'fit_time': array([7.67141414, 5.28903055, 5.2839601 , 7.85893965, 5.39035678]), 'score_time': array([0.58849525, 0.62215424, 0.60145426, 0.60644865, 0.59030652]), 'test_score': array([0.81395349, 0.8372093 , 0.79069767, 0.88095238, 0.80952381])}
{'fit_time': array([7.49855018, 5.28061271, 5.23941112, 5.16581917, 7.52153158]), 'score_time': array([0.58765531, 0.59723783, 0.63856554, 0.59664512, 0.57175851]), 'test_score': array([0.81395349, 0.8372093 , 0.79069767, 0.88095238, 0.80952381])}
{'fit_time': array([5.20099974, 7.55109811, 5.35060763, 5.17572546, 7.54495311]), 'score_time': array([0.62577677, 0.60776019, 0.6219964 , 0.5924356 , 0.56878352]), 'test_score': array([0.81395349, 0.8372093 , 0.79069767, 0.88095238, 0.80952381])}
{'fit_time': array([5.21724749, 7.07107997, 5.77234173, 5.16545129, 7.64078951]), 'score_time': array([0.64040065, 0.59201384, 0.60453439, 0.60126591, 0.56326556]), 'test_score': array([0.81395349, 0.8372093 , 0.79069767, 0.88095238, 0.80952381])}
{'fit_time': array([6.20012689, 6.99940062, 5.36002254, 5.25265217, 7.679533  ]), 'score_time': array([0.58553696, 0.58521652, 0.6446085 , 0.60570192, 0.58938646]), 'test_score': array([0.81395349, 0.8372093 , 0.79069767, 0.88095238, 0.80952381])}
{'fit_time': array([5.38118029, 5.45154381, 7.8526144 , 5.38978982, 7.78163266]), 'score_time': array([0.64235759, 0.64058971, 0.59054494, 0.61992669, 0.57104063]), 'test_score': array([0.81395349, 0.8372093 , 0.79069767, 0.88095238, 0.80952381])}
dimension:  14
{'fit_time': array([5.83681178, 5.60100007, 8.00391054, 8.02130532, 5.49551129]), 'score_time': array([0.67187738, 0.66388822, 0.61427307, 0.58494806, 0.63334846]), 'test_score': array([0.81395349, 0.86046512, 0.79069767, 0.88095238, 0.80952381])}
{'fit_time': array([8.05461884, 5.6805985 , 5.62395501, 8.23322463, 5.54039598]), 'score_time': array([0.61552477, 0.65438557, 0.65327787, 0.58864951, 0.65877342]), 'test_score': array([0.81395349, 0.86046512, 0.79069767, 0.88095238, 0.80952381])}
{'fit_time': array([8.03268337, 5.59394312, 5.68751407, 5.54964781, 8.06916928]), 'score_time': array([0.61173081, 0.68456554, 0.66040611, 0.63447475, 0.62046385]), 'test_score': array([0.81395349, 0.86046512, 0.79069767, 0.88095238, 0.80952381])}
{'fit_time': array([5.58468437, 8.10530663, 5.77056122, 5.7415607 , 8.08032203]), 'score_time': array([0.64207053, 0.63867593, 0.64969373, 0.64487243, 0.6032753 ]), 'test_score': array([0.81395349, 0.86046512, 0.79069767, 0.88095238, 0.80952381])}
{'fit_time': array([5.43006039, 5.6037693 , 8.09530973, 5.52266598, 8.13753533]), 'score_time': array([0.64765167, 0.67267704, 0.62400007, 0.63264251, 0.62804556]), 'test_score': array([0.81395349, 0.86046512, 0.79069767, 0.88095238, 0.80952381])}
{'fit_time': array([5.71027589, 5.59886265, 6.23936033, 7.6051178 , 8.24862003]), 'score_time': array([0.65058208, 0.69137478, 0.65267444, 0.60731101, 0.63739133]), 'test_score': array([0.81395349, 0.86046512, 0.79069767, 0.88095238, 0.80952381])}
{'fit_time': array([8.02573133, 5.50015664, 5.57615757, 5.78048396, 8.05415368]), 'score_time': array([0.61546111, 0.63334394, 0.64847946, 0.65855312, 0.61343598]), 'test_score': array([0.81395349, 0.86046512, 0.79069767, 0.88095238, 0.80952381])}
{'fit_time': array([5.64179993, 8.05144238, 5.46504235, 5.48697281, 8.0814774 ]), 'score_time': array([0.66834283, 0.60107231, 0.63446712, 0.61102867, 0.63023543]), 'test_score': array([0.81395349, 0.86046512, 0.79069767, 0.88095238, 0.80952381])}
{'fit_time': array([5.51083636, 5.80370855, 5.47089267, 8.13585734, 8.17201471]), 'score_time': array([0.64192271, 0.66660786, 0.67046714, 0.59235191, 0.60499454]), 'test_score': array([0.81395349, 0.86046512, 0.79069767, 0.88095238, 0.80952381])}
{'fit_time': array([5.93670368, 5.51350546, 8.149894  , 8.17149282, 5.86942267]), 'score_time': array([0.6688571 , 0.63731074, 0.60561323, 0.59693933, 0.63611197]), 'test_score': array([0.81395349, 0.86046512, 0.79069767, 0.88095238, 0.80952381])}
dimension:  15
{'fit_time': array([5.8893671 , 5.79915357, 5.93065548, 8.51891589, 8.52746439]), 'score_time': array([0.66888738, 0.68009615, 0.71716619, 0.61831284, 0.62312579]), 'test_score': array([0.81395349, 0.86046512, 0.79069767, 0.88095238, 0.78571429])}
{'fit_time': array([6.18690586, 5.85588002, 5.92907977, 8.19608831, 8.5687232 ]), 'score_time': array([0.87492776, 0.67886686, 0.68958473, 0.62845874, 0.61452794]), 'test_score': array([0.81395349, 0.86046512, 0.79069767, 0.88095238, 0.78571429])}
{'fit_time': array([8.32188296, 5.73393059, 8.37288213, 5.8762536 , 5.6999824 ]), 'score_time': array([0.62645864, 0.67528772, 0.64450455, 0.67693901, 0.63554597]), 'test_score': array([0.81395349, 0.86046512, 0.79069767, 0.88095238, 0.78571429])}
{'fit_time': array([5.7127862 , 7.45855975, 6.78924394, 8.40328097, 5.76970625]), 'score_time': array([0.69270778, 0.66446066, 0.64316845, 0.62104082, 0.66495132]), 'test_score': array([0.81395349, 0.86046512, 0.79069767, 0.88095238, 0.78571429])}
{'fit_time': array([5.87110949, 8.39649534, 5.87790608, 5.87884068, 8.44454741]), 'score_time': array([0.67745519, 0.63274765, 0.69561815, 0.6734097 , 0.62194777]), 'test_score': array([0.81395349, 0.86046512, 0.79069767, 0.88095238, 0.78571429])}
{'fit_time': array([8.4967823 , 8.51153827, 5.82940555, 5.92752624, 5.75020289]), 'score_time': array([0.62637901, 0.64141536, 0.69515181, 0.66937685, 0.66299057]), 'test_score': array([0.81395349, 0.86046512, 0.79069767, 0.88095238, 0.78571429])}
{'fit_time': array([5.89187121, 5.99520206, 8.39293671, 5.73607087, 8.43875098]), 'score_time': array([0.69479275, 0.68020368, 0.64071894, 0.65869331, 0.62024355]), 'test_score': array([0.81395349, 0.86046512, 0.79069767, 0.88095238, 0.78571429])}
{'fit_time': array([5.8378489 , 8.62372088, 5.94240189, 5.80347824, 8.53140712]), 'score_time': array([0.68169427, 0.6256454 , 0.6984539 , 0.67539144, 0.64023232]), 'test_score': array([0.81395349, 0.86046512, 0.79069767, 0.88095238, 0.78571429])}
{'fit_time': array([5.84240842, 8.49068475, 5.9052093 , 8.49570155, 5.71879077]), 'score_time': array([0.6822331 , 0.62209821, 0.6945169 , 0.62728763, 0.64872694]), 'test_score': array([0.81395349, 0.86046512, 0.79069767, 0.88095238, 0.78571429])}
{'fit_time': array([7.19512486, 8.63807058, 6.1234498 , 6.10550165, 8.66525912]), 'score_time': array([0.67415118, 0.65677047, 0.69178343, 0.69337916, 0.61725044]), 'test_score': array([0.81395349, 0.86046512, 0.79069767, 0.88095238, 0.78571429])}
dimension:  16
{'fit_time': array([5.98339415, 6.03859639, 8.85158157, 8.80154634, 6.14291954]), 'score_time': array([0.68571568, 0.71087408, 0.68172407, 0.65184665, 0.67473555]), 'test_score': array([0.79069767, 0.88372093, 0.76744186, 0.88095238, 0.73809524])}
{'fit_time': array([6.1547029 , 5.99829841, 5.93172503, 8.83853579, 8.85620475]), 'score_time': array([0.71516204, 0.72132015, 0.70687485, 0.6400001 , 0.65167594]), 'test_score': array([0.79069767, 0.88372093, 0.76744186, 0.88095238, 0.73809524])}
{'fit_time': array([6.25303745, 8.74613166, 6.14984226, 8.80792069, 6.01170278]), 'score_time': array([0.70668006, 0.68293643, 0.74798346, 0.64772701, 0.68291855]), 'test_score': array([0.79069767, 0.88372093, 0.76744186, 0.88095238, 0.73809524])}
{'fit_time': array([5.95969582, 6.06301522, 6.27075243, 8.58793616, 8.69974852]), 'score_time': array([0.6744256 , 0.69292736, 0.70481277, 0.64328432, 0.64459991]), 'test_score': array([0.79069767, 0.88372093, 0.76744186, 0.88095238, 0.73809524])}
{'fit_time': array([8.74181128, 5.96304965, 6.13380075, 6.08867359, 8.77440381]), 'score_time': array([0.65186763, 0.6969142 , 0.7286098 , 0.71647906, 0.64480233]), 'test_score': array([0.79069767, 0.88372093, 0.76744186, 0.88095238, 0.73809524])}
{'fit_time': array([6.29014134, 6.21449661, 8.68390203, 8.68420005, 5.99718428]), 'score_time': array([0.67272019, 0.70934916, 0.67846131, 0.63625956, 0.68484569]), 'test_score': array([0.79069767, 0.88372093, 0.76744186, 0.88095238, 0.73809524])}
{'fit_time': array([5.83581138, 6.15413332, 8.7194972 , 5.9685328 , 8.76836896]), 'score_time': array([0.69371414, 0.72202826, 0.66180563, 0.70107698, 0.65497136]), 'test_score': array([0.79069767, 0.88372093, 0.76744186, 0.88095238, 0.73809524])}
{'fit_time': array([5.93862295, 8.77384996, 6.28261805, 6.10075259, 8.78568387]), 'score_time': array([0.68576026, 0.65438104, 0.70644569, 0.71457195, 0.6486702 ]), 'test_score': array([0.79069767, 0.88372093, 0.76744186, 0.88095238, 0.73809524])}
{'fit_time': array([6.05130482, 8.86602974, 6.26396394, 5.98980069, 9.00652862]), 'score_time': array([0.71233582, 0.64990115, 0.72068381, 0.69288349, 0.68849945]), 'test_score': array([0.79069767, 0.88372093, 0.76744186, 0.88095238, 0.73809524])}
{'fit_time': array([5.9588294 , 8.85758805, 6.35524082, 6.21497083, 8.79177284]), 'score_time': array([0.70206213, 0.67508101, 0.71900654, 0.67623281, 0.65352798]), 'test_score': array([0.79069767, 0.88372093, 0.76744186, 0.88095238, 0.73809524])}
dimension:  17
{'fit_time': array([6.25994825, 9.26528907, 9.23651123, 6.35907507, 6.51547599]), 'score_time': array([0.74247956, 0.67952871, 0.69807935, 0.73887992, 0.72679806]), 'test_score': array([0.8372093 , 0.86046512, 0.74418605, 0.9047619 , 0.76190476])}
{'fit_time': array([9.11472988, 9.06768441, 6.47309184, 6.29567623, 6.38457656]), 'score_time': array([0.71960831, 0.68505359, 0.71809649, 0.71211028, 0.71659398]), 'test_score': array([0.8372093 , 0.86046512, 0.74418605, 0.9047619 , 0.76190476])}
{'fit_time': array([6.19334245, 9.20618153, 6.34024477, 9.18641782, 6.17825174]), 'score_time': array([0.74343491, 0.69805169, 0.72651863, 0.67809105, 0.73798251]), 'test_score': array([0.8372093 , 0.86046512, 0.74418605, 0.9047619 , 0.76190476])}
{'fit_time': array([6.41538668, 6.34882879, 6.30304337, 9.3418076 , 9.34279227]), 'score_time': array([0.74877644, 0.73944426, 0.75758815, 0.67734742, 0.68752623]), 'test_score': array([0.8372093 , 0.86046512, 0.74418605, 0.9047619 , 0.76190476])}
{'fit_time': array([6.26997447, 6.45860195, 6.43459296, 9.37929821, 9.33127975]), 'score_time': array([0.72405744, 0.74701428, 0.74141836, 0.67193365, 0.67981529]), 'test_score': array([0.8372093 , 0.86046512, 0.74418605, 0.9047619 , 0.76190476])}
{'fit_time': array([9.22442698, 6.39999247, 9.13437581, 6.21077514, 6.30572939]), 'score_time': array([0.67784023, 0.72602844, 0.69490719, 0.69219637, 0.70173931]), 'test_score': array([0.8372093 , 0.86046512, 0.74418605, 0.9047619 , 0.76190476])}
{'fit_time': array([6.18167734, 8.96302032, 6.37464976, 6.3803606 , 9.13829994]), 'score_time': array([0.75838923, 0.70588732, 0.73951244, 0.74418688, 0.70168209]), 'test_score': array([0.8372093 , 0.86046512, 0.74418605, 0.9047619 , 0.76190476])}
{'fit_time': array([6.32875347, 8.82746959, 6.42171836, 9.13911223, 6.29267287]), 'score_time': array([1.02686453, 0.68015838, 0.73394203, 0.6960423 , 0.71443343]), 'test_score': array([0.8372093 , 0.86046512, 0.74418605, 0.9047619 , 0.76190476])}
{'fit_time': array([9.12670279, 6.320333  , 9.14573359, 6.46005583, 6.34965539]), 'score_time': array([0.68624282, 0.76103473, 0.73250461, 0.74125075, 0.7356081 ]), 'test_score': array([0.8372093 , 0.86046512, 0.74418605, 0.9047619 , 0.76190476])}
{'fit_time': array([6.34732842, 9.1310401 , 6.39413238, 9.28937674, 6.40156293]), 'score_time': array([0.75455165, 0.6924901 , 0.73340034, 0.71175241, 0.74795556]), 'test_score': array([0.8372093 , 0.86046512, 0.74418605, 0.9047619 , 0.76190476])}
dimension:  18
{'fit_time': array([9.51973033, 6.47858119, 6.59771252, 6.81315136, 9.65011716]), 'score_time': array([0.72380471, 0.74747038, 0.7529099 , 0.77417898, 0.68775439]), 'test_score': array([0.81395349, 0.86046512, 0.76744186, 0.88095238, 0.80952381])}
{'fit_time': array([6.60487962, 9.54316425, 6.66369486, 6.70813394, 9.68761325]), 'score_time': array([0.78701782, 0.71176195, 0.78688025, 0.744766  , 0.74536371]), 'test_score': array([0.81395349, 0.86046512, 0.76744186, 0.88095238, 0.80952381])}
{'fit_time': array([6.49644876, 9.52961826, 6.60764289, 6.53180838, 9.61938477]), 'score_time': array([0.73745632, 0.72902393, 0.74852729, 0.74408484, 0.69334555]), 'test_score': array([0.81395349, 0.86046512, 0.76744186, 0.88095238, 0.80952381])}
{'fit_time': array([6.51929736, 6.40572667, 6.49665523, 9.55498195, 9.60270882]), 'score_time': array([0.74810886, 0.76400781, 0.77631855, 0.71459413, 0.69637823]), 'test_score': array([0.81395349, 0.86046512, 0.76744186, 0.88095238, 0.80952381])}
{'fit_time': array([6.55759072, 6.60377383, 9.54591846, 6.77265859, 9.60549736]), 'score_time': array([0.78832507, 0.77567911, 0.73515534, 0.74423838, 0.70396137]), 'test_score': array([0.81395349, 0.86046512, 0.76744186, 0.88095238, 0.80952381])}
{'fit_time': array([9.59310389, 6.60389113, 6.61013389, 9.54874825, 6.62044978]), 'score_time': array([0.71654844, 0.75431108, 0.75074267, 0.69752121, 0.7343154 ]), 'test_score': array([0.81395349, 0.86046512, 0.76744186, 0.88095238, 0.80952381])}
{'fit_time': array([6.58215213, 9.42245197, 6.47873569, 9.41289425, 6.35374618]), 'score_time': array([0.77053094, 0.72985911, 0.76184678, 0.69328237, 0.74047732]), 'test_score': array([0.81395349, 0.86046512, 0.76744186, 0.88095238, 0.80952381])}
{'fit_time': array([6.58580303, 9.60720873, 6.68019485, 9.55452394, 6.39736271]), 'score_time': array([0.76203799, 0.73109102, 0.75819969, 0.70264673, 0.70773625]), 'test_score': array([0.81395349, 0.86046512, 0.76744186, 0.88095238, 0.80952381])}
{'fit_time': array([6.36587405, 9.47755742, 6.69269061, 9.55991387, 6.59349704]), 'score_time': array([0.75737429, 0.72123241, 0.75788808, 0.69549918, 0.76203084]), 'test_score': array([0.81395349, 0.86046512, 0.76744186, 0.88095238, 0.80952381])}
{'fit_time': array([6.46960807, 9.74925685, 6.66577649, 6.74743009, 9.63477325]), 'score_time': array([0.75948238, 0.73243475, 0.77632713, 0.75134349, 0.69707489]), 'test_score': array([0.81395349, 0.86046512, 0.76744186, 0.88095238, 0.80952381])}
dimension:  19
{'fit_time': array([6.65126204, 7.62216115, 6.88790035, 9.32680154, 9.9662776 ]), 'score_time': array([0.77570343, 0.78372288, 0.80414677, 0.71971536, 0.73531699]), 'test_score': array([0.8372093 , 0.8372093 , 0.76744186, 0.9047619 , 0.80952381])}
{'fit_time': array([6.74170589, 6.80781007, 9.82942033, 6.78207517, 9.78806996]), 'score_time': array([0.76346397, 0.76385617, 0.78855276, 0.77523112, 0.72305465]), 'test_score': array([0.8372093 , 0.8372093 , 0.76744186, 0.9047619 , 0.80952381])}
{'fit_time': array([9.87145829, 6.65477848, 6.51900172, 9.8831501 , 6.71713495]), 'score_time': array([0.74604368, 0.79097271, 0.74876475, 0.73005342, 0.74382091]), 'test_score': array([0.8372093 , 0.8372093 , 0.76744186, 0.9047619 , 0.80952381])}
{'fit_time': array([6.65790224, 6.9724791 , 9.93021822, 9.91862464, 6.70156264]), 'score_time': array([0.77381015, 0.79596257, 0.72723889, 0.74562645, 0.77055311]), 'test_score': array([0.8372093 , 0.8372093 , 0.76744186, 0.9047619 , 0.80952381])}
{'fit_time': array([6.97402549, 9.8848722 , 9.79367208, 6.78971052, 7.09722376]), 'score_time': array([0.81375265, 0.72518063, 0.74433684, 0.7821486 , 0.78795958]), 'test_score': array([0.8372093 , 0.8372093 , 0.76744186, 0.9047619 , 0.80952381])}
{'fit_time': array([6.6632421 , 6.8831718 , 6.82566786, 9.68976355, 9.74539328]), 'score_time': array([0.75834656, 0.7777338 , 0.78132343, 0.72591734, 0.71482015]), 'test_score': array([0.8372093 , 0.8372093 , 0.76744186, 0.9047619 , 0.80952381])}
{'fit_time': array([9.94551063, 9.9398942 , 6.94409895, 6.767416  , 6.71315408]), 'score_time': array([0.73066068, 0.76174593, 0.79692197, 0.75570965, 0.75978041]), 'test_score': array([0.8372093 , 0.8372093 , 0.76744186, 0.9047619 , 0.80952381])}
{'fit_time': array([ 6.68781209, 10.03356743,  7.00449824,  6.74906683, 10.1107738 ]), 'score_time': array([0.78440094, 0.72808957, 0.78596258, 0.75878954, 0.74830914]), 'test_score': array([0.8372093 , 0.8372093 , 0.76744186, 0.9047619 , 0.80952381])}
{'fit_time': array([10.00610542, 10.02300644,  6.95350075,  6.8541851 ,  6.95488429]), 'score_time': array([0.72715664, 0.72626495, 0.80606961, 0.76223445, 0.80117989]), 'test_score': array([0.8372093 , 0.8372093 , 0.76744186, 0.9047619 , 0.80952381])}
{'fit_time': array([6.70642948, 6.99766803, 7.00095773, 9.84934449, 9.81809139]), 'score_time': array([0.77710104, 0.81654644, 0.79912853, 0.72860909, 0.71433902]), 'test_score': array([0.8372093 , 0.8372093 , 0.76744186, 0.9047619 , 0.80952381])}
dimension:  20
{'fit_time': array([ 7.21433306,  7.09044194,  7.38331342, 10.48708224, 10.41674447]), 'score_time': array([0.81433725, 0.83948135, 0.82978225, 0.75320292, 0.74263811]), 'test_score': array([0.81395349, 0.88372093, 0.79069767, 0.92857143, 0.83333333])}
{'fit_time': array([ 7.10487151, 10.29835725, 10.27948499,  6.93148828,  6.92598057]), 'score_time': array([0.8027184 , 0.77591324, 0.78474307, 0.75310731, 0.78088689]), 'test_score': array([0.81395349, 0.88372093, 0.79069767, 0.92857143, 0.83333333])}
{'fit_time': array([10.13669181,  7.20375013, 10.10535479,  7.08830476,  6.93229198]), 'score_time': array([0.74654341, 0.83243299, 0.76505566, 0.83007932, 0.80461407]), 'test_score': array([0.81395349, 0.88372093, 0.79069767, 0.92857143, 0.83333333])}
{'fit_time': array([10.34536242, 10.34128332,  7.06213927,  6.98328924,  6.89087534]), 'score_time': array([0.76434016, 0.77997637, 0.81287456, 0.75521636, 0.7661345 ]), 'test_score': array([0.81395349, 0.88372093, 0.79069767, 0.92857143, 0.83333333])}
{'fit_time': array([10.14410925,  6.96733618,  7.05834985, 10.12470102,  7.06576896]), 'score_time': array([0.75031304, 0.80384898, 0.83951378, 0.75193667, 0.82439065]), 'test_score': array([0.81395349, 0.88372093, 0.79069767, 0.92857143, 0.83333333])}
{'fit_time': array([ 7.14987636,  7.28149509,  7.29584169, 10.35169482, 10.51700807]), 'score_time': array([0.84333205, 0.8580308 , 0.82371283, 0.74777246, 0.8018229 ]), 'test_score': array([0.81395349, 0.88372093, 0.79069767, 0.92857143, 0.83333333])}
{'fit_time': array([ 7.23492837,  7.195997  , 10.52039647, 10.56276369,  7.1795578 ]), 'score_time': array([0.83879733, 0.83575583, 0.77201796, 0.77957535, 0.82728219]), 'test_score': array([0.81395349, 0.88372093, 0.79069767, 0.92857143, 0.83333333])}
{'fit_time': array([ 7.02595973,  7.10894656,  7.1675899 , 10.38866258, 10.37245488]), 'score_time': array([0.79708171, 0.82810736, 0.83451748, 0.76229596, 0.74926376]), 'test_score': array([0.81395349, 0.88372093, 0.79069767, 0.92857143, 0.83333333])}
{'fit_time': array([ 7.10729933, 10.27913976,  7.04789519, 10.23324776,  7.21392727]), 'score_time': array([0.84968352, 0.75328422, 0.81001019, 0.7497139 , 0.80579925]), 'test_score': array([0.81395349, 0.88372093, 0.79069767, 0.92857143, 0.83333333])}
{'fit_time': array([10.05458975,  7.2310524 ,  6.98068452, 10.05685925,  6.99595666]), 'score_time': array([0.75068164, 0.79608464, 0.78915787, 0.7412014 , 0.7939508 ]), 'test_score': array([0.81395349, 0.88372093, 0.79069767, 0.92857143, 0.83333333])}
AdaBoosting with raw data
{'fit_time': array([ 9.88765693, 12.15225959, 13.25400138,  9.91084695, 14.97495151]), 'score_time': array([1.24432802, 1.24683428, 1.15815926, 1.19420433, 1.08114934]), 'test_score': array([0.76744186, 0.86046512, 0.74418605, 0.78571429, 0.88095238])}
{'fit_time': array([ 9.7508595 , 14.8637619 , 11.40979648, 11.96107221, 11.59614134]), 'score_time': array([1.18316054, 1.13991261, 1.22672629, 1.19671893, 1.17037582]), 'test_score': array([0.76744186, 0.86046512, 0.74418605, 0.78571429, 0.88095238])}
{'fit_time': array([ 9.58081055, 14.65646529, 10.00492811,  9.80472422, 15.0484581 ]), 'score_time': array([1.17193031, 1.13884997, 1.21358609, 1.12896729, 1.12644386]), 'test_score': array([0.76744186, 0.86046512, 0.74418605, 0.78571429, 0.88095238])}
{'fit_time': array([14.75016928, 10.18196535,  9.9775095 , 10.02767015, 15.05208659]), 'score_time': array([1.11848235, 1.23910022, 1.20955539, 1.22086668, 1.17039514]), 'test_score': array([0.76744186, 0.86046512, 0.74418605, 0.78571429, 0.88095238])}
{'fit_time': array([14.21626973, 10.1383729 , 14.77276659,  9.89562511, 10.042413  ]), 'score_time': array([1.1260376 , 1.22708201, 1.11996984, 1.17027187, 1.58940625]), 'test_score': array([0.76744186, 0.86046512, 0.74418605, 0.78571429, 0.88095238])}
{'fit_time': array([14.46452856,  9.91805577, 14.662328  ,  9.77135921,  9.73938966]), 'score_time': array([1.16960716, 1.17451262, 1.13324547, 1.1670022 , 1.15810919]), 'test_score': array([0.76744186, 0.86046512, 0.74418605, 0.78571429, 0.88095238])}
{'fit_time': array([10.11572123, 10.22408938, 14.89871812, 14.72181606, 10.04696512]), 'score_time': array([1.22218013, 1.23430395, 1.13259053, 1.09459662, 1.19895601]), 'test_score': array([0.76744186, 0.86046512, 0.74418605, 0.78571429, 0.88095238])}
{'fit_time': array([10.11652946, 10.46499681, 10.13642263, 14.83945441, 15.41425943]), 'score_time': array([2.00808692, 1.4011631 , 1.4472239 , 1.13128805, 1.1252811 ]), 'test_score': array([0.76744186, 0.86046512, 0.74418605, 0.78571429, 0.88095238])}
{'fit_time': array([12.66282725, 10.44014359, 13.25165391, 15.14667749, 10.70536375]), 'score_time': array([1.20473289, 1.23191142, 1.17721009, 1.10725069, 1.21559739]), 'test_score': array([0.76744186, 0.86046512, 0.74418605, 0.78571429, 0.88095238])}
{'fit_time': array([10.14832687, 10.08812785, 14.87468553, 13.82350206, 11.73302507]), 'score_time': array([1.27230573, 1.22961211, 1.11624217, 1.11534548, 1.13378453]), 'test_score': array([0.76744186, 0.86046512, 0.74418605, 0.78571429, 0.88095238])}

Maximum value Summary
PCA data [0.80952381 0.83333333 0.9047619  0.9047619  0.88095238 0.88095238
 0.9047619  0.9047619  0.86046512 0.86046512 0.86046512 0.9047619
 0.88095238 0.88095238 0.88095238 0.88372093 0.9047619  0.88095238
 0.9047619  0.92857143]
raw_data 0.8809523809523812

Time Summary
PCA data [14.75212359 18.58932092 19.9594276  20.56769576 21.88386505 23.47790546
 24.48879013 26.11381321 28.02333786 30.08603752 31.10222409 32.96682961
 34.35915091 36.27051706 38.00587647 39.26250253 41.01778882 42.5707216
 44.07226329 45.87785456]
raw_data 66.07352032661439
