n_estimators= 2500 , learning_rate= 0.02
AdaBoosting with pca data
dimension:  1
{'fit_time': array([3.78133607, 3.75583172, 2.75409508, 2.7908802 , 2.85963559]), 'score_time': array([0.29607439, 0.30429769, 0.32046032, 0.3088212 , 0.31510282]), 'test_score': array([0.7125    , 0.6875    , 0.65      , 0.7125    , 0.72151899])}
{'fit_time': array([2.85721207, 2.71536255, 3.7197299 , 2.73736453, 3.65526009]), 'score_time': array([0.31296492, 0.30885792, 0.29815412, 0.30120564, 0.29643655]), 'test_score': array([0.7125    , 0.6875    , 0.65      , 0.7125    , 0.72151899])}
{'fit_time': array([2.54875994, 2.60120034, 2.60184026, 3.62711167, 3.60677528]), 'score_time': array([0.30793333, 0.307266  , 0.31351423, 0.29675865, 0.28827953]), 'test_score': array([0.7125    , 0.6875    , 0.65      , 0.7125    , 0.72151899])}
{'fit_time': array([2.6489346 , 2.55847263, 3.62712741, 3.6184876 , 2.52154756]), 'score_time': array([0.30662632, 0.30257797, 0.29356742, 0.29553318, 0.30078673]), 'test_score': array([0.7125    , 0.6875    , 0.65      , 0.7125    , 0.72151899])}
{'fit_time': array([2.57489896, 2.57767653, 3.6111021 , 2.56476378, 3.58891702]), 'score_time': array([0.30274987, 0.30501676, 0.29864025, 0.30864263, 0.29382992]), 'test_score': array([0.7125    , 0.6875    , 0.65      , 0.7125    , 0.72151899])}
{'fit_time': array([2.54177094, 3.60593319, 2.59010983, 2.59575319, 3.65015459]), 'score_time': array([0.3086741 , 0.28529   , 0.29848456, 0.3139317 , 0.31229925]), 'test_score': array([0.7125    , 0.6875    , 0.65      , 0.7125    , 0.72151899])}
{'fit_time': array([2.55393505, 2.59904456, 2.59229612, 3.61129951, 3.63612604]), 'score_time': array([0.29557824, 0.29850745, 0.31293845, 0.28510237, 0.29758382]), 'test_score': array([0.7125    , 0.6875    , 0.65      , 0.7125    , 0.72151899])}
{'fit_time': array([2.48818183, 3.58961034, 2.59283113, 2.59009957, 3.58211255]), 'score_time': array([0.28843546, 0.27949619, 0.31091428, 0.30014777, 0.29500365]), 'test_score': array([0.7125    , 0.6875    , 0.65      , 0.7125    , 0.72151899])}
{'fit_time': array([3.63722229, 2.5227201 , 2.59136367, 3.61968064, 2.58587337]), 'score_time': array([0.29308343, 0.2934916 , 0.30850768, 0.2809906 , 0.31289959]), 'test_score': array([0.7125    , 0.6875    , 0.65      , 0.7125    , 0.72151899])}
{'fit_time': array([2.49336505, 2.64133477, 2.56826973, 3.63596773, 3.67676687]), 'score_time': array([0.29596186, 0.30598354, 0.30929136, 0.27854252, 0.31973934]), 'test_score': array([0.7125    , 0.6875    , 0.65      , 0.7125    , 0.72151899])}
dimension:  2
{'fit_time': array([4.32230353, 2.97769237, 3.03959656, 3.04478979, 4.28867865]), 'score_time': array([0.34961319, 0.36303067, 0.36302185, 0.36107206, 0.33437085]), 'test_score': array([0.65     , 0.65     , 0.6875   , 0.65     , 0.6835443])}
{'fit_time': array([3.05369091, 3.03927565, 4.3332839 , 2.98996377, 4.33205914]), 'score_time': array([0.38018489, 0.36955142, 0.33322668, 0.36674857, 0.36091757]), 'test_score': array([0.65     , 0.65     , 0.6875   , 0.65     , 0.6835443])}
{'fit_time': array([4.29572225, 4.29850483, 3.08168459, 3.02212071, 3.01172829]), 'score_time': array([0.34196568, 0.34530354, 0.37279892, 0.35828042, 0.34451628]), 'test_score': array([0.65     , 0.65     , 0.6875   , 0.65     , 0.6835443])}
{'fit_time': array([4.31467128, 3.03613353, 2.95592499, 4.31188989, 3.11377072]), 'score_time': array([0.34455824, 0.39321756, 0.35792732, 0.3382771 , 0.35346293]), 'test_score': array([0.65     , 0.65     , 0.6875   , 0.65     , 0.6835443])}
{'fit_time': array([4.31736732, 3.05040407, 4.34971857, 2.94469833, 3.08039117]), 'score_time': array([0.34841847, 0.37258148, 0.34498096, 0.34724951, 0.36581707]), 'test_score': array([0.65     , 0.65     , 0.6875   , 0.65     , 0.6835443])}
{'fit_time': array([3.00035095, 4.28460193, 3.04109335, 4.28112626, 3.06780839]), 'score_time': array([0.34834099, 0.33963704, 0.36155725, 0.34829569, 0.36931801]), 'test_score': array([0.65     , 0.65     , 0.6875   , 0.65     , 0.6835443])}
{'fit_time': array([2.93385768, 3.14956117, 4.34097815, 3.18732786, 4.3675704 ]), 'score_time': array([0.34924579, 0.35622144, 0.34247661, 0.34449577, 0.35372043]), 'test_score': array([0.65     , 0.65     , 0.6875   , 0.65     , 0.6835443])}
{'fit_time': array([2.96339107, 3.01994705, 3.12865138, 4.30352235, 4.34495616]), 'score_time': array([0.3442533 , 0.36475992, 0.35994983, 0.34342313, 0.35110879]), 'test_score': array([0.65     , 0.65     , 0.6875   , 0.65     , 0.6835443])}
{'fit_time': array([2.98283315, 4.25948739, 2.98501873, 3.00030041, 4.34126163]), 'score_time': array([0.34877539, 0.36209893, 0.36478901, 0.35999727, 0.34444571]), 'test_score': array([0.65     , 0.65     , 0.6875   , 0.65     , 0.6835443])}
{'fit_time': array([2.9765234 , 4.35161996, 3.19686747, 4.38828373, 3.11916423]), 'score_time': array([0.34540939, 0.33795953, 0.36225843, 0.35013676, 0.36507726]), 'test_score': array([0.65     , 0.65     , 0.6875   , 0.65     , 0.6835443])}
dimension:  3
{'fit_time': array([5.02778101, 3.57658744, 3.48101664, 3.51356173, 5.0512414 ]), 'score_time': array([0.38608837, 0.41943264, 0.41589642, 0.42093992, 0.39072394]), 'test_score': array([0.6125   , 0.675    , 0.675    , 0.65     , 0.6835443])}
{'fit_time': array([3.47193217, 5.0221746 , 3.53006458, 5.01875877, 3.5238595 ]), 'score_time': array([0.413836  , 0.38796353, 0.44412398, 0.39107227, 0.41592312]), 'test_score': array([0.6125   , 0.675    , 0.675    , 0.65     , 0.6835443])}
{'fit_time': array([5.01756597, 3.5854857 , 3.52586913, 5.03325224, 3.49989796]), 'score_time': array([0.39440036, 0.40856981, 0.41961813, 0.39335537, 0.41778088]), 'test_score': array([0.6125   , 0.675    , 0.675    , 0.65     , 0.6835443])}
{'fit_time': array([5.01721811, 3.63975334, 3.43843555, 3.45432568, 5.00475216]), 'score_time': array([0.39464283, 0.43847752, 0.40080643, 0.41351461, 0.37983179]), 'test_score': array([0.6125   , 0.675    , 0.675    , 0.65     , 0.6835443])}
{'fit_time': array([4.97761703, 3.54531431, 3.52239323, 3.42000318, 4.98942018]), 'score_time': array([0.39018464, 0.43403506, 0.42100143, 0.4012599 , 0.38687134]), 'test_score': array([0.6125   , 0.675    , 0.675    , 0.65     , 0.6835443])}
{'fit_time': array([5.01567864, 3.44933748, 3.55932045, 3.54612422, 5.00268793]), 'score_time': array([0.38877821, 0.41079998, 0.42236471, 0.41842031, 0.38525486]), 'test_score': array([0.6125   , 0.675    , 0.675    , 0.65     , 0.6835443])}
{'fit_time': array([3.44786048, 5.07559776, 3.53417206, 5.02733254, 3.56841779]), 'score_time': array([0.42870831, 0.43047929, 0.41412592, 0.39081788, 0.40650082]), 'test_score': array([0.6125   , 0.675    , 0.675    , 0.65     , 0.6835443])}
{'fit_time': array([4.98143101, 3.61061597, 4.9686985 , 3.38499308, 3.66789484]), 'score_time': array([0.39535069, 0.41462135, 0.38551569, 0.40606737, 0.41051817]), 'test_score': array([0.6125   , 0.675    , 0.675    , 0.65     , 0.6835443])}
{'fit_time': array([3.4374485 , 3.49937677, 5.01355624, 3.58916545, 4.96141958]), 'score_time': array([0.39965582, 0.43632054, 0.3885653 , 0.41702747, 0.40058851]), 'test_score': array([0.6125   , 0.675    , 0.675    , 0.65     , 0.6835443])}
{'fit_time': array([3.4907794 , 3.5013113 , 3.48885012, 5.00308204, 5.03168654]), 'score_time': array([0.42085242, 0.4174788 , 0.40427876, 0.39480114, 0.4029963 ]), 'test_score': array([0.6125   , 0.675    , 0.675    , 0.65     , 0.6835443])}
dimension:  4
{'fit_time': array([5.36500096, 3.83652115, 3.88774896, 5.63890004, 4.34574389]), 'score_time': array([0.44368839, 0.458184  , 0.46506929, 0.45203161, 0.46469617]), 'test_score': array([0.6375   , 0.675    , 0.6875   , 0.65     , 0.7721519])}
{'fit_time': array([5.96197605, 4.20760059, 4.11092901, 5.99595571, 4.11607289]), 'score_time': array([0.45326018, 0.60701776, 0.5522418 , 0.48050141, 0.50835037]), 'test_score': array([0.6375   , 0.675    , 0.6875   , 0.65     , 0.7721519])}
{'fit_time': array([4.5163877 , 4.47719193, 6.04625034, 6.01482153, 4.38698745]), 'score_time': array([0.50192165, 0.49272871, 0.47385073, 0.45241737, 0.49224758]), 'test_score': array([0.6375   , 0.675    , 0.6875   , 0.65     , 0.7721519])}
{'fit_time': array([5.3605845 , 4.43637848, 4.26664877, 5.02868128, 6.03672457]), 'score_time': array([0.45292926, 0.51547837, 0.48864055, 0.49163818, 0.46598363]), 'test_score': array([0.6375   , 0.675    , 0.6875   , 0.65     , 0.7721519])}
{'fit_time': array([4.33867311, 4.57892203, 5.68019938, 5.96125984, 4.45835757]), 'score_time': array([0.47172904, 0.47742629, 0.4468286 , 0.44198585, 0.47136784]), 'test_score': array([0.6375   , 0.675    , 0.6875   , 0.65     , 0.7721519])}
{'fit_time': array([5.75591803, 5.77516508, 4.08573294, 4.11902022, 4.04398036]), 'score_time': array([0.45629239, 0.4738667 , 0.45738983, 0.47826147, 0.47511077]), 'test_score': array([0.6375   , 0.675    , 0.6875   , 0.65     , 0.7721519])}
{'fit_time': array([4.23885942, 4.3439014 , 5.94723725, 5.94481897, 4.39869285]), 'score_time': array([0.481987  , 0.48199701, 0.44889593, 0.45897603, 0.48711276]), 'test_score': array([0.6375   , 0.675    , 0.6875   , 0.65     , 0.7721519])}
{'fit_time': array([4.09951925, 4.05339718, 4.05022669, 5.80369234, 5.79481459]), 'score_time': array([0.49293542, 0.47866702, 0.47915626, 0.45011878, 0.44596624]), 'test_score': array([0.6375   , 0.675    , 0.6875   , 0.65     , 0.7721519])}
{'fit_time': array([4.05646849, 4.25003219, 5.81982756, 5.84624577, 4.12658405]), 'score_time': array([0.46699858, 0.49327445, 0.43867826, 0.46303725, 0.45840263]), 'test_score': array([0.6375   , 0.675    , 0.6875   , 0.65     , 0.7721519])}
{'fit_time': array([3.98472571, 4.00029564, 5.75542855, 5.73715687, 4.0579865 ]), 'score_time': array([0.46451616, 0.47917485, 0.4397614 , 0.43536329, 0.48451757]), 'test_score': array([0.6375   , 0.675    , 0.6875   , 0.65     , 0.7721519])}
dimension:  5
{'fit_time': array([4.46243596, 6.35932493, 4.38074207, 4.61171985, 6.34716344]), 'score_time': array([0.51473045, 0.49169993, 0.51108599, 0.53624725, 0.48602271]), 'test_score': array([0.65     , 0.7      , 0.6875   , 0.7      , 0.7721519])}
{'fit_time': array([6.45603681, 4.4315424 , 4.3911159 , 6.36075377, 4.53931379]), 'score_time': array([0.5230248 , 0.52310109, 0.55310488, 0.48849368, 0.53201246]), 'test_score': array([0.65     , 0.7      , 0.6875   , 0.7      , 0.7721519])}
{'fit_time': array([4.49952626, 4.46149993, 6.54723287, 6.51288271, 4.65451765]), 'score_time': array([0.53397703, 0.52665901, 0.49787784, 0.4853375 , 0.53406167]), 'test_score': array([0.65     , 0.7      , 0.6875   , 0.7      , 0.7721519])}
{'fit_time': array([6.5063684 , 4.57799459, 4.44692636, 6.47018933, 4.61676788]), 'score_time': array([0.4988749 , 0.51788139, 0.5310576 , 0.49019527, 0.55618525]), 'test_score': array([0.65     , 0.7      , 0.6875   , 0.7      , 0.7721519])}
{'fit_time': array([6.49448586, 4.6146543 , 6.48455143, 4.4398644 , 4.59873223]), 'score_time': array([0.50656843, 0.53603101, 0.49393153, 0.52513504, 0.53922606]), 'test_score': array([0.65     , 0.7      , 0.6875   , 0.7      , 0.7721519])}
{'fit_time': array([6.49546957, 4.571841  , 4.50477338, 6.55678844, 4.5733707 ]), 'score_time': array([0.48708367, 0.5432446 , 0.54989886, 0.49126458, 0.52899504]), 'test_score': array([0.65     , 0.7      , 0.6875   , 0.7      , 0.7721519])}
{'fit_time': array([4.57626653, 4.5102911 , 6.50254321, 6.51732302, 4.61730027]), 'score_time': array([0.52962422, 0.53711295, 0.49912071, 0.50186419, 0.53762341]), 'test_score': array([0.65     , 0.7      , 0.6875   , 0.7      , 0.7721519])}
{'fit_time': array([4.56390595, 4.59148693, 6.58381486, 6.50563359, 4.61223054]), 'score_time': array([0.53740501, 0.54682326, 0.49052739, 0.49543428, 0.53228211]), 'test_score': array([0.65     , 0.7      , 0.6875   , 0.7      , 0.7721519])}
{'fit_time': array([4.47737908, 4.62672091, 6.43821526, 6.44665813, 4.61480713]), 'score_time': array([0.51974368, 0.50685716, 0.50215292, 0.49035001, 0.54732561]), 'test_score': array([0.65     , 0.7      , 0.6875   , 0.7      , 0.7721519])}
{'fit_time': array([4.38667107, 4.46186996, 6.39752269, 6.41352177, 4.47876501]), 'score_time': array([0.53738427, 0.52156043, 0.49054813, 0.52262092, 0.49991775]), 'test_score': array([0.65     , 0.7      , 0.6875   , 0.7      , 0.7721519])}
dimension:  6
{'fit_time': array([4.92611504, 4.9290514 , 5.18441439, 7.19446445, 7.18804097]), 'score_time': array([0.58461642, 0.59719491, 0.58345079, 0.54452467, 0.53550553]), 'test_score': array([0.7       , 0.75      , 0.7       , 0.675     , 0.78481013])}
{'fit_time': array([4.95228505, 5.06923175, 7.1754992 , 7.24878788, 5.13142633]), 'score_time': array([0.56612945, 0.57939076, 0.54205894, 0.55657053, 0.57612109]), 'test_score': array([0.7       , 0.75      , 0.7       , 0.675     , 0.78481013])}
{'fit_time': array([4.79990935, 4.80358076, 7.02617908, 5.08964205, 7.00427032]), 'score_time': array([0.56868196, 0.55813718, 0.54368615, 0.58797407, 0.53258085]), 'test_score': array([0.7       , 0.75      , 0.7       , 0.675     , 0.78481013])}
{'fit_time': array([4.98770642, 7.19047117, 5.05395484, 4.93309641, 7.19530511]), 'score_time': array([0.55807495, 0.5941093 , 0.57633805, 0.56126904, 0.53933859]), 'test_score': array([0.7       , 0.75      , 0.7       , 0.675     , 0.78481013])}
{'fit_time': array([7.08866858, 5.0109551 , 4.85210109, 4.97464848, 7.08824158]), 'score_time': array([0.54814458, 0.59056854, 0.58344388, 0.6240406 , 0.5443151 ]), 'test_score': array([0.7       , 0.75      , 0.7       , 0.675     , 0.78481013])}
{'fit_time': array([7.12942076, 5.05258036, 5.06139088, 5.07186079, 7.21691871]), 'score_time': array([0.54212499, 0.5879302 , 0.59651446, 0.60652328, 0.53742051]), 'test_score': array([0.7       , 0.75      , 0.7       , 0.675     , 0.78481013])}
{'fit_time': array([7.1550777 , 5.08291817, 5.07804728, 5.01484537, 7.23407054]), 'score_time': array([0.54620838, 0.60182691, 0.60155439, 0.59373116, 0.56156301]), 'test_score': array([0.7       , 0.75      , 0.7       , 0.675     , 0.78481013])}
{'fit_time': array([4.95983076, 7.18953872, 5.06625795, 5.09859824, 7.22468138]), 'score_time': array([0.57300639, 0.54418635, 0.58110857, 0.60377979, 0.56260538]), 'test_score': array([0.7       , 0.75      , 0.7       , 0.675     , 0.78481013])}
{'fit_time': array([4.94150829, 4.92261124, 4.82671332, 7.04348755, 7.03881001]), 'score_time': array([0.58208537, 0.57661676, 0.55806661, 0.5665257 , 0.53725219]), 'test_score': array([0.7       , 0.75      , 0.7       , 0.675     , 0.78481013])}
{'fit_time': array([7.18531728, 4.8668437 , 4.83003712, 7.14384484, 4.94756746]), 'score_time': array([0.55169082, 0.57474136, 0.55684328, 0.54209161, 0.60693264]), 'test_score': array([0.7       , 0.75      , 0.7       , 0.675     , 0.78481013])}
dimension:  7
{'fit_time': array([6.22619963, 6.88877416, 5.58156157, 7.78304243, 5.36333251]), 'score_time': array([0.60012603, 0.59016371, 0.66438246, 0.59575939, 0.62645626]), 'test_score': array([0.6375    , 0.7125    , 0.7125    , 0.6875    , 0.75949367])}
{'fit_time': array([5.55264592, 5.53939414, 7.92878222, 7.89244699, 5.43092394]), 'score_time': array([0.62836289, 0.63703656, 0.59409428, 0.58346534, 0.6113162 ]), 'test_score': array([0.6375    , 0.7125    , 0.7125    , 0.6875    , 0.75949367])}
{'fit_time': array([5.34945917, 5.37485743, 7.83023548, 7.80125141, 5.44085526]), 'score_time': array([0.62069511, 0.63352585, 0.60592794, 0.57828951, 0.60664368]), 'test_score': array([0.6375    , 0.7125    , 0.7125    , 0.6875    , 0.75949367])}
{'fit_time': array([5.27875972, 7.83708572, 5.60243011, 5.26711774, 7.77688217]), 'score_time': array([0.61444902, 0.62312365, 0.63770056, 0.61254692, 0.58336401]), 'test_score': array([0.6375    , 0.7125    , 0.7125    , 0.6875    , 0.75949367])}
{'fit_time': array([7.80338979, 5.37718201, 5.32611609, 7.88225889, 5.4798038 ]), 'score_time': array([0.58594131, 0.64794374, 0.65723515, 0.62178636, 0.64840484]), 'test_score': array([0.6375    , 0.7125    , 0.7125    , 0.6875    , 0.75949367])}
{'fit_time': array([5.57284069, 7.84346104, 5.51718783, 7.77246523, 5.45216393]), 'score_time': array([0.65719581, 0.59798551, 0.65412307, 0.58558369, 0.62573051]), 'test_score': array([0.6375    , 0.7125    , 0.7125    , 0.6875    , 0.75949367])}
{'fit_time': array([5.35600662, 8.00757551, 5.55204463, 5.54556108, 7.97187591]), 'score_time': array([0.63432693, 0.60368514, 0.64935088, 0.65421271, 0.58884168]), 'test_score': array([0.6375    , 0.7125    , 0.7125    , 0.6875    , 0.75949367])}
{'fit_time': array([7.9636898 , 7.93408775, 5.58401227, 5.39500237, 5.50795913]), 'score_time': array([0.58955312, 0.59236169, 0.64599395, 0.64410734, 0.63878798]), 'test_score': array([0.6375    , 0.7125    , 0.7125    , 0.6875    , 0.75949367])}
{'fit_time': array([6.7480073 , 6.62626696, 5.46312761, 5.40118289, 7.87049985]), 'score_time': array([0.6051209 , 0.60425544, 0.62281656, 0.60197163, 0.58891726]), 'test_score': array([0.6375    , 0.7125    , 0.7125    , 0.6875    , 0.75949367])}
{'fit_time': array([7.73054361, 5.45806623, 5.52188277, 7.81006932, 5.32241893]), 'score_time': array([0.5969348 , 0.64044738, 0.65954208, 0.60640597, 0.62904406]), 'test_score': array([0.6375    , 0.7125    , 0.7125    , 0.6875    , 0.75949367])}
dimension:  8
{'fit_time': array([6.29276848, 6.48323059, 8.89206362, 8.84093833, 6.4720304 ]), 'score_time': array([0.66049647, 0.68395257, 0.66159368, 0.63137722, 0.66204929]), 'test_score': array([0.7       , 0.6375    , 0.725     , 0.7125    , 0.70886076])}
{'fit_time': array([5.71687818, 6.02550459, 5.85546923, 8.28018188, 8.34937382]), 'score_time': array([0.66181827, 0.70526409, 0.65297556, 0.63370061, 0.6317358 ]), 'test_score': array([0.7       , 0.6375    , 0.725     , 0.7125    , 0.70886076])}
{'fit_time': array([5.85797668, 8.572999  , 5.99148607, 6.56729174, 8.15217233]), 'score_time': array([0.68371534, 0.62806344, 0.71158171, 0.66923785, 0.64768958]), 'test_score': array([0.7       , 0.6375    , 0.725     , 0.7125    , 0.70886076])}
{'fit_time': array([8.62926316, 6.01093817, 5.86717153, 8.56454921, 5.98010206]), 'score_time': array([0.67130971, 0.68983269, 0.68929243, 0.6422708 , 0.68741536]), 'test_score': array([0.7       , 0.6375    , 0.725     , 0.7125    , 0.70886076])}
{'fit_time': array([8.36667371, 5.84591746, 6.02905989, 8.51543713, 6.01693249]), 'score_time': array([0.65611625, 0.65393209, 0.68119526, 0.65376043, 0.67359376]), 'test_score': array([0.7       , 0.6375    , 0.725     , 0.7125    , 0.70886076])}
{'fit_time': array([5.96077824, 5.80300426, 8.39335418, 8.24779081, 5.6965785 ]), 'score_time': array([0.68211102, 0.6812501 , 0.67238331, 0.63676405, 0.65438104]), 'test_score': array([0.7       , 0.6375    , 0.725     , 0.7125    , 0.70886076])}
{'fit_time': array([7.85166812, 5.81027722, 6.53565764, 5.89360976, 8.57799578]), 'score_time': array([0.63300061, 0.70465446, 0.67390919, 0.69849968, 0.65094614]), 'test_score': array([0.7       , 0.6375    , 0.725     , 0.7125    , 0.70886076])}
{'fit_time': array([5.90912867, 8.42630625, 5.98814082, 5.98467946, 8.4944725 ]), 'score_time': array([0.65303826, 0.63837647, 0.65772557, 0.69152021, 0.62438798]), 'test_score': array([0.7       , 0.6375    , 0.725     , 0.7125    , 0.70886076])}
{'fit_time': array([8.34636998, 5.76898932, 5.95982814, 5.72958636, 8.34431934]), 'score_time': array([0.6523664 , 0.65878105, 0.69090676, 0.65233111, 0.63311791]), 'test_score': array([0.7       , 0.6375    , 0.725     , 0.7125    , 0.70886076])}
{'fit_time': array([5.7291913 , 5.91483212, 8.40688419, 8.41956973, 5.78108549]), 'score_time': array([0.65156174, 0.68853593, 0.64147305, 0.64384484, 0.65422225]), 'test_score': array([0.7       , 0.6375    , 0.725     , 0.7125    , 0.70886076])}
dimension:  9
{'fit_time': array([6.49618387, 9.21776152, 6.29175806, 9.2958343 , 6.33937788]), 'score_time': array([0.74108577, 0.69551802, 0.7244997 , 0.6833539 , 0.7243824 ]), 'test_score': array([0.7       , 0.65      , 0.7125    , 0.7125    , 0.65822785])}
{'fit_time': array([9.35514188, 6.30649757, 9.35780048, 6.52928209, 6.52593112]), 'score_time': array([0.67741466, 0.73507524, 0.67777967, 0.74218559, 0.74168015]), 'test_score': array([0.7       , 0.65      , 0.7125    , 0.7125    , 0.65822785])}
{'fit_time': array([9.20547342, 6.21946454, 6.36512852, 6.34425282, 9.04039073]), 'score_time': array([0.73487973, 0.72565293, 0.72255707, 0.72188377, 0.67292953]), 'test_score': array([0.7       , 0.65      , 0.7125    , 0.7125    , 0.65822785])}
{'fit_time': array([9.11035514, 9.08021259, 6.53601742, 6.15326619, 6.45699835]), 'score_time': array([0.71916008, 0.68202543, 0.77345419, 0.73904181, 0.71534944]), 'test_score': array([0.7       , 0.65      , 0.7125    , 0.7125    , 0.65822785])}
{'fit_time': array([6.16583085, 6.51249313, 6.35092354, 8.99118257, 9.07090306]), 'score_time': array([0.70021415, 0.73713112, 0.73090386, 0.67894125, 0.69310164]), 'test_score': array([0.7       , 0.65      , 0.7125    , 0.7125    , 0.65822785])}
{'fit_time': array([9.20855975, 6.47870421, 6.30296159, 9.29707599, 6.38328719]), 'score_time': array([0.68621349, 0.76643682, 0.73788571, 0.68656087, 0.74731874]), 'test_score': array([0.7       , 0.65      , 0.7125    , 0.7125    , 0.65822785])}
{'fit_time': array([6.56022954, 9.17768502, 6.49709105, 6.26127696, 9.12845397]), 'score_time': array([0.76529622, 0.68807602, 0.75774837, 0.73181129, 0.68637419]), 'test_score': array([0.7       , 0.65      , 0.7125    , 0.7125    , 0.65822785])}
{'fit_time': array([6.33362627, 9.17963386, 6.50420046, 6.45546913, 9.20033169]), 'score_time': array([0.72915339, 0.70432734, 0.75916958, 0.74296594, 0.69988537]), 'test_score': array([0.7       , 0.65      , 0.7125    , 0.7125    , 0.65822785])}
{'fit_time': array([9.42935967, 6.61287951, 6.49796581, 9.40280199, 6.55374718]), 'score_time': array([0.69880176, 0.75019407, 0.76060414, 0.69248056, 0.76215076]), 'test_score': array([0.7       , 0.65      , 0.7125    , 0.7125    , 0.65822785])}
{'fit_time': array([9.1595006 , 6.45489502, 6.39575887, 6.71557379, 9.2717607 ]), 'score_time': array([0.70881319, 0.73710155, 0.98737168, 0.75742745, 0.67523265]), 'test_score': array([0.7       , 0.65      , 0.7125    , 0.7125    , 0.65822785])}
dimension:  10
{'fit_time': array([6.71340728, 9.94245172, 9.90801215, 7.01906896, 6.93013597]), 'score_time': array([0.76444793, 0.75166297, 0.73086667, 0.77343726, 0.77037001]), 'test_score': array([0.6625    , 0.6125    , 0.7       , 0.7125    , 0.65822785])}
{'fit_time': array([6.86157012, 6.9218688 , 9.94223022, 7.0007062 , 9.88547492]), 'score_time': array([0.81225443, 0.80445361, 0.76130176, 0.7912395 , 0.73981667]), 'test_score': array([0.6625    , 0.6125    , 0.7       , 0.7125    , 0.65822785])}
{'fit_time': array([9.77322388, 9.65527081, 6.91557646, 6.68222594, 6.86299276]), 'score_time': array([0.74576545, 0.72284889, 0.78248429, 0.75037575, 0.76758623]), 'test_score': array([0.6625    , 0.6125    , 0.7       , 0.7125    , 0.65822785])}
{'fit_time': array([9.87307668, 6.76473927, 6.99899292, 7.0331223 , 9.92811155]), 'score_time': array([0.72348094, 0.78887415, 0.80667448, 0.79231548, 0.73135114]), 'test_score': array([0.6625    , 0.6125    , 0.7       , 0.7125    , 0.65822785])}
{'fit_time': array([6.8721385 , 6.85466361, 9.9018271 , 9.97816777, 6.68691301]), 'score_time': array([0.78910112, 0.7899127 , 0.7479465 , 0.75789499, 0.76385379]), 'test_score': array([0.6625    , 0.6125    , 0.7       , 0.7125    , 0.65822785])}
{'fit_time': array([9.96893597, 6.93783474, 9.94747972, 6.87008691, 6.78821826]), 'score_time': array([0.7406764 , 0.82193065, 0.73024893, 0.78078675, 0.770926  ]), 'test_score': array([0.6625    , 0.6125    , 0.7       , 0.7125    , 0.65822785])}
{'fit_time': array([9.80763865, 6.98701191, 6.86132407, 9.85931945, 6.76359773]), 'score_time': array([0.73398304, 0.78287101, 0.76767635, 0.74476528, 0.75834107]), 'test_score': array([0.6625    , 0.6125    , 0.7       , 0.7125    , 0.65822785])}
{'fit_time': array([6.70359015, 6.91723824, 9.77438116, 6.86622548, 9.90679121]), 'score_time': array([0.80479455, 0.8045013 , 0.73371673, 0.7942102 , 0.72628307]), 'test_score': array([0.6625    , 0.6125    , 0.7       , 0.7125    , 0.65822785])}
{'fit_time': array([9.91960049, 9.95591927, 6.92585921, 6.83666253, 6.98138142]), 'score_time': array([0.73276997, 0.76008439, 0.79351783, 0.80925083, 0.79631066]), 'test_score': array([0.6625    , 0.6125    , 0.7       , 0.7125    , 0.65822785])}
{'fit_time': array([ 9.84271216,  6.9425168 , 10.00853491,  6.93990302,  6.90089679]), 'score_time': array([0.72713089, 0.79987907, 0.74874139, 0.81612492, 0.78611159]), 'test_score': array([0.6625    , 0.6125    , 0.7       , 0.7125    , 0.65822785])}
dimension:  11
{'fit_time': array([ 7.37555742, 10.5845716 ,  7.34130979,  7.44504857, 10.69493556]), 'score_time': array([0.82974315, 0.77685547, 0.84593558, 0.88249707, 0.77926326]), 'test_score': array([0.6875    , 0.5875    , 0.75      , 0.725     , 0.65822785])}
{'fit_time': array([ 7.2375176 , 10.63799787,  7.34871054, 10.69037032,  7.34593773]), 'score_time': array([0.81294751, 0.80444503, 0.81015468, 0.79978299, 0.84264255]), 'test_score': array([0.6875    , 0.5875    , 0.75      , 0.725     , 0.65822785])}
{'fit_time': array([10.66780496,  7.42308879, 10.66850734,  7.25825691,  7.45179439]), 'score_time': array([0.7871058 , 0.83738589, 0.78151011, 0.83574843, 0.8660593 ]), 'test_score': array([0.6875    , 0.5875    , 0.75      , 0.725     , 0.65822785])}
{'fit_time': array([ 7.36460829,  7.30252719, 10.4882977 , 10.5821836 ,  7.48357725]), 'score_time': array([0.80095363, 0.83015084, 0.78131509, 0.80123568, 0.83590722]), 'test_score': array([0.6875    , 0.5875    , 0.75      , 0.725     , 0.65822785])}
{'fit_time': array([10.81318784,  7.34177113,  7.40502596,  7.2904973 , 10.85633731]), 'score_time': array([0.78798008, 0.85419393, 0.83760023, 0.84880972, 0.79543877]), 'test_score': array([0.6875    , 0.5875    , 0.75      , 0.725     , 0.65822785])}
{'fit_time': array([10.70139146,  7.43717384,  7.21256709, 10.68574739,  7.38137627]), 'score_time': array([0.79449606, 0.82446027, 0.80891919, 0.77523112, 0.83865952]), 'test_score': array([0.6875    , 0.5875    , 0.75      , 0.725     , 0.65822785])}
{'fit_time': array([10.53288603,  7.45086384,  7.23859429, 10.46958733,  7.42077088]), 'score_time': array([0.79464865, 0.89776063, 0.83355832, 0.78284883, 0.83617973]), 'test_score': array([0.6875    , 0.5875    , 0.75      , 0.725     , 0.65822785])}
{'fit_time': array([ 7.25132871, 10.68122625, 10.61600828,  7.34390092,  7.23361969]), 'score_time': array([0.8002243 , 0.7809186 , 0.7934711 , 0.82278872, 0.80089068]), 'test_score': array([0.6875    , 0.5875    , 0.75      , 0.725     , 0.65822785])}
{'fit_time': array([ 7.35551929, 10.77017808,  7.45839   ,  7.47010946, 10.74320674]), 'score_time': array([0.84823465, 0.78883123, 0.8565743 , 0.8565557 , 0.78163362]), 'test_score': array([0.6875    , 0.5875    , 0.75      , 0.725     , 0.65822785])}
{'fit_time': array([10.55262804,  7.18695307,  7.3665421 ,  7.4720993 , 10.53624725]), 'score_time': array([0.78680229, 0.82520747, 0.83600569, 0.81852221, 0.76885796]), 'test_score': array([0.6875    , 0.5875    , 0.75      , 0.725     , 0.65822785])}
dimension:  12
{'fit_time': array([11.32269144,  7.80712485, 11.37260127,  7.74738216,  7.94240141]), 'score_time': array([0.82778931, 0.92668176, 0.84072018, 0.89275622, 0.89449453]), 'test_score': array([0.7375   , 0.625    , 0.7125   , 0.7      , 0.6835443])}
{'fit_time': array([11.23712373,  7.72636414,  7.60063195,  7.88108969, 11.36344242]), 'score_time': array([0.82491994, 0.8912437 , 0.87181807, 0.87649131, 0.83025908]), 'test_score': array([0.7375   , 0.625    , 0.7125   , 0.7      , 0.6835443])}
{'fit_time': array([ 7.66192842,  7.95644379, 11.32494044,  7.88187671, 11.35486817]), 'score_time': array([0.89476395, 0.89166856, 0.82805777, 0.87983179, 0.81459594]), 'test_score': array([0.7375   , 0.625    , 0.7125   , 0.7      , 0.6835443])}
{'fit_time': array([11.39205337, 11.37809134,  7.9708631 ,  7.91633511,  7.99707198]), 'score_time': array([0.83471417, 0.85538483, 0.94580173, 0.91969562, 0.95824313]), 'test_score': array([0.7375   , 0.625    , 0.725    , 0.7      , 0.6835443])}
{'fit_time': array([11.54879427,  8.01918745,  7.8730669 ,  7.78065419, 11.55020738]), 'score_time': array([0.92386031, 0.93306518, 0.88518906, 0.90491223, 0.85347319]), 'test_score': array([0.7375   , 0.625    , 0.7125   , 0.7      , 0.6835443])}
{'fit_time': array([ 7.89216924, 11.60576415, 11.5120728 ,  7.99883366,  7.89582944]), 'score_time': array([0.90642667, 0.84454942, 0.8531065 , 0.90643144, 0.91455793]), 'test_score': array([0.7375   , 0.625    , 0.7125   , 0.7      , 0.6835443])}
{'fit_time': array([ 7.6664331 ,  7.75867462, 11.35412574, 11.37554097,  7.83678794]), 'score_time': array([0.85903931, 0.8859787 , 0.81837535, 0.86259913, 0.85535288]), 'test_score': array([0.7375   , 0.625    , 0.7125   , 0.7      , 0.6835443])}
{'fit_time': array([ 7.68820834,  7.60381913,  7.78947091, 11.33377719, 11.319309  ]), 'score_time': array([0.88952231, 0.8784163 , 0.92002583, 0.81948471, 0.84154439]), 'test_score': array([0.7375   , 0.625    , 0.7125   , 0.7      , 0.6835443])}
{'fit_time': array([ 7.48384261,  7.92088819, 11.26776481, 11.15641618,  7.659904  ]), 'score_time': array([0.84536672, 0.89755774, 0.83217597, 0.84409094, 0.85318613]), 'test_score': array([0.7375   , 0.625    , 0.7125   , 0.7      , 0.6835443])}
{'fit_time': array([ 7.54986787, 11.20250773,  7.9938724 ,  7.84023499, 11.13767743]), 'score_time': array([0.87866211, 0.83300519, 0.92671847, 0.90158701, 0.81548595]), 'test_score': array([0.7375   , 0.625    , 0.7125   , 0.7      , 0.6835443])}
dimension:  13
{'fit_time': array([11.68123841,  8.24573445,  8.03703499,  8.33090472, 11.84406924]), 'score_time': array([0.87274909, 0.95543551, 0.90409303, 0.94769025, 0.87365913]), 'test_score': array([0.7375   , 0.6125   , 0.725    , 0.675    , 0.6835443])}
{'fit_time': array([12.04210854,  8.5295887 , 12.02530789,  8.13300657,  8.43595862]), 'score_time': array([0.87794137, 0.95675111, 0.88002968, 0.93026042, 0.94269919]), 'test_score': array([0.7375   , 0.6125   , 0.725    , 0.675    , 0.6835443])}
{'fit_time': array([ 8.26862717,  8.38038421, 12.07057285,  8.30815196, 12.23276711]), 'score_time': array([0.92524981, 0.94772792, 0.92339706, 0.97849917, 0.89415908]), 'test_score': array([0.7375   , 0.6125   , 0.725    , 0.675    , 0.6835443])}
{'fit_time': array([ 8.54876995,  8.17698741,  8.37359095, 11.67787957, 12.27855062]), 'score_time': array([1.1918776 , 0.97824693, 0.9642632 , 0.87807846, 0.9145968 ]), 'test_score': array([0.7375   , 0.6125   , 0.725    , 0.675    , 0.6835443])}
{'fit_time': array([11.96051478,  8.26718807, 11.86210465,  8.20508552,  8.10335255]), 'score_time': array([0.89023399, 0.91518736, 0.86069632, 0.91286373, 0.92950606]), 'test_score': array([0.7375   , 0.6125   , 0.725    , 0.675    , 0.6835443])}
{'fit_time': array([ 8.40938306, 12.01900387, 12.19136357,  8.10433984,  8.3322823 ]), 'score_time': array([0.96835136, 0.89198422, 0.88651085, 0.94070315, 0.92780256]), 'test_score': array([0.7375   , 0.6125   , 0.725    , 0.675    , 0.6835443])}
{'fit_time': array([12.17168593,  8.34689593,  8.28522539, 12.11361098,  8.3868556 ]), 'score_time': array([0.90184474, 0.92921495, 0.96355247, 0.86293364, 0.97779012]), 'test_score': array([0.7375   , 0.6125   , 0.725    , 0.675    , 0.6835443])}
{'fit_time': array([ 8.23593569,  8.03697491, 11.8118093 ,  8.39264345, 11.79385662]), 'score_time': array([0.93847251, 0.91299534, 0.88034463, 0.89355135, 0.8715713 ]), 'test_score': array([0.7375   , 0.6125   , 0.725    , 0.675    , 0.6835443])}
{'fit_time': array([ 8.23643255, 12.12262964,  8.45859241,  8.12654352, 12.22107387]), 'score_time': array([0.95648026, 0.90135384, 0.92030931, 0.92675972, 0.85941482]), 'test_score': array([0.7375   , 0.6125   , 0.725    , 0.675    , 0.6835443])}
{'fit_time': array([11.98488832,  8.10895658, 12.00139451,  8.25010967,  8.35256696]), 'score_time': array([0.87006044, 0.91242981, 0.87476587, 0.94854689, 0.93352771]), 'test_score': array([0.7375   , 0.6125   , 0.725    , 0.675    , 0.6835443])}
dimension:  14
{'fit_time': array([ 8.61675882,  9.04468703,  8.87370372, 12.78744245, 12.84757829]), 'score_time': array([0.9886694 , 1.03248143, 0.99290657, 0.91775441, 0.9056685 ]), 'test_score': array([0.725     , 0.6       , 0.7125    , 0.6875    , 0.67088608])}
{'fit_time': array([ 8.63351274, 12.60767293, 12.55051637,  8.48467922,  8.414644  ]), 'score_time': array([0.99532795, 0.92285442, 0.94548368, 0.95223999, 0.9399147 ]), 'test_score': array([0.725     , 0.6       , 0.7125    , 0.6875    , 0.67088608])}
{'fit_time': array([12.57948065,  8.64170146,  8.86866426, 12.63748217,  8.95872426]), 'score_time': array([0.90864635, 0.97819757, 1.01871347, 0.93390059, 1.00899673]), 'test_score': array([0.725     , 0.6       , 0.7125    , 0.6875    , 0.67088608])}
{'fit_time': array([12.40344286,  8.6914959 ,  8.75711107,  8.5526123 , 12.6158514 ]), 'score_time': array([0.91468596, 0.97928786, 0.97737455, 0.98721313, 0.93746376]), 'test_score': array([0.725     , 0.6       , 0.7125    , 0.6875    , 0.67088608])}
{'fit_time': array([12.58266377,  8.81604218, 12.65600729,  8.63661242,  8.9006381 ]), 'score_time': array([0.91138744, 1.02336121, 0.93286037, 0.97372842, 1.02449465]), 'test_score': array([0.725     , 0.6       , 0.7125    , 0.6875    , 0.67088608])}
{'fit_time': array([ 8.88733602,  8.83724451, 12.72938347, 12.7236948 ,  8.77328229]), 'score_time': array([0.99901342, 1.02462149, 0.92780709, 0.95009589, 1.01501679]), 'test_score': array([0.725     , 0.6       , 0.7125    , 0.6875    , 0.67088608])}
{'fit_time': array([12.5401876 ,  8.66945553,  8.56077957,  8.74796844, 12.4881115 ]), 'score_time': array([0.9237473 , 0.9759016 , 0.96652079, 0.99416804, 0.92384958]), 'test_score': array([0.725     , 0.6       , 0.7125    , 0.6875    , 0.67088608])}
{'fit_time': array([12.65839458,  8.90924072, 12.74518251,  8.72183466,  8.96806931]), 'score_time': array([0.92310643, 1.02130961, 0.93772483, 0.99922848, 1.019912  ]), 'test_score': array([0.725     , 0.6       , 0.7125    , 0.6875    , 0.67088608])}
{'fit_time': array([ 8.56362319,  8.84348583, 12.61523604, 12.53047252,  8.6907208 ]), 'score_time': array([0.94191885, 0.9885087 , 0.92554855, 0.92830849, 1.01826835]), 'test_score': array([0.725     , 0.6       , 0.7125    , 0.6875    , 0.67088608])}
{'fit_time': array([ 8.71190286, 12.94726992, 12.84031963,  8.78508377,  8.91893864]), 'score_time': array([0.98432231, 0.92470169, 0.95042109, 1.00191998, 1.01983643]), 'test_score': array([0.725     , 0.6       , 0.7125    , 0.6875    , 0.67088608])}
dimension:  15
{'fit_time': array([ 9.19096851, 10.4494617 , 11.17030263,  9.94265437, 13.42598438]), 'score_time': array([1.0157268 , 1.04565978, 0.99608731, 1.01945877, 0.97440815]), 'test_score': array([0.675     , 0.6125    , 0.6875    , 0.7       , 0.69620253])}
{'fit_time': array([ 9.09484243, 13.31679845,  9.27033138,  8.98241162, 13.51250052]), 'score_time': array([0.99005318, 0.99262929, 1.03880572, 1.01264763, 1.01041722]), 'test_score': array([0.675     , 0.6125    , 0.6875    , 0.7       , 0.69620253])}
{'fit_time': array([ 9.47938132, 11.34502172,  9.57453251, 13.72977519, 12.02614713]), 'score_time': array([1.10093212, 1.02746344, 1.05274487, 0.96243429, 1.01156783]), 'test_score': array([0.675     , 0.6125    , 0.6875    , 0.7       , 0.69620253])}
{'fit_time': array([13.28249454,  9.19109988,  8.93995428,  9.26806998, 13.16392922]), 'score_time': array([1.00038719, 1.04875326, 1.00588274, 1.02267241, 0.95817351]), 'test_score': array([0.675     , 0.6125    , 0.6875    , 0.7       , 0.69620253])}
{'fit_time': array([ 9.17965674,  9.28833222, 13.35246658, 13.32410645,  9.44801545]), 'score_time': array([1.0327785 , 1.06598496, 0.96869874, 0.9718647 , 1.05679274]), 'test_score': array([0.675     , 0.6125    , 0.6875    , 0.7       , 0.69620253])}
{'fit_time': array([13.58392501,  9.51207781,  9.0871284 , 13.60103989,  9.14171767]), 'score_time': array([0.98577952, 1.03795791, 1.04296422, 0.97659588, 1.04252839]), 'test_score': array([0.675     , 0.6125    , 0.6875    , 0.7       , 0.69620253])}
{'fit_time': array([12.48135996,  9.19356108, 10.49496222,  9.50724483, 13.55974555]), 'score_time': array([1.02618527, 1.04578757, 1.0163033 , 1.09477043, 0.95066452]), 'test_score': array([0.675     , 0.6125    , 0.6875    , 0.7       , 0.69620253])}
{'fit_time': array([12.19355154, 10.20478034,  8.79931164,  9.17462134, 13.14316535]), 'score_time': array([0.97257733, 1.03419924, 1.00305581, 1.01055932, 0.96559954]), 'test_score': array([0.675     , 0.6125    , 0.6875    , 0.7       , 0.69620253])}
{'fit_time': array([13.3685832 ,  9.44359756,  9.22604322,  9.27808213, 13.54454684]), 'score_time': array([0.96103644, 1.08085585, 1.01968741, 1.05072165, 1.02339315]), 'test_score': array([0.675     , 0.6125    , 0.6875    , 0.7       , 0.69620253])}
{'fit_time': array([ 8.96444011, 13.18888593,  9.13022208,  8.85707045, 13.32158852]), 'score_time': array([1.04925442, 1.00187874, 1.01524043, 1.00063396, 0.96006846]), 'test_score': array([0.675     , 0.6125    , 0.6875    , 0.7       , 0.69620253])}
dimension:  16
{'fit_time': array([13.90085816,  9.81359601,  9.54411602,  9.58957362, 14.04284644]), 'score_time': array([1.03171611, 1.0787034 , 1.06397676, 1.10599136, 1.05831099]), 'test_score': array([0.6375   , 0.625    , 0.7125   , 0.6875   , 0.6835443])}
{'fit_time': array([14.21111155,  9.82196116, 14.12946558,  9.77831054,  9.68071055]), 'score_time': array([1.04530525, 1.12317085, 1.03552628, 1.09766459, 1.12798691]), 'test_score': array([0.6375   , 0.625    , 0.7125   , 0.675    , 0.6835443])}
{'fit_time': array([ 9.92834187, 14.29510713, 14.29502034,  9.61759138,  9.82370234]), 'score_time': array([1.11347294, 1.01442957, 1.04062152, 1.0752368 , 1.0941267 ]), 'test_score': array([0.6375   , 0.625    , 0.7125   , 0.675    , 0.6835443])}
{'fit_time': array([14.19126678,  9.62665629, 10.00776482, 14.32253003,  9.80823898]), 'score_time': array([1.01906562, 1.11536694, 1.13715768, 1.03152061, 1.09802914]), 'test_score': array([0.6375   , 0.625    , 0.7125   , 0.6875   , 0.6835443])}
{'fit_time': array([14.05853343,  9.6020751 ,  9.39216828, 13.77159071,  9.70411611]), 'score_time': array([1.0646739 , 1.09117198, 1.09110165, 1.00986433, 1.06044364]), 'test_score': array([0.6375   , 0.625    , 0.7125   , 0.6875   , 0.6835443])}
{'fit_time': array([14.03953862,  9.6108079 , 14.08077908,  9.86801863,  9.55042505]), 'score_time': array([1.01641965, 1.081213  , 1.03536177, 1.08973432, 1.05765748]), 'test_score': array([0.6375   , 0.625    , 0.7125   , 0.675    , 0.6835443])}
{'fit_time': array([ 9.58728051, 14.1984551 ,  9.76763201,  9.74955964, 14.25216532]), 'score_time': array([1.08902192, 1.0387826 , 1.12120628, 1.10373259, 1.00710392]), 'test_score': array([0.6375   , 0.625    , 0.7      , 0.6875   , 0.6835443])}
{'fit_time': array([ 9.5579927 , 14.2523036 ,  9.84054065,  9.95173526, 14.19147491]), 'score_time': array([1.08147407, 1.01645517, 1.11452031, 1.11243677, 1.00298238]), 'test_score': array([0.6375   , 0.625    , 0.7      , 0.6875   , 0.6835443])}
{'fit_time': array([14.04818606,  9.75352931,  9.65992808,  9.66548848, 13.9744277 ]), 'score_time': array([1.0355742 , 1.12172985, 1.09348965, 1.07689238, 1.0298202 ]), 'test_score': array([0.6375   , 0.625    , 0.7125   , 0.6875   , 0.6835443])}
{'fit_time': array([ 9.54905701, 11.62453651, 12.15841103,  9.50762892, 14.07935858]), 'score_time': array([1.04805136, 1.06040883, 1.05766535, 1.07236886, 1.00307059]), 'test_score': array([0.6375   , 0.625    , 0.7      , 0.6875   , 0.6835443])}
dimension:  17
{'fit_time': array([14.5561583 , 10.04449391, 14.51130724,  9.87418246, 10.19117737]), 'score_time': array([1.08224988, 1.13059568, 1.06716466, 1.08590627, 1.14413857]), 'test_score': array([0.675     , 0.6125    , 0.7125    , 0.675     , 0.72151899])}
{'fit_time': array([10.13006449, 10.23772287, 14.95200086, 10.28750443, 14.85157728]), 'score_time': array([1.12159777, 1.17212272, 1.08738327, 1.18014455, 1.05391669]), 'test_score': array([0.675     , 0.6125    , 0.7125    , 0.675     , 0.72151899])}
{'fit_time': array([10.19172621, 10.33914995, 10.20738864, 14.8846333 , 14.9292767 ]), 'score_time': array([1.13969731, 1.15694857, 1.19409895, 1.06421423, 1.07083106]), 'test_score': array([0.675     , 0.6125    , 0.7125    , 0.675     , 0.72151899])}
{'fit_time': array([10.05238295, 14.77470136, 10.0592165 , 14.58038712, 10.16361809]), 'score_time': array([1.12901187, 1.07773304, 1.12699604, 1.06848526, 1.13052154]), 'test_score': array([0.675     , 0.6125    , 0.7125    , 0.6875    , 0.72151899])}
{'fit_time': array([14.74742484, 10.62635255, 14.85519481, 10.06684613, 10.04417562]), 'score_time': array([1.06394577, 1.18923044, 1.074898  , 1.13829517, 1.1411531 ]), 'test_score': array([0.675     , 0.6125    , 0.7125    , 0.675     , 0.72151899])}
{'fit_time': array([10.46717048, 14.8164115 , 10.0926826 , 14.77436185, 10.34426332]), 'score_time': array([1.13436842, 1.07280064, 1.1141448 , 1.06977487, 1.14365554]), 'test_score': array([0.675     , 0.6125    , 0.7125    , 0.675     , 0.72151899])}
{'fit_time': array([15.05163288, 10.17962146, 10.52757096, 15.16656613, 10.12978315]), 'score_time': array([1.05324244, 1.16040945, 1.19143701, 1.10667133, 1.1318388 ]), 'test_score': array([0.675     , 0.6125    , 0.7125    , 0.675     , 0.72151899])}
{'fit_time': array([10.09016442,  9.73312306, 14.58903575, 14.59868336,  9.8589921 ]), 'score_time': array([1.16336918, 1.12721014, 1.08829546, 1.05901408, 1.11716294]), 'test_score': array([0.675     , 0.6125    , 0.7125    , 0.675     , 0.72151899])}
{'fit_time': array([14.63028693, 10.02098918, 14.03553057, 10.52384567, 10.13285732]), 'score_time': array([1.06186318, 1.08506703, 1.08778477, 1.13513327, 1.13250995]), 'test_score': array([0.675     , 0.6125    , 0.7125    , 0.675     , 0.72151899])}
{'fit_time': array([ 9.92674518, 10.1165545 , 14.46562791, 10.14830685, 14.63812804]), 'score_time': array([1.09558845, 1.18713188, 1.05458069, 1.1163528 , 1.05482531]), 'test_score': array([0.675     , 0.6125    , 0.7125    , 0.675     , 0.72151899])}
dimension:  18
{'fit_time': array([15.60892105, 15.73861384, 10.69739413, 10.79602504, 10.60856819]), 'score_time': array([1.10867405, 1.15001631, 1.21871042, 1.21825981, 1.19698429]), 'test_score': array([0.675     , 0.625     , 0.7375    , 0.675     , 0.73417722])}
{'fit_time': array([10.48729157, 11.10586047, 10.52264881, 15.58320737, 15.66163039]), 'score_time': array([1.19265199, 1.21510363, 1.20793128, 1.10476208, 1.1162529 ]), 'test_score': array([0.675     , 0.625     , 0.7375    , 0.675     , 0.73417722])}
{'fit_time': array([10.54678607, 10.45693731, 15.72118735, 10.88281012, 15.55631542]), 'score_time': array([1.18023324, 1.17033696, 1.11626363, 1.20124626, 1.12522888]), 'test_score': array([0.675     , 0.625     , 0.7375    , 0.675     , 0.73417722])}
{'fit_time': array([10.47146392, 13.88824248, 12.4482348 , 11.00623107, 15.6112051 ]), 'score_time': array([1.18018174, 1.1140604 , 1.19692445, 1.21615767, 1.100806  ]), 'test_score': array([0.675     , 0.625     , 0.7375    , 0.675     , 0.73417722])}
{'fit_time': array([10.30184817, 10.47568464, 10.69963646, 15.45988321, 15.3199029 ]), 'score_time': array([1.14771986, 1.20388317, 1.2067039 , 1.17365551, 1.09814429]), 'test_score': array([0.675     , 0.625     , 0.7375    , 0.675     , 0.73417722])}
{'fit_time': array([10.21482444, 10.5427506 , 15.08442259, 10.54777837, 15.22464275]), 'score_time': array([1.15534306, 1.21335363, 1.15500164, 1.25211692, 1.14848232]), 'test_score': array([0.675     , 0.625     , 0.7375    , 0.675     , 0.73417722])}
{'fit_time': array([10.34513712, 10.7594099 , 10.59689736, 15.23631048, 15.32672763]), 'score_time': array([1.15419698, 1.20577335, 1.1722126 , 1.13489509, 1.15522909]), 'test_score': array([0.675     , 0.625     , 0.7375    , 0.675     , 0.73417722])}
{'fit_time': array([10.70322299, 10.86261463, 15.81820822, 15.74787617, 10.87336659]), 'score_time': array([1.21820378, 1.27670407, 1.16296029, 1.11940193, 1.18412781]), 'test_score': array([0.675     , 0.625     , 0.7375    , 0.675     , 0.73417722])}
{'fit_time': array([10.78945661, 10.60476351, 15.70870829, 10.93356657, 15.84545875]), 'score_time': array([1.29441643, 1.29853439, 1.14929199, 1.28090334, 1.10844779]), 'test_score': array([0.675     , 0.625     , 0.7375    , 0.675     , 0.73417722])}
{'fit_time': array([10.61479807, 15.47919846, 11.1342423 , 10.7730689 , 15.77473402]), 'score_time': array([1.20892906, 1.13292837, 1.18192792, 1.22515702, 1.15239024]), 'test_score': array([0.675     , 0.625     , 0.7375    , 0.675     , 0.73417722])}
dimension:  19
{'fit_time': array([16.48537803, 11.60187078, 12.63115549, 11.3344698 , 15.59843206]), 'score_time': array([1.15647554, 1.31583238, 1.18316197, 1.30623507, 1.16612935]), 'test_score': array([0.675     , 0.6125    , 0.7125    , 0.675     , 0.73417722])}
{'fit_time': array([14.42270255, 11.10174489, 16.3398006 , 11.19440675, 13.33930373]), 'score_time': array([1.20881343, 1.24002409, 1.21854496, 1.20972037, 1.22414184]), 'test_score': array([0.675     , 0.6125    , 0.7125    , 0.675     , 0.73417722])}
{'fit_time': array([11.37075973, 14.97273898, 13.24221468, 11.42601681, 16.6408112 ]), 'score_time': array([1.32641363, 1.18165612, 1.25646567, 1.25145721, 1.16781831]), 'test_score': array([0.675     , 0.6125    , 0.7125    , 0.675     , 0.73417722])}
{'fit_time': array([11.40365005, 16.59412146, 11.23865938, 11.67708993, 16.4961884 ]), 'score_time': array([1.40449595, 1.18900299, 1.41429758, 1.47300982, 1.14860821]), 'test_score': array([0.675     , 0.6125    , 0.7125    , 0.675     , 0.73417722])}
{'fit_time': array([15.9998529 , 11.12183499, 11.13980579, 15.88482189, 10.73762846]), 'score_time': array([1.17646408, 1.22750735, 1.24694514, 1.15407515, 1.20371222]), 'test_score': array([0.675     , 0.6125    , 0.7125    , 0.675     , 0.73417722])}
{'fit_time': array([14.86794972, 11.08817697, 12.80454421, 11.09256673, 16.30765867]), 'score_time': array([1.15766025, 1.24369574, 1.23058224, 1.23127103, 1.1549952 ]), 'test_score': array([0.675     , 0.6125    , 0.7125    , 0.675     , 0.73417722])}
{'fit_time': array([14.76583028, 10.83579779, 11.18378115, 16.04870868, 12.26582694]), 'score_time': array([1.15069962, 1.21497989, 1.23295069, 1.15744209, 1.19424081]), 'test_score': array([0.675     , 0.6125    , 0.7125    , 0.675     , 0.73417722])}
{'fit_time': array([11.02144146, 11.34415293, 16.28199863, 10.88692641, 16.44241858]), 'score_time': array([1.23079133, 1.25910497, 1.23537755, 1.23542976, 1.14689016]), 'test_score': array([0.675     , 0.6125    , 0.7125    , 0.675     , 0.73417722])}
{'fit_time': array([11.38890791, 16.23889828, 13.82215047, 11.13213801, 13.98977399]), 'score_time': array([1.26671267, 1.14577723, 1.24586535, 1.29906917, 1.20190978]), 'test_score': array([0.675     , 0.6125    , 0.7125    , 0.675     , 0.73417722])}
{'fit_time': array([10.84655046, 14.28594303, 12.90964699, 10.8946476 , 16.12133026]), 'score_time': array([1.24817491, 1.20544863, 1.17220211, 1.22872305, 1.12396383]), 'test_score': array([0.675     , 0.6125    , 0.7125    , 0.675     , 0.73417722])}
dimension:  20
{'fit_time': array([17.04985094, 11.48563671, 11.54196191, 17.137954  , 11.74397564]), 'score_time': array([1.2394619 , 1.32476521, 1.31798935, 1.19535375, 1.277282  ]), 'test_score': array([0.6875    , 0.5625    , 0.7375    , 0.6875    , 0.70886076])}
{'fit_time': array([11.37116528, 11.4732604 , 11.84000468, 16.97421718, 17.0700345 ]), 'score_time': array([1.31317091, 1.30257034, 1.3056128 , 1.24608707, 1.18628645]), 'test_score': array([0.6875    , 0.5625    , 0.7375    , 0.6875    , 0.70886076])}
{'fit_time': array([16.78545737, 11.35175562, 11.48152828, 11.35748291, 16.5946939 ]), 'score_time': array([1.22104454, 1.30495286, 1.31155682, 1.31707501, 1.17342734]), 'test_score': array([0.6875    , 0.5625    , 0.7375    , 0.6875    , 0.70886076])}
{'fit_time': array([11.59419727, 11.77288628, 16.82669616, 11.64726877, 16.9488678 ]), 'score_time': array([1.29766059, 1.3513906 , 1.20828724, 1.28366494, 1.19436383]), 'test_score': array([0.6875    , 0.5625    , 0.7375    , 0.6875    , 0.70886076])}
{'fit_time': array([17.10301971, 11.8415556 , 11.84566665, 17.00273395, 11.66748834]), 'score_time': array([1.23277831, 1.32890582, 1.33543229, 1.20334601, 1.31694365]), 'test_score': array([0.6875    , 0.5625    , 0.7375    , 0.6875    , 0.70886076])}
{'fit_time': array([11.21006942, 12.91168284, 11.51689696, 15.32400513, 16.74172759]), 'score_time': array([1.28397322, 1.23662615, 1.34596181, 1.23065019, 1.19127083]), 'test_score': array([0.6875    , 0.5625    , 0.7375    , 0.6875    , 0.70886076])}
{'fit_time': array([11.9527421 , 11.63556027, 11.54107904, 16.9659698 , 17.11575937]), 'score_time': array([1.3523941 , 1.38770342, 1.33493495, 1.26927447, 1.28050637]), 'test_score': array([0.6875    , 0.5625    , 0.7375    , 0.6875    , 0.70886076])}
{'fit_time': array([16.77744722, 11.53062987, 11.61629772, 11.36789942, 16.79185939]), 'score_time': array([1.1876719 , 1.31754231, 1.29176497, 1.3112793 , 1.19710517]), 'test_score': array([0.6875    , 0.5625    , 0.7375    , 0.6875    , 0.70886076])}
{'fit_time': array([11.51290393, 11.47008348, 16.6441853 , 11.2444222 , 16.63809395]), 'score_time': array([1.36747861, 1.30644751, 1.21236587, 1.29887986, 1.21680856]), 'test_score': array([0.6875    , 0.5625    , 0.7375    , 0.6875    , 0.70886076])}
{'fit_time': array([11.25786567, 11.50154495, 11.3202107 , 16.55385733, 16.65038586]), 'score_time': array([1.25411129, 1.32067728, 1.29011345, 1.21700239, 1.18888569]), 'test_score': array([0.6875    , 0.5625    , 0.7375    , 0.6875    , 0.70886076])}
AdaBoosting with raw data
{'fit_time': array([17.33080006, 17.28461313, 16.91232944, 25.43886137, 25.45752788]), 'score_time': array([2.123734  , 2.02870345, 2.01757741, 1.92263865, 1.86208415]), 'test_score': array([0.7      , 0.7      , 0.7875   , 0.7625   , 0.7721519])}
{'fit_time': array([16.42205524, 21.65441847, 16.98987293, 20.28745151, 25.5478189 ]), 'score_time': array([2.0795908 , 1.98191762, 2.09341884, 2.03525186, 1.87752628]), 'test_score': array([0.7      , 0.7      , 0.7875   , 0.7625   , 0.7721519])}
{'fit_time': array([16.87590671, 16.85034609, 16.54653668, 24.94974232, 25.2831099 ]), 'score_time': array([2.13711452, 2.0209105 , 2.04152703, 1.87181258, 1.91120791]), 'test_score': array([0.7      , 0.7      , 0.7875   , 0.7625   , 0.7721519])}
{'fit_time': array([25.18484521, 20.45845509, 16.94975495, 21.74498296, 16.6347537 ]), 'score_time': array([1.87772012, 2.05917716, 2.09992266, 2.02048445, 2.02769256]), 'test_score': array([0.7      , 0.7      , 0.7875   , 0.7625   , 0.7721519])}
{'fit_time': array([16.65578842, 25.31114435, 16.80084109, 25.2820797 , 16.43139553]), 'score_time': array([2.08360648, 1.94866109, 2.07748008, 1.9025197 , 2.00745201]), 'test_score': array([0.7      , 0.7      , 0.7875   , 0.7625   , 0.7721519])}
{'fit_time': array([16.42852616, 25.08402348, 17.0509944 , 24.84375405, 17.07047415]), 'score_time': array([2.02403903, 1.91247296, 2.03540754, 1.88066578, 2.11616778]), 'test_score': array([0.7      , 0.7      , 0.7875   , 0.7625   , 0.7721519])}
{'fit_time': array([25.31432414, 25.06501961, 17.46872902, 16.79553366, 17.01239681]), 'score_time': array([1.8834424 , 1.9145906 , 2.13241792, 2.03136659, 2.01761603]), 'test_score': array([0.7      , 0.7      , 0.7875   , 0.7625   , 0.7721519])}
{'fit_time': array([17.36174822, 17.16005325, 17.4389267 , 25.14703107, 25.52483344]), 'score_time': array([2.14024854, 2.07719183, 2.5190165 , 1.9035821 , 1.86568522]), 'test_score': array([0.7      , 0.7      , 0.7875   , 0.7625   , 0.7721519])}
{'fit_time': array([16.82504249, 25.3395071 , 16.722754  , 25.30826163, 17.04085684]), 'score_time': array([2.13045883, 2.04575014, 2.11667514, 2.01942611, 2.05424404]), 'test_score': array([0.7      , 0.7      , 0.7875   , 0.7625   , 0.7721519])}
{'fit_time': array([16.83312774, 16.93915629, 25.13371682, 25.19010758, 17.04463029]), 'score_time': array([2.07799363, 2.06238413, 1.90628743, 1.92063236, 2.0799408 ]), 'test_score': array([0.7      , 0.7      , 0.7875   , 0.7625   , 0.7721519])}

Maximum value Summary
PCA data [0.72151899 0.6875     0.6835443  0.7721519  0.7721519  0.78481013
 0.75949367 0.725      0.7125     0.7125     0.75       0.7375
 0.7375     0.725      0.7        0.70875    0.72151899 0.7375
 0.73417722 0.7375    ]
raw_data 0.7874999999999999

Time Summary
PCA data [16.63611233 19.53510139 22.61163592 26.68369184 29.11708012 32.09500213
 35.14688244 38.12945673 41.30908937 44.25455787 47.44862814 50.51347067
 53.46116982 56.39563353 59.57018158 62.68683228 65.4853112  69.01005371
 72.41281919 74.69833786]
raw_data 111.34063959121704
