formula     mp_id       data        prediction  
ThO2        mp-1102569  -1          0           1
ScSiPd      mp-1102080  -1          1           1
TmGeRu      mp-20888    0           0           1
BiSeBr      mp-569707   0           0           1
NaCaN       mp-1247165  -1          0           1
ScGeRh      mp-1095247  0           1           1
PrNiSn      mp-22164    0           0           1
BaMgSi      mp-1103039  -1          0           1
KNiN        mp-1245791  -1          0           1
YNiGe       mp-1103655  -1          0           1
KPbN        mp-1246354  -1          0           1
Rb2Te       mp-1397     0           0           1
TiP2        mp-20327    1           1           1
TmZnPd      mp-1103059  -1          0           1
NdGaNi      mp-1103550  -1          1           1
Nb2C        mp-569989   1           1           1
TmAlRh      mp-568685   0           0           1
LaNiSn      mp-12613    0           0           1
NbNiGe      mp-1101995  -1          1           1
ErGeIr      mp-21153    0           0           1
LuGeIr      mp-10999    0           0           1
MgAuN       mp-1245755  -1          0           1
YbMgPd      mp-11098    1           1           1
TiO2        mp-754672   -1          0           1
SmSiPd      mp-1103066  -1          1           1
CaAlPt      mp-1102631  -1          1           1
Ba2Ge       mp-13922    1           0           1
Er2Au       mp-1102972  -1          0           1
HfSiW       mp-1102732  -1          1           1
LuGaPd      mp-1103238  -1          1           1
HfSiMo      mp-22258    0           0           1
LuCoSn      mp-1102047  -1          0           1
ZrCrSi      mp-1102132  -1          0           1
ErAsSe      mp-1213048  -1          0           1
SrIBr       mp-1218278  -1          0           1
LuGaNi      mp-1102758  -1          0           1
SmBiRh      mp-570890   0           0           1
Tb2Al       mp-1103391  -1          0           1
YbSiPd      mp-1207493  -1          1           1
HfSiPd      mp-10457    1           1           1
ZrSiPd      mp-1103414  -1          1           1
MgGaN       mp-1245871  -1          0           1
KMgN        mp-1245693  -1          0           1
ErSbRh      mp-1213025  -1          0           1
NiTePd      mp-569511   1           1           1
ScSiIr      mp-1095563  1           1           1
NbGePt      mp-1103346  -1          1           1
Rb2S        mp-1102384  -1          0           1
YbGaPt      mp-864912   0           0           1
SmAsS       mp-1102762  -1          1           1
TaCoGe      mp-1095502  1           1           1
NaNiN       mp-1029466  -1          0           1
NdAlAu      mp-1101773  -1          1           1
Mg2Si       mp-1074738  -1          0           1
CsCuN       mp-1246756  -1          0           1
MgCuP       mp-7352     0           0           1
MoPRh       mp-1103150  -1          1           1
SrCaPb      mp-21166    0           0           1
LiYbAs      mp-1095274  0           0           1
NbPRu       mp-1103310  -1          1           1
Ca2Sn       mp-22735    0           0           1
Sr2Ge       mp-2576     0           0           1
TlPd2       mp-1101944  -1          0           1
BiSBr       mp-23324    0           0           1
TbGeIr      mp-22755    0           0           1
HoAlPt      mp-1103032  -1          1           1
TiSiPt      mp-1102195  -1          1           1
HfGeMo      mp-1095449  0           0           1
SrInPd      mp-1095684  0           1           1
SmSbIr      mp-11160    0           0           1
SnCl2       mp-569152   0           0           1
MgCuN       mp-1246792  -1          0           1
NaSnAu      mp-11253    1           1           1
HfSbPd      mp-1212193  -1          0           1
YGaPd       mp-1101849  -1          0           1
LuGaPt      mp-1102327  -1          0           1
ZrSiAs      mp-1207382  -1          0           1
SmSnPt      mp-21161    0           0           1
NbCoSi      mp-1095573  1           1           1
AlPd2       mp-2824     0           0           1
LaTeAs      mp-10383    0           0           1
TlAgSe      mp-29238    0           0           1
SnBr2       mp-29862    0           0           1
SrH2        mp-23714    0           0           1
LiYbBi      mp-1095265  1           0           1
KNaTe       mp-8755     0           0           1
TaSiIr      mp-21316    1           1           1
NaSrN       mp-1245463  -1          0           1
PrGaCo      mp-623261   0           0           1
CsLiO       mp-1178393  -1          0           1
TiS2        mp-1101969  -1          1           1
ErSbIr      mp-1213011  -1          0           1
DyAsPd      mp-1102068  -1          0           1
Ag2Se       mp-2022604  -1          0           1
NdNiSn      mp-20490    0           0           1
DyGaPt      mp-1095583  1           0           1
SrMgSn      mp-30780    0           0           1
LiCaSb      mp-16264    0           0           1
CsMgN       mp-1245941  -1          0           1
Lu2Au       mp-1101816  -1          0           1
SrLiSb      mp-7756     0           0           1
VNiP        mp-1103470  -1          1           1
HoSiIr      mp-22222    1           1           1
YGeIr       mp-1102373  -1          0           1
CaAlAu      mp-568424   1           1           1
NbSiPt      mp-10469    0           1           1
CoPW        mp-1102504  -1          1           1
LuCoGe      mp-1103331  -1          0           1
TmAlPt      mp-1095579  1           1           1
LiYbSb      mp-1095371  0           0           1
TiNiAs      mp-1102086  -1          1           1
DyAlAu      mp-1102191  -1          1           1
BiSeI       mp-23020    0           0           1
YAsSe       mp-1095603  1           1           1
HoAlAu      mp-1102992  -1          1           1
SmGaPd      mp-1102601  -1          1           1
GeRh2       mp-22585    1           1           1
TbSiIr      mp-20383    0           1           1
SbRh2       mp-21359    0           1           1
LaSeCl      mp-1102246  -1          0           1
CsZnN       mp-1247210  -1          0           1
Te2Ir       mp-569322   0           0           1
LiVN        mp-1246409  -1          0           1
SrInPt      mp-22284    0           1           1
AlPt2       mp-16526    0           0           1
TaVP        mp-1208564  -1          1           1
MgCoN       mp-1245705  -1          0           1
KZnN        mp-1029336  -1          0           1
YZnPd       mp-1095522  0           0           1
DyNiGe      mp-1102455  -1          0           1
ErSiNi      mp-1213005  -1          0           1
LiMgN       mp-30156    0           0           1
SmGaPt      mp-1102464  -1          0           1
SmNiGe      mp-1101817  -1          0           1
Ge2W        mp-1101810  -1          1           1
ErGaPt      mp-1102669  -1          0           1
ZrVP        mp-22302    0           0           1
YbMgGe      mp-542172   0           0           1
CeAlIr      mp-1102352  -1          0           1
ZrSbPd      mp-22036    0           0           1
SmSbRh      mp-1208896  -1          0           1
YbZnAu      mp-13027    0           0           1
ZrSiPt      mp-972187   1           1           1
NaMgN       mp-1245772  -1          0           1
NdAlRh      mp-1209843  -1          1           1
YGeRh       mp-1095465  1           0           1
TmGePt      mp-1102110  -1          0           1
YbAlPt      mp-1102117  -1          1           1
LaZnPd      mp-1102763  -1          0           1
BiSeCl      mp-610491   0           0           1
NbSiRh      mp-10470    1           1           1
ErGaPd      mp-31387    1           1           1
SbSeI       mp-22996    0           0           1
TiNiGe      mp-16356    1           1           1
Cs2S        mp-540703   0           0           1
ZrCuSn      mp-1101867  -1          0           1
ErAlPt      mp-1102457  -1          1           1
ErNiSn      mp-622620   0           0           1
PrNiGe      mp-1103115  -1          0           1
Na2S        mp-556978   0           0           1
Ba2Sn       mp-1981     0           0           1
CaAgSb      mp-11214    0           0           1
TaSiPt      mp-1208554  -1          1           1
Sc2Au       mp-1209057  -1          0           1
PrGeRh      mp-1095680  1           0           1
ErZnPt      mp-1102795  -1          0           1
ZrO2        mp-755089   -1          0           1
GaPd2       mp-1869     0           0           1
ZrO2        mp-755759   -1          0           1
CuAgS       mp-5014     -1          0           1
NbVP        mp-1102537  -1          1           1
YbAlPd      mp-569338   0           1           1
YGePt       mp-1095607  0           0           1
SrCdAu      mp-1095513  0           0           1
CeAs2       mp-1101892  -1          0           1
ScCoSi      mp-1103034  -1          0           1
CaSiPt      mp-8983     1           1           1
Y2Pt        mp-1102657  -1          0           1
Pr2Au       mp-2714     0           0           1
TaGeRh      mp-972224   1           1           1
ZrNbP       mp-4500     1           1           1
Ho2Al       mp-16502    0           0           1
TbZnRh      mp-13378    1           1           1
HoAlRh      mp-1212088  -1          0           1
TiCuGe      mp-1102042  -1          0           1
YbGeIr      mp-568672   0           0           1
Sr2Pd       mp-1102131  -1          1           1
KNaSe       mp-28595    0           0           1
LuGeRu      mp-22051    0           0           1
Y2Al        mp-11230    -1          0           1
SmGeRu      mp-20655    0           0           1
SrMgPt      mp-1103033  -1          1           1
YbGaNi      mp-1095431  0           1           1
SrCaSn      mp-20726    0           0           1
TiGePd      mp-20268    1           1           1
NdBr2       mp-1210109  -1          0           1
Cs2Se       mp-1011696  0           0           1
RbZnN       mp-1245885  -1          0           1
NbGeIr      mp-22287    1           1           1
CaH2        mp-23713    0           0           1
TmCoSn      mp-1103069  -1          0           1
PrAlPt      mp-570042   1           1           1
BiOF        mp-753160   -1          0           1
Sr2Sn       mp-978      0           0           1
YAlPd       mp-1095464  1           1           1
CaInRh      mp-20220    1           0           1
SrLiBi      mp-30456    0           0           1
PrAsS       mp-1101752  -1          0           1
LiCuS       mp-753508   -1          0           1
HoNiSn      mp-31176    0           0           1
ScSiNi      mp-22426    0           0           1
BiOF        mp-759825   -1          0           1
YbGaPd      mp-1102228  -1          1           1
LiCaP       mp-1211088  -1          0           1
BiOF        mp-753360   -1          0           1
DyNiSn      mp-510152   0           0           1
TbSiPt      mp-7124     0           0           1
TiSiRu      mp-505822   1           0           1
ErGePt      mp-13579    0           0           1
NbCoP       mp-21449    -1          1           1
YbNiSn      mp-22162    1           0           1
Ca2In       mp-20669    0           0           1
TbAsSe      mp-1102476  -1          0           1
YSeF        mp-1187888  -1          0           1
H2W         mp-1095432  1           0           1
YbPPd       mp-1207514  -1          1           1
TbAsPd      mp-1101946  -1          0           1
Sm2Au       mp-1103633  -1          0           1
ErGeRu      mp-19841    0           0           1
TbAlAu      mp-1095572  0           1           1
HgCl2       mp-22855    0           0           1
SmSbS       mp-1103612  -1          1           1
NbSiPd      mp-22722    0           1           1
SrBr2       mp-567744   0           0           1
TbGeRu      mp-21310    0           0           1
HoGeIr      mp-21073    0           0           1
Ca2Ge       mp-304      0           0           1
Rb2Te       mp-568745   -1          0           1
KRbS        mp-28760    0           0           1
SrMgSi      mp-15642    0           0           1
SnPd2       mp-1851     1           0           1
CeGaIr      mp-1213791  -1          0           1
YbZnRh      mp-1207475  -1          1           1
ZnPd2       mp-1103252  -1          0           1
DyGaPd      mp-22129    1           1           1
YbAlAu      mp-12784    1           1           1
LuSiRu      mp-754955   -1          0           1
CaSnPd      mp-30437    1           0           1
TmSiIr      mp-1207675  -1          1           1
TeO2        mp-1102087  -1          0           1
PrAlAu      mp-1101978  -1          1           1
SmAlAu      mp-1102449  -1          1           1
Ca2Si       mp-2517     0           0           1
N2O         mp-1180473  -1          0           1
SrLiAs      mp-1101989  -1          0           1
VNiAs       mp-1101976  -1          1           1
YbInRh      mp-11102    1           1           1
SnIBr       mp-1208879  -1          0           1
TbGePt      mp-22324    0           0           1
TmGaPd      mp-1103022  -1          1           1
ScCuSi      mp-20083    1           1           1
Ba2Si       mp-9905     1           0           1
LiPbN       mp-1247389  -1          0           1
HoGaPt      mp-1102757  -1          0           1
DySbIr      mp-1212836  -1          0           1
NdSbSe      mp-1103651  -1          0           1
Ba2In       mp-1102396  -1          0           1
TmSiRu      mp-20308    0           0           1
LiPtN       mp-1245573  -1          0           1
YGaIr       mp-1103280  -1          0           1
SrMgGe      mp-15643    0           0           1
NdAlPt      mp-568130   1           1           1
TaFeP       mp-21336    1           1           1
CaCl2       mp-571627   0           0           1
CaF2        mp-10464    0           0           1
CeSe2       mp-1080307  -1          0           1
Ca2Cu       mp-12614    0           0           1
TmPPd       mp-1207674  -1          1           1
LaTeCl      mp-1103189  -1          0           1
YbSiPt      mp-1102866  -1          0           1
SrSnPt      mp-20001    1           1           1
DyGeIr      mp-21323    0           0           1
CuAsS       mp-5305     0           0           1
TmSbIr      mp-1207694  -1          0           1
LuGeRh      mp-20610    0           0           1
RbNiN       mp-1246401  -1          0           1
YbSbS       mp-1102028  -1          1           1
HfVP        mp-1095442  0           0           1
ZrO2        mp-963      0           0           1
LiBH        mp-23694    0           0           1
YSiPt       mp-1103176  -1          1           1
PbF2        mp-2511     0           0           1
PrGeIr      mp-1103320  -1          0           1
LaAlAu      mp-1101778  -1          1           1
NbNiP       mp-20932    1           1           1
NdBiRh      mp-1210131  -1          0           1
SrBrCl      mp-1208676  -1          0           1
LuNiSn      mp-977588   0           0           1
YbH2        mp-864603   0           0           1
YbMgAg      mp-1207550  -1          1           1
ScSiRh      mp-20492    0           0           1
TbNiGe      mp-21424    0           0           1
AlAu2       mp-569558   0           0           1
BaCl2       mp-23199    -1          0           1
DySiRu      mp-19873    0           0           1
SnO2        mp-562610   0           0           1
TlCdSb      mp-7379     0           0           1
ScPPt       mp-12480    1           1           1
YbNiGe      mp-1102907  -1          0           1
HoNiGe      mp-542171   0           0           1
HfCoAs      mp-9801     1           1           1
Yb2In       mp-581760   0           0           1
NdGeIr      mp-1103641  -1          0           1
LaAlPt      mp-1103109  -1          1           1
YbSnPd      mp-3204     1           0           1
HfSiPt      mp-10456    1           1           1
PrSbIr      mp-1209285  -1          0           1
TmZnRh      mp-1207955  -1          1           1
HoSnPd      mp-11764    0           0           1
TmGeRh      mp-22794    0           0           1
SrInAu      mp-22529    1           1           1
Yb2Tl       mp-569605   0           0           1
BRh2        mp-21502    0           0           1
BiSI        mp-23514    0           0           1
Ho2Au       mp-30385    0           0           1
KCdN        mp-1247196  -1          0           1
CaPtPb      mp-1103307  -1          0           1
HoGaNi      mp-11442    1           0           1
LuSiIr      mp-22440    1           1           1
HfNbP       mp-22637    1           1           1
CsNiN       mp-1245581  -1          0           1
YbZnPt      mp-13026    1           0           1
CaMgSi      mp-5473     0           0           1
HoSbRh      mp-1212118  -1          0           1
YAlPt       mp-1095478  1           0           1
HfCoP       mp-1095427  1           1           1
Ba2Pd       mp-1103028  -1          1           1
NbPRh       mp-1101948  -1          1           1
ZrNiGe      mp-1102687  -1          0           1
TmAlPd      mp-1095667  1           1           1
SrCdGe      mp-1101809  -1          1           1
TaFeAs      mp-1095668  1           1           1
NdAsS       mp-1101764  -1          1           1
CaGaPt      mp-31152    0           1           1
TaNiP       mp-1102041  -1          1           1
MgNiGe      mp-1102387  -1          0           1
Dy2Au       mp-1103411  -1          0           1
NdSnPd      mp-22695    0           0           1
LuSiPt      mp-1101919  -1          1           1
ZrGeMo      mp-1102693  -1          1           1
YGaPt       mp-1103353  -1          0           1
CoReB       mp-21464    0           0           1
HoSiNi      mp-1212133  -1          0           1
CaMgSn      mp-4864     0           0           1
AgAsSe      mp-985442   -1          0           1
Ca2Hg       mp-1103139  -1          1           1
BaF2        mp-555585   0           0           1
Li2S        mp-1125     0           0           1
YSnPd       mp-1095628  0           0           1
HfSiRh      mp-13472    0           0           1
ScNiSn      mp-5186     0           0           1
SrO2        mp-726705   -1          0           1
ErZnRh      mp-1212903  -1          1           1
LaGaPt      mp-1095587  1           0           1
PrTeAs      mp-1209288  -1          0           1
Sm2Al       mp-1102344  -1          0           1
Mg2Au       mp-11250    -1          1           1
TiAsRh      mp-505540   1           1           1
TiCoSi      mp-21306    0           0           1
Re2P        mp-1637     0           0           1
YbMgSi      mp-864619   0           0           1
TbGaNi      mp-1103670  -1          0           1
VCoSi       mp-21371    1           1           1
TmSiPt      mp-1095501  0           0           1
NaPdN       mp-1245500  -1          0           1
TmCoSi      mp-1102633  -1          0           1
SmAlPt      mp-1103450  -1          1           1
NaCdAs      mp-7378     1           1           1
NbSiNi      mp-1102658  -1          1           1
YbMgAu      mp-11080    0           1           1
HoGeRh      mp-22670    0           0           1
BaBr2       mp-27456    -1          0           1
CaBiPd      mp-1213983  -1          0           1
BaI2        mp-23260    -1          0           1
Lu2Pt       mp-1102319  -1          0           1
TaPRu       mp-1103180  -1          0           1
RbLiO       mp-28545    0           0           1
HoNiPb      mp-1212092  -1          1           1
YbZnPd      mp-13025    1           1           1
SrHN        mp-1187172  -1          0           1
ErAlAu      mp-1102155  -1          1           1
YSiRh       mp-19728    0           0           1
HoSiRu      mp-22497    0           0           1
HfCuSi      mp-22489    0           1           1
ThSe2       mp-7951     0           0           1
CsCdN       mp-1246389  -1          0           1
ZrPRh       mp-1101753  -1          0           1
HoAsSe      mp-1212091  -1          0           1
CaMgGe      mp-15641    0           0           1
HfFeP       mp-22434    -1          1           1
Yb2Si       mp-1207599  -1          0           1
TiSiNi      mp-510409   1           0           1
LiCaBi      mp-569501   1           0           1
ErGaRh      mp-1103035  -1          1           1
ZrO2        mp-754741   -1          0           1
DyTeAs      mp-1212803  -1          0           1
DySiPt      mp-20571    0           0           1
SrCaGe      mp-12418    0           0           1
ZrPOs       mp-1102976  -1          1           1
HgBrCl      mp-1224010  -1          0           1
PrBiRh      mp-1209679  -1          0           1
ReN2        mp-1102441  -1          0           1
YbSbPd      mp-20540    0           0           1
HoSbIr      mp-1212101  -1          0           1
LuZnRh      mp-1210650  -1          1           1
YNiSn       mp-22617    0           0           1
SmAsSe      mp-1208883  -1          0           1
ThP2        mp-1103645  -1          0           1
LaAsS       mp-1103471  -1          1           1
YGaRh       mp-1102458  -1          0           1
TbPPd       mp-1208300  -1          1           1
LuInRh      mp-11101    0           1           1
CoBMo       mp-21347    1           1           1
CuAsSe      mp-1102382  -1          0           1
BaNaN       mp-1245807  -1          0           1
NdNiGe      mp-1210049  -1          0           1
TaSiRh      mp-20436    1           0           1
SrI2        mp-568284   0           0           1
KNaS        mp-28383    0           0           1
TiGeIr      mp-1103158  -1          1           1
SbOF        mp-7609     0           0           1
MgPb2       mp-1210680  -1          0           1
NaCdSb      mp-13459    1           1           1
ScSiPt      mp-9225     0           1           1
DyZnRh      mp-13379    1           1           1
Er2Al       mp-1102875  -1          0           1
MgF2        mp-1102433  -1          0           1
AsRh2       mp-1102364  -1          0           1
BaCaSn      mp-11265    0           0           1
YGaCo       mp-1102926  -1          0           1
TbSiRh      mp-1239087  -1          0           1
Yb2Au       mp-570901   0           0           1
YbGePt      mp-22453    1           0           1
NdGaCo      mp-1103578  -1          0           1
PbICl       mp-23053    0           0           1
HfNiAs      mp-1212191  -1          1           1
PrGaCo      mp-1103498  -1          0           1
SiNi2       mp-1118     1           1           1
Mg2Hg       mp-30719    1           1           1
HoAlPd      mp-1102737  -1          1           1
PrAsSe      mp-1209547  -1          0           1
SrCdPt      mp-1102073  -1          0           1
SmTeAs      mp-1208842  -1          0           1
HfCrSi      mp-1102342  -1          0           1
BaH2        mp-23715    0           0           1
PbIBr       mp-571465   0           0           1
Ba2Pb       mp-21246    1           1           1
PrAlRh      mp-1209554  -1          1           1
FeMoP       mp-1102843  -1          1           1
ErPPd       mp-8919     1           1           1
LuAlPt      mp-1102691  -1          1           1
HfAs2       mp-29646    1           1           1
TbSnPt      mp-22238    0           0           1
PbO2        mp-1102359  -1          0           1
ScNiP       mp-10240    1           1           1
HfO2        mp-741      0           0           1
LiCuS       mp-753605   -1          0           1
ErSiRh      mp-22114    1           1           1
CaSbPt      mp-8487     0           0           1
HgF2        mp-1102332  -1          0           1
SbSBr       mp-22971    0           0           1
ScGePt      mp-1095253  0           0           1
HfNiGe      mp-1102702  -1          0           1
YSiIr       mp-1102268  -1          1           1
CaCdPt      mp-1103046  -1          0           1
PbO2        mp-1101843  -1          0           1
FeB2        mp-1101938  -1          1           1
HoSiRh      mp-20675    1           1           1
GeF2        mp-1095292  0           0           1
NbFeP       mp-1102980  -1          1           1
PbBrO       mp-1102225  -1          0           1
HoGeRu      mp-22041    0           0           1
SmGeRh      mp-1103463  -1          0           1
PrSnPd      mp-22645    0           0           1
NbNiAs      mp-1103243  -1          1           1
HoAsSe      mp-1103217  -1          0           1
ZrGePd      mp-1103608  -1          1           1
LaSnPd      mp-1095476  0           0           1
DySiIr      mp-20281    1           1           1
BaIBr       mp-1214491  -1          0           1
ZrGeIr      mp-1095472  0           1           1
KCuS        mp-28270    0           0           1
TmAsPd      mp-1095625  1           1           1
LuPPd       mp-1210791  -1          1           1
LiInN       mp-1245801  -1          0           1
HoSeF       mp-1095263  0           0           1
LiSnN       mp-1245978  -1          0           1
LaSbIr      mp-1211358  -1          0           1
TbNiSn      mp-22299    0           0           1
BaBrCl      mp-1012551  -1          0           1
LiRuN       mp-1029251  -1          0           1
TbCoSi      mp-22206    0           0           1
Y2Au        mp-979911   0           0           1
TiCuSi      mp-20255    0           1           1
CdF2        mp-1101972  -1          0           1
TmGaNi      mp-1101855  -1          0           1
Cs2Te       mp-573763   0           0           1
Sr2Pb       mp-30828    1           1           1
Mg2Si       mp-1101851  -1          0           1
SrICl       mp-1208666  -1          0           1
BiSCl       mp-23318    0           0           1
TbAlPd      mp-12722    1           1           1
OF2         mp-1095223  0           0           1
HfFeSi      mp-1102314  -1          0           1
CaCdAu      mp-569628   0           0           1
NaCuN       mp-1245590  -1          0           1
ZrFeP       mp-20892    0           1           1
TmAlAu      mp-1102248  -1          1           1
TiNiP       mp-1102188  -1          1           1
BaCaPb      mp-1102214  -1          1           1
ZrNiSb      mp-20697    0           0           1
ErGeRh      mp-20043    0           0           1
KCaN        mp-1245709  -1          0           1
TbSiRu      mp-20645    0           0           1
NdGaPt      mp-1103572  -1          0           1
NbCoAs      mp-1101967  -1          1           1
NaCdN       mp-1246953  -1          0           1
Dy2Pt       mp-1103421  -1          0           1
SmAlPd      mp-1102212  -1          1           1
V2P         mp-20541    -1          1           1
LuNiGe      mp-19922    -1          0           1
SbSeBr      mp-1209072  -1          0           1
Ca2Pb       mp-30478    0           0           1
BaLiN       mp-1247100  -1          0           1
TbGeRh      mp-22816    1           0           1
Pr2Al       mp-1103225  -1          0           1
CaGaAu      mp-11811    1           1           1
TaCoSi      mp-1102650  -1          1           1
SbSI        mp-23007    -1          0           1
PbCl2       mp-23291    0           0           1
CaCdPd      mp-1103172  -1          0           1
NaLiSe      mp-28603    0           0           1
PbBrCl      mp-22997    0           0           1
TmNiSn      mp-1102179  -1          0           1
TaRh2       mp-1103212  -1          0           1
Sr2Si       mp-1106     0           0           1
MgPd2       mp-12741    0           0           1
ScNiGe      mp-7066     0           0           1
SmGaNi      mp-1103079  -1          0           1
ErSiRu      mp-22247    0           0           1
ErTeAs      mp-1212634  -1          0           1
YSiNi       mp-20557    0           0           1
ThS2        mp-1146     0           0           1
ErNiPb      mp-1213066  -1          1           1
ZrCoP       mp-8418     1           1           1
ZrSiNi      mp-1103272  -1          0           1
CaInAu      mp-20378    1           1           1
LaSbTe      mp-1185210  -1          0           1
CaMgPd      mp-1102662  -1          1           1
TaNiAs      mp-1102844  -1          1           1
DyAlPd      mp-1103382  -1          1           1
HfGeRh      mp-1102945  -1          1           1
HoGaPd      mp-31386    1           1           1
TiO2        mp-1102255  -1          0           1
NClO        mp-505727   0           0           1
ZrP2        mp-1523     1           1           1
YZnRh       mp-1207608  -1          0           1
Li2O        mp-755894   -1          0           1
BaCaSi      mp-16253    0           0           1
MgSi2       mp-1073529  -1          0           1
Cs2O        mp-755573   -1          0           1
DyAsSe      mp-1102952  -1          0           1
LiGeN       mp-1246553  -1          0           1
DySbRh      mp-1212894  -1          0           1
TbGaPt      mp-22251    1           0           1
YbAlRh      mp-1207572  -1          1           1
PbIO        mp-1102199  -1          0           1
ErAsSe      mp-1102033  -1          0           1
UCoSi       mp-20811    -1          1           1
CeSe2       mp-1080312  -1          0           1
YAlAu       mp-1102840  -1          1           1
TiO2        mp-9173     0           0           1
NaPbN       mp-1245972  -1          0           1
SiRu2       mp-10025    0           0           1
LuGePt      mp-13580    0           0           1
CeAsRh      mp-10478    0           0           1
Tm2Au       mp-1095690  0           0           1
YbCuSn      mp-1207590  -1          0           1
InPd2       mp-22646    0           0           1
YSnPt       mp-22275    0           0           1
SrF2        mp-1102240  -1          0           1
Ho2Pt       mp-1102104  -1          0           1
CaSbPd      mp-1213959  -1          0           1
Tb2Pt       mp-11551    1           0           1
TmGaPt      mp-1103049  -1          0           1
Yb2Pt       mp-1102776  -1          0           1
YSiRu       mp-21069    0           0           1
Pr2Ga       mp-623027   0           0           1
HoGePt      mp-1103105  -1          0           1
NdGeRh      mp-21044    0           0           1
MoPRu       mp-22451    -1          1           1
BaBrCl      mp-28049    0           0           1
ErSiPt      mp-1102879  -1          0           1
DyGaNi      mp-1102760  -1          0           1
ErCoSi      mp-1102621  -1          0           1
DyGaCo      mp-605252   0           0           1
ScGaPd      mp-1095544  1           1           1
SmNiPb      mp-1209474  -1          1           1
Yb2Ge       mp-1694     0           1           1
HfGeIr      mp-1102841  -1          1           1
HoPPd       mp-1212072  -1          1           1
PrSnRu      mp-21010    0           0           1
TbSiNi      mp-1208359  -1          0           1
YbAsS       mp-1102611  -1          1           1
TaPRh       mp-1095548  0           1           1
HfGePt      mp-21340    1           1           1
VNiGe       mp-1095536  -1          1           1
ScSiRu      mp-1102525  -1          0           1
SmZnRh      mp-13376    1           1           1
Nd2Al       mp-1101848  -1          0           1
HoSiPt      mp-1102935  -1          0           1
RbHO        mp-756182   -1          0           1
NdMgRh      mp-1209841  -1          1           1
NdSbIr      mp-1209911  -1          0           1
TbSbRh      mp-22115    0           0           1
ZrSiOs      mp-1103293  -1          1           1
ZrSiMo      mp-1102520  -1          0           1
ErSnPd      mp-1095377  0           0           1
CaZnPd      mp-1213948  -1          0           1
CaPdPb      mp-1102860  -1          0           1
TiCuGe      mp-1101311  -1          0           1
SrMgPb      mp-1103314  -1          0           1
NiS2        mp-1103643  -1          0           1
ZrGePt      mp-1095610  1           1           1
NaCdBi      mp-2647077  -1          1           1
VFeP        mp-1103605  -1          1           1
ErAsPd      mp-13271    1           1           1
DyAlPt      mp-1103319  -1          1           1
Tb2Au       mp-1095658  0           0           1
SnICl       mp-571146   0           0           1
SbSI        mp-23041    0           0           1
DyPPd       mp-1212811  -1          1           1
YbCoGe      mp-1207575  -1          0           1
TiVP        mp-1208170  -1          1           1
AgAsS       mp-984714   -1          0           1
TaSiNi      mp-1208557  -1          0           1
SrF2        mp-1102911  -1          0           1
MgH2        mp-23712    0           0           1
YSeF        mp-556111   1           0           1
CaMgPb      mp-861738   0           0           1
TmNiPb      mp-1208118  -1          0           1
CeGaRh      mp-1102417  -1          1           1
TiO2        mp-2420244  -1          0           1
Ge2Mo       mp-13688    1           1           1
CaSnPt      mp-1102040  -1          0           1
ErGaNi      mp-1102207  -1          0           1
TlAgS       mp-1095594  0           0           1
SrNiGe      mp-1102589  -1          0           1
TmGeIr      mp-1102700  -1          0           1
YbAgSb      mp-9440     0           0           1
PrGaPt      mp-1101824  -1          0           1
ZrAs2       mp-27606    1           1           1
SmNiSn      mp-1104463  -1          0           1
Sc2Pt       mp-11550    1           0           1
HoGaCo      mp-1103576  -1          0           1
SiIr2       mp-1103038  -1          0           1
Er2Pt       mp-30610    1           0           1
ErSiIr      mp-20733    1           1           1
SbOF        mp-756654   -1          0           1
SnClF       mp-27373    0           0           1
Rb2O        mp-755738   -1          0           1
Dy2Al       mp-1102728  -1          0           1
HgCl2       mp-1102919  -1          0           1
PrGaPd      mp-1102521  -1          1           1
CoBW        mp-22759    1           1           1
CeBiRh      mp-1213954  -1          0           1
SbSI        mp-973217   0           0           1
YbSbIr      mp-1102313  -1          0           1
TmSbRh      mp-1207702  -1          0           1
DySiNi      mp-1212898  -1          0           1
YbSiIr      mp-10569    0           0           1
YGaNi       mp-1102603  -1          0           1
CaH2        mp-1181926  -1          0           1
PrGaNi      mp-1103558  -1          1           1
TaNiGe      mp-22636    0           1           1
ZrPRu       mp-22268    0           0           1
NdGaPd      mp-1101803  -1          1           1
LuZnPt      mp-1210625  -1          0           1
NbSiIr      mp-21248    1           1           1
ScGaPt      mp-1102184  -1          0           1
DyGePt      mp-20739    0           0           1
ScCoGe      mp-1095261  1           0           1
ScGeIr      mp-1102855  -1          0           1
DyGeRu      mp-19986    0           0           1
DySiRh      mp-1212831  -1          1           1
CsRbO       mp-754171   -1          0           1
SmGePt      mp-20293    0           0           1
TiSiRh      mp-672645   0           0           1
MgAlSi      mp-4499     -1          0           1
Tm2Pt       mp-1102133  -1          0           1
LaSbRh      mp-1211458  -1          0           1
ErNiGe      mp-20676    0           0           1
ZrSiIr      mp-1102869  -1          1           1
Yb2Ga       mp-1102309  -1          0           1
LuCoSi      mp-1102787  -1          0           1
Ni2Ge       mp-17383    1           1           1
HfNiSb      mp-1212231  -1          0           1
LaSnPt      mp-3076     0           0           1
PbBr2       mp-28077    0           0           1
PRu2        mp-21911    0           0           1
HfSiNi      mp-1101952  -1          0           1
SmGeIr      mp-1208649  -1          0           1
LiCaN       mp-31468    0           0           1
TbSnPd      mp-21401    0           0           1
ErAlPd      mp-1102820  -1          1           1
CaGePt      mp-31153    1           1           1
ErGaIr      mp-1102196  -1          0           1
KCuN        mp-1245556  -1          0           1
YbGeRh      mp-20498    0           0           1
Ga2Au       mp-1102090  -1          1           1
LuSiRh      mp-22801    1           1           1
ZrNiAs      mp-1207428  -1          1           1
ZrCuSi      mp-22522    -1          1           1
BaCaGe      mp-16252    0           0           1
NbGeRh      mp-1102532  -1          1           1
TbGaPd      mp-12704    1           1           1
HfCuGe      mp-1095504  0           0           1
LiCaAs      mp-1095289  0           0           1
SmGaCo      mp-623295   0           0           1
LiCuS       mp-753826   -1          0           1
TmNiGe      mp-21157    0           0           1
TbSbIr      mp-1208331  -1          0           1
PbClO       mp-1095473  0           0           1
HoAsPd      mp-8952     1           1           1
TlAgTe      mp-5874     0           0           1
PrMgRh      mp-16646    1           1           1
YSnIr       mp-1101774  -1          0           1
DySnPd      mp-30618    0           0           1
TiCoP       mp-1102138  -1          1           1
H2C         mp-985782   -1          0           1
DyGeRh      mp-9529     1           0           1
ZrGeRh      mp-1101959  -1          1           1
CaInPt      mp-570689   0           0           1
TiSiPd      mp-1103162  -1          1           1
HoZnRh      mp-13380    1           1           1
KPdN        mp-1245649  -1          0           1
PrSnPt      mp-21453    0           0           1
SbOF        mp-753656   -1          0           1
SiRh2       mp-20418    1           0           1
ZrCuGe      mp-1103123  -1          0           1
HfP2        mp-1102018  -1          1           1
RbMgN       mp-1246143  -1          0           1
HfNiP       mp-1102032  -1          1           1
NaLiTe      mp-8754     0           0           1
TbAlPt      mp-1102944  -1          1           1
CuTeAs      mp-1184180  -1          0           1
Nd2Au       mp-1102098  -1          0           1
CoMoP       mp-22262    1           1           1
TmAsS       mp-1102079  -1          1           1
YbCdAu      mp-11085    0           0           1
TiSiIr      mp-1103248  -1          1           1
SmSnPd      mp-571581   0           0           1
NdSnPt      mp-20347    0           0           1
LiCN        mp-30057    0           0           1
Ag2Se       mp-568971   -1          0           1
Mg2Pb       mp-1102915  -1          1           1
DyCoGe      mp-1102863  -1          0           1
CaInPd      mp-620571   0           0           1
La2Au       mp-1103395  -1          1           1
SrCaSi      mp-7084     0           0           1
ZrGeAs      mp-1207384  -1          1           1
Yb2Pb       mp-11544    0           0           1
