n_estimators= 2500 , learning_rate= 0.02
AdaBoosting with pca data
dimension:  1
{'fit_time': array([2.4130702 , 2.41824365, 3.29865718, 3.26789021, 2.3533504 ]), 'score_time': array([0.27082992, 0.27045941, 0.27623296, 0.26605177, 0.26447058]), 'test_score': array([0.77272727, 0.75      , 0.75      , 0.72727273, 0.68181818])}
{'fit_time': array([2.31890893, 3.30639696, 2.36108518, 3.28423882, 2.34789109]), 'score_time': array([0.27486897, 0.26234436, 0.26418877, 0.26583886, 0.28330874]), 'test_score': array([0.77272727, 0.75      , 0.75      , 0.72727273, 0.68181818])}
{'fit_time': array([2.34304047, 2.32194185, 3.29051447, 2.33339286, 3.27001977]), 'score_time': array([0.2579577 , 0.25355935, 0.29348493, 0.26035857, 0.2501781 ]), 'test_score': array([0.77272727, 0.75      , 0.75      , 0.72727273, 0.68181818])}
{'fit_time': array([2.24910426, 2.29755163, 3.22767997, 2.25051832, 3.25744534]), 'score_time': array([0.26372838, 0.26225996, 0.26449347, 0.26540351, 0.25653696]), 'test_score': array([0.77272727, 0.75      , 0.75      , 0.72727273, 0.68181818])}
{'fit_time': array([2.25926256, 2.27284932, 3.18138528, 2.37666416, 3.20720577]), 'score_time': array([0.26722813, 0.26456428, 0.2511127 , 0.26544499, 0.25338387]), 'test_score': array([0.77272727, 0.75      , 0.75      , 0.72727273, 0.68181818])}
{'fit_time': array([3.20201826, 2.31178999, 2.30674553, 2.27974987, 3.20216465]), 'score_time': array([0.25889325, 0.28095889, 0.27218223, 0.26463461, 0.26636672]), 'test_score': array([0.77272727, 0.75      , 0.75      , 0.72727273, 0.68181818])}
{'fit_time': array([2.28565145, 2.3389864 , 2.7592299 , 2.79870749, 3.22981191]), 'score_time': array([0.27078605, 0.26651001, 0.26285148, 0.25287056, 0.2557025 ]), 'test_score': array([0.77272727, 0.75      , 0.75      , 0.72727273, 0.68181818])}
{'fit_time': array([2.24114227, 2.35034013, 3.1938796 , 3.19749522, 2.28940535]), 'score_time': array([0.25622869, 0.27254128, 0.24572015, 0.24727345, 0.26346803]), 'test_score': array([0.77272727, 0.75      , 0.75      , 0.72727273, 0.68181818])}
{'fit_time': array([3.31468606, 2.4779408 , 2.4685545 , 3.31774735, 2.39291501]), 'score_time': array([0.26246595, 0.28620434, 0.27358627, 0.27788663, 0.2822454 ]), 'test_score': array([0.77272727, 0.75      , 0.75      , 0.72727273, 0.68181818])}
{'fit_time': array([2.59161329, 2.54207683, 2.56297469, 3.43261075, 3.44160032]), 'score_time': array([0.29203224, 0.28289938, 0.29786348, 0.27754307, 0.28002882]), 'test_score': array([0.77272727, 0.75      , 0.75      , 0.72727273, 0.68181818])}
dimension:  2
{'fit_time': array([3.60994363, 3.61508632, 2.61107802, 2.57177711, 2.70378232]), 'score_time': array([0.28998423, 0.2860136 , 0.28461337, 0.28753805, 0.30794239]), 'test_score': array([0.70454545, 0.68181818, 0.77272727, 0.72727273, 0.65909091])}
{'fit_time': array([2.49213386, 2.5060184 , 3.64008188, 2.5044291 , 3.66586113]), 'score_time': array([0.29472494, 0.28497243, 0.27931833, 0.29128647, 0.30976486]), 'test_score': array([0.70454545, 0.68181818, 0.77272727, 0.72727273, 0.65909091])}
{'fit_time': array([2.49619889, 2.5312531 , 3.59678149, 2.49479151, 3.6346612 ]), 'score_time': array([0.28762674, 0.2971251 , 0.32343292, 0.28772092, 0.28640437]), 'test_score': array([0.70454545, 0.68181818, 0.77272727, 0.72727273, 0.65909091])}
{'fit_time': array([2.53903985, 3.55628371, 2.54051566, 2.5398109 , 3.56626678]), 'score_time': array([0.29847312, 0.28042746, 0.29416347, 0.29359341, 0.29709291]), 'test_score': array([0.70454545, 0.68181818, 0.77272727, 0.72727273, 0.65909091])}
{'fit_time': array([3.61953998, 3.61647177, 2.50106907, 2.54772019, 2.56477308]), 'score_time': array([0.28407693, 0.28633761, 0.30039144, 0.30332255, 0.29491448]), 'test_score': array([0.70454545, 0.68181818, 0.77272727, 0.72727273, 0.65909091])}
{'fit_time': array([2.54733825, 3.55390406, 3.57119584, 2.63050628, 2.55696177]), 'score_time': array([0.28741312, 0.28915477, 0.29070163, 0.30706835, 0.3040297 ]), 'test_score': array([0.70454545, 0.68181818, 0.77272727, 0.72727273, 0.65909091])}
{'fit_time': array([2.55117202, 2.58920717, 3.57370019, 2.50855494, 3.63471532]), 'score_time': array([0.307096  , 0.29031038, 0.28357553, 0.28557611, 0.29298472]), 'test_score': array([0.70454545, 0.68181818, 0.77272727, 0.72727273, 0.65909091])}
{'fit_time': array([3.60577798, 2.63388395, 2.61224604, 2.60819316, 3.6135571 ]), 'score_time': array([0.28674698, 0.30138135, 0.30161357, 0.30323386, 0.28932118]), 'test_score': array([0.70454545, 0.68181818, 0.77272727, 0.72727273, 0.65909091])}
{'fit_time': array([2.5690093 , 2.58380103, 2.61036181, 3.60410118, 3.59984016]), 'score_time': array([0.29757166, 0.30031872, 0.3016181 , 0.29321384, 0.29560781]), 'test_score': array([0.70454545, 0.68181818, 0.77272727, 0.72727273, 0.65909091])}
{'fit_time': array([2.59596133, 3.6211915 , 3.35958576, 2.58699703, 2.74768662]), 'score_time': array([0.30923963, 0.28325415, 0.27959871, 0.306916  , 0.35904527]), 'test_score': array([0.70454545, 0.68181818, 0.77272727, 0.72727273, 0.65909091])}
dimension:  3
{'fit_time': array([2.77905416, 2.93435502, 2.77982712, 3.827389  , 3.9659915 ]), 'score_time': array([0.34215832, 0.40706706, 0.32156229, 0.31024432, 0.314538  ]), 'test_score': array([0.65909091, 0.72727273, 0.77272727, 0.70454545, 0.70454545])}
{'fit_time': array([3.96072626, 2.78753495, 3.97048783, 2.81923079, 2.83435488]), 'score_time': array([0.30674291, 0.32988691, 0.3126235 , 0.33209372, 0.33496571]), 'test_score': array([0.65909091, 0.72727273, 0.77272727, 0.70454545, 0.70454545])}
{'fit_time': array([2.8689332 , 2.79895878, 2.79200172, 3.98420668, 4.01843882]), 'score_time': array([0.32925797, 0.33350229, 0.33583617, 0.30661941, 0.3141222 ]), 'test_score': array([0.65909091, 0.72727273, 0.77272727, 0.70454545, 0.70454545])}
{'fit_time': array([2.81407046, 4.01253891, 2.81678867, 2.78397489, 3.97818947]), 'score_time': array([0.34778738, 0.31599736, 0.32907152, 0.33299971, 0.30566287]), 'test_score': array([0.65909091, 0.72727273, 0.77272727, 0.70454545, 0.70454545])}
{'fit_time': array([3.96271706, 4.00742054, 2.81783032, 2.86455941, 2.83973598]), 'score_time': array([0.30683422, 0.32780647, 0.32180524, 0.33135486, 0.33367372]), 'test_score': array([0.65909091, 0.72727273, 0.77272727, 0.70454545, 0.70454545])}
{'fit_time': array([3.95074177, 2.80999231, 2.85599899, 2.71348476, 3.97367311]), 'score_time': array([0.31144857, 0.32444263, 0.3271935 , 0.32572722, 0.32647252]), 'test_score': array([0.65909091, 0.72727273, 0.77272727, 0.70454545, 0.70454545])}
{'fit_time': array([2.79103923, 2.80895257, 3.97793198, 2.81694984, 3.94756508]), 'score_time': array([0.31922317, 0.33067226, 0.35010362, 0.33552408, 0.31255627]), 'test_score': array([0.65909091, 0.72727273, 0.77272727, 0.70454545, 0.70454545])}
{'fit_time': array([2.722646  , 2.83355951, 3.94765639, 2.85587549, 3.92874479]), 'score_time': array([0.33164287, 0.33288002, 0.30989313, 0.3277843 , 0.30739689]), 'test_score': array([0.65909091, 0.72727273, 0.77272727, 0.70454545, 0.70454545])}
{'fit_time': array([2.72167063, 2.81964684, 2.89584875, 3.94886565, 3.95151615]), 'score_time': array([0.31413102, 0.32912326, 0.33468199, 0.30776596, 0.3125937 ]), 'test_score': array([0.65909091, 0.72727273, 0.77272727, 0.70454545, 0.70454545])}
{'fit_time': array([3.97595501, 2.82474184, 2.89104342, 2.71602297, 4.02478147]), 'score_time': array([0.30683732, 0.32885242, 0.3281312 , 0.32836437, 0.32000804]), 'test_score': array([0.65909091, 0.72727273, 0.77272727, 0.70454545, 0.70454545])}
dimension:  4
{'fit_time': array([4.36743593, 3.53809547, 3.11084342, 3.05093455, 3.84229851]), 'score_time': array([0.33965421, 0.34700346, 0.37073851, 0.35955787, 0.33798647]), 'test_score': array([0.68181818, 0.72727273, 0.81818182, 0.70454545, 0.72727273])}
{'fit_time': array([3.05507827, 3.09831834, 4.40908694, 4.39948487, 3.00096536]), 'score_time': array([0.3636086 , 0.35831594, 0.35052299, 0.3443501 , 0.34880424]), 'test_score': array([0.68181818, 0.72727273, 0.81818182, 0.70454545, 0.72727273])}
{'fit_time': array([2.96542478, 3.03864622, 3.09033966, 4.38396502, 4.39183807]), 'score_time': array([0.35118055, 0.35208964, 0.37360024, 0.34281421, 0.34542084]), 'test_score': array([0.68181818, 0.72727273, 0.81818182, 0.70454545, 0.72727273])}
{'fit_time': array([4.339957  , 4.37089229, 3.15064096, 3.02678823, 3.04615569]), 'score_time': array([0.33562517, 0.358675  , 0.37513471, 0.34928799, 0.36237621]), 'test_score': array([0.68181818, 0.72727273, 0.81818182, 0.70454545, 0.72727273])}
{'fit_time': array([2.97219825, 4.38601041, 3.08758163, 3.02271771, 4.36764836]), 'score_time': array([0.34991145, 0.34378219, 0.36031485, 0.34339237, 0.34164858]), 'test_score': array([0.68181818, 0.72727273, 0.81818182, 0.70454545, 0.72727273])}
{'fit_time': array([3.00987625, 2.95222282, 3.12830138, 4.42891622, 4.43592167]), 'score_time': array([0.35258126, 0.34401393, 0.36568904, 0.34483337, 0.34501719]), 'test_score': array([0.68181818, 0.72727273, 0.81818182, 0.70454545, 0.72727273])}
{'fit_time': array([4.15935707, 4.35823321, 3.30544734, 3.03580856, 3.06565619]), 'score_time': array([0.33567023, 0.34170127, 0.36156154, 0.36887765, 0.36479592]), 'test_score': array([0.68181818, 0.72727273, 0.81818182, 0.70454545, 0.72727273])}
{'fit_time': array([3.02366424, 4.48060703, 3.1390717 , 3.06750202, 4.50430346]), 'score_time': array([0.3578186 , 0.34463882, 0.37821221, 0.35683107, 0.35584927]), 'test_score': array([0.68181818, 0.72727273, 0.81818182, 0.70454545, 0.72727273])}
{'fit_time': array([3.04254436, 3.15074134, 3.08172202, 4.4619379 , 4.45664096]), 'score_time': array([0.36115122, 0.36756158, 0.36616278, 0.34554195, 0.34533119]), 'test_score': array([0.68181818, 0.72727273, 0.81818182, 0.70454545, 0.72727273])}
{'fit_time': array([3.10303521, 3.18413353, 4.4079721 , 4.41700983, 3.14567876]), 'score_time': array([0.36415648, 0.37302971, 0.33573031, 0.33871722, 0.38813591]), 'test_score': array([0.68181818, 0.72727273, 0.81818182, 0.70454545, 0.72727273])}
dimension:  5
{'fit_time': array([4.78065968, 3.35704565, 3.46909308, 4.74273729, 3.30808997]), 'score_time': array([0.37005067, 0.40005302, 0.40773845, 0.3606894 , 0.39057946]), 'test_score': array([0.65909091, 0.68181818, 0.75      , 0.75      , 0.70454545])}
{'fit_time': array([4.78279257, 3.37306905, 4.84546375, 3.42567348, 3.28961849]), 'score_time': array([0.36786413, 0.39121723, 0.40158939, 0.39591312, 0.3883512 ]), 'test_score': array([0.65909091, 0.68181818, 0.75      , 0.75      , 0.70454545])}
{'fit_time': array([3.36885285, 3.43654895, 4.63172889, 3.50059628, 4.80556941]), 'score_time': array([0.38955808, 0.40629745, 0.36418128, 0.38880181, 0.37015343]), 'test_score': array([0.65909091, 0.68181818, 0.75      , 0.75      , 0.70454545])}
{'fit_time': array([4.7876575 , 3.52443266, 3.51692605, 3.3481524 , 4.84684515]), 'score_time': array([0.37998009, 0.39154124, 0.40105128, 0.38947678, 0.37111235]), 'test_score': array([0.65909091, 0.68181818, 0.75      , 0.75      , 0.70454545])}
{'fit_time': array([4.79160571, 3.42955327, 3.35260081, 4.77763915, 3.33822536]), 'score_time': array([0.36589384, 0.41257715, 0.39283681, 0.36369419, 0.39847732]), 'test_score': array([0.65909091, 0.68181818, 0.75      , 0.75      , 0.70454545])}
{'fit_time': array([3.3510747 , 3.40228653, 4.87058663, 4.86080909, 3.35791779]), 'score_time': array([0.39737582, 0.39162564, 0.37415242, 0.37142611, 0.40142775]), 'test_score': array([0.65909091, 0.68181818, 0.75      , 0.75      , 0.70454545])}
{'fit_time': array([4.83923101, 3.38791704, 3.33192873, 4.77141547, 3.33538675]), 'score_time': array([0.41524673, 0.39533758, 0.40106297, 0.36290169, 0.40120649]), 'test_score': array([0.65909091, 0.68181818, 0.75      , 0.75      , 0.70454545])}
{'fit_time': array([4.78162694, 3.36749053, 3.39542675, 3.30433655, 4.78315377]), 'score_time': array([0.37029934, 0.39216495, 0.38606143, 0.40791631, 0.37232614]), 'test_score': array([0.65909091, 0.68181818, 0.75      , 0.75      , 0.70454545])}
{'fit_time': array([4.97838473, 3.60876083, 3.56968856, 4.96760678, 3.58877492]), 'score_time': array([0.37222385, 0.40302134, 0.389117  , 0.36904669, 0.39213419]), 'test_score': array([0.65909091, 0.68181818, 0.75      , 0.75      , 0.70454545])}
{'fit_time': array([3.24326658, 4.78060937, 4.71853733, 3.3872087 , 3.27898645]), 'score_time': array([0.37648368, 0.38125873, 0.37304354, 0.39024305, 0.37921667]), 'test_score': array([0.65909091, 0.68181818, 0.75      , 0.75      , 0.70454545])}
dimension:  6
{'fit_time': array([4.73420095, 3.52370238, 4.01696563, 3.50695229, 5.09744525]), 'score_time': array([0.41068697, 0.42103553, 0.40797257, 0.42502761, 0.40561295]), 'test_score': array([0.72727273, 0.75      , 0.90909091, 0.79545455, 0.75      ])}
{'fit_time': array([3.62434745, 3.65580487, 5.13201237, 5.14621401, 3.56137943]), 'score_time': array([0.43024802, 0.43239045, 0.40157652, 0.40488052, 0.43412876]), 'test_score': array([0.72727273, 0.75      , 0.90909091, 0.79545455, 0.75      ])}
{'fit_time': array([3.66050982, 3.6183548 , 5.20345235, 5.17489433, 3.5823853 ]), 'score_time': array([0.44109583, 0.42241526, 0.40411806, 0.40206122, 0.42219234]), 'test_score': array([0.72727273, 0.75      , 0.90909091, 0.79545455, 0.75      ])}
{'fit_time': array([3.65681744, 5.23433805, 3.65444732, 5.18321252, 3.57618117]), 'score_time': array([0.44060898, 0.39376616, 0.42945099, 0.39603591, 0.42188692]), 'test_score': array([0.72727273, 0.75      , 0.90909091, 0.79545455, 0.75      ])}
{'fit_time': array([3.66640139, 5.11906672, 3.6253953 , 3.52096367, 5.12443519]), 'score_time': array([0.4183445 , 0.39656496, 0.41744304, 0.4101758 , 0.40475845]), 'test_score': array([0.72727273, 0.75      , 0.90909091, 0.79545455, 0.75      ])}
{'fit_time': array([3.47185779, 3.6037066 , 5.05057764, 3.6032474 , 5.14064598]), 'score_time': array([0.41026092, 0.42127013, 0.40694189, 0.42181706, 0.39548612]), 'test_score': array([0.72727273, 0.75      , 0.90909091, 0.79545455, 0.75      ])}
{'fit_time': array([5.11632776, 3.58173156, 3.59729433, 3.52154255, 5.08322406]), 'score_time': array([0.41925454, 0.42938709, 0.43186355, 0.41497111, 0.39693785]), 'test_score': array([0.72727273, 0.75      , 0.90909091, 0.79545455, 0.75      ])}
{'fit_time': array([5.12054729, 3.53694797, 3.62640381, 3.50572777, 5.16116285]), 'score_time': array([0.40235949, 0.42184711, 0.43642783, 0.42205477, 0.40365934]), 'test_score': array([0.72727273, 0.75      , 0.90909091, 0.79545455, 0.75      ])}
{'fit_time': array([3.66532159, 4.86620641, 3.77207565, 3.65353322, 5.18176365]), 'score_time': array([0.44271994, 0.4131918 , 0.58925366, 0.44489741, 0.39391232]), 'test_score': array([0.72727273, 0.75      , 0.90909091, 0.79545455, 0.75      ])}
{'fit_time': array([3.63528061, 5.22691274, 3.71490383, 5.19373155, 3.57008028]), 'score_time': array([0.43138814, 0.39840937, 0.43059468, 0.3926692 , 0.4391396 ]), 'test_score': array([0.72727273, 0.75      , 0.90909091, 0.79545455, 0.75      ])}
dimension:  7
{'fit_time': array([4.43180847, 4.26613021, 4.69571066, 3.89148951, 5.64887595]), 'score_time': array([0.44648504, 0.46257257, 0.44323134, 0.45635748, 0.43935084]), 'test_score': array([0.72727273, 0.84090909, 0.88636364, 0.79545455, 0.72727273])}
{'fit_time': array([3.78043056, 4.00305843, 3.83687043, 5.55067158, 5.59998894]), 'score_time': array([0.4584198 , 0.4822576 , 0.46786952, 0.43212652, 0.44100237]), 'test_score': array([0.72727273, 0.84090909, 0.88636364, 0.79545455, 0.72727273])}
{'fit_time': array([3.82882023, 3.89847398, 3.88853955, 5.55191493, 5.53806305]), 'score_time': array([0.44506645, 0.46074009, 0.45942736, 0.42663836, 0.4207232 ]), 'test_score': array([0.72727273, 0.84090909, 0.88636364, 0.79545455, 0.72727273])}
{'fit_time': array([3.91451192, 3.98088598, 5.71396852, 5.70170641, 4.0952754 ]), 'score_time': array([0.45890498, 0.47256732, 0.45890594, 0.4337194 , 0.48766899]), 'test_score': array([0.72727273, 0.84090909, 0.88636364, 0.79545455, 0.72727273])}
{'fit_time': array([5.451581  , 4.00451612, 4.18650603, 3.92362952, 5.59432292]), 'score_time': array([0.42043972, 0.44507384, 0.46076846, 0.44473743, 0.45551181]), 'test_score': array([0.72727273, 0.84090909, 0.88636364, 0.79545455, 0.72727273])}
{'fit_time': array([5.55161476, 3.88214278, 3.97387242, 5.49459338, 3.84348559]), 'score_time': array([0.46784115, 0.4625721 , 0.46192718, 0.4258275 , 0.44219637]), 'test_score': array([0.72727273, 0.84090909, 0.88636364, 0.79545455, 0.72727273])}
{'fit_time': array([5.44309902, 3.78475046, 5.45524764, 3.71692824, 3.90603614]), 'score_time': array([0.43595362, 0.44280052, 0.42802286, 0.43780994, 0.46030617]), 'test_score': array([0.72727273, 0.84090909, 0.88636364, 0.79545455, 0.72727273])}
{'fit_time': array([3.73699403, 5.43443012, 5.53963566, 3.92748332, 3.73315096]), 'score_time': array([0.44460964, 0.43392086, 0.4240346 , 0.44415641, 0.45019364]), 'test_score': array([0.72727273, 0.84090909, 0.88636364, 0.79545455, 0.72727273])}
{'fit_time': array([4.36953855, 3.95337534, 5.60412669, 5.037287  , 3.76499295]), 'score_time': array([0.42298818, 0.4564364 , 0.4340241 , 0.42939329, 0.46224356]), 'test_score': array([0.72727273, 0.84090909, 0.88636364, 0.79545455, 0.72727273])}
{'fit_time': array([3.92775774, 5.55000257, 3.84222937, 3.99221873, 5.55772138]), 'score_time': array([0.45681906, 0.43389487, 0.44012403, 0.46098733, 0.43234611]), 'test_score': array([0.72727273, 0.84090909, 0.88636364, 0.79545455, 0.72727273])}
dimension:  8
{'fit_time': array([5.78514004, 4.19848108, 5.7977457 , 3.9792614 , 4.01792002]), 'score_time': array([0.45188761, 0.47941923, 0.45021296, 0.48081779, 0.48178887]), 'test_score': array([0.70454545, 0.79545455, 0.88636364, 0.81818182, 0.79545455])}
{'fit_time': array([5.85519242, 4.03827977, 4.06392431, 5.88233757, 4.09806561]), 'score_time': array([0.45483708, 0.48646569, 0.46962643, 0.47033119, 0.47352505]), 'test_score': array([0.70454545, 0.79545455, 0.88636364, 0.81818182, 0.79545455])}
{'fit_time': array([4.02703786, 5.87293148, 4.12705922, 3.97000241, 5.93869209]), 'score_time': array([0.46635771, 0.460675  , 0.47823167, 0.47836328, 0.46649647]), 'test_score': array([0.70454545, 0.79545455, 0.88636364, 0.81818182, 0.79545455])}
{'fit_time': array([5.83711052, 4.02139902, 4.1492238 , 4.15760231, 5.83148074]), 'score_time': array([0.45992899, 0.48233485, 0.47070837, 0.50047708, 0.45992684]), 'test_score': array([0.70454545, 0.79545455, 0.88636364, 0.81818182, 0.79545455])}
{'fit_time': array([4.09482265, 4.10763311, 4.12331104, 5.93095279, 5.91157579]), 'score_time': array([0.47336483, 0.49765182, 0.47653913, 0.46414661, 0.47344112]), 'test_score': array([0.70454545, 0.79545455, 0.88636364, 0.81818182, 0.79545455])}
{'fit_time': array([5.79843402, 4.1538763 , 4.15856695, 5.83394098, 4.01700377]), 'score_time': array([0.45777893, 0.48054552, 0.49514294, 0.45686316, 0.47259545]), 'test_score': array([0.70454545, 0.79545455, 0.88636364, 0.81818182, 0.79545455])}
{'fit_time': array([4.06999803, 4.14973545, 4.26643014, 5.92358875, 5.90718842]), 'score_time': array([0.470191  , 0.52006769, 0.47346807, 0.45320773, 0.46029782]), 'test_score': array([0.70454545, 0.79545455, 0.88636364, 0.81818182, 0.79545455])}
{'fit_time': array([4.01363611, 4.16051698, 4.50478387, 5.67865705, 5.84384751]), 'score_time': array([0.47187161, 0.49615145, 0.49062514, 0.47988462, 0.44367981]), 'test_score': array([0.70454545, 0.79545455, 0.88636364, 0.81818182, 0.79545455])}
{'fit_time': array([4.15491247, 4.2543807 , 5.99110866, 4.1598227 , 6.00275135]), 'score_time': array([0.48804927, 0.48124218, 0.45208597, 0.49039268, 0.45213103]), 'test_score': array([0.70454545, 0.79545455, 0.88636364, 0.81818182, 0.79545455])}
{'fit_time': array([5.89713287, 3.96121979, 4.14425802, 3.96655059, 5.90628815]), 'score_time': array([0.45646334, 0.47235584, 0.48245263, 0.46817946, 0.45838833]), 'test_score': array([0.70454545, 0.79545455, 0.88636364, 0.81818182, 0.79545455])}
dimension:  9
{'fit_time': array([6.22617793, 4.27858758, 4.33885646, 4.26299739, 6.13080359]), 'score_time': array([0.53277159, 0.50208354, 0.4995575 , 0.49853039, 0.47617269]), 'test_score': array([0.77272727, 0.77272727, 0.88636364, 0.79545455, 0.79545455])}
{'fit_time': array([4.3136425 , 6.1665144 , 4.3994236 , 4.2669487 , 6.24243617]), 'score_time': array([0.50432277, 0.4762876 , 0.513762  , 0.48682332, 0.48935699]), 'test_score': array([0.77272727, 0.77272727, 0.88636364, 0.79545455, 0.79545455])}
{'fit_time': array([4.2508297 , 6.23091292, 4.37579894, 4.20591354, 6.34045601]), 'score_time': array([0.50852919, 0.48248553, 0.4921062 , 0.50094557, 0.50218415]), 'test_score': array([0.77272727, 0.77272727, 0.88636364, 0.79545455, 0.79545455])}
{'fit_time': array([6.14281726, 4.3236196 , 4.41401482, 6.19759512, 4.27746081]), 'score_time': array([0.4727428 , 0.49754405, 0.53073001, 0.48816252, 0.49125266]), 'test_score': array([0.77272727, 0.77272727, 0.88636364, 0.79545455, 0.79545455])}
{'fit_time': array([6.1754179 , 6.14279628, 4.41664982, 4.42261004, 4.24790835]), 'score_time': array([0.48219299, 0.49056959, 0.50797796, 0.51314497, 0.49191666]), 'test_score': array([0.77272727, 0.77272727, 0.88636364, 0.79545455, 0.79545455])}
{'fit_time': array([6.16584396, 4.31878614, 6.18256497, 4.24145913, 4.37430501]), 'score_time': array([0.48183918, 0.50585675, 0.4729681 , 0.51779747, 0.50122285]), 'test_score': array([0.77272727, 0.77272727, 0.88636364, 0.79545455, 0.79545455])}
{'fit_time': array([4.3956182 , 4.30787516, 6.25218725, 4.46621394, 6.14635849]), 'score_time': array([0.50922227, 0.50194669, 0.53216934, 0.50118732, 0.48142719]), 'test_score': array([0.77272727, 0.77272727, 0.88636364, 0.79545455, 0.79545455])}
{'fit_time': array([6.30388737, 4.34296274, 4.21532965, 6.34318113, 4.38787675]), 'score_time': array([0.48512578, 0.49348521, 0.51299167, 0.49955916, 0.50434661]), 'test_score': array([0.77272727, 0.77272727, 0.88636364, 0.79545455, 0.79545455])}
{'fit_time': array([4.29163957, 4.36780787, 6.19720292, 4.29411817, 6.13425326]), 'score_time': array([0.51247382, 0.49480534, 0.49545598, 0.5059557 , 0.47365141]), 'test_score': array([0.77272727, 0.77272727, 0.88636364, 0.79545455, 0.79545455])}
{'fit_time': array([6.24278164, 4.26942229, 4.31748486, 4.24052048, 6.256639  ]), 'score_time': array([0.48448658, 0.4892025 , 0.51648712, 0.48791242, 0.48171759]), 'test_score': array([0.77272727, 0.77272727, 0.88636364, 0.79545455, 0.79545455])}
dimension:  10
{'fit_time': array([4.5715301 , 6.73749352, 4.793051  , 6.68408227, 4.55958414]), 'score_time': array([0.5334897 , 0.51880074, 0.551085  , 0.5062418 , 0.5380373 ]), 'test_score': array([0.75      , 0.84090909, 0.88636364, 0.77272727, 0.79545455])}
{'fit_time': array([6.51333976, 4.58379197, 5.09661269, 4.54648256, 6.71304393]), 'score_time': array([0.51245475, 0.54197621, 0.52963877, 0.53684497, 0.50930595]), 'test_score': array([0.75      , 0.84090909, 0.88636364, 0.77272727, 0.79545455])}
{'fit_time': array([4.60578918, 6.66670489, 4.73950887, 6.66659904, 4.65854025]), 'score_time': array([0.53491449, 0.55089879, 0.5628829 , 0.51239944, 0.54913378]), 'test_score': array([0.75      , 0.84090909, 0.88636364, 0.77272727, 0.79545455])}
{'fit_time': array([6.75078559, 4.67467546, 4.69979191, 4.60613656, 6.6725955 ]), 'score_time': array([0.52277946, 0.56507659, 0.54376054, 0.5429709 , 0.50449586]), 'test_score': array([0.75      , 0.84090909, 0.88636364, 0.77272727, 0.79545455])}
{'fit_time': array([4.58967328, 4.8375597 , 6.59357929, 4.60246682, 6.63394618]), 'score_time': array([0.52316976, 0.54852605, 0.53320193, 0.52083707, 0.49626207]), 'test_score': array([0.75      , 0.84090909, 0.88636364, 0.77272727, 0.79545455])}
{'fit_time': array([4.47377086, 6.62107396, 4.67108393, 6.66130948, 4.59486222]), 'score_time': array([0.54317379, 0.50343919, 0.5253551 , 0.50798154, 0.51928139]), 'test_score': array([0.75      , 0.84090909, 0.88636364, 0.77272727, 0.79545455])}
{'fit_time': array([6.69118524, 4.71727586, 4.63572931, 4.65218616, 6.56993675]), 'score_time': array([0.51843309, 0.56163001, 0.54825854, 0.53916311, 0.50649095]), 'test_score': array([0.75      , 0.84090909, 0.88636364, 0.77272727, 0.79545455])}
{'fit_time': array([4.85493183, 4.55844331, 6.81854534, 4.55945921, 6.77738142]), 'score_time': array([0.54083014, 0.53399587, 0.50047183, 0.55520844, 0.50986385]), 'test_score': array([0.75      , 0.84090909, 0.88636364, 0.77272727, 0.79545455])}
{'fit_time': array([4.66437578, 6.81003714, 6.07073998, 5.59411836, 4.76852989]), 'score_time': array([0.53824234, 0.50483918, 0.511518  , 0.51532125, 0.54255748]), 'test_score': array([0.75      , 0.84090909, 0.88636364, 0.77272727, 0.79545455])}
{'fit_time': array([5.36785364, 6.71570086, 6.09797311, 4.66538596, 4.66193056]), 'score_time': array([0.53383446, 0.49537492, 0.51131487, 0.54871798, 0.54563808]), 'test_score': array([0.75      , 0.84090909, 0.88636364, 0.77272727, 0.79545455])}
dimension:  11
{'fit_time': array([5.08353853, 5.01891518, 5.06589055, 7.30081701, 7.23701334]), 'score_time': array([0.55353999, 0.56436586, 0.57067752, 0.55919766, 0.54493499]), 'test_score': array([0.72727273, 0.84090909, 0.88636364, 0.75      , 0.75      ])}
{'fit_time': array([4.85778689, 5.95648146, 5.56810975, 5.03029418, 6.97712898]), 'score_time': array([0.58385348, 0.54823327, 0.5322597 , 0.540663  , 0.53838444]), 'test_score': array([0.72727273, 0.84090909, 0.88636364, 0.75      , 0.75      ])}
{'fit_time': array([4.99565482, 7.04226518, 4.92621374, 6.9976263 , 4.91660094]), 'score_time': array([0.56821847, 0.5287683 , 0.59451222, 0.53077769, 0.56918001]), 'test_score': array([0.72727273, 0.84090909, 0.88636364, 0.75      , 0.75      ])}
{'fit_time': array([4.83472967, 4.99446774, 7.16448069, 4.88106298, 7.22797608]), 'score_time': array([0.57187867, 0.5806458 , 0.53684306, 0.57163167, 0.52929187]), 'test_score': array([0.72727273, 0.84090909, 0.88636364, 0.75      , 0.75      ])}
{'fit_time': array([5.16497016, 6.17137027, 5.73672342, 4.79707694, 7.06931043]), 'score_time': array([0.58141828, 0.5402391 , 0.55493164, 0.56373858, 0.54625154]), 'test_score': array([0.72727273, 0.84090909, 0.88636364, 0.75      , 0.75      ])}
{'fit_time': array([4.83882356, 7.07882857, 5.01338983, 4.92446995, 7.14504719]), 'score_time': array([0.54475689, 0.54805589, 0.55295396, 0.57413077, 0.52747297]), 'test_score': array([0.72727273, 0.84090909, 0.88636364, 0.75      , 0.75      ])}
{'fit_time': array([4.72638202, 5.60502553, 5.52287722, 5.54934859, 6.96568179]), 'score_time': array([0.56737852, 0.56991053, 0.55411601, 0.57563329, 0.52211833]), 'test_score': array([0.72727273, 0.84090909, 0.88636364, 0.75      , 0.75      ])}
{'fit_time': array([4.8600471 , 4.97702789, 7.05579233, 4.75050735, 6.99538469]), 'score_time': array([0.57169437, 0.57733393, 0.53898787, 0.5633359 , 0.51952171]), 'test_score': array([0.72727273, 0.84090909, 0.88636364, 0.75      , 0.75      ])}
{'fit_time': array([4.97284389, 4.89781928, 7.03106904, 4.86230993, 7.05469584]), 'score_time': array([0.58521771, 0.58132958, 0.52733207, 0.56054831, 0.53649068]), 'test_score': array([0.72727273, 0.84090909, 0.88636364, 0.75      , 0.75      ])}
{'fit_time': array([7.08131647, 4.91635752, 4.97316384, 4.96495247, 7.16509056]), 'score_time': array([0.52261853, 0.56887293, 0.54687095, 0.57492328, 0.55041957]), 'test_score': array([0.72727273, 0.84090909, 0.88636364, 0.75      , 0.75      ])}
dimension:  12
{'fit_time': array([5.07695436, 7.21888518, 5.09507823, 4.97704792, 7.28302765]), 'score_time': array([0.59609532, 0.56694889, 0.58567166, 0.59355736, 0.56801176]), 'test_score': array([0.75      , 0.86363636, 0.86363636, 0.72727273, 0.72727273])}
{'fit_time': array([7.35346746, 5.1184597 , 5.1919353 , 7.33398604, 5.03450227]), 'score_time': array([0.55267978, 0.6084764 , 0.59693742, 0.57333255, 0.62014294]), 'test_score': array([0.75      , 0.86363636, 0.86363636, 0.72727273, 0.72727273])}
{'fit_time': array([7.47465777, 5.1467998 , 5.26208043, 5.10578036, 7.32078004]), 'score_time': array([0.56817126, 0.60039473, 0.60454607, 0.60922623, 0.55183792]), 'test_score': array([0.75      , 0.86363636, 0.86363636, 0.72727273, 0.72727273])}
{'fit_time': array([5.06499624, 5.18496704, 7.35707402, 5.28917241, 7.39670348]), 'score_time': array([0.58530831, 0.61190009, 0.56286836, 0.61849093, 0.5660646 ]), 'test_score': array([0.75      , 0.86363636, 0.86363636, 0.72727273, 0.72727273])}
{'fit_time': array([7.57457829, 5.22329593, 5.36070704, 7.46552348, 5.17871547]), 'score_time': array([0.60510182, 0.61098266, 0.60398006, 0.57104731, 0.62220955]), 'test_score': array([0.75      , 0.86363636, 0.86363636, 0.72727273, 0.72727273])}
{'fit_time': array([5.23609972, 7.50908995, 5.33147502, 5.04799271, 7.60604811]), 'score_time': array([0.61258078, 0.57028913, 0.61285853, 0.5899291 , 0.57091522]), 'test_score': array([0.75      , 0.86363636, 0.86363636, 0.72727273, 0.72727273])}
{'fit_time': array([5.12074351, 5.72603178, 7.12098455, 5.22970796, 7.51581979]), 'score_time': array([0.61136985, 0.65268207, 0.58611465, 0.61341715, 0.58677483]), 'test_score': array([0.75      , 0.86363636, 0.86363636, 0.72727273, 0.72727273])}
{'fit_time': array([7.21564579, 5.31306553, 5.33935785, 5.33563113, 7.5743053 ]), 'score_time': array([0.55911493, 0.61738133, 0.62878132, 0.84613085, 0.56107473]), 'test_score': array([0.75      , 0.86363636, 0.86363636, 0.72727273, 0.72727273])}
{'fit_time': array([7.42372632, 5.21832824, 5.04605389, 5.18272448, 7.47194362]), 'score_time': array([0.56779456, 0.58803725, 0.57077408, 0.60290265, 0.55408096]), 'test_score': array([0.75      , 0.86363636, 0.86363636, 0.72727273, 0.72727273])}
{'fit_time': array([5.05445385, 7.35905933, 5.05655193, 7.37420225, 4.97383642]), 'score_time': array([0.60555625, 0.55344605, 0.59060597, 0.59238577, 0.56810856]), 'test_score': array([0.75      , 0.86363636, 0.86363636, 0.72727273, 0.72727273])}
dimension:  13
{'fit_time': array([5.67348623, 7.86203814, 5.39757347, 5.29148602, 7.85397792]), 'score_time': array([0.62721634, 0.59222412, 0.60866666, 0.60242534, 0.58097172]), 'test_score': array([0.75      , 0.84090909, 0.86363636, 0.75      , 0.72727273])}
{'fit_time': array([5.35776734, 5.39999127, 7.7559638 , 7.80708122, 5.20709419]), 'score_time': array([0.61146665, 0.6279037 , 0.57980585, 0.61035895, 0.61448073]), 'test_score': array([0.75      , 0.84090909, 0.86363636, 0.75      , 0.72727273])}
{'fit_time': array([5.37427688, 5.3302176 , 5.35205913, 7.84106469, 7.79487085]), 'score_time': array([0.62190223, 0.62791419, 0.66670227, 0.59395409, 0.5931716 ]), 'test_score': array([0.75      , 0.84090909, 0.86363636, 0.75      , 0.70454545])}
{'fit_time': array([5.44082117, 5.40369463, 5.55556202, 7.91484308, 7.94797921]), 'score_time': array([0.63718295, 0.62483168, 0.64088273, 0.58045316, 0.58413649]), 'test_score': array([0.75      , 0.84090909, 0.86363636, 0.75      , 0.72727273])}
{'fit_time': array([5.50796771, 7.80511427, 5.41537976, 7.95541811, 5.31218195]), 'score_time': array([0.64101672, 0.59100676, 0.61509967, 0.58400226, 0.61391544]), 'test_score': array([0.75      , 0.84090909, 0.86363636, 0.75      , 0.70454545])}
{'fit_time': array([5.31155348, 5.50668073, 8.06446409, 7.89371419, 5.41821647]), 'score_time': array([0.65407729, 0.643049  , 0.59054351, 0.59895158, 0.62340856]), 'test_score': array([0.75      , 0.84090909, 0.86363636, 0.75      , 0.72727273])}
{'fit_time': array([7.89769244, 5.40942192, 5.62499189, 5.52101207, 7.913059  ]), 'score_time': array([0.5786562 , 0.62656665, 0.65031028, 0.63739562, 0.60033321]), 'test_score': array([0.75      , 0.84090909, 0.86363636, 0.75      , 0.72727273])}
{'fit_time': array([5.4646914 , 5.58781171, 7.54107404, 5.32737708, 7.89574742]), 'score_time': array([0.82306409, 0.65316749, 0.58314919, 0.6325624 , 0.62158275]), 'test_score': array([0.75      , 0.84090909, 0.86363636, 0.75      , 0.72727273])}
{'fit_time': array([7.9553771 , 5.49905777, 7.99494767, 5.59414697, 5.4458673 ]), 'score_time': array([0.59923339, 0.62854934, 0.65542698, 0.63355088, 0.65869188]), 'test_score': array([0.75      , 0.84090909, 0.86363636, 0.75      , 0.72727273])}
{'fit_time': array([7.36461592, 7.78315711, 5.9164772 , 5.42586398, 5.42902517]), 'score_time': array([0.5946126 , 0.60871577, 0.59398603, 0.60732675, 0.62306356]), 'test_score': array([0.75      , 0.84090909, 0.86363636, 0.75      , 0.72727273])}
dimension:  14
{'fit_time': array([8.29882336, 5.79740357, 5.79674816, 8.36031747, 5.66272831]), 'score_time': array([0.60580397, 0.65158844, 0.66542578, 0.66960621, 0.67538929]), 'test_score': array([0.75      , 0.84090909, 0.86363636, 0.70454545, 0.70454545])}
{'fit_time': array([5.84062767, 5.72476864, 8.11003685, 8.18425727, 5.63521481]), 'score_time': array([0.69793415, 0.66475773, 0.62043262, 0.60351372, 0.6635735 ]), 'test_score': array([0.75      , 0.84090909, 0.86363636, 0.70454545, 0.68181818])}
{'fit_time': array([5.60729289, 5.6119628 , 8.16061115, 5.77426791, 8.30941558]), 'score_time': array([0.66004395, 0.62181783, 0.61555123, 0.62601018, 0.60047412]), 'test_score': array([0.75      , 0.84090909, 0.86363636, 0.70454545, 0.68181818])}
{'fit_time': array([8.196872  , 5.60582423, 5.6665442 , 5.63930058, 8.20931268]), 'score_time': array([0.64273214, 0.69050384, 0.65961504, 0.67408252, 0.6161716 ]), 'test_score': array([0.75      , 0.84090909, 0.86363636, 0.70454545, 0.68181818])}
{'fit_time': array([5.7553966 , 5.69948912, 8.11006045, 5.71341109, 8.26264977]), 'score_time': array([0.67361665, 0.66962886, 0.6128273 , 0.66890025, 0.60199046]), 'test_score': array([0.75      , 0.84090909, 0.86363636, 0.70454545, 0.70454545])}
{'fit_time': array([5.75824928, 8.23458862, 5.76979947, 8.18563724, 5.66666555]), 'score_time': array([0.66823864, 0.60549116, 0.67771959, 0.62366366, 0.64667559]), 'test_score': array([0.75      , 0.84090909, 0.86363636, 0.70454545, 0.68181818])}
{'fit_time': array([5.62758589, 6.09290719, 7.83863139, 5.86986637, 8.29633641]), 'score_time': array([0.65168524, 0.76435995, 0.61698127, 0.66338944, 0.61495113]), 'test_score': array([0.75      , 0.84090909, 0.86363636, 0.70454545, 0.70454545])}
{'fit_time': array([5.57485938, 8.06554461, 5.69341779, 5.78406715, 8.12287354]), 'score_time': array([0.64034534, 0.62349892, 0.66612887, 0.64619684, 0.6125598 ]), 'test_score': array([0.75      , 0.84090909, 0.86363636, 0.70454545, 0.70454545])}
{'fit_time': array([7.98586822, 6.13589168, 7.92793083, 5.52794218, 5.49414182]), 'score_time': array([0.61963296, 0.66967607, 0.62044239, 0.66160893, 0.87637973]), 'test_score': array([0.75      , 0.84090909, 0.86363636, 0.70454545, 0.68181818])}
{'fit_time': array([8.20654035, 5.71586418, 8.24385142, 5.72072029, 5.64462066]), 'score_time': array([0.60785079, 0.66093731, 0.63921571, 0.66116357, 0.63873315]), 'test_score': array([0.75      , 0.84090909, 0.86363636, 0.70454545, 0.70454545])}
dimension:  15
{'fit_time': array([5.9084897 , 8.4653821 , 5.88538933, 5.75758958, 8.45277667]), 'score_time': array([0.65555334, 0.6265049 , 0.68937254, 0.69218373, 0.65837455]), 'test_score': array([0.77272727, 0.81818182, 0.86363636, 0.70454545, 0.70454545])}
{'fit_time': array([6.05159855, 6.02777386, 8.78585386, 8.68550324, 5.95048809]), 'score_time': array([0.68127179, 0.70937228, 0.64506078, 0.63737941, 0.69741011]), 'test_score': array([0.77272727, 0.81818182, 0.86363636, 0.70454545, 0.68181818])}
{'fit_time': array([6.11992764, 5.9458673 , 6.06129813, 8.65945387, 8.78623438]), 'score_time': array([0.694767  , 0.69922566, 0.68837333, 0.63844299, 0.66017556]), 'test_score': array([0.77272727, 0.81818182, 0.86363636, 0.70454545, 0.68181818])}
{'fit_time': array([8.49618459, 5.96585917, 6.07089853, 5.93239045, 8.57078457]), 'score_time': array([0.63990736, 0.69516349, 0.70340586, 0.68351221, 0.64218283]), 'test_score': array([0.77272727, 0.81818182, 0.86363636, 0.70454545, 0.68181818])}
{'fit_time': array([5.83801675, 6.0888598 , 5.97656465, 8.43087411, 8.54816771]), 'score_time': array([0.69635224, 0.6867156 , 0.66921544, 0.63524318, 0.64319754]), 'test_score': array([0.77272727, 0.81818182, 0.86363636, 0.70454545, 0.70454545])}
{'fit_time': array([5.8845892 , 5.99971557, 8.61121225, 5.8595264 , 8.66825986]), 'score_time': array([0.67740154, 0.69828486, 0.6469655 , 0.68231487, 0.64815259]), 'test_score': array([0.77272727, 0.81818182, 0.86363636, 0.70454545, 0.70454545])}
{'fit_time': array([5.83009696, 8.72775793, 5.99573803, 6.01458788, 8.65280247]), 'score_time': array([0.67205071, 0.68812466, 0.65794659, 0.69315362, 0.6671741 ]), 'test_score': array([0.77272727, 0.81818182, 0.86363636, 0.70454545, 0.68181818])}
{'fit_time': array([5.71386504, 5.73985434, 8.4619236 , 5.93775988, 8.53628349]), 'score_time': array([0.66116714, 0.65970683, 0.64497495, 0.68490052, 0.6383605 ]), 'test_score': array([0.77272727, 0.81818182, 0.86363636, 0.70454545, 0.70454545])}
{'fit_time': array([5.88546014, 5.97455573, 8.59815884, 5.95349431, 8.61049771]), 'score_time': array([0.68823147, 0.68761349, 0.63738537, 0.71027184, 0.63494253]), 'test_score': array([0.77272727, 0.81818182, 0.86363636, 0.70454545, 0.68181818])}
{'fit_time': array([8.5055213 , 6.14930415, 6.03470993, 8.62858009, 5.89206386]), 'score_time': array([0.64681292, 0.71008253, 0.70147491, 0.64722323, 0.67239118]), 'test_score': array([0.77272727, 0.81818182, 0.86363636, 0.70454545, 0.68181818])}
dimension:  16
{'fit_time': array([6.2384634 , 9.09379315, 6.2366116 , 6.3064003 , 9.16839767]), 'score_time': array([0.73394179, 0.69331837, 0.70840049, 0.728616  , 0.68178749]), 'test_score': array([0.75      , 0.79545455, 0.86363636, 0.65909091, 0.68181818])}
{'fit_time': array([6.6894114 , 6.16542602, 9.05740905, 8.69112539, 6.18443561]), 'score_time': array([0.83913374, 0.71384358, 0.66182375, 0.68592334, 0.75880194]), 'test_score': array([0.75      , 0.79545455, 0.86363636, 0.65909091, 0.68181818])}
{'fit_time': array([5.98426747, 8.9177649 , 6.12555623, 8.93194962, 6.22233629]), 'score_time': array([0.67252946, 0.67524457, 0.71771574, 0.68640876, 0.69322324]), 'test_score': array([0.75      , 0.79545455, 0.86363636, 0.65909091, 0.68181818])}
{'fit_time': array([8.88041615, 6.14560938, 6.135818  , 5.9893856 , 8.87504196]), 'score_time': array([0.66302705, 0.72450972, 0.73772264, 0.71787453, 0.6534586 ]), 'test_score': array([0.75      , 0.79545455, 0.86363636, 0.65909091, 0.68181818])}
{'fit_time': array([6.3390367 , 6.2525847 , 8.88057446, 8.9502058 , 6.14391422]), 'score_time': array([0.71448827, 0.71416402, 0.66966081, 0.66610837, 0.68625236]), 'test_score': array([0.75      , 0.79545455, 0.86363636, 0.65909091, 0.68181818])}
{'fit_time': array([6.0291729 , 8.8404963 , 6.22310305, 6.00148392, 9.02080441]), 'score_time': array([0.72409749, 0.67277718, 0.70364809, 0.72955012, 0.65774632]), 'test_score': array([0.75      , 0.79545455, 0.86363636, 0.65909091, 0.68181818])}
{'fit_time': array([6.25718665, 6.23347592, 9.09669089, 6.20304942, 9.02791238]), 'score_time': array([0.73296976, 0.70589113, 0.68048501, 0.72211385, 0.65629935]), 'test_score': array([0.75      , 0.79545455, 0.86363636, 0.65909091, 0.68181818])}
{'fit_time': array([6.24054599, 6.12469792, 8.82164478, 6.25030088, 8.98148012]), 'score_time': array([0.7199688 , 0.7139945 , 0.65636611, 0.71686912, 0.69684792]), 'test_score': array([0.75      , 0.79545455, 0.86363636, 0.65909091, 0.68181818])}
{'fit_time': array([6.12058902, 6.4087801 , 6.16759133, 8.89726019, 8.94831085]), 'score_time': array([0.70017695, 0.71039104, 0.73066378, 0.66447401, 0.66888189]), 'test_score': array([0.75      , 0.79545455, 0.86363636, 0.65909091, 0.68181818])}
{'fit_time': array([6.12008071, 6.34905529, 6.23587489, 8.86687517, 9.06238818]), 'score_time': array([0.70924282, 0.7376771 , 0.72208667, 0.65817499, 0.70004559]), 'test_score': array([0.75      , 0.79545455, 0.86363636, 0.65909091, 0.68181818])}
dimension:  17
{'fit_time': array([6.32731724, 9.26567006, 6.43352079, 6.40537024, 9.41308713]), 'score_time': array([0.70560861, 0.6978364 , 0.71179652, 0.74557328, 0.71371484]), 'test_score': array([0.77272727, 0.79545455, 0.86363636, 0.63636364, 0.72727273])}
{'fit_time': array([9.42841029, 6.51829982, 6.23223376, 9.2503581 , 6.32794237]), 'score_time': array([0.67997694, 0.77049327, 0.73519492, 0.70308137, 0.75597167]), 'test_score': array([0.77272727, 0.79545455, 0.86363636, 0.63636364, 0.72727273])}
{'fit_time': array([9.38546276, 6.33066678, 6.43903017, 9.33887029, 6.42160106]), 'score_time': array([0.69120669, 0.72128367, 0.70821404, 0.69839168, 0.74180245]), 'test_score': array([0.77272727, 0.79545455, 0.86363636, 0.63636364, 0.75      ])}
{'fit_time': array([6.37871552, 6.30345488, 6.43045497, 9.30296278, 9.38465452]), 'score_time': array([0.77642035, 0.72826743, 0.73743129, 0.71771216, 0.69680214]), 'test_score': array([0.77272727, 0.79545455, 0.86363636, 0.63636364, 0.72727273])}
{'fit_time': array([6.55402875, 9.36691618, 6.64138055, 9.35636139, 6.48080087]), 'score_time': array([0.74774647, 0.69439411, 0.76220942, 0.7200861 , 0.73967361]), 'test_score': array([0.77272727, 0.79545455, 0.86363636, 0.63636364, 0.72727273])}
{'fit_time': array([6.34367275, 8.89101362, 6.8846004 , 6.30830359, 9.34666348]), 'score_time': array([0.7097919 , 0.70624518, 0.79105091, 0.72616434, 0.71984267]), 'test_score': array([0.77272727, 0.79545455, 0.86363636, 0.63636364, 0.72727273])}
{'fit_time': array([6.50251937, 8.68303466, 9.41669679, 6.62435365, 7.27736235]), 'score_time': array([0.75425291, 0.70771742, 0.69079113, 0.74967456, 0.75193787]), 'test_score': array([0.77272727, 0.79545455, 0.86363636, 0.63636364, 0.72727273])}
{'fit_time': array([6.25714779, 6.40163231, 9.30325317, 8.07876372, 7.76349235]), 'score_time': array([0.7236867 , 0.73037052, 0.71822333, 0.70290709, 0.69397116]), 'test_score': array([0.77272727, 0.79545455, 0.86363636, 0.63636364, 0.72727273])}
{'fit_time': array([6.23530746, 6.55458331, 9.18415022, 9.06218481, 6.22835779]), 'score_time': array([0.72391939, 0.73355198, 0.69817853, 0.68559122, 0.72140479]), 'test_score': array([0.77272727, 0.79545455, 0.86363636, 0.63636364, 0.72727273])}
{'fit_time': array([9.18464613, 6.52527356, 6.38484287, 6.61520314, 9.33995676]), 'score_time': array([0.68517327, 0.76977491, 0.74343944, 0.75554347, 0.69880104]), 'test_score': array([0.77272727, 0.79545455, 0.86363636, 0.63636364, 0.72727273])}
dimension:  18
{'fit_time': array([6.76478577, 9.74113274, 6.92093968, 9.68086886, 6.69925213]), 'score_time': array([0.76956511, 0.71827006, 0.79888892, 0.72005391, 0.75740147]), 'test_score': array([0.77272727, 0.75      , 0.88636364, 0.65909091, 0.72727273])}
{'fit_time': array([6.75364947, 6.61752748, 9.24089718, 7.27860904, 9.98986959]), 'score_time': array([0.79548836, 0.75965142, 0.71356559, 1.01380968, 0.72582841]), 'test_score': array([0.77272727, 0.75      , 0.88636364, 0.65909091, 0.75      ])}
{'fit_time': array([9.57192373, 9.83226109, 6.8234272 , 7.1061132 , 6.640553  ]), 'score_time': array([0.7231524 , 0.69925308, 0.81432557, 0.79698014, 0.76847267]), 'test_score': array([0.77272727, 0.75      , 0.88636364, 0.65909091, 0.72727273])}
{'fit_time': array([6.6511023 , 6.79446006, 7.92080998, 9.70875669, 8.48199415]), 'score_time': array([0.77325773, 0.76275325, 0.74038291, 0.69929528, 0.75289345]), 'test_score': array([0.77272727, 0.75      , 0.88636364, 0.65909091, 0.75      ])}
{'fit_time': array([9.7682085 , 6.97712636, 6.70175838, 9.82562852, 6.60907435]), 'score_time': array([0.72009659, 0.77015138, 0.80291319, 0.75449109, 0.75905943]), 'test_score': array([0.77272727, 0.75      , 0.88636364, 0.65909091, 0.72727273])}
{'fit_time': array([6.73986506, 9.67526484, 6.75024819, 6.93593693, 9.88644576]), 'score_time': array([0.79896975, 0.71272516, 0.76647568, 0.77963328, 0.7413764 ]), 'test_score': array([0.77272727, 0.75      , 0.88636364, 0.65909091, 0.72727273])}
{'fit_time': array([9.63176417, 6.71561313, 6.87464857, 6.75555182, 9.74151826]), 'score_time': array([0.70798469, 0.75975513, 0.76816368, 0.75403714, 0.70832896]), 'test_score': array([0.77272727, 0.75      , 0.88636364, 0.65909091, 0.72727273])}
{'fit_time': array([9.7839148 , 6.78739882, 9.66840577, 6.53039718, 6.57366085]), 'score_time': array([0.70979762, 0.78730345, 0.74301696, 0.76264596, 0.76085186]), 'test_score': array([0.77272727, 0.75      , 0.88636364, 0.65909091, 0.75      ])}
{'fit_time': array([9.83578753, 7.00848174, 9.82594466, 6.89693546, 6.74281049]), 'score_time': array([0.72891378, 0.76073718, 0.72009778, 0.82629704, 0.76411057]), 'test_score': array([0.77272727, 0.75      , 0.88636364, 0.65909091, 0.72727273])}
{'fit_time': array([6.86363626, 9.98818636, 7.00864697, 7.00697136, 9.6637013 ]), 'score_time': array([0.78444457, 0.77364612, 0.7788713 , 1.08008385, 0.76166558]), 'test_score': array([0.77272727, 0.75      , 0.88636364, 0.65909091, 0.75      ])}
dimension:  19
{'fit_time': array([10.30589151,  7.23979616,  7.08312368,  7.07619333, 10.25737   ]), 'score_time': array([0.75603819, 0.80004454, 0.82843065, 0.84171772, 0.74715376]), 'test_score': array([0.77272727, 0.77272727, 0.86363636, 0.68181818, 0.75      ])}
{'fit_time': array([10.13307548, 10.10746336,  6.94669914,  6.99111915,  7.00358725]), 'score_time': array([0.74245954, 0.72839499, 0.79322791, 0.76805711, 0.78268957]), 'test_score': array([0.77272727, 0.77272727, 0.86363636, 0.68181818, 0.75      ])}
{'fit_time': array([ 7.10680485, 10.05576372,  7.03839374,  9.97839165,  6.83904862]), 'score_time': array([0.84907413, 0.76218939, 0.8305037 , 0.75802612, 0.84911966]), 'test_score': array([0.77272727, 0.77272727, 0.86363636, 0.68181818, 0.75      ])}
{'fit_time': array([ 7.08074951, 10.28954816,  7.28848863,  7.1740787 , 10.23936152]), 'score_time': array([0.79310441, 0.75232244, 0.79624963, 0.79840589, 0.76818752]), 'test_score': array([0.77272727, 0.77272727, 0.86363636, 0.68181818, 0.72727273])}
{'fit_time': array([10.20435119, 10.1953702 ,  7.0313282 ,  7.06885409,  7.0770278 ]), 'score_time': array([0.75693154, 0.74041915, 0.8191843 , 0.80699992, 0.82473063]), 'test_score': array([0.77272727, 0.77272727, 0.86363636, 0.68181818, 0.75      ])}
{'fit_time': array([ 7.06528306,  7.02732658, 10.1364181 , 10.13900328,  7.19631195]), 'score_time': array([0.84166503, 0.80068898, 0.73822856, 0.73418188, 0.8069005 ]), 'test_score': array([0.77272727, 0.77272727, 0.86363636, 0.68181818, 0.72727273])}
{'fit_time': array([ 7.0088191 ,  7.00288033, 10.18382716, 10.29911399,  7.14805388]), 'score_time': array([0.82368159, 0.81061172, 0.73850107, 0.77592492, 0.797858  ]), 'test_score': array([0.77272727, 0.77272727, 0.86363636, 0.68181818, 0.75      ])}
{'fit_time': array([10.10903454,  7.01115251,  6.87466931,  7.21539068, 10.10875845]), 'score_time': array([0.7366004 , 0.82898474, 0.78717923, 0.80649972, 0.77841711]), 'test_score': array([0.77272727, 0.77272727, 0.86363636, 0.68181818, 0.72727273])}
{'fit_time': array([10.14800549,  6.91245556,  7.18787336, 10.18258643,  7.00094485]), 'score_time': array([0.73625779, 0.82343864, 0.79626298, 0.74366808, 0.8081677 ]), 'test_score': array([0.77272727, 0.77272727, 0.86363636, 0.68181818, 0.75      ])}
{'fit_time': array([6.87060952, 9.93788695, 6.92111421, 9.97953224, 6.99406624]), 'score_time': array([0.76625991, 0.74828506, 0.81197286, 0.74771619, 0.77827573]), 'test_score': array([0.77272727, 0.77272727, 0.86363636, 0.68181818, 0.72727273])}
dimension:  20
{'fit_time': array([ 7.02430844, 10.32235217,  6.99937224, 10.24723005,  7.27751756]), 'score_time': array([0.83182359, 0.7931056 , 0.78105545, 0.76578832, 0.80468845]), 'test_score': array([0.77272727, 0.77272727, 0.88636364, 0.72727273, 0.75      ])}
{'fit_time': array([10.49501348,  7.15280366,  7.41572809, 10.39098811,  7.26709056]), 'score_time': array([0.7992928 , 0.83946657, 0.83971334, 0.76207423, 0.85689354]), 'test_score': array([0.77272727, 0.77272727, 0.88636364, 0.72727273, 0.75      ])}
{'fit_time': array([10.2942853 ,  7.23426461,  7.00169683, 10.22340894,  7.15244746]), 'score_time': array([0.76329446, 0.83229613, 0.78608036, 0.76196527, 0.8229177 ]), 'test_score': array([0.77272727, 0.77272727, 0.88636364, 0.72727273, 0.75      ])}
{'fit_time': array([ 7.16461754, 10.54699135,  7.32696605,  7.00914431, 10.44077706]), 'score_time': array([0.80644345, 0.76007771, 0.85057974, 0.81016707, 0.80116582]), 'test_score': array([0.77272727, 0.77272727, 0.88636364, 0.72727273, 0.72727273])}
{'fit_time': array([ 7.25530624,  7.3192699 , 10.24703026,  7.19385219, 10.65625525]), 'score_time': array([0.77939844, 0.78652287, 0.78177786, 0.82654309, 0.7533052 ]), 'test_score': array([0.77272727, 0.77272727, 0.88636364, 0.72727273, 0.72727273])}
{'fit_time': array([ 7.12780952, 10.34803319,  7.09078598, 10.41087174,  7.02206874]), 'score_time': array([0.8126142 , 0.76092315, 0.80224991, 0.80716157, 0.8249259 ]), 'test_score': array([0.77272727, 0.77272727, 0.88636364, 0.72727273, 0.72727273])}
{'fit_time': array([ 7.05392861,  7.20105648, 10.43439507,  6.95750237, 10.33090234]), 'score_time': array([0.81348658, 0.82691073, 0.79759216, 0.83330345, 0.76744294]), 'test_score': array([0.77272727, 0.77272727, 0.88636364, 0.72727273, 0.75      ])}
{'fit_time': array([10.49424124,  7.31309032,  7.17865801, 10.53953075,  7.23474407]), 'score_time': array([0.75700068, 0.83431149, 0.80104494, 0.76759791, 0.84083223]), 'test_score': array([0.77272727, 0.77272727, 0.88636364, 0.72727273, 0.72727273])}
{'fit_time': array([10.53537011, 10.57034492,  7.38377595,  7.16042852,  7.26029205]), 'score_time': array([0.75719738, 0.77810025, 0.81915903, 0.84656668, 0.8435638 ]), 'test_score': array([0.77272727, 0.77272727, 0.88636364, 0.72727273, 0.75      ])}
{'fit_time': array([ 7.13037586,  7.481179  , 10.54230642,  7.06414986, 10.4357903 ]), 'score_time': array([0.79981089, 0.86282468, 0.76035881, 0.82010269, 0.76563811]), 'test_score': array([0.77272727, 0.77272727, 0.88636364, 0.72727273, 0.72727273])}
AdaBoosting with raw data
{'fit_time': array([11.17533803,  7.59159756,  7.78021884, 11.13976955,  7.64703846]), 'score_time': array([0.85213208, 0.89846921, 0.92710042, 0.85650206, 0.93376637]), 'test_score': array([0.77272727, 0.84090909, 0.86363636, 0.81818182, 0.72727273])}
{'fit_time': array([11.03832769,  8.72682667, 10.02759886,  7.33399653,  7.26874328]), 'score_time': array([0.85692525, 0.88987517, 0.87080932, 0.89604616, 0.8669951 ]), 'test_score': array([0.77272727, 0.84090909, 0.86363636, 0.81818182, 0.72727273])}
{'fit_time': array([ 7.43460226,  7.63011765, 11.07196283,  7.52880931, 10.92521524]), 'score_time': array([0.90563607, 0.94288349, 0.85214806, 0.93017006, 0.83207774]), 'test_score': array([0.77272727, 0.84090909, 0.86363636, 0.81818182, 0.72727273])}
{'fit_time': array([11.0812912 ,  7.61803865,  7.40562868, 10.89620686,  7.65883231]), 'score_time': array([0.89066672, 0.90896511, 0.93069482, 0.84674025, 0.88413978]), 'test_score': array([0.77272727, 0.84090909, 0.86363636, 0.81818182, 0.72727273])}
{'fit_time': array([11.02564383,  7.47807527, 10.93511224,  7.47457123,  7.30098867]), 'score_time': array([0.90317965, 0.91462135, 0.83984184, 0.89954996, 0.87727499]), 'test_score': array([0.77272727, 0.84090909, 0.86363636, 0.81818182, 0.72727273])}
{'fit_time': array([11.37022662,  7.705338  ,  7.68079281, 11.25024462,  7.62428451]), 'score_time': array([0.88392401, 0.96696544, 0.93550825, 0.86217356, 0.93330193]), 'test_score': array([0.77272727, 0.84090909, 0.86363636, 0.81818182, 0.72727273])}
{'fit_time': array([ 7.63854218,  7.79435563, 11.18002963, 11.24732924,  7.80724931]), 'score_time': array([0.93610382, 0.93934035, 0.85641956, 0.84039855, 0.92297268]), 'test_score': array([0.77272727, 0.84090909, 0.86363636, 0.81818182, 0.72727273])}
{'fit_time': array([ 7.64675617,  7.71136594,  7.76181436, 11.11782765, 11.27937031]), 'score_time': array([0.91762638, 0.94375014, 0.93707204, 0.84457207, 0.8436079 ]), 'test_score': array([0.77272727, 0.84090909, 0.86363636, 0.81818182, 0.72727273])}
{'fit_time': array([ 7.48989439,  7.36891079, 11.23757052, 11.32283044,  7.56326485]), 'score_time': array([0.88256931, 0.91694713, 0.87370634, 0.84950161, 0.8775568 ]), 'test_score': array([0.77272727, 0.84090909, 0.86363636, 0.81818182, 0.72727273])}
{'fit_time': array([10.30564952,  7.4618094 , 11.26733065,  8.53550124,  7.57478476]), 'score_time': array([0.84516573, 0.92825508, 0.85163522, 0.90749335, 0.94177222]), 'test_score': array([0.77272727, 0.84090909, 0.86363636, 0.81818182, 0.72727273])}

Maximum value Summary
PCA data [0.77272727 0.77272727 0.77272727 0.81818182 0.75       0.90909091
 0.88636364 0.88636364 0.88636364 0.88636364 0.88636364 0.86363636
 0.86363636 0.86363636 0.86363636 0.86363636 0.86363636 0.88636364
 0.86363636 0.88636364]
raw_data 0.8636363636363635

Time Summary
PCA data [14.94161789 16.3712672  17.99918854 19.77690573 21.74195893 23.18058281
 25.03724611 26.43674798 27.87229567 30.05213048 31.67112191 33.32391455
 35.13356221 36.74472561 38.38540177 40.02242045 41.53074825 43.73424003
 45.37328882 46.40575063]
raw_data 49.47831757068634
