n_estimators= 2500 , learning_rate= 0.02
AdaBoosting with pca data
dimension:  1
{'fit_time': array([3.19802427, 2.29171491, 2.21229005, 3.15917397, 2.24535227]), 'score_time': array([0.24748111, 0.2604692 , 0.26658106, 0.24985337, 0.28855038]), 'test_score': array([0.66666667, 0.66666667, 0.69047619, 0.61904762, 0.70731707])}
{'fit_time': array([3.18786526, 2.24500322, 2.24217486, 3.1945281 , 2.24843979]), 'score_time': array([0.24744844, 0.26527619, 0.26038361, 0.25353003, 0.25769901]), 'test_score': array([0.66666667, 0.66666667, 0.69047619, 0.61904762, 0.70731707])}
{'fit_time': array([2.26942801, 2.24775195, 3.17559671, 3.16858411, 2.29052687]), 'score_time': array([0.27094102, 0.2680769 , 0.25164175, 0.24993253, 0.26321387]), 'test_score': array([0.66666667, 0.66666667, 0.69047619, 0.61904762, 0.70731707])}
{'fit_time': array([2.22783589, 2.28688812, 3.15692496, 2.22055387, 3.13944793]), 'score_time': array([0.25817227, 0.27467942, 0.2501924 , 0.25649548, 0.24353385]), 'test_score': array([0.66666667, 0.66666667, 0.69047619, 0.61904762, 0.70731707])}
{'fit_time': array([2.24587941, 2.26708841, 3.16969514, 2.21937919, 3.16279626]), 'score_time': array([0.25610614, 0.26442766, 0.25730729, 0.25463748, 0.24584961]), 'test_score': array([0.66666667, 0.66666667, 0.69047619, 0.61904762, 0.70731707])}
{'fit_time': array([2.22489643, 2.26217127, 3.16297388, 2.19976759, 3.17403698]), 'score_time': array([0.25586319, 0.26038456, 0.25100994, 0.25765347, 0.25674939]), 'test_score': array([0.66666667, 0.66666667, 0.69047619, 0.61904762, 0.70731707])}
{'fit_time': array([2.19985986, 2.24092484, 3.1618855 , 2.30255485, 3.16948438]), 'score_time': array([0.25720048, 0.25721145, 0.24413729, 0.26439714, 0.25618911]), 'test_score': array([0.66666667, 0.66666667, 0.69047619, 0.61904762, 0.70731707])}
{'fit_time': array([3.17129374, 3.18165755, 2.28609061, 2.2047472 , 2.26963973]), 'score_time': array([0.24553299, 0.25953817, 0.2626369 , 0.2539041 , 0.26556516]), 'test_score': array([0.66666667, 0.66666667, 0.69047619, 0.61904762, 0.70731707])}
{'fit_time': array([3.17340875, 2.30367398, 2.28594136, 2.28104806, 3.17031837]), 'score_time': array([0.24788141, 0.27872515, 0.25269222, 0.25949144, 0.24471116]), 'test_score': array([0.66666667, 0.66666667, 0.69047619, 0.61904762, 0.70731707])}
{'fit_time': array([2.20231175, 3.17548108, 2.24014449, 2.27868795, 3.16680574]), 'score_time': array([0.25791001, 0.25337124, 0.28503919, 0.26411939, 0.24337292]), 'test_score': array([0.66666667, 0.66666667, 0.69047619, 0.61904762, 0.70731707])}
dimension:  2
{'fit_time': array([2.42249894, 2.52011323, 3.56172585, 2.52436113, 3.53448749]), 'score_time': array([0.29041958, 0.29429817, 0.28733802, 0.28232098, 0.2713089 ]), 'test_score': array([0.73809524, 0.66666667, 0.64285714, 0.73809524, 0.7804878 ])}
{'fit_time': array([3.58976388, 2.44375181, 2.56930709, 3.56381536, 2.51605177]), 'score_time': array([0.3068192 , 0.29092288, 0.30378079, 0.27431631, 0.27838707]), 'test_score': array([0.73809524, 0.66666667, 0.64285714, 0.73809524, 0.7804878 ])}
{'fit_time': array([3.5760386 , 2.48813534, 2.54554939, 2.550843  , 3.54647326]), 'score_time': array([0.28188157, 0.28117156, 0.29557824, 0.29550624, 0.27656507]), 'test_score': array([0.73809524, 0.66666667, 0.64285714, 0.73809524, 0.7804878 ])}
{'fit_time': array([2.49266982, 3.57129884, 2.53812599, 3.53382444, 2.47510433]), 'score_time': array([0.28566694, 0.30983281, 0.29110193, 0.27576232, 0.29206061]), 'test_score': array([0.73809524, 0.66666667, 0.64285714, 0.73809524, 0.7804878 ])}
{'fit_time': array([2.51208878, 3.51807761, 2.54467368, 2.47497606, 3.50278687]), 'score_time': array([0.29202914, 0.28026199, 0.29871798, 0.28386045, 0.2815907 ]), 'test_score': array([0.73809524, 0.66666667, 0.64285714, 0.73809524, 0.7804878 ])}
{'fit_time': array([3.57486105, 2.52141762, 2.50664544, 3.58653069, 2.52398801]), 'score_time': array([0.28303862, 0.28868961, 0.29010677, 0.2894845 , 0.29577088]), 'test_score': array([0.73809524, 0.66666667, 0.64285714, 0.73809524, 0.7804878 ])}
{'fit_time': array([3.55263233, 2.61059904, 2.92064881, 2.50378919, 3.18671179]), 'score_time': array([0.27956247, 0.31408   , 0.29030991, 0.28946066, 0.29961967]), 'test_score': array([0.73809524, 0.66666667, 0.64285714, 0.73809524, 0.7804878 ])}
{'fit_time': array([3.55443287, 2.51066899, 3.56326294, 2.53963804, 2.55315495]), 'score_time': array([0.27747512, 0.29073644, 0.27898884, 0.30428839, 0.29295564]), 'test_score': array([0.73809524, 0.66666667, 0.64285714, 0.73809524, 0.7804878 ])}
{'fit_time': array([3.61821246, 2.6601882 , 2.48821092, 2.59618998, 3.60471964]), 'score_time': array([0.29885936, 0.33226418, 0.31622767, 0.30081487, 0.29952407]), 'test_score': array([0.73809524, 0.66666667, 0.64285714, 0.73809524, 0.7804878 ])}
{'fit_time': array([3.70010376, 3.67002916, 2.69043851, 2.77871346, 2.69536185]), 'score_time': array([0.28413796, 0.2917819 , 0.30254221, 0.29529262, 0.29198265]), 'test_score': array([0.73809524, 0.66666667, 0.64285714, 0.73809524, 0.7804878 ])}
dimension:  3
{'fit_time': array([2.99835443, 2.9875524 , 4.11174488, 4.12389302, 2.89379358]), 'score_time': array([0.36990118, 0.36466742, 0.31360149, 0.32016373, 0.34586668]), 'test_score': array([0.69047619, 0.73809524, 0.69047619, 0.78571429, 0.68292683])}
{'fit_time': array([3.02607107, 3.86751699, 3.29028249, 2.86047101, 4.06219411]), 'score_time': array([0.35968113, 0.32557034, 0.36547804, 0.32247019, 0.32951713]), 'test_score': array([0.69047619, 0.73809524, 0.69047619, 0.78571429, 0.68292683])}
{'fit_time': array([2.81235504, 2.82299089, 4.00378871, 2.9553256 , 4.00578213]), 'score_time': array([0.32673097, 0.31389952, 0.30977297, 0.31932569, 0.30626798]), 'test_score': array([0.69047619, 0.73809524, 0.69047619, 0.78571429, 0.68292683])}
{'fit_time': array([4.08292699, 2.97834706, 3.12437248, 4.16138721, 3.08294201]), 'score_time': array([0.32992172, 0.37378263, 0.36858869, 0.35828733, 0.3540287 ]), 'test_score': array([0.69047619, 0.73809524, 0.69047619, 0.78571429, 0.68292683])}
{'fit_time': array([2.91450858, 4.06711411, 2.98807383, 4.04357028, 3.02654982]), 'score_time': array([0.32042336, 0.3256278 , 0.33611798, 0.3500514 , 0.34497142]), 'test_score': array([0.69047619, 0.73809524, 0.69047619, 0.78571429, 0.68292683])}
{'fit_time': array([2.68825579, 2.78705096, 2.80176806, 3.94299388, 3.95898008]), 'score_time': array([0.3279171 , 0.34069538, 0.34344172, 0.30599952, 0.30512857]), 'test_score': array([0.69047619, 0.73809524, 0.69047619, 0.78571429, 0.68292683])}
{'fit_time': array([2.79988003, 2.89143753, 2.80725145, 3.94143724, 3.94249463]), 'score_time': array([0.325109  , 0.32668757, 0.33293796, 0.30275655, 0.31472659]), 'test_score': array([0.69047619, 0.73809524, 0.69047619, 0.78571429, 0.68292683])}
{'fit_time': array([2.6783638 , 2.78881264, 3.85448623, 2.70717835, 3.89221263]), 'score_time': array([0.30864811, 0.33012366, 0.31281209, 0.31387901, 0.29676223]), 'test_score': array([0.69047619, 0.73809524, 0.69047619, 0.78571429, 0.68292683])}
{'fit_time': array([2.79128146, 2.72669053, 3.90240026, 2.73797846, 3.93616629]), 'score_time': array([0.31345296, 0.32855749, 0.30480433, 0.32497597, 0.33365941]), 'test_score': array([0.69047619, 0.73809524, 0.69047619, 0.78571429, 0.68292683])}
{'fit_time': array([2.71673512, 3.91096663, 2.65793872, 2.79555893, 3.90382886]), 'score_time': array([0.31263685, 0.33002949, 0.31671119, 0.32941175, 0.30205941]), 'test_score': array([0.69047619, 0.73809524, 0.69047619, 0.78571429, 0.68292683])}
dimension:  4
{'fit_time': array([2.95375419, 2.98701596, 3.07756972, 4.26340103, 4.26681471]), 'score_time': array([0.34597421, 0.34140444, 0.36086202, 0.33310485, 0.34892154]), 'test_score': array([0.69047619, 0.71428571, 0.66666667, 0.78571429, 0.75609756])}
{'fit_time': array([2.94266558, 3.02836204, 2.94231272, 4.25428295, 4.2418015 ]), 'score_time': array([0.33849716, 0.35912037, 0.34811854, 0.33415794, 0.343539  ]), 'test_score': array([0.69047619, 0.71428571, 0.66666667, 0.78571429, 0.75609756])}
{'fit_time': array([2.91421556, 3.10140514, 4.22949505, 4.2938025 , 3.00614905]), 'score_time': array([0.33960843, 0.35480452, 0.33331585, 0.35237193, 0.34477234]), 'test_score': array([0.69047619, 0.71428571, 0.66666667, 0.78571429, 0.75609756])}
{'fit_time': array([3.51712847, 2.94168544, 3.67774582, 3.15797091, 4.26534057]), 'score_time': array([0.34069324, 0.36841679, 0.34429336, 0.34716916, 0.33377266]), 'test_score': array([0.69047619, 0.71428571, 0.66666667, 0.78571429, 0.75609756])}
{'fit_time': array([2.95483541, 3.02001357, 4.26922274, 3.00101757, 4.26688218]), 'score_time': array([0.34472489, 0.36370587, 0.3403852 , 0.3434236 , 0.33267927]), 'test_score': array([0.69047619, 0.71428571, 0.66666667, 0.78571429, 0.75609756])}
{'fit_time': array([4.27712512, 3.04276037, 3.01167488, 2.93322134, 4.29821587]), 'score_time': array([0.33537173, 0.35881162, 0.3524425 , 0.34702301, 0.36043167]), 'test_score': array([0.69047619, 0.71428571, 0.66666667, 0.78571429, 0.75609756])}
{'fit_time': array([3.86547947, 3.38758993, 2.99440265, 3.01700544, 4.23427248]), 'score_time': array([0.33686686, 0.34167528, 0.35229135, 0.35768604, 0.32469273]), 'test_score': array([0.69047619, 0.71428571, 0.66666667, 0.78571429, 0.75609756])}
{'fit_time': array([3.06493139, 4.26632071, 2.96930051, 2.93608117, 4.30445385]), 'score_time': array([0.35965014, 0.33288217, 0.37031889, 0.34662318, 0.3405242 ]), 'test_score': array([0.69047619, 0.71428571, 0.66666667, 0.78571429, 0.75609756])}
{'fit_time': array([2.99414992, 4.42118454, 3.10744071, 2.99367404, 4.38444781]), 'score_time': array([0.38309193, 0.32947302, 0.36094618, 0.35621905, 0.34367585]), 'test_score': array([0.69047619, 0.71428571, 0.66666667, 0.78571429, 0.75609756])}
{'fit_time': array([4.31190729, 3.12139225, 2.96945477, 3.06833839, 4.27872539]), 'score_time': array([0.36603022, 0.36625648, 0.3498261 , 0.35109878, 0.32784605]), 'test_score': array([0.69047619, 0.71428571, 0.66666667, 0.78571429, 0.75609756])}
dimension:  5
{'fit_time': array([3.2344625 , 4.57390046, 3.22534084, 3.14725661, 4.60228133]), 'score_time': array([0.36219072, 0.35906458, 0.36707616, 0.36316991, 0.35433769]), 'test_score': array([0.76190476, 0.69047619, 0.5952381 , 0.71428571, 0.65853659])}
{'fit_time': array([3.10222197, 3.12191868, 4.56934452, 3.12916636, 4.58018064]), 'score_time': array([0.3660388 , 0.36854863, 0.35983753, 0.37040544, 0.36400318]), 'test_score': array([0.76190476, 0.69047619, 0.5952381 , 0.71428571, 0.65853659])}
{'fit_time': array([3.14282608, 3.12139964, 3.12853885, 4.58226991, 4.55634975]), 'score_time': array([0.36866474, 0.36599016, 0.36833882, 0.39600372, 0.34708643]), 'test_score': array([0.76190476, 0.69047619, 0.5952381 , 0.71428571, 0.65853659])}
{'fit_time': array([3.10983849, 3.16078162, 4.5912621 , 4.5454812 , 3.15169382]), 'score_time': array([0.36787534, 0.37013841, 0.39416361, 0.35330462, 0.36400676]), 'test_score': array([0.76190476, 0.69047619, 0.5952381 , 0.71428571, 0.65853659])}
{'fit_time': array([3.11536455, 3.11367941, 4.55002546, 3.09746337, 4.55608273]), 'score_time': array([0.36802292, 0.36745286, 0.36373377, 0.36380887, 0.35887098]), 'test_score': array([0.76190476, 0.69047619, 0.5952381 , 0.71428571, 0.65853659])}
{'fit_time': array([3.11303163, 4.59080935, 4.54699349, 3.11801457, 3.12811089]), 'score_time': array([0.36715174, 0.39548731, 0.35816002, 0.36836839, 0.36007762]), 'test_score': array([0.76190476, 0.69047619, 0.5952381 , 0.71428571, 0.65853659])}
{'fit_time': array([3.10824943, 4.50314546, 3.09723091, 3.10447049, 4.52466297]), 'score_time': array([0.36684752, 0.36054897, 0.36391115, 0.36875701, 0.35534787]), 'test_score': array([0.76190476, 0.69047619, 0.5952381 , 0.71428571, 0.65853659])}
{'fit_time': array([3.1259129 , 3.1154511 , 4.54179454, 4.53495264, 3.10830522]), 'score_time': array([0.36463451, 0.37097168, 0.35630703, 0.36069369, 0.35961843]), 'test_score': array([0.76190476, 0.69047619, 0.5952381 , 0.71428571, 0.65853659])}
{'fit_time': array([3.11689353, 3.10967135, 4.57598495, 4.57642913, 3.11780763]), 'score_time': array([0.36355424, 0.37000465, 0.35797668, 0.36013627, 0.3651669 ]), 'test_score': array([0.76190476, 0.69047619, 0.5952381 , 0.71428571, 0.65853659])}
{'fit_time': array([3.10134792, 4.58872724, 3.10600066, 3.12770033, 4.53995776]), 'score_time': array([0.36691356, 0.39416814, 0.36772466, 0.36978483, 0.35027909]), 'test_score': array([0.76190476, 0.69047619, 0.5952381 , 0.71428571, 0.65853659])}
dimension:  6
{'fit_time': array([3.33501911, 3.33924794, 3.36588287, 4.89948153, 4.90884209]), 'score_time': array([0.39521766, 0.39385462, 0.39617085, 0.37974715, 0.38336396]), 'test_score': array([0.76190476, 0.71428571, 0.64285714, 0.76190476, 0.70731707])}
{'fit_time': array([4.97425652, 3.31098127, 3.38356352, 4.91736507, 3.35616612]), 'score_time': array([0.42608142, 0.39187574, 0.39830184, 0.37990761, 0.39172721]), 'test_score': array([0.76190476, 0.71428571, 0.64285714, 0.76190476, 0.70731707])}
{'fit_time': array([3.31960893, 3.320961  , 4.83272409, 3.29230666, 4.86016536]), 'score_time': array([0.38858557, 0.39206886, 0.38318038, 0.38970041, 0.37839103]), 'test_score': array([0.76190476, 0.71428571, 0.64285714, 0.76190476, 0.70731707])}
{'fit_time': array([3.37747383, 4.89265299, 3.35880947, 3.38891268, 4.89779234]), 'score_time': array([0.38740301, 0.38501716, 0.39511919, 0.39671969, 0.38349962]), 'test_score': array([0.76190476, 0.71428571, 0.64285714, 0.76190476, 0.70731707])}
{'fit_time': array([3.3246932 , 3.3642261 , 4.88502216, 3.36325169, 4.92854309]), 'score_time': array([0.38875127, 0.38933969, 0.38328123, 0.38696599, 0.38006091]), 'test_score': array([0.76190476, 0.71428571, 0.64285714, 0.76190476, 0.70731707])}
{'fit_time': array([3.32645845, 3.31776547, 4.88854146, 4.87971401, 3.34750557]), 'score_time': array([0.39131045, 0.39140081, 0.38150907, 0.38546395, 0.39550996]), 'test_score': array([0.76190476, 0.71428571, 0.64285714, 0.76190476, 0.70731707])}
{'fit_time': array([3.33712602, 4.87578845, 3.34357953, 3.38010383, 4.88088965]), 'score_time': array([0.39275384, 0.38491774, 0.40164447, 0.39931893, 0.38060093]), 'test_score': array([0.76190476, 0.71428571, 0.64285714, 0.76190476, 0.70731707])}
{'fit_time': array([4.93672943, 3.36651802, 3.39256001, 3.33835411, 4.91666436]), 'score_time': array([0.39244795, 0.39784098, 0.39614558, 0.39086294, 0.37375593]), 'test_score': array([0.76190476, 0.71428571, 0.64285714, 0.76190476, 0.70731707])}
{'fit_time': array([4.91007996, 3.34037089, 3.3828609 , 3.32159758, 4.92112064]), 'score_time': array([0.38210201, 0.39868641, 0.39783335, 0.3890717 , 0.38092089]), 'test_score': array([0.76190476, 0.71428571, 0.64285714, 0.76190476, 0.70731707])}
{'fit_time': array([3.29677081, 3.33352685, 3.42444229, 4.91238809, 4.90432835]), 'score_time': array([0.39117551, 0.40204954, 0.40327477, 0.38746071, 0.37481213]), 'test_score': array([0.76190476, 0.71428571, 0.64285714, 0.76190476, 0.70731707])}
dimension:  7
{'fit_time': array([5.25755501, 5.25100446, 3.62129569, 3.56673717, 3.57430911]), 'score_time': array([0.41428065, 0.41425085, 0.42663503, 0.41892576, 0.42038941]), 'test_score': array([0.73809524, 0.64285714, 0.5952381 , 0.71428571, 0.70731707])}
{'fit_time': array([3.58697891, 5.28591251, 5.27146459, 3.55483723, 3.58335328]), 'score_time': array([0.41942167, 0.4176333 , 0.40699482, 0.43698573, 0.41895223]), 'test_score': array([0.73809524, 0.64285714, 0.5952381 , 0.71428571, 0.70731707])}
{'fit_time': array([3.54629588, 3.53747201, 3.54877973, 5.25418401, 5.26994872]), 'score_time': array([0.41979074, 0.42109108, 0.4163518 , 0.40443683, 0.40808368]), 'test_score': array([0.73809524, 0.64285714, 0.5952381 , 0.71428571, 0.70731707])}
{'fit_time': array([3.54785562, 3.57789564, 3.55100036, 5.27163053, 5.28039169]), 'score_time': array([0.42114687, 0.41957355, 0.42635942, 0.40880108, 0.41168714]), 'test_score': array([0.73809524, 0.64285714, 0.5952381 , 0.71428571, 0.70731707])}
{'fit_time': array([5.2622025 , 3.56548333, 5.25659513, 3.57495713, 3.61616278]), 'score_time': array([0.41179991, 0.42869234, 0.40887117, 0.4216342 , 0.42453146]), 'test_score': array([0.73809524, 0.64285714, 0.5952381 , 0.71428571, 0.70731707])}
{'fit_time': array([3.55006719, 3.56510949, 3.61909962, 5.27655578, 5.27611327]), 'score_time': array([0.42737007, 0.42760944, 0.43200898, 0.41098309, 0.4077661 ]), 'test_score': array([0.73809524, 0.64285714, 0.5952381 , 0.71428571, 0.70731707])}
{'fit_time': array([3.5550735 , 3.575418  , 3.60673857, 5.24390554, 5.24937439]), 'score_time': array([0.42041612, 0.41725707, 0.42623258, 0.40691376, 0.40492249]), 'test_score': array([0.73809524, 0.64285714, 0.5952381 , 0.71428571, 0.70731707])}
{'fit_time': array([3.56436443, 3.59618735, 5.18659854, 5.19934893, 3.58941317]), 'score_time': array([0.42284107, 0.42285657, 0.41992092, 0.40855885, 0.41449046]), 'test_score': array([0.73809524, 0.64285714, 0.5952381 , 0.71428571, 0.70731707])}
{'fit_time': array([3.57330918, 3.54292822, 5.29946709, 5.30619359, 3.58184505]), 'score_time': array([0.42362428, 0.42374539, 0.40905571, 0.41546512, 0.41727638]), 'test_score': array([0.73809524, 0.64285714, 0.5952381 , 0.71428571, 0.70731707])}
{'fit_time': array([3.54333806, 3.55457878, 3.56946564, 5.26655912, 5.28530693]), 'score_time': array([0.41941667, 0.42726374, 0.42493248, 0.41142416, 0.41524291]), 'test_score': array([0.73809524, 0.64285714, 0.5952381 , 0.71428571, 0.70731707])}
dimension:  8
{'fit_time': array([3.81467009, 3.80477405, 5.59505105, 5.58115482, 3.83519411]), 'score_time': array([0.45811915, 0.46577239, 0.43225431, 0.44134498, 0.45895004]), 'test_score': array([0.78571429, 0.69047619, 0.61904762, 0.66666667, 0.65853659])}
{'fit_time': array([5.67774439, 3.86159539, 3.88660908, 3.96094179, 5.6745894 ]), 'score_time': array([0.43900466, 0.45739245, 0.4628644 , 0.49089718, 0.42953539]), 'test_score': array([0.78571429, 0.69047619, 0.61904762, 0.66666667, 0.65853659])}
{'fit_time': array([5.63807082, 3.87036991, 3.92702007, 3.84370542, 5.64794183]), 'score_time': array([0.43392587, 0.46490812, 0.46762228, 0.45806026, 0.43641233]), 'test_score': array([0.78571429, 0.69047619, 0.61904762, 0.66666667, 0.65853659])}
{'fit_time': array([3.85588694, 5.63752866, 3.92441773, 3.8555131 , 5.64113259]), 'score_time': array([0.46071863, 0.44203186, 0.46442389, 0.4606607 , 0.43615746]), 'test_score': array([0.78571429, 0.69047619, 0.61904762, 0.66666667, 0.65853659])}
{'fit_time': array([3.83309245, 5.65510678, 3.9160049 , 3.86117005, 5.65965629]), 'score_time': array([0.45573044, 0.4375484 , 0.46178055, 0.46956611, 0.43319178]), 'test_score': array([0.78571429, 0.69047619, 0.61904762, 0.66666667, 0.65853659])}
{'fit_time': array([3.8273313 , 5.68990302, 3.94906116, 5.71057105, 3.87106228]), 'score_time': array([0.45754647, 0.45199251, 0.48152399, 0.44095182, 0.4584322 ]), 'test_score': array([0.78571429, 0.69047619, 0.61904762, 0.66666667, 0.65853659])}
{'fit_time': array([3.89997101, 3.91069865, 3.95753312, 5.73869562, 5.73859715]), 'score_time': array([0.46907806, 0.4631393 , 0.4646132 , 0.43976903, 0.43048429]), 'test_score': array([0.78571429, 0.69047619, 0.61904762, 0.66666667, 0.65853659])}
{'fit_time': array([5.69768476, 3.91330886, 3.94280744, 3.89560342, 5.70182419]), 'score_time': array([0.4314177 , 0.47257161, 0.46426535, 0.45446062, 0.4313283 ]), 'test_score': array([0.78571429, 0.69047619, 0.61904762, 0.66666667, 0.65853659])}
{'fit_time': array([5.75022411, 4.02315307, 4.00696874, 4.0263083 , 5.80053473]), 'score_time': array([0.43793273, 0.45024681, 0.45470643, 0.45748019, 0.46932125]), 'test_score': array([0.78571429, 0.69047619, 0.61904762, 0.66666667, 0.65853659])}
{'fit_time': array([5.53379941, 3.77701354, 3.95139647, 3.97049499, 5.62467861]), 'score_time': array([0.43122244, 0.4490509 , 0.44837761, 0.44292712, 0.4400022 ]), 'test_score': array([0.78571429, 0.69047619, 0.61904762, 0.66666667, 0.65853659])}
dimension:  9
{'fit_time': array([5.94306493, 5.94228649, 4.02038217, 4.0770669 , 4.04993844]), 'score_time': array([0.45897269, 0.45727205, 0.46688533, 0.50161624, 0.47357965]), 'test_score': array([0.66666667, 0.66666667, 0.5952381 , 0.66666667, 0.68292683])}
{'fit_time': array([4.08358073, 5.99226475, 5.97884989, 4.01695347, 4.07467628]), 'score_time': array([0.48491621, 0.47031593, 0.45416617, 0.47987962, 0.47607207]), 'test_score': array([0.66666667, 0.66666667, 0.5952381 , 0.66666667, 0.68292683])}
{'fit_time': array([4.05849934, 4.07637358, 4.11148596, 6.05351019, 6.07998562]), 'score_time': array([0.48159599, 0.48441768, 0.48694777, 0.45497656, 0.4620235 ]), 'test_score': array([0.66666667, 0.66666667, 0.5952381 , 0.66666667, 0.68292683])}
{'fit_time': array([4.0618279 , 4.08819318, 5.97767758, 5.95596886, 4.13617897]), 'score_time': array([0.48435163, 0.48802114, 0.45950913, 0.46656656, 0.48858881]), 'test_score': array([0.66666667, 0.66666667, 0.5952381 , 0.66666667, 0.68292683])}
{'fit_time': array([6.03753304, 4.08722854, 4.21027637, 4.11368346, 6.05736995]), 'score_time': array([0.46127081, 0.4889605 , 0.5283699 , 0.48761272, 0.45682859]), 'test_score': array([0.66666667, 0.66666667, 0.5952381 , 0.66666667, 0.68292683])}
{'fit_time': array([4.07771206, 6.060359  , 4.17224813, 6.04783797, 4.12794042]), 'score_time': array([0.48733544, 0.46238732, 0.49813318, 0.45944095, 0.4877975 ]), 'test_score': array([0.66666667, 0.66666667, 0.5952381 , 0.66666667, 0.68292683])}
{'fit_time': array([6.08148861, 4.17491388, 4.20996737, 4.12923551, 6.05979466]), 'score_time': array([0.46997905, 0.47578216, 0.48374367, 0.48336482, 0.46014476]), 'test_score': array([0.66666667, 0.66666667, 0.5952381 , 0.66666667, 0.68292683])}
{'fit_time': array([3.99777699, 5.90851045, 4.07971764, 4.01472092, 5.90992641]), 'score_time': array([0.47121429, 0.46399736, 0.48365569, 0.47090435, 0.45659876]), 'test_score': array([0.66666667, 0.66666667, 0.5952381 , 0.66666667, 0.68292683])}
{'fit_time': array([4.00696635, 5.93319678, 4.08303237, 4.00704002, 5.95870352]), 'score_time': array([0.4710505 , 0.45981598, 0.4827776 , 0.47197747, 0.4564414 ]), 'test_score': array([0.66666667, 0.66666667, 0.5952381 , 0.66666667, 0.68292683])}
{'fit_time': array([4.06434631, 6.0023396 , 4.1356585 , 6.00468421, 4.08116198]), 'score_time': array([0.48618579, 0.45903468, 0.49640393, 0.46243882, 0.47487402]), 'test_score': array([0.66666667, 0.66666667, 0.5952381 , 0.66666667, 0.68292683])}
dimension:  10
{'fit_time': array([6.41099811, 4.39891672, 4.44683671, 6.41409588, 4.38930583]), 'score_time': array([0.48562551, 0.49745679, 0.50634909, 0.48364854, 0.48671031]), 'test_score': array([0.64285714, 0.61904762, 0.61904762, 0.69047619, 0.68292683])}
{'fit_time': array([4.23174953, 4.25581002, 4.30535793, 6.31672454, 6.32031298]), 'score_time': array([0.49732232, 0.50048733, 0.51817012, 0.48966241, 0.4803679 ]), 'test_score': array([0.64285714, 0.61904762, 0.61904762, 0.69047619, 0.68292683])}
{'fit_time': array([6.25853038, 4.25037789, 4.31066489, 4.21537948, 6.26059484]), 'score_time': array([0.48540974, 0.49667883, 0.50417256, 0.49424863, 0.47457194]), 'test_score': array([0.64285714, 0.61904762, 0.61904762, 0.69047619, 0.68292683])}
{'fit_time': array([4.28593874, 4.33302188, 6.35189867, 4.27858949, 6.36216736]), 'score_time': array([0.50836253, 0.51244664, 0.49181581, 0.50528789, 0.47746992]), 'test_score': array([0.64285714, 0.61904762, 0.61904762, 0.69047619, 0.68292683])}
{'fit_time': array([4.35294771, 4.37862229, 6.39646673, 4.40544295, 6.39592528]), 'score_time': array([0.51036215, 0.51474452, 0.48296642, 0.513345  , 0.48972249]), 'test_score': array([0.64285714, 0.61904762, 0.61904762, 0.69047619, 0.68292683])}
{'fit_time': array([4.33268666, 4.36103535, 4.40418839, 6.41792083, 6.41426921]), 'score_time': array([0.50884414, 0.51390481, 0.51200891, 0.48422003, 0.48956943]), 'test_score': array([0.64285714, 0.61904762, 0.61904762, 0.69047619, 0.68292683])}
{'fit_time': array([4.32411361, 4.33723879, 4.3789289 , 6.38857937, 6.38776445]), 'score_time': array([0.5098083 , 0.51273584, 0.51263762, 0.48352647, 0.52333903]), 'test_score': array([0.64285714, 0.61904762, 0.61904762, 0.69047619, 0.68292683])}
{'fit_time': array([6.3843534 , 4.32599831, 4.40291333, 6.38721156, 4.37420177]), 'score_time': array([0.48734879, 0.51236939, 0.51555037, 0.48630071, 0.51220226]), 'test_score': array([0.64285714, 0.61904762, 0.61904762, 0.69047619, 0.68292683])}
{'fit_time': array([4.32845855, 4.36289501, 4.39730048, 6.40161872, 6.42030358]), 'score_time': array([0.5114162 , 0.51898336, 0.53190708, 0.4883101 , 0.48388147]), 'test_score': array([0.64285714, 0.61904762, 0.61904762, 0.69047619, 0.68292683])}
{'fit_time': array([4.3554976 , 6.39723158, 6.37823009, 4.83338881, 4.87848973]), 'score_time': array([0.51470542, 0.48975492, 0.49132085, 0.50360632, 0.50131273]), 'test_score': array([0.64285714, 0.61904762, 0.61904762, 0.69047619, 0.68292683])}
dimension:  11
{'fit_time': array([4.59730792, 4.56674671, 6.75162172, 6.72461295, 4.60469985]), 'score_time': array([0.54110765, 0.53829765, 0.5118525 , 0.51624012, 0.53422761]), 'test_score': array([0.5952381 , 0.64285714, 0.5952381 , 0.73809524, 0.68292683])}
{'fit_time': array([4.58464551, 4.5607028 , 6.72516942, 6.69326568, 4.59974861]), 'score_time': array([0.54041481, 0.5444355 , 0.51119304, 0.51491642, 0.52858043]), 'test_score': array([0.5952381 , 0.64285714, 0.5952381 , 0.73809524, 0.68292683])}
{'fit_time': array([4.59850693, 4.58215952, 6.72424698, 6.6936307 , 4.63939476]), 'score_time': array([0.51952624, 0.51892304, 0.50639725, 0.51566029, 0.52165389]), 'test_score': array([0.5952381 , 0.64285714, 0.5952381 , 0.73809524, 0.68292683])}
{'fit_time': array([4.44028187, 6.67764115, 4.47816277, 4.5271647 , 6.68125796]), 'score_time': array([0.52143741, 0.52036071, 0.53303719, 0.53027868, 0.50638556]), 'test_score': array([0.5952381 , 0.64285714, 0.5952381 , 0.73809524, 0.68292683])}
{'fit_time': array([4.58824062, 6.76378584, 4.64046574, 6.74764228, 4.59148812]), 'score_time': array([0.54213691, 0.51969409, 0.54843187, 0.51069427, 0.53262401]), 'test_score': array([0.5952381 , 0.64285714, 0.5952381 , 0.73809524, 0.68292683])}
{'fit_time': array([6.78288341, 4.58399129, 4.64965796, 4.58550525, 6.80051613]), 'score_time': array([0.5157764 , 0.54122806, 0.54513884, 0.53825927, 0.50941491]), 'test_score': array([0.5952381 , 0.64285714, 0.5952381 , 0.73809524, 0.68292683])}
{'fit_time': array([6.76311111, 4.57177353, 4.64818573, 4.55507207, 6.76999879]), 'score_time': array([0.51336694, 0.54146743, 0.54885149, 0.53808713, 0.50722504]), 'test_score': array([0.5952381 , 0.64285714, 0.5952381 , 0.73809524, 0.68292683])}
{'fit_time': array([4.5496068 , 6.67509413, 4.67464542, 6.67767215, 4.62261868]), 'score_time': array([0.51939797, 0.50667167, 0.52645111, 0.50750756, 0.51951718]), 'test_score': array([0.5952381 , 0.64285714, 0.5952381 , 0.73809524, 0.68292683])}
{'fit_time': array([4.53612041, 4.47799611, 6.63258481, 4.52891183, 6.66522932]), 'score_time': array([0.53469539, 0.54276299, 0.51623201, 0.53829432, 0.50235391]), 'test_score': array([0.5952381 , 0.64285714, 0.5952381 , 0.73809524, 0.68292683])}
{'fit_time': array([4.64213729, 4.56474519, 6.71990085, 6.68008852, 4.66552782]), 'score_time': array([0.5391531 , 0.54014039, 0.50898194, 0.51264453, 0.53070831]), 'test_score': array([0.5952381 , 0.64285714, 0.5952381 , 0.73809524, 0.68292683])}
dimension:  12
{'fit_time': array([4.88728929, 7.1583662 , 4.91335535, 4.88855195, 7.16594625]), 'score_time': array([0.56733537, 0.54388022, 0.57469559, 0.57396936, 0.53190875]), 'test_score': array([0.69047619, 0.73809524, 0.64285714, 0.73809524, 0.68292683])}
{'fit_time': array([4.81025076, 4.95260334, 7.13746333, 7.13071585, 4.93242002]), 'score_time': array([0.56269574, 0.57415891, 0.53888154, 0.53818941, 0.56324863]), 'test_score': array([0.69047619, 0.73809524, 0.64285714, 0.73809524, 0.68292683])}
{'fit_time': array([4.79974508, 4.84878302, 4.88672161, 7.12734675, 7.14668798]), 'score_time': array([0.56036067, 0.57014632, 0.56912947, 0.53610706, 0.52631092]), 'test_score': array([0.69047619, 0.73809524, 0.64285714, 0.73809524, 0.68292683])}
{'fit_time': array([4.82347751, 4.85204291, 7.08044577, 7.11370254, 4.89227581]), 'score_time': array([0.54568839, 0.55041933, 0.54245996, 0.53908515, 0.5423305 ]), 'test_score': array([0.69047619, 0.73809524, 0.64285714, 0.73809524, 0.68292683])}
{'fit_time': array([4.75054765, 7.04927111, 4.73668814, 4.76823473, 7.04009438]), 'score_time': array([0.55238652, 0.54893231, 0.54914308, 0.55605984, 0.52870774]), 'test_score': array([0.69047619, 0.73809524, 0.64285714, 0.73809524, 0.68292683])}
{'fit_time': array([6.97070932, 4.70641732, 4.77077079, 4.76064658, 6.97892785]), 'score_time': array([0.53781867, 0.54816699, 0.56036901, 0.55303359, 0.5357573 ]), 'test_score': array([0.69047619, 0.73809524, 0.64285714, 0.73809524, 0.68292683])}
{'fit_time': array([7.0847497 , 4.80748343, 4.86081767, 4.77299857, 7.10527372]), 'score_time': array([0.53522921, 0.57206202, 0.57785034, 0.56566596, 0.53532529]), 'test_score': array([0.69047619, 0.73809524, 0.64285714, 0.73809524, 0.68292683])}
{'fit_time': array([4.82113767, 4.85575962, 7.04240274, 4.78954077, 7.0835557 ]), 'score_time': array([0.56540132, 0.57506943, 0.54163909, 0.56297588, 0.52703857]), 'test_score': array([0.69047619, 0.73809524, 0.64285714, 0.73809524, 0.68292683])}
{'fit_time': array([4.77883887, 4.8116293 , 4.83223414, 7.05572081, 7.10085464]), 'score_time': array([0.56735039, 0.56587768, 0.57266378, 0.54732394, 0.53313375]), 'test_score': array([0.69047619, 0.73809524, 0.64285714, 0.73809524, 0.68292683])}
{'fit_time': array([7.11273098, 4.81318307, 4.93736482, 4.87199926, 7.13239002]), 'score_time': array([0.53534818, 0.56889272, 0.58864737, 0.57313538, 0.53424025]), 'test_score': array([0.69047619, 0.73809524, 0.64285714, 0.73809524, 0.68292683])}
dimension:  13
{'fit_time': array([5.08909631, 5.14931774, 7.61468077, 7.55570531, 5.1671083 ]), 'score_time': array([0.60815954, 0.60185266, 0.59746027, 0.56198359, 0.58932209]), 'test_score': array([0.66666667, 0.71428571, 0.61904762, 0.71428571, 0.68292683])}
{'fit_time': array([5.10544658, 7.4322052 , 5.06689239, 5.07258034, 7.49959159]), 'score_time': array([0.59274411, 0.56703019, 0.60220933, 0.59384918, 0.55783415]), 'test_score': array([0.66666667, 0.71428571, 0.61904762, 0.71428571, 0.68292683])}
{'fit_time': array([5.03339291, 5.03952861, 7.43088794, 7.39502883, 5.08228111]), 'score_time': array([0.59301305, 0.59542489, 0.5598228 , 0.56618714, 0.58882451]), 'test_score': array([0.69047619, 0.71428571, 0.61904762, 0.71428571, 0.68292683])}
{'fit_time': array([7.51145458, 5.00750232, 5.00706625, 5.05552006, 7.44335151]), 'score_time': array([0.59633946, 0.57874322, 0.58061719, 0.58111787, 0.54822254]), 'test_score': array([0.66666667, 0.71428571, 0.61904762, 0.71428571, 0.68292683])}
{'fit_time': array([4.93114614, 7.36311603, 4.99663568, 4.92180753, 7.39321494]), 'score_time': array([0.58045483, 0.57542062, 0.57863188, 0.57407594, 0.55600476]), 'test_score': array([0.66666667, 0.71428571, 0.61904762, 0.71428571, 0.68292683])}
{'fit_time': array([7.38409328, 7.38118339, 4.99412751, 5.00410295, 5.00413537]), 'score_time': array([0.5626924 , 0.56553721, 0.58647323, 0.57788253, 0.56351495]), 'test_score': array([0.66666667, 0.71428571, 0.61904762, 0.71428571, 0.68292683])}
{'fit_time': array([7.46584868, 5.07421184, 5.02085805, 5.06322002, 7.45557237]), 'score_time': array([0.60668278, 0.59851289, 0.59831429, 0.61001277, 0.5505085 ]), 'test_score': array([0.66666667, 0.71428571, 0.61904762, 0.71428571, 0.68292683])}
{'fit_time': array([5.04828882, 5.07358456, 5.05469918, 7.41747665, 7.45353222]), 'score_time': array([0.60514259, 0.60819173, 0.60491419, 0.56929135, 0.55347466]), 'test_score': array([0.66666667, 0.71428571, 0.61904762, 0.71428571, 0.68292683])}
{'fit_time': array([5.0495584 , 5.05896306, 5.08890915, 7.4056344 , 7.44261408]), 'score_time': array([0.59009814, 0.59302568, 0.59249139, 0.56547499, 0.54489446]), 'test_score': array([0.66666667, 0.71428571, 0.61904762, 0.71428571, 0.68292683])}
{'fit_time': array([5.06269479, 7.46478915, 5.0739615 , 7.44978356, 5.08524299]), 'score_time': array([0.60069346, 0.56793642, 0.59859872, 0.56906438, 0.58519101]), 'test_score': array([0.66666667, 0.71428571, 0.61904762, 0.71428571, 0.68292683])}
dimension:  14
{'fit_time': array([7.79101801, 5.32378292, 5.30187988, 5.40124512, 7.79015017]), 'score_time': array([0.58560848, 0.61703253, 0.62191844, 0.62806416, 0.58544493]), 'test_score': array([0.64285714, 0.66666667, 0.66666667, 0.71428571, 0.70731707])}
{'fit_time': array([5.32347703, 7.79035449, 7.76326895, 5.30817151, 5.32186413]), 'score_time': array([0.60272431, 0.58517504, 0.59418654, 0.59991455, 0.59327722]), 'test_score': array([0.64285714, 0.66666667, 0.66666667, 0.71428571, 0.70731707])}
{'fit_time': array([7.64380074, 5.13301373, 5.22302032, 5.1662333 , 7.6673696 ]), 'score_time': array([0.58032346, 0.60150027, 0.60540557, 0.59856629, 0.57153797]), 'test_score': array([0.64285714, 0.66666667, 0.66666667, 0.71428571, 0.70731707])}
{'fit_time': array([5.25319481, 7.74931598, 5.25218058, 7.76597095, 5.26373219]), 'score_time': array([0.62687898, 0.59456372, 0.62253594, 0.58828235, 0.62039542]), 'test_score': array([0.64285714, 0.66666667, 0.66666667, 0.71428571, 0.70731707])}
{'fit_time': array([5.35119629, 7.87560225, 5.28803205, 5.31780505, 7.95187593]), 'score_time': array([0.62561655, 0.59479809, 0.61861706, 0.62327123, 0.58515692]), 'test_score': array([0.64285714, 0.66666667, 0.66666667, 0.71428571, 0.70731707])}
{'fit_time': array([5.26327229, 7.87588286, 5.35132647, 5.27879834, 7.88092685]), 'score_time': array([0.61570144, 0.58711815, 0.62565064, 0.62276268, 0.57849956]), 'test_score': array([0.64285714, 0.66666667, 0.66666667, 0.71428571, 0.70731707])}
{'fit_time': array([7.95461059, 5.32538581, 5.38539553, 5.33000112, 7.89148951]), 'score_time': array([0.59923935, 0.60488319, 0.60827971, 0.60401773, 0.57880092]), 'test_score': array([0.64285714, 0.66666667, 0.66666667, 0.71428571, 0.70731707])}
{'fit_time': array([5.15739298, 5.16491914, 5.23239851, 7.74171996, 7.74620581]), 'score_time': array([0.6031599 , 0.61100292, 0.61645794, 0.58732271, 0.58060098]), 'test_score': array([0.64285714, 0.66666667, 0.66666667, 0.71428571, 0.70731707])}
{'fit_time': array([5.27729249, 5.2852304 , 5.34348464, 7.81736541, 7.82659554]), 'score_time': array([0.62389374, 0.62991285, 0.63248038, 0.58590078, 0.57633066]), 'test_score': array([0.64285714, 0.66666667, 0.66666667, 0.71428571, 0.70731707])}
{'fit_time': array([5.30692816, 5.34025168, 7.82882309, 7.82210875, 5.30083823]), 'score_time': array([0.60539889, 0.61263394, 0.59315777, 0.58885908, 0.5877583 ]), 'test_score': array([0.64285714, 0.66666667, 0.66666667, 0.71428571, 0.70731707])}
dimension:  15
{'fit_time': array([8.01177073, 5.41418719, 5.47572088, 5.37727022, 8.04218078]), 'score_time': array([0.62353945, 0.63250637, 0.63734818, 0.62580681, 0.62425995]), 'test_score': array([0.5952381 , 0.64285714, 0.5952381 , 0.71428571, 0.68292683])}
{'fit_time': array([8.13684869, 5.43842459, 5.53013134, 8.11876392, 5.47231388]), 'score_time': array([0.61350632, 0.65301108, 0.65544868, 0.61219692, 0.63612342]), 'test_score': array([0.5952381 , 0.64285714, 0.5952381 , 0.71428571, 0.68292683])}
{'fit_time': array([5.53077197, 5.61010337, 8.12148738, 5.57579231, 8.16559553]), 'score_time': array([0.63245058, 0.62454629, 0.62095833, 0.62857985, 0.60059905]), 'test_score': array([0.5952381 , 0.64285714, 0.5952381 , 0.71428571, 0.68292683])}
{'fit_time': array([5.42060065, 8.0776186 , 5.42553759, 5.50547743, 8.0923419 ]), 'score_time': array([0.6489439 , 0.61027646, 0.6584661 , 0.66306019, 0.60402536]), 'test_score': array([0.5952381 , 0.64285714, 0.5952381 , 0.71428571, 0.68292683])}
{'fit_time': array([5.50874949, 5.52195859, 5.5832634 , 8.21636868, 8.30466843]), 'score_time': array([0.65192747, 0.64325142, 0.6529274 , 0.60159683, 0.63442135]), 'test_score': array([0.5952381 , 0.64285714, 0.5952381 , 0.71428571, 0.68292683])}
{'fit_time': array([8.18771124, 5.51808429, 5.5818615 , 5.50516772, 8.19393635]), 'score_time': array([0.61575794, 0.64578629, 0.65993619, 0.64410114, 0.60223746]), 'test_score': array([0.5952381 , 0.64285714, 0.5952381 , 0.71428571, 0.68292683])}
{'fit_time': array([5.50484347, 5.52924633, 5.59361434, 8.2335391 , 8.31361675]), 'score_time': array([0.64212108, 0.64651108, 0.65671253, 0.6068027 , 0.64716697]), 'test_score': array([0.5952381 , 0.64285714, 0.5952381 , 0.71428571, 0.68292683])}
{'fit_time': array([5.52862144, 5.55627561, 8.15759897, 5.52544713, 8.19135594]), 'score_time': array([0.64740157, 0.64876533, 0.6235311 , 0.64619493, 0.60278201]), 'test_score': array([0.5952381 , 0.64285714, 0.5952381 , 0.71428571, 0.68292683])}
{'fit_time': array([5.49331903, 5.49307895, 8.2266233 , 8.23584247, 5.55669999]), 'score_time': array([0.64349341, 0.65154147, 0.60381866, 0.61825991, 0.64205098]), 'test_score': array([0.61904762, 0.64285714, 0.5952381 , 0.71428571, 0.68292683])}
{'fit_time': array([5.53864169, 5.59711099, 8.17595625, 5.59907818, 8.19530702]), 'score_time': array([0.6567266 , 0.64794278, 0.61212134, 0.64260674, 0.6125536 ]), 'test_score': array([0.5952381 , 0.64285714, 0.5952381 , 0.71428571, 0.68292683])}
dimension:  16
{'fit_time': array([5.7591176 , 5.76228523, 5.77466035, 8.54869008, 8.56687665]), 'score_time': array([0.67100358, 0.67123985, 0.67590237, 0.63655043, 0.63437343]), 'test_score': array([0.64285714, 0.5952381 , 0.66666667, 0.73809524, 0.68292683])}
{'fit_time': array([5.70789099, 5.71304178, 8.46716714, 8.42986631, 5.7857523 ]), 'score_time': array([0.64746404, 0.64629459, 0.63268137, 0.64426446, 0.64646077]), 'test_score': array([0.64285714, 0.5952381 , 0.66666667, 0.73809524, 0.68292683])}
{'fit_time': array([5.7149303 , 8.45163393, 5.73715353, 5.80661726, 8.45363879]), 'score_time': array([0.67510033, 0.64034843, 0.6826272 , 0.6872859 , 0.6251905 ]), 'test_score': array([0.64285714, 0.5952381 , 0.66666667, 0.73809524, 0.68292683])}
{'fit_time': array([5.77348423, 5.83615971, 8.59034276, 8.56432486, 5.82094908]), 'score_time': array([0.64854932, 0.66281486, 0.64780164, 0.63263273, 0.64320564]), 'test_score': array([0.64285714, 0.5952381 , 0.66666667, 0.73809524, 0.68292683])}
{'fit_time': array([8.39854145, 5.8329885 , 5.80610347, 5.67956972, 8.40203094]), 'score_time': array([0.64018726, 0.66133523, 0.67585278, 0.65786481, 0.63393116]), 'test_score': array([0.64285714, 0.5952381 , 0.66666667, 0.73809524, 0.68292683])}
{'fit_time': array([5.67154551, 5.73923588, 8.42718458, 8.43220282, 5.80480266]), 'score_time': array([0.66600466, 0.66314411, 0.63684535, 0.65851569, 0.64656949]), 'test_score': array([0.61904762, 0.5952381 , 0.66666667, 0.73809524, 0.68292683])}
{'fit_time': array([8.2672596 , 5.78258419, 8.26831532, 5.70774078, 5.7563715 ]), 'score_time': array([0.63653922, 0.66232038, 0.6377182 , 0.65140462, 0.64539838]), 'test_score': array([0.64285714, 0.5952381 , 0.66666667, 0.73809524, 0.68292683])}
{'fit_time': array([5.62614489, 8.382653  , 8.35260677, 5.59885883, 5.62944102]), 'score_time': array([0.64744091, 0.64081526, 0.641958  , 0.64377809, 0.63753128]), 'test_score': array([0.64285714, 0.5952381 , 0.66666667, 0.73809524, 0.68292683])}
{'fit_time': array([8.42900229, 8.42852449, 5.65893269, 5.700073  , 5.67682695]), 'score_time': array([0.63541436, 0.63737345, 0.65407372, 0.66034985, 0.6462009 ]), 'test_score': array([0.64285714, 0.5952381 , 0.66666667, 0.73809524, 0.68292683])}
{'fit_time': array([5.65295529, 8.38862896, 8.38049459, 5.62105608, 5.66981983]), 'score_time': array([0.67487526, 0.63680458, 0.64475083, 0.6705966 , 0.66264391]), 'test_score': array([0.64285714, 0.5952381 , 0.66666667, 0.73809524, 0.68292683])}
dimension:  17
{'fit_time': array([5.98134971, 6.01848841, 5.99965596, 8.90217352, 8.91835833]), 'score_time': array([0.69632506, 0.7032547 , 0.69977689, 0.65990376, 0.65769196]), 'test_score': array([0.5952381 , 0.69047619, 0.64285714, 0.76190476, 0.65853659])}
{'fit_time': array([8.93196321, 8.9463501 , 6.00680137, 6.02193451, 6.11765456]), 'score_time': array([0.66283584, 0.66223288, 0.69766617, 0.70034695, 0.69530606]), 'test_score': array([0.5952381 , 0.69047619, 0.64285714, 0.76190476, 0.65853659])}
{'fit_time': array([6.0156486 , 6.04849005, 8.89230442, 5.99427772, 8.94147134]), 'score_time': array([0.69760871, 0.70382524, 0.67842269, 0.69559383, 0.64636278]), 'test_score': array([0.5952381 , 0.69047619, 0.64285714, 0.76190476, 0.65853659])}
{'fit_time': array([8.91717863, 6.00204587, 8.97835135, 6.08904529, 6.01807356]), 'score_time': array([0.66081524, 0.67533302, 0.67187977, 0.71034908, 0.66707444]), 'test_score': array([0.5952381 , 0.69047619, 0.64285714, 0.76190476, 0.65853659])}
{'fit_time': array([8.72644973, 5.86748362, 5.92346668, 5.80872893, 8.73178864]), 'score_time': array([0.66290784, 0.67575884, 0.69014382, 0.67516518, 0.65323186]), 'test_score': array([0.5952381 , 0.69047619, 0.64285714, 0.76190476, 0.65853659])}
{'fit_time': array([8.69895506, 5.84344172, 5.93711472, 8.71490073, 5.87901759]), 'score_time': array([0.6614778 , 0.67762852, 0.69121861, 0.66577196, 0.67312407]), 'test_score': array([0.5952381 , 0.69047619, 0.64285714, 0.76190476, 0.65853659])}
{'fit_time': array([5.87035465, 8.71043158, 5.9641273 , 5.8142097 , 8.71413755]), 'score_time': array([0.67892528, 0.66401362, 0.70833468, 0.67432046, 0.65681362]), 'test_score': array([0.5952381 , 0.69047619, 0.64285714, 0.76190476, 0.65853659])}
{'fit_time': array([5.96300459, 7.35914612, 8.84895515, 7.66825747, 6.03644204]), 'score_time': array([0.69927287, 0.67432404, 0.65378976, 0.67911029, 0.68709946]), 'test_score': array([0.5952381 , 0.69047619, 0.64285714, 0.76190476, 0.65853659])}
{'fit_time': array([5.99350548, 6.01196051, 8.84850788, 6.01464152, 8.90743589]), 'score_time': array([0.69935369, 0.69777489, 0.66737843, 0.70844436, 0.64698768]), 'test_score': array([0.5952381 , 0.69047619, 0.64285714, 0.76190476, 0.65853659])}
{'fit_time': array([5.96581769, 8.94015455, 6.00062966, 8.9671545 , 6.02748084]), 'score_time': array([0.698807  , 0.65370584, 0.70349288, 0.66839647, 0.68733358]), 'test_score': array([0.5952381 , 0.69047619, 0.64285714, 0.76190476, 0.65853659])}
dimension:  18
{'fit_time': array([6.22580504, 9.31154752, 9.30264831, 6.26940417, 6.3696301 ]), 'score_time': array([0.71907926, 0.69036746, 0.68520117, 0.72088313, 0.71743751]), 'test_score': array([0.57142857, 0.69047619, 0.66666667, 0.76190476, 0.65853659])}
{'fit_time': array([6.24414635, 9.19163322, 6.2922349 , 9.13390994, 6.2618885 ]), 'score_time': array([0.70259356, 0.72017288, 0.71140909, 0.68355989, 0.68989038]), 'test_score': array([0.57142857, 0.69047619, 0.66666667, 0.76190476, 0.65853659])}
{'fit_time': array([6.11563993, 9.16358471, 6.2297945 , 9.15110254, 6.19084787]), 'score_time': array([0.71715832, 0.68945885, 0.72834682, 0.68175888, 0.70401192]), 'test_score': array([0.57142857, 0.69047619, 0.66666667, 0.76190476, 0.65853659])}
{'fit_time': array([6.25929666, 6.29647255, 9.34177899, 9.25390172, 6.30192471]), 'score_time': array([0.69644117, 0.70592499, 0.72989154, 0.672719  , 0.69007659]), 'test_score': array([0.57142857, 0.69047619, 0.66666667, 0.76190476, 0.65853659])}
{'fit_time': array([6.14762115, 6.17173481, 9.10459042, 6.17952609, 9.17762566]), 'score_time': array([0.72595716, 0.73198152, 0.69072604, 0.72576761, 0.6712141 ]), 'test_score': array([0.57142857, 0.69047619, 0.66666667, 0.76190476, 0.65853659])}
{'fit_time': array([6.28676033, 9.31449127, 9.30253482, 6.3061142 , 6.2960639 ]), 'score_time': array([0.72090316, 0.69023871, 0.68267512, 0.76062608, 0.7135179 ]), 'test_score': array([0.57142857, 0.69047619, 0.66666667, 0.76190476, 0.65853659])}
{'fit_time': array([6.25344038, 6.36889672, 9.19631124, 9.20665741, 6.26922274]), 'score_time': array([0.73114562, 0.74205184, 0.68965364, 0.68844056, 0.72189689]), 'test_score': array([0.57142857, 0.69047619, 0.66666667, 0.76190476, 0.65853659])}
{'fit_time': array([6.22856903, 6.32420611, 9.21179605, 6.26702428, 9.27073574]), 'score_time': array([0.72432327, 0.72970438, 0.69324994, 0.72025204, 0.67617774]), 'test_score': array([0.57142857, 0.69047619, 0.66666667, 0.76190476, 0.65853659])}
{'fit_time': array([6.17934561, 6.26623821, 9.25054622, 9.20673275, 6.24988818]), 'score_time': array([0.70308852, 0.69842219, 0.69421554, 0.69351768, 0.69467139]), 'test_score': array([0.57142857, 0.69047619, 0.66666667, 0.76190476, 0.65853659])}
{'fit_time': array([9.13377309, 6.08991957, 6.11348581, 6.17561626, 9.18306351]), 'score_time': array([0.67833805, 0.70947385, 0.72995043, 0.7174623 , 0.6872592 ]), 'test_score': array([0.57142857, 0.69047619, 0.66666667, 0.76190476, 0.65853659])}
dimension:  19
{'fit_time': array([9.44546533, 6.35269213, 6.37695718, 6.32958055, 9.42086005]), 'score_time': array([0.71903372, 0.72736216, 0.73683071, 0.72363234, 0.69669914]), 'test_score': array([0.5952381 , 0.66666667, 0.66666667, 0.78571429, 0.63414634])}
{'fit_time': array([9.39634681, 6.29400849, 6.3812964 , 9.39051747, 6.32507873]), 'score_time': array([0.7080276 , 0.71760893, 0.73234606, 0.71052694, 0.71141505]), 'test_score': array([0.5952381 , 0.66666667, 0.66666667, 0.78571429, 0.63414634])}
{'fit_time': array([6.29284048, 6.30240917, 6.37931466, 9.41544008, 9.41726851]), 'score_time': array([0.72954345, 0.72439075, 0.73861909, 0.71616292, 0.70132875]), 'test_score': array([0.5952381 , 0.66666667, 0.66666667, 0.78571429, 0.63414634])}
{'fit_time': array([6.33108568, 6.40210462, 9.47297812, 9.48001218, 6.33884335]), 'score_time': array([0.72424865, 0.73936701, 0.71181011, 0.70890808, 0.71926022]), 'test_score': array([0.5952381 , 0.66666667, 0.66666667, 0.78571429, 0.63414634])}
{'fit_time': array([6.30964231, 6.29687214, 6.36642265, 9.42663598, 9.44020748]), 'score_time': array([0.72955084, 0.72758174, 0.74224353, 0.7102952 , 0.69598913]), 'test_score': array([0.5952381 , 0.66666667, 0.66666667, 0.78571429, 0.63414634])}
{'fit_time': array([6.39644384, 9.4788084 , 6.41269755, 9.48627639, 6.40561104]), 'score_time': array([0.74428749, 0.73134828, 0.77979159, 0.7049613 , 0.72220898]), 'test_score': array([0.5952381 , 0.66666667, 0.66666667, 0.78571429, 0.63414634])}
{'fit_time': array([6.35882187, 6.46995258, 6.45384765, 9.46931458, 9.51311398]), 'score_time': array([0.73264527, 0.74310064, 0.75487232, 0.70670271, 0.7210896 ]), 'test_score': array([0.5952381 , 0.66666667, 0.66666667, 0.78571429, 0.63414634])}
{'fit_time': array([9.63345408, 6.58412266, 9.62512279, 6.48103046, 6.5509429 ]), 'score_time': array([0.71144891, 0.76335382, 0.71766281, 0.74933124, 0.74168468]), 'test_score': array([0.5952381 , 0.66666667, 0.66666667, 0.78571429, 0.63414634])}
{'fit_time': array([6.45628047, 9.51901531, 6.58664083, 6.46753335, 9.5561893 ]), 'score_time': array([0.75312257, 0.70801544, 0.78336883, 0.7507689 , 0.6990943 ]), 'test_score': array([0.5952381 , 0.66666667, 0.66666667, 0.78571429, 0.63414634])}
{'fit_time': array([9.65739465, 9.66587329, 6.57435441, 6.47710896, 6.48983693]), 'score_time': array([0.70687032, 0.71859217, 0.76033568, 0.75068164, 0.73820591]), 'test_score': array([0.5952381 , 0.66666667, 0.66666667, 0.78571429, 0.63414634])}
dimension:  20
{'fit_time': array([6.65021372, 9.91894031, 6.70449114, 6.90664625, 9.60337448]), 'score_time': array([0.75178099, 0.72963309, 0.76320148, 0.7457571 , 0.72924685]), 'test_score': array([0.5952381 , 0.66666667, 0.66666667, 0.78571429, 0.63414634])}
{'fit_time': array([9.71899748, 6.71156001, 6.56638432, 6.61741829, 9.76934648]), 'score_time': array([0.73077559, 0.78833938, 0.77996516, 0.77967191, 0.7236743 ]), 'test_score': array([0.5952381 , 0.66666667, 0.66666667, 0.78571429, 0.63414634])}
{'fit_time': array([ 6.70247316, 10.01671886,  6.82508683,  6.76310539, 10.01579595]), 'score_time': array([0.77057958, 0.74331665, 0.78055787, 0.77492595, 0.72038031]), 'test_score': array([0.5952381 , 0.66666667, 0.66666667, 0.78571429, 0.63414634])}
{'fit_time': array([ 6.67801476,  6.69544411,  6.77147532, 10.02225041,  9.99604893]), 'score_time': array([0.77985024, 0.7725296 , 0.78881955, 0.72860837, 0.73989534]), 'test_score': array([0.5952381 , 0.66666667, 0.66666667, 0.78571429, 0.63414634])}
{'fit_time': array([ 6.68742919,  6.75655794,  6.79209852, 10.02952242, 10.04169774]), 'score_time': array([0.77500558, 0.77648139, 0.8148942 , 0.73302317, 0.7192719 ]), 'test_score': array([0.5952381 , 0.66666667, 0.66666667, 0.78571429, 0.63414634])}
{'fit_time': array([6.65902281, 9.95715928, 9.95639801, 6.69214034, 6.63656735]), 'score_time': array([0.74300694, 0.73724675, 0.74031734, 0.75151896, 0.74127388]), 'test_score': array([0.5952381 , 0.66666667, 0.66666667, 0.78571429, 0.63414634])}
{'fit_time': array([6.6196661 , 9.91910481, 6.65909457, 6.73845673, 9.928339  ]), 'score_time': array([0.78129721, 0.73519564, 0.78050375, 0.78858376, 0.72533154]), 'test_score': array([0.5952381 , 0.66666667, 0.66666667, 0.78571429, 0.63414634])}
{'fit_time': array([6.59356689, 6.63346696, 6.72128701, 9.86465788, 9.88640547]), 'score_time': array([0.75350904, 0.74945283, 0.75580525, 0.72859478, 0.71915483]), 'test_score': array([0.5952381 , 0.66666667, 0.66666667, 0.78571429, 0.63414634])}
{'fit_time': array([9.78010559, 6.55040503, 6.64094806, 9.75228572, 6.5635004 ]), 'score_time': array([0.72792578, 0.75470066, 0.75897121, 0.73463225, 0.74449897]), 'test_score': array([0.5952381 , 0.66666667, 0.66666667, 0.78571429, 0.63414634])}
{'fit_time': array([6.68581152, 9.89845967, 6.75138307, 6.64776278, 9.91267157]), 'score_time': array([0.77270627, 0.7333138 , 0.78251338, 0.77057552, 0.72310543]), 'test_score': array([0.5952381 , 0.66666667, 0.66666667, 0.78571429, 0.63414634])}
AdaBoosting with raw data
{'fit_time': array([ 9.14815116,  9.19524789,  9.39220452, 13.95406771, 13.93530345]), 'score_time': array([1.11741495, 1.11358333, 1.13170838, 1.0930922 , 1.06675839]), 'test_score': array([0.69047619, 0.69047619, 0.64285714, 0.78571429, 0.75609756])}
{'fit_time': array([ 9.24904323, 13.96110606,  9.39313793, 13.93238354,  9.31044006]), 'score_time': array([1.12081432, 1.11657476, 1.12886906, 1.11586261, 1.09659171]), 'test_score': array([0.69047619, 0.69047619, 0.64285714, 0.78571429, 0.75609756])}
{'fit_time': array([ 9.3646276 , 14.11816502,  9.5019567 , 14.0581274 ,  9.44328833]), 'score_time': array([1.15056515, 1.09382391, 1.16658092, 1.09570789, 1.13720226]), 'test_score': array([0.69047619, 0.69047619, 0.64285714, 0.78571429, 0.75609756])}
{'fit_time': array([ 9.40468335,  9.40844131,  9.64253926, 14.12650728, 14.2226007 ]), 'score_time': array([1.16957164, 1.16891456, 1.16503143, 1.09291768, 1.07849979]), 'test_score': array([0.69047619, 0.69047619, 0.64285714, 0.78571429, 0.75609756])}
{'fit_time': array([ 9.28090358, 14.05082941,  9.55476093, 13.99198151,  9.35328078]), 'score_time': array([1.11615276, 1.09955835, 1.12562299, 1.10386705, 1.10668755]), 'test_score': array([0.69047619, 0.69047619, 0.64285714, 0.78571429, 0.75609756])}
{'fit_time': array([ 9.10470819, 13.79536843,  9.22091818,  9.10364985, 13.84343004]), 'score_time': array([1.11915827, 1.10461664, 1.124053  , 1.11772799, 1.06995797]), 'test_score': array([0.69047619, 0.69047619, 0.64285714, 0.78571429, 0.75609756])}
{'fit_time': array([ 9.13580251, 13.81686449,  9.27125573,  9.15425444, 13.8647027 ]), 'score_time': array([1.11891055, 1.08684444, 1.12846851, 1.11745691, 1.06606102]), 'test_score': array([0.69047619, 0.69047619, 0.64285714, 0.78571429, 0.75609756])}
{'fit_time': array([ 9.16402602, 13.86094928,  9.24690962, 13.85944748,  9.19748616]), 'score_time': array([1.14091349, 1.09395814, 1.14121795, 1.09269357, 1.10747194]), 'test_score': array([0.69047619, 0.69047619, 0.64285714, 0.78571429, 0.75609756])}
{'fit_time': array([ 9.37606311,  9.41557169, 14.23647213,  9.36918759, 14.3395586 ]), 'score_time': array([1.16115451, 1.16350794, 1.09877348, 1.15850925, 1.07023954]), 'test_score': array([0.66666667, 0.69047619, 0.64285714, 0.78571429, 0.75609756])}
{'fit_time': array([ 9.56388998, 14.19755197,  9.48221564,  9.40849757, 14.24607801]), 'score_time': array([1.1766274 , 1.11743689, 1.1915226 , 1.15516043, 1.07567883]), 'test_score': array([0.69047619, 0.69047619, 0.64285714, 0.78571429, 0.75609756])}

Maximum value Summary
PCA data [0.70731707 0.7804878  0.78571429 0.78571429 0.76190476 0.76190476
 0.73809524 0.78571429 0.68292683 0.69047619 0.73809524 0.73809524
 0.71428571 0.71428571 0.71428571 0.73809524 0.76190476 0.76190476
 0.78571429 0.78571429]
raw_data 0.7857142857142857

Time Summary
PCA data [14.3860517  16.24071867 18.22926967 19.32180328 20.33255136 21.7980937
 23.32955775 25.29798825 26.6353333  28.37084649 29.80790007 31.44174116
 32.95356054 34.48768203 36.05672271 37.29971082 39.04760311 40.69330087
 41.85509963 43.628368  ]
raw_data 61.62387330532074
