formula     mp_id       data        prediction  
Pr3GaC      mp-8368     1           1           1
CaZrO3      mp-542112   0           0           1
RbNbO3      mp-1075911  -1          0           1
TiHgO3      mp-1016842  -1          0           1
Ca3SbN      mp-1013548  -1          1           1
YBPt3       mp-1018644  0           0           1
CsSrCl3     mp-1213642  -1          0           1
AlCuO3      mp-1504314  -1          0           1
TiBeO3      mp-1187465  -1          1           1
Ca3AsP      mp-1096856  -1          0           1
Yb3PbO      mp-11652    1           1           1
Sr3AsN      mp-1013537  -1          0           1
YbSnO3      mp-1187515  -1          0           1
AlCoO3      mp-1435808  -1          0           1
Nd3PbC      mp-20808    -1          1           1
Ca3SnO      mp-29241    1           1           1
CsAsO3      mp-1183911  -1          0           1
Ca3BiP      mp-1013702  -1          0           1
SrSiO3      mp-1017439  0           0           1
PaAgO3      mp-977455   -1          0           1
RbHgF3      mp-7482     0           0           1
TiZnO3      mp-1016927  -1          0           1
TlBO3       mp-1187494  -1          1           1
HfCdO3      mp-1017446  -1          0           1
RbCaH3      mp-23949    0           0           1
CsHgCl3     mp-570591   0           0           1
Ca3PN       mp-1013540  -1          0           1
Er3SnC      mp-22537    -1          1           1
Sr3BiN      mp-570008   1           1           1
Sr3SbP      mp-1013588  -1          0           1
Ca3AsP      mp-1013642  -1          0           1
BaPtO3      mp-1183290  -1          0           1
Y3TlC       mp-9960     0           0           1
Sm3AlN      mp-1094052  -1          0           1
LuGaO3      mp-1185488  -1          0           1
HfBeO3      mp-1184563  -1          0           1
TmScO3      mp-1187557  -1          0           1
YbCdO3      mp-1187568  -1          0           1
Ba3SnO      mp-29243    0           0           1
Lu3TlC      mp-10607    0           0           1
GeTeO3      mp-1184641  -1          0           1
Mg3ZnC      mp-10185    0           0           1
MgZrO3      mp-1017000  -1          0           1
HoBPd3      mp-3693     0           0           1
BaGeO3      mp-1016823  -1          0           1
CaSiO3      mp-5893     0           0           1
YSbO3       mp-1416619  -1          0           1
NaBeH3      mp-23729    0           0           1
KCaCl3      mp-1211589  -1          0           1
Mg3AsN      mp-1206514  -1          0           1
DySnO3      mp-1184153  -1          0           1
InCuO3      mp-975443   -1          0           1
Dy3AlN      mp-1017557  -1          0           1
Ti3InN      mp-21233    0           0           1
Sr3SnO      mp-7961     1           1           1
Ba3SbP      mp-1013712  -1          0           1
Sr3AsP      mp-1013532  -1          0           1
Sr3PN       mp-1013536  -1          0           1
Sm3AlN      mp-10674    -1          1           1
TlTcO3      mp-1187623  -1          1           1
SbAuO3      mp-1186920  -1          0           1
BeGeO3      mp-1183415  -1          0           1
Sr3AsN      mp-1013555  -1          0           1
Ba3PbO      mp-29242    1           1           1
K3AuO       mp-9200     0           0           1
NaTcO3      mp-977176   -1          0           1
YbZnO3      mp-1187797  -1          0           1
SrTiO3      mp-5229     0           0           1
Li3ClO      mp-985585   -1          0           1
SrLiH3      mp-24419    0           0           1
KTaO3       mp-3614     0           0           1
ScCoO3      mp-1186980  -1          1           1
Sr3Bi2      mp-1013587  -1          0           1
RbPbF3      mp-21043    0           0           1
YRh3C       mp-22120    0           0           1
La2O3       mp-33032    -1          0           1
BaLiF3      mp-10250    0           0           1
Ba3SbN      mp-1013557  -1          0           1
Ho3GaC      mp-10279    0           1           1
Ca3AsN      mp-7223     0           0           1
PrBPd3      mp-2976     0           0           1
SnPt3C      mp-20446    0           0           1
CsNbO3      mp-1096944  -1          0           1
CsSmCl3     mp-567939   -1          0           1
Ca3SbAs     mp-1013544  -1          0           1
CaSnO3      mp-7986     -1          0           1
TiCdO3      mp-1016846  -1          0           1
Nd3SnC      mp-20423    -1          1           1
ThRu3C      mp-22394    0           0           1
Rb3AuO      mp-4405     0           0           1
Er3AlN      mp-1017558  -1          0           1
Ca3AsN      mp-1013543  -1          0           1
NbBiO3      mp-1186216  -1          0           1
Tb3GaC      mp-1206878  -1          0           1
Sr3SbN      mp-7752     0           0           1
HfThO3      mp-1184597  -1          0           1
Y3AlC       mp-4448     0           0           1
Ba3BiSb     mp-1013719  -1          0           1
Ca3P2       mp-1013547  -1          0           1
CsSnBr3     mp-27214    0           0           1
Ca3SbN      mp-31157    -1          0           1
CsPbCl3     mp-23037    0           0           1
CsPbF3      mp-5811     0           0           1
Sr3SbAs     mp-1013561  -1          1           1
YCuO3       mp-1432347  -1          0           1
SrPdO3      mp-1187190  -1          0           1
Ba3AsN      mp-1013709  -1          0           1
CsCaBr3     mp-30056    0           0           1
HoRh3C      mp-22664    1           1           1
Y3InC       mp-19817    0           0           1
Ba3AsP      mp-1013586  -1          0           1
Sm3SnC      mp-10718    -1          1           1
ErZnO3      mp-1184207  -1          0           1
Ba3BiN      mp-1013710  -1          0           1
PaTlO3      mp-862832   -1          0           1
Ba3BiAs     mp-1013563  -1          0           1
CsCdF3      mp-8399     0           0           1
La3AlC      mp-10600    0           0           1
KMgH3       mp-23737    0           0           1
CsSrF3      mp-8397     0           0           1
Sr3SbAs     mp-1013541  -1          0           1
Nd3GaN      mp-636273   -1          1           1
TlGaO3      mp-1187481  -1          0           1
Ca3BiAs     mp-1013703  -1          0           1
AlBiO3      mp-23080    0           0           1
Ba3AsP      mp-1013711  -1          0           1
UPdO3       mp-1187714  -1          0           1
YbGeO3      mp-865758   -1          0           1
Ba3BiAs     mp-1013716  -1          0           1
Sc3SnB      mp-10139    0           0           1
LiCaF3      mp-1017626  0           0           1
Dy3SnC      mp-19899    -1          0           1
Ca3BiN      mp-1013542  -1          0           1
AcBO3       mp-1183052  -1          0           1
NdGeO3      mp-975347   -1          0           1
AlCo3C      mp-10037    0           0           1
TbCuO3      mp-1187321  -1          0           1
YAgO3       mp-1418929  -1          0           1
CaSnS3      mp-866816   -1          0           1
HgRuO3      mp-1016851  -1          0           1
CeBeO3      mp-1183685  -1          0           1
CaGeO3      mp-1016884  -1          0           1
Lu3GaC      mp-1206912  -1          0           1
ZnSnO3      mp-1016902  -1          0           1
KAsO3       mp-1184937  -1          0           1
Sr3AsP      mp-1013553  -1          0           1
ZnGeO3      mp-1016930  -1          0           1
K3IO        mp-28171    0           0           1
HfMgO3      mp-1016825  -1          0           1
RbAcO3      mp-975463   -1          0           1
YbRu3C      mp-1206413  -1          1           1
CsYbCl3     mp-1070599  0           0           1
SnPbO3      mp-978952   -1          0           1
RbPbCl3     mp-1209191  -1          0           1
Sr3As2      mp-1013559  -1          0           1
Ca3BiAs     mp-1013545  -1          0           1
La3InC      mp-29056    0           0           1
CdSnO3      mp-1016881  -1          0           1
ZrBeO3      mp-1188011  -1          1           1
Tm3TlC      mp-22556    1           1           1
HgGeO3      mp-1017447  -1          1           1
Ba3Sb2      mp-1013582  -1          0           1
ZrBeO3      mp-1239170  -1          0           1
LuReO3      mp-1185529  -1          0           1
CsBeF3      mp-1017555  0           0           1
Cs2O3       mp-1185535  -1          0           1
SrHfO3      mp-4551     0           0           1
KCaF3       mp-4950     0           0           1
Sr3BiSb     mp-1013706  -1          0           1
Na3BrO      mp-985586   -1          0           1
Sm3InN      mp-19716    -1          0           1
TiSnO3      mp-1018639  0           0           1
Tb3TlC      mp-19836    1           1           1
TbRh3C      mp-542103   1           1           1
MgTiO3      mp-1016830  -1          0           1
Sc3AlC      mp-4079     0           0           1
MgAgF3      mp-1210575  -1          0           1
Ba3BiN      mp-1013549  -1          1           1
Ca3GeO      mp-9721     1           1           1
Sr3BiAs     mp-1013564  -1          0           1
SiHgO3      mp-1016874  -1          1           1
SrPtO3      mp-1187202  -1          0           1
AlSbO3      mp-1183134  -1          0           1
SrGeO3      mp-1016999  0           0           1
Nd2O3       mp-33029    -1          0           1
Tm3AlC      mp-574239   0           1           1
BaPbO3      mp-21280    0           0           1
BaSnO3      mp-3163     0           0           1
KPaO3       mp-1206970  -1          0           1
NaPaO3      mp-865120   -1          0           1
RbGeI3      mp-571458   0           0           1
TiTeO3      mp-1187488  -1          0           1
CsMgF3      mp-8401     0           0           1
ZrPbO3      mp-1068577  0           0           1
Sr3SbP      mp-1013535  -1          0           1
Ca3AuN      mp-9040     0           0           1
Sc3BPb      mp-10133    0           0           1
Lu3InC      mp-1206516  -1          0           1
CsSnI3      mp-614013   1           0           1
ZrHgO3      mp-1016871  -1          0           1
KIO3        mp-558843   -1          1           1
Rb3BrO      mp-30055    0           0           1
HfHgO3      mp-1016841  -1          0           1
Pr3InO      mp-21135    0           0           1
Sr3BiP      mp-1013530  -1          0           1
Lu3AlC      mp-1206894  -1          0           1
ErRu3C      mp-1206911  -1          1           1
NaTaO3      mp-4170     0           0           1
BaMoO3      mp-19322    -1          0           1
YbSiO3      mp-1187516  -1          0           1
BaPdO3      mp-1178510  -1          0           1
CuBiO3      mp-1184051  -1          0           1
CsPbI3      mp-1069538  1           0           1
Pr3AlC      mp-10039    0           0           1
Ba3P2       mp-1013551  -1          0           1
LaBPt3      mp-1018633  0           0           1
ThBeO3      mp-1187421  -1          0           1
TlHPd3      mp-1068746  1           1           1
BePbO3      mp-1183499  -1          1           1
BaLiH3      mp-23818    0           0           1
PrBiO3      mp-976727   -1          0           1
ZrBRh3      mp-1207063  -1          0           1
SmGePd3     mp-1206999  -1          0           1
CdOsO3      mp-1016882  -1          0           1
SrZnO3      mp-1186757  -1          0           1
Sr3N2       mp-1013529  -1          0           1
GaBiO3      mp-22979    0           0           1
BaSiO3      mp-1016821  -1          0           1
RbSrCl3     mp-1209047  -1          0           1
AlIrO3      mp-1183133  -1          0           1
Sr3BiSb     mp-1013585  -1          0           1
LiTcO3      mp-862870   -1          0           1
CsNaO3      mp-1183929  -1          0           1
CsCaH3      mp-644203   0           0           1
Ba3SiO      mp-754940   -1          0           1
YbPtO3      mp-1187480  -1          0           1
Ca3BiSb     mp-1013704  -1          0           1
NbTlO3      mp-977408   -1          0           1
ZrBRh3      mp-1068661  0           0           1
Ca3BiP      mp-1013558  -1          0           1
KAcO3       mp-1185008  -1          0           1
BeSiO3      mp-1183445  -1          0           1
ThBRh3      mp-1206772  -1          0           1
Cu3PdN      mp-1206517  -1          0           1
ScAsO3      mp-973156   -1          0           1
SiPbO3      mp-978489   -1          1           1
AlInO3      mp-1183160  -1          1           1
La3SnN      mp-1206994  -1          0           1
RbMgF3      mp-8402     0           0           1
ScBPt3      mp-1018627  0           0           1
ZrOsO3      mp-972296   -1          0           1
AlBiO3      mp-1413511  -1          0           1
ThSiO3      mp-1187425  -1          0           1
AcScO3      mp-1183152  -1          0           1
Pr3SnN      mp-1206822  -1          0           1
Ho3AlC      mp-29677    0           0           1
CdSiO3      mp-1016879  -1          1           1
CsHgBr3     mp-27718    0           0           1
ZnNi3C      mp-16290    0           0           1
ZrCdO3      mp-1016845  -1          0           1
TlIO3       mp-546200   1           1           1
Ca3TlN      mp-10554    0           1           1
NaAsO3      mp-976133   -1          0           1
TbBPd3      mp-3022     0           0           1
LiPaO3      mp-1185263  -1          0           1
SmGeO3      mp-978926   -1          0           1
InAsO3      mp-1184913  -1          1           1
Sc3GaC      mp-8577     0           0           1
Sc3InC      mp-8578     0           0           1
ReBiO3      mp-974581   -1          0           1
ZnSiO3      mp-1016876  -1          1           1
SnPd3C      mp-1018636  1           1           1
Ba3AsN      mp-1013734  -1          0           1
LaCuO3      mp-1076070  -1          0           1
Sc3TlC      mp-4230     0           0           1
KMgH3       mp-1017580  0           0           1
CaHfO3      mp-1016873  -1          0           1
Ba3PN       mp-1013707  -1          0           1
Dy3PbC      mp-19818    -1          0           1
Ca3PbO      mp-20273    1           1           1
YBPd3       mp-1018643  0           0           1
HfBRh3      mp-1017578  1           1           1
YbTiO3      mp-865218   -1          0           1
TaAgO3      mp-1187189  -1          0           1
RbYbF3      mp-6952     0           0           1
RbVO3       mp-1076638  -1          0           1
HoRhO3      mp-1184833  -1          0           1
RbPdF3      mp-9060     0           0           1
LaOsN3      mp-989564   -1          1           1
YbBRh3      mp-3686     0           0           1
CdNi3C      mp-1206343  -1          0           1
Ca3N2       mp-1013524  -1          0           1
Tb3AlC      mp-570822   0           0           1
Pt3PbC      mp-20097    0           0           1
InBiO3      mp-545379   0           0           1
CaZnO3      mp-1183540  -1          0           1
Sr3P2       mp-1013552  -1          0           1
Ca3SbP      mp-1096764  -1          0           1
Ca3SbAs     mp-1013738  -1          0           1
Tb3InC      mp-21392    0           1           1
CsYbF3      mp-8398     0           0           1
Sr3Sb2      mp-1013583  -1          0           1
PmInO3      mp-1186597  -1          0           1
MgSnO3      mp-1016820  -1          0           1
Mg3SbN      mp-1080847  -1          0           1
Pr3TlC      mp-7166     0           1           1
SrSnO3      mp-546973   0           0           1
CsHgF3      mp-561947   0           0           1
AcCuO3      mp-864606   -1          0           1
SmTiO3      mp-1099583  -1          0           1
CsSbO3      mp-1185561  -1          0           1
ScBiO3      mp-550008   0           0           1
TmRh3C      mp-10714    1           1           1
GePbO3      mp-1017566  0           0           1
Ba3SbP      mp-1013737  -1          0           1
CsPaO3      mp-1183920  -1          0           1
PrCuO3      mp-1186515  -1          0           1
Sr3PN       mp-1013554  -1          0           1
Ba3N2       mp-1013528  -1          0           1
InNi3N      mp-1070713  1           1           1
CsYbBr3     mp-568005   0           0           1
Dy3InN      mp-31056    -1          0           1
MgSiO3      mp-1016928  -1          1           1
BSbO3       mp-1183211  -1          0           1
SrZrO3      mp-3323     0           0           1
Pr3InC      mp-19749    1           1           1
Er3PbC      mp-20430    -1          1           1
DyRu3C      mp-1206121  -1          1           1
Nd3InN      mp-21022    -1          0           1
YbPdO3      mp-1187570  -1          0           1
ZrZnO3      mp-1016883  -1          0           1
Ti3AlN      mp-10675    0           0           1
HgOsO3      mp-1016840  -1          0           1
LuAlO3      mp-1185485  -1          0           1
YBiO3       mp-1424898  -1          0           1
Ca3SbP      mp-1013550  -1          0           1
NaMgF3      mp-560399   0           0           1
CsBiO3      mp-983578   -1          0           1
Ca3As2      mp-1096854  -1          0           1
RbCdF3      mp-6951     0           0           1
Sm3PbC      mp-19758    -1          1           1
Ba3BiSb     mp-1013584  -1          0           1
Ba3BiP      mp-1013691  -1          0           1
LaGaO3      mp-1097026  0           0           1
Ba3SbAs     mp-1013562  -1          1           1
BaZrO3      mp-3834     0           0           1
K3BrO       mp-28166    0           0           1
RbSbO3      mp-975206   -1          0           1
RbPaO3      mp-1206844  -1          0           1
CsCaF3      mp-7104     0           0           1
TmBPd3      mp-10134    0           0           1
CeRu3C      mp-1206127  -1          0           1
CsCdCl3     mp-568544   0           0           1
Ba3As2      mp-1013560  -1          0           1
Ho3TlC      mp-20978    1           1           1
CdGeO3      mp-1016903  -1          0           1
TlCuO3      mp-1187483  -1          0           1
Tm3InC      mp-21292    1           1           1
AcGaO3      mp-1183053  -1          0           1
BePtO3      mp-1183451  -1          0           1
LaAgO3      mp-1076000  -1          0           1
AlSbO3      mp-1421511  -1          0           1
Na3ClO      mp-28602    0           0           1
Ba3SbAs     mp-1013714  -1          0           1
BaPbO3      mp-561598   0           0           1
Ba3PN       mp-1013533  -1          0           1
Yb3SnO      mp-11651    1           0           1
ScIr3C      mp-624739   0           1           1
LaTaO3      mp-1239192  -1          0           1
Ca3BiN      mp-31149    -1          1           1
BeOsO3      mp-1183431  -1          1           1
BaThO3      mp-8037     0           0           1
Ho3InC      mp-10356    0           1           1
Li3BrO      mp-28593    0           0           1
YCoO3       mp-1435972  -1          0           1
KTcO3       mp-973267   -1          0           1
HoBO3       mp-1184546  -1          0           1
Er3InN      mp-31058    -1          0           1
KNbO3       mp-935811   0           0           1
CsYbH3      mp-1206323  -1          0           1
KMgF3       mp-3448     0           0           1
NaNbO3      mp-3136     -1          0           1
PrNbO3      mp-975913   -1          0           1
MgZnO3      mp-1185612  -1          0           1
PrRh3C      mp-10708    0           0           1
TaTlO3      mp-861873   -1          0           1
LaBPd3      mp-3846     0           0           1
LuRh3C      mp-10699    1           1           1
RbCaF3      mp-3654     0           0           1
SrHgO3      mp-971975   -1          0           1
Ca3BiSb     mp-1013733  -1          0           1
LiBO3       mp-1185302  -1          1           1
CsGeBr3     mp-570223   1           0           1
Nd3AlN      mp-21910    -1          1           1
TiPbO3      mp-19845    0           0           1
KBiO3       mp-982040   -1          0           1
Sr3BiN      mp-1013531  -1          0           1
Ca3Sb2      mp-1013546  -1          0           1
LaScO3      mp-1096800  -1          0           1
ZrTiO3      mp-1183045  -1          0           1
Ca3PN       mp-11824    0           0           1
ReSbO3      mp-974511   -1          0           1
MgTlF3      mp-998739   -1          0           1
NaReO3      mp-976923   -1          0           1
Ni3GeC      mp-8370     1           0           1
NaVO3       mp-1099591  -1          0           1
Ba3Bi2      mp-1013736  -1          1           1
SmSiO3      mp-978506   -1          0           1
ZrRu3C      mp-10706    0           0           1
La3AlO      mp-1206996  -1          0           1
BaTiO3      mp-504715   -1          0           1
Ca3Bi2      mp-1013735  -1          0           1
KVO3        mp-1076633  -1          0           1
CsTaO3      mp-1185552  -1          0           1
SrAlH3      mp-1068011  0           0           1
ScCuO3      mp-973068   -1          0           1
BaCeO3      mp-5663     0           0           1
HfPbO3      mp-22535    0           0           1
HoCuO3      mp-1184736  -1          0           1
SiSnO3      mp-978493   -1          0           1
CsPdF3      mp-1207302  -1          0           1
BaHfO3      mp-998552   -1          0           1
Sr3BiP      mp-1013643  -1          0           1
BePdO3      mp-1183447  -1          0           1
ZnAgF3      mp-14099    0           0           1
Ba3BiP      mp-1013713  -1          0           1
Ti3TlN      mp-9964     1           1           1
LaRh3C      mp-1206401  -1          0           1
Y3GaC       mp-10601    0           0           1
ScCo3C      mp-10270    0           1           1
Tb3AlC      mp-10041    1           1           1
ThPdO3      mp-1187442  -1          0           1
SnGeO3      mp-1187065  -1          0           1
RbBiO3      mp-975384   -1          0           1
SmBRh3      mp-4982     -1          0           1
ScRh3C      mp-10712    0           0           1
KCdF3       mp-10175    0           0           1
Sr3BiAs     mp-1013705  -1          0           1
Pd3PbC      mp-21031    1           1           1
RbPdCl3     mp-998173   -1          0           1
AcAlO3      mp-1183115  -1          0           1
HoSbO3      mp-1207180  -1          0           1
CoSbO3      mp-1183681  -1          0           1
Ag3SI       mp-558189   0           0           1
LaCoO3      mp-573180   -1          0           1
RbTaO3      mp-1076534  -1          0           1
Sr3PbO      mp-19944    1           1           1
NbAgO3      mp-12725    0           0           1
CaTiO3      mp-5827     0           0           1
MgGeO3      mp-1016827  -1          0           1
GaBO3       mp-1184023  -1          1           1
LuBPd3      mp-3105     0           0           1
Rb3ClO      mp-754892   -1          1           1
SnHgO3      mp-1016837  -1          0           1
Ba3SbN      mp-1013708  -1          0           1
ScBPd3      mp-1017631  0           0           1
KZnF3       mp-5878     0           0           1
ThTaN3      mp-10732    1           0           1
MgAgF3      mp-998358   -1          0           1
HfZnO3      mp-1016819  -1          0           1
InSbO3      mp-1184765  -1          0           1
RbAsO3      mp-975425   -1          0           1
CsKO3       mp-984357   -1          0           1
CsRbO3      mp-1183926  -1          0           1
CsPdCl3     mp-1147710  -1          0           1
BaLiH3      mp-632808   0           0           1
LaAlO3      mp-5304     -1          0           1
RbReO3      mp-975216   -1          0           1
Ge2O3       mp-982048   -1          0           1
La3TlC      mp-7159     0           0           1
CsPbBr3     mp-600089   0           0           1
CsIO3       mp-613384   -1          0           1
Tm3GaC      mp-10351    1           1           1
RbCaBr3     mp-1209227  -1          0           1
CaPd3C      mp-12572    0           0           1
AlAgO3      mp-1418444  -1          0           1
TaInO3      mp-1187260  -1          0           1
SrZrO3      mp-613402   -1          0           1
KReO3       mp-973471   -1          0           1
KPdF3       mp-9061     0           0           1
Fe3SnC      mp-21850    0           0           1
CaHgO3      mp-1183570  -1          0           1
LuRhO3      mp-973681   -1          0           1
CsSnCl3     mp-1070375  0           0           1
BIrO3       mp-1183221  -1          1           1
CsCdBr3     mp-570231   0           0           1
BaCdO3      mp-1183292  -1          0           1
