n_estimators= 2500 , learning_rate= 0.02
AdaBoosting with pca data
dimension:  1
{'fit_time': array([2.86665916, 2.44351196, 2.74283457, 2.37069511, 3.19939089]), 'score_time': array([0.26759076, 0.25589085, 0.27098179, 0.25480533, 0.29406142]), 'test_score': array([0.76315789, 0.76315789, 0.78947368, 0.72972973, 0.56756757])}
{'fit_time': array([3.13822603, 2.25456309, 3.14303184, 2.30784321, 2.32324743]), 'score_time': array([0.24651051, 0.26425099, 0.25078464, 0.26468563, 0.25886726]), 'test_score': array([0.76315789, 0.76315789, 0.78947368, 0.72972973, 0.56756757])}
{'fit_time': array([2.27833128, 3.21564317, 2.34664869, 2.34926581, 3.18115592]), 'score_time': array([0.25606489, 0.26211309, 0.25976753, 0.25152421, 0.24766779]), 'test_score': array([0.76315789, 0.76315789, 0.78947368, 0.72972973, 0.56756757])}
{'fit_time': array([3.21810317, 2.44463801, 2.39140606, 2.38471723, 3.22356677]), 'score_time': array([0.24536848, 0.25869632, 0.25896859, 0.25616145, 0.25097775]), 'test_score': array([0.76315789, 0.76315789, 0.78947368, 0.72972973, 0.56756757])}
{'fit_time': array([2.32379746, 2.28609109, 2.26914287, 3.16147661, 3.19973159]), 'score_time': array([0.27179408, 0.26254129, 0.25271916, 0.24125457, 0.29174209]), 'test_score': array([0.76315789, 0.76315789, 0.78947368, 0.72972973, 0.56756757])}
{'fit_time': array([2.2116909 , 2.28296018, 3.13885784, 2.27454948, 3.13599777]), 'score_time': array([0.24998474, 0.27813458, 0.25032973, 0.26628184, 0.2526989 ]), 'test_score': array([0.76315789, 0.76315789, 0.78947368, 0.72972973, 0.56756757])}
{'fit_time': array([2.22291136, 2.21173167, 3.1851325 , 3.17474341, 2.30472827]), 'score_time': array([0.25733876, 0.2548635 , 0.25312281, 0.26108098, 0.274014  ]), 'test_score': array([0.76315789, 0.76315789, 0.78947368, 0.72972973, 0.56756757])}
{'fit_time': array([2.25629854, 2.18634796, 2.23657703, 3.16885614, 3.16125393]), 'score_time': array([0.26152754, 0.25234103, 0.26161909, 0.2567513 , 0.2406733 ]), 'test_score': array([0.76315789, 0.76315789, 0.78947368, 0.72972973, 0.56756757])}
{'fit_time': array([2.23160267, 3.22854662, 2.27333021, 2.26912355, 3.19697118]), 'score_time': array([0.26483727, 0.26634145, 0.2769742 , 0.25979686, 0.26303434]), 'test_score': array([0.76315789, 0.76315789, 0.78947368, 0.72972973, 0.56756757])}
{'fit_time': array([2.24095702, 3.15046215, 2.28518486, 2.34950018, 3.16169882]), 'score_time': array([0.25595498, 0.24294043, 0.25702453, 0.26731372, 0.25286007]), 'test_score': array([0.76315789, 0.76315789, 0.78947368, 0.72972973, 0.56756757])}
dimension:  2
{'fit_time': array([2.42218494, 3.54836988, 2.53185487, 2.46201134, 3.54523611]), 'score_time': array([0.2809577 , 0.28166127, 0.31765914, 0.27611899, 0.29369521]), 'test_score': array([0.71052632, 0.76315789, 0.73684211, 0.7027027 , 0.7027027 ])}
{'fit_time': array([2.60329652, 3.54799318, 3.57876468, 2.59237957, 2.63853025]), 'score_time': array([0.29476166, 0.27644539, 0.27690268, 0.30348206, 0.30600166]), 'test_score': array([0.71052632, 0.76315789, 0.73684211, 0.67567568, 0.7027027 ])}
{'fit_time': array([2.59030032, 3.5755043 , 2.76539779, 3.54723024, 2.73164725]), 'score_time': array([0.29398608, 0.29418135, 0.30701017, 0.28906178, 0.28752971]), 'test_score': array([0.71052632, 0.76315789, 0.73684211, 0.7027027 , 0.7027027 ])}
{'fit_time': array([2.52592087, 3.53112435, 2.54368329, 3.49111891, 2.55750036]), 'score_time': array([0.27964759, 0.29129958, 0.29922819, 0.2714572 , 0.28753948]), 'test_score': array([0.71052632, 0.76315789, 0.73684211, 0.7027027 , 0.7027027 ])}
{'fit_time': array([3.4663403 , 2.57084537, 3.47331452, 2.44016409, 2.43909454]), 'score_time': array([0.26996779, 0.30626869, 0.27119303, 0.29125714, 0.28805208]), 'test_score': array([0.71052632, 0.76315789, 0.73684211, 0.7027027 , 0.7027027 ])}
{'fit_time': array([2.57817793, 3.45236516, 2.44335413, 2.41549039, 3.48824906]), 'score_time': array([0.29612803, 0.2689352 , 0.29435921, 0.28740358, 0.28528881]), 'test_score': array([0.71052632, 0.76315789, 0.73684211, 0.7027027 , 0.7027027 ])}
{'fit_time': array([3.5094676 , 3.51205111, 2.55148482, 2.54665899, 2.63134694]), 'score_time': array([0.26824832, 0.27920651, 0.29864526, 0.27669907, 0.28902411]), 'test_score': array([0.71052632, 0.76315789, 0.73684211, 0.7027027 , 0.7027027 ])}
{'fit_time': array([3.4674933 , 2.46528745, 2.43851376, 3.48797917, 2.55410218]), 'score_time': array([0.2697928 , 0.2948277 , 0.2913506 , 0.27519584, 0.28785634]), 'test_score': array([0.71052632, 0.76315789, 0.73684211, 0.7027027 , 0.7027027 ])}
{'fit_time': array([2.50951934, 3.47408557, 2.42647862, 3.51350904, 2.47539043]), 'score_time': array([0.27888656, 0.2860918 , 0.30178857, 0.27323771, 0.27812576]), 'test_score': array([0.71052632, 0.76315789, 0.73684211, 0.67567568, 0.7027027 ])}
{'fit_time': array([2.46611023, 2.40752316, 3.50791192, 3.49336743, 2.51535821]), 'score_time': array([0.29383779, 0.28133297, 0.27271771, 0.28368425, 0.28814149]), 'test_score': array([0.71052632, 0.76315789, 0.73684211, 0.7027027 , 0.7027027 ])}
dimension:  3
{'fit_time': array([3.79962492, 2.68692493, 3.8437314 , 2.7251544 , 2.68464661]), 'score_time': array([0.29331374, 0.32460356, 0.30649185, 0.31777358, 0.31283045]), 'test_score': array([0.71052632, 0.78947368, 0.68421053, 0.67567568, 0.67567568])}
{'fit_time': array([3.7910583 , 2.67493653, 2.71439695, 3.77317095, 2.75831628]), 'score_time': array([0.30126595, 0.32220221, 0.31569076, 0.29661226, 0.31775618]), 'test_score': array([0.71052632, 0.78947368, 0.68421053, 0.67567568, 0.67567568])}
{'fit_time': array([2.66265154, 2.69317746, 3.81353593, 3.83525372, 2.72472882]), 'score_time': array([0.32300377, 0.31807423, 0.2946353 , 0.33320475, 0.31150484]), 'test_score': array([0.71052632, 0.78947368, 0.68421053, 0.67567568, 0.67567568])}
{'fit_time': array([2.67638063, 3.76375127, 2.63968587, 2.69535661, 3.79182959]), 'score_time': array([0.31934571, 0.31492519, 0.30028963, 0.31705618, 0.2908752 ]), 'test_score': array([0.71052632, 0.78947368, 0.68421053, 0.67567568, 0.67567568])}
{'fit_time': array([2.71421003, 3.79498172, 2.62701225, 2.70241976, 3.76683974]), 'score_time': array([0.32220912, 0.31534457, 0.30618858, 0.34067416, 0.29014277]), 'test_score': array([0.71052632, 0.78947368, 0.68421053, 0.7027027 , 0.67567568])}
{'fit_time': array([3.82857323, 3.80493116, 2.66300082, 2.69865465, 2.71339059]), 'score_time': array([0.34012461, 0.29437137, 0.32567263, 0.30197716, 0.32649088]), 'test_score': array([0.71052632, 0.78947368, 0.68421053, 0.7027027 , 0.67567568])}
{'fit_time': array([2.73518538, 2.71879172, 3.80057788, 3.78069377, 2.64989233]), 'score_time': array([0.33381701, 0.30390167, 0.30744958, 0.29515123, 0.30277252]), 'test_score': array([0.71052632, 0.78947368, 0.68421053, 0.67567568, 0.67567568])}
{'fit_time': array([2.76614094, 3.87914896, 2.77147055, 2.68076921, 3.85320187]), 'score_time': array([0.31444693, 0.30497885, 0.31831861, 0.3057456 , 0.30171895]), 'test_score': array([0.71052632, 0.78947368, 0.68421053, 0.7027027 , 0.67567568])}
{'fit_time': array([2.60651612, 2.77435708, 2.74159861, 3.87931108, 3.82442093]), 'score_time': array([0.29780388, 0.32322693, 0.31722641, 0.31232142, 0.29464602]), 'test_score': array([0.71052632, 0.78947368, 0.68421053, 0.67567568, 0.67567568])}
{'fit_time': array([2.609231  , 2.70562124, 3.81018734, 3.81064916, 2.77706885]), 'score_time': array([0.30965042, 0.32430434, 0.29590368, 0.29665589, 0.32551336]), 'test_score': array([0.71052632, 0.78947368, 0.68421053, 0.67567568, 0.67567568])}
dimension:  4
{'fit_time': array([2.97729278, 2.88731742, 4.1462543 , 4.1630106 , 2.92585897]), 'score_time': array([0.34527445, 0.3429811 , 0.33199763, 0.32825661, 0.33880591]), 'test_score': array([0.76315789, 0.81578947, 0.73684211, 0.75675676, 0.75675676])}
{'fit_time': array([2.95418835, 2.8195219 , 4.11328363, 4.12562323, 2.93804455]), 'score_time': array([0.35249472, 0.33076453, 0.3287437 , 0.33324289, 0.34258986]), 'test_score': array([0.76315789, 0.81578947, 0.73684211, 0.75675676, 0.75675676])}
{'fit_time': array([2.83844161, 2.98229337, 4.13333249, 2.9805603 , 4.13229895]), 'score_time': array([0.3335712 , 0.34022164, 0.33078504, 0.34221935, 0.33289051]), 'test_score': array([0.76315789, 0.81578947, 0.73684211, 0.75675676, 0.75675676])}
{'fit_time': array([4.11693192, 2.93858433, 2.83783197, 4.11669326, 2.99819541]), 'score_time': array([0.32547545, 0.3478601 , 0.35289478, 0.32974458, 0.34494424]), 'test_score': array([0.76315789, 0.81578947, 0.73684211, 0.75675676, 0.75675676])}
{'fit_time': array([4.10121012, 2.99268579, 4.13400149, 2.84157181, 2.88062215]), 'score_time': array([0.31732631, 0.33709216, 0.33825421, 0.34477448, 0.34951901]), 'test_score': array([0.76315789, 0.81578947, 0.73684211, 0.75675676, 0.75675676])}
{'fit_time': array([3.04277158, 4.21339178, 4.20487356, 2.87969971, 3.10322905]), 'score_time': array([0.3294704 , 0.33098984, 0.33013844, 0.34144926, 0.34472036]), 'test_score': array([0.76315789, 0.81578947, 0.73684211, 0.75675676, 0.75675676])}
{'fit_time': array([4.12252831, 2.8920567 , 2.95281744, 2.92812133, 4.13796854]), 'score_time': array([0.31962299, 0.3471632 , 0.36434126, 0.32577038, 0.32781863]), 'test_score': array([0.76315789, 0.81578947, 0.73684211, 0.75675676, 0.75675676])}
{'fit_time': array([2.93025279, 2.99177766, 4.19930911, 2.88951349, 4.14182067]), 'score_time': array([0.34624767, 0.34420156, 0.36094332, 0.33268094, 0.32367158]), 'test_score': array([0.76315789, 0.81578947, 0.73684211, 0.75675676, 0.75675676])}
{'fit_time': array([2.84775543, 3.04094172, 4.13097024, 2.87984562, 4.12871838]), 'score_time': array([0.3337276 , 0.36825943, 0.32847309, 0.33931851, 0.32879233]), 'test_score': array([0.76315789, 0.81578947, 0.73684211, 0.75675676, 0.75675676])}
{'fit_time': array([2.87340355, 4.10780144, 2.98698306, 4.15475726, 2.86643982]), 'score_time': array([0.33775187, 0.32517099, 0.34175706, 0.35145736, 0.33694696]), 'test_score': array([0.76315789, 0.81578947, 0.73684211, 0.78378378, 0.75675676])}
dimension:  5
{'fit_time': array([3.05929756, 4.4208343 , 3.12315655, 4.43873763, 3.22379446]), 'score_time': array([0.35312438, 0.3448329 , 0.38947892, 0.35016418, 0.3656261 ]), 'test_score': array([0.76315789, 0.78947368, 0.76315789, 0.75675676, 0.75675676])}
{'fit_time': array([3.08519816, 3.12614894, 4.46010876, 3.18465614, 4.44023395]), 'score_time': array([0.3644371 , 0.37097883, 0.36769509, 0.37333655, 0.35194468]), 'test_score': array([0.76315789, 0.78947368, 0.76315789, 0.75675676, 0.75675676])}
{'fit_time': array([3.0844233 , 3.11309814, 3.18609071, 4.50840688, 4.46628308]), 'score_time': array([0.3770752 , 0.37352133, 0.35572195, 0.39431405, 0.35307169]), 'test_score': array([0.76315789, 0.78947368, 0.76315789, 0.75675676, 0.75675676])}
{'fit_time': array([3.06223011, 4.52023387, 3.16084599, 3.17782831, 4.5319159 ]), 'score_time': array([0.36502266, 0.35696578, 0.37197137, 0.38681746, 0.36050725]), 'test_score': array([0.76315789, 0.78947368, 0.76315789, 0.75675676, 0.75675676])}
{'fit_time': array([3.14777589, 3.70659685, 3.16850019, 4.00434113, 4.52526927]), 'score_time': array([0.3771677 , 0.37847018, 0.37126088, 0.35494113, 0.35767984]), 'test_score': array([0.76315789, 0.78947368, 0.76315789, 0.75675676, 0.75675676])}
{'fit_time': array([3.24690032, 3.17729545, 4.49847722, 4.47485805, 3.1192472 ]), 'score_time': array([0.37685394, 0.37958169, 0.35017443, 0.35243225, 0.37265968]), 'test_score': array([0.76315789, 0.78947368, 0.76315789, 0.75675676, 0.75675676])}
{'fit_time': array([3.07919097, 3.72172451, 4.48617196, 4.01680851, 3.15870547]), 'score_time': array([0.37080741, 0.37073588, 0.35797167, 0.36035705, 0.37129259]), 'test_score': array([0.76315789, 0.78947368, 0.76315789, 0.75675676, 0.75675676])}
{'fit_time': array([3.16370463, 4.47236228, 4.51553154, 3.14328623, 3.16791773]), 'score_time': array([0.38208246, 0.34423208, 0.37012196, 0.3707068 , 0.36212921]), 'test_score': array([0.76315789, 0.78947368, 0.76315789, 0.75675676, 0.75675676])}
{'fit_time': array([3.43321776, 3.11460853, 4.44887733, 4.44853568, 3.43407774]), 'score_time': array([0.37657022, 0.37473702, 0.35435367, 0.34980583, 0.37483692]), 'test_score': array([0.76315789, 0.78947368, 0.76315789, 0.75675676, 0.75675676])}
{'fit_time': array([3.07679176, 3.18011355, 4.47369552, 3.06196189, 4.46440887]), 'score_time': array([0.36148357, 0.37283278, 0.36877465, 0.35760999, 0.3495934 ]), 'test_score': array([0.76315789, 0.78947368, 0.76315789, 0.75675676, 0.75675676])}
dimension:  6
{'fit_time': array([4.86626291, 3.40800571, 3.61846352, 4.84615636, 3.72760868]), 'score_time': array([0.37021327, 0.41118002, 0.39323163, 0.37674665, 0.40978193]), 'test_score': array([0.81578947, 0.78947368, 0.78947368, 0.78378378, 0.78378378])}
{'fit_time': array([4.61919188, 3.31256056, 3.70250416, 3.4211719 , 4.86167884]), 'score_time': array([0.37926483, 0.39820075, 0.45414639, 0.41612625, 0.37311578]), 'test_score': array([0.81578947, 0.78947368, 0.78947368, 0.78378378, 0.78378378])}
{'fit_time': array([3.4143517 , 4.87036133, 3.47562075, 4.81916261, 3.30654526]), 'score_time': array([0.39048696, 0.38095164, 0.41404104, 0.36504078, 0.40657806]), 'test_score': array([0.81578947, 0.78947368, 0.78947368, 0.78378378, 0.78378378])}
{'fit_time': array([3.32532811, 3.61682844, 3.59178185, 4.62824559, 4.80143523]), 'score_time': array([0.39578748, 0.39165783, 0.4298358 , 0.37431765, 0.3699317 ]), 'test_score': array([0.81578947, 0.78947368, 0.78947368, 0.78378378, 0.78378378])}
{'fit_time': array([3.46439719, 4.84250045, 3.50241613, 3.40591741, 4.86252832]), 'score_time': array([0.40318704, 0.37211013, 0.4180963 , 0.40228581, 0.37486291]), 'test_score': array([0.81578947, 0.78947368, 0.78947368, 0.78378378, 0.78378378])}
{'fit_time': array([3.32915282, 3.40054488, 3.54957128, 4.85817623, 4.84325004]), 'score_time': array([0.39781785, 0.38885236, 0.44103813, 0.37739921, 0.3701272 ]), 'test_score': array([0.81578947, 0.78947368, 0.78947368, 0.78378378, 0.78378378])}
{'fit_time': array([3.5227325 , 4.91642761, 3.58485508, 4.88688278, 3.50224209]), 'score_time': array([0.4009614 , 0.38714385, 0.44583106, 0.38156915, 0.39493608]), 'test_score': array([0.81578947, 0.78947368, 0.78947368, 0.78378378, 0.78378378])}
{'fit_time': array([3.65277195, 4.92999983, 3.49751401, 4.89520717, 3.70417047]), 'score_time': array([0.3983655 , 0.41670299, 0.42251492, 0.37204266, 0.40135813]), 'test_score': array([0.81578947, 0.78947368, 0.78947368, 0.78378378, 0.78378378])}
{'fit_time': array([4.88838696, 3.39224458, 3.34729576, 4.88407731, 3.34327769]), 'score_time': array([0.3992486 , 0.40486455, 0.39709187, 0.37083387, 0.39181662]), 'test_score': array([0.81578947, 0.78947368, 0.78947368, 0.78378378, 0.78378378])}
{'fit_time': array([3.62262392, 4.85170364, 3.39344692, 4.84893012, 3.66747046]), 'score_time': array([0.40234685, 0.37304902, 0.38690972, 0.36919117, 0.41179752]), 'test_score': array([0.81578947, 0.78947368, 0.78947368, 0.78378378, 0.78378378])}
dimension:  7
{'fit_time': array([5.08942389, 3.53053689, 3.63469267, 5.08258319, 3.58323455]), 'score_time': array([0.39849329, 0.41577029, 0.44049048, 0.39604473, 0.41980624]), 'test_score': array([0.78947368, 0.78947368, 0.81578947, 0.78378378, 0.75675676])}
{'fit_time': array([3.49539423, 5.14358735, 3.58057117, 5.09411955, 3.64395046]), 'score_time': array([0.41827488, 0.40849662, 0.44279265, 0.39197826, 0.42079139]), 'test_score': array([0.78947368, 0.78947368, 0.81578947, 0.78378378, 0.75675676])}
{'fit_time': array([5.21672821, 3.69440222, 3.65658331, 3.80634427, 5.16737127]), 'score_time': array([0.41156006, 0.45124125, 0.42366362, 0.43078899, 0.38254642]), 'test_score': array([0.78947368, 0.78947368, 0.81578947, 0.78378378, 0.75675676])}
{'fit_time': array([3.68822527, 3.68967986, 3.57301092, 5.26274347, 5.23465323]), 'score_time': array([0.43456936, 0.44445181, 0.42655993, 0.40581179, 0.39306164]), 'test_score': array([0.78947368, 0.78947368, 0.81578947, 0.78378378, 0.75675676])}
{'fit_time': array([3.58732796, 5.246732  , 5.1951282 , 3.71525788, 3.81709337]), 'score_time': array([0.44872189, 0.39447665, 0.42666769, 0.41893244, 0.41243911]), 'test_score': array([0.78947368, 0.78947368, 0.81578947, 0.78378378, 0.75675676])}
{'fit_time': array([4.24371576, 4.65054488, 3.67544293, 3.84269023, 5.22306657]), 'score_time': array([0.41454792, 0.40634084, 0.42175651, 0.42818713, 0.39366651]), 'test_score': array([0.78947368, 0.78947368, 0.81578947, 0.78378378, 0.75675676])}
{'fit_time': array([3.60227132, 5.13623071, 3.49548745, 3.63473463, 5.16322613]), 'score_time': array([0.45053411, 0.40847063, 0.4172225 , 0.41954589, 0.40980005]), 'test_score': array([0.78947368, 0.78947368, 0.81578947, 0.78378378, 0.75675676])}
{'fit_time': array([3.62623501, 5.06672025, 3.4768548 , 3.56534767, 5.11230016]), 'score_time': array([0.42970204, 0.40628004, 0.41157413, 0.42470837, 0.39079595]), 'test_score': array([0.78947368, 0.78947368, 0.81578947, 0.78378378, 0.75675676])}
{'fit_time': array([3.49877453, 5.19203377, 3.67905688, 3.6170826 , 5.1342988 ]), 'score_time': array([0.41557717, 0.42378759, 0.42848635, 0.41409922, 0.38896322]), 'test_score': array([0.78947368, 0.78947368, 0.81578947, 0.78378378, 0.75675676])}
{'fit_time': array([3.79827642, 3.55450773, 5.0839324 , 5.08904028, 3.78174186]), 'score_time': array([0.43031573, 0.42165184, 0.40780973, 0.40544081, 0.43032432]), 'test_score': array([0.78947368, 0.78947368, 0.81578947, 0.78378378, 0.75675676])}
dimension:  8
{'fit_time': array([4.47748661, 3.83082438, 3.98395872, 4.41575909, 5.45970535]), 'score_time': array([0.43974996, 0.45326328, 0.58483744, 0.45120955, 0.42088318]), 'test_score': array([0.81578947, 0.78947368, 0.81578947, 0.78378378, 0.75675676])}
{'fit_time': array([3.76114297, 5.42409062, 3.90107727, 3.8582902 , 5.47928143]), 'score_time': array([0.45546722, 0.41802979, 0.45920038, 0.44849563, 0.43640089]), 'test_score': array([0.81578947, 0.78947368, 0.81578947, 0.78378378, 0.75675676])}
{'fit_time': array([3.77474952, 3.7716918 , 5.39044547, 5.41918945, 3.81213546]), 'score_time': array([0.455724  , 0.45079017, 0.42807555, 0.41689348, 0.45143652]), 'test_score': array([0.81578947, 0.78947368, 0.81578947, 0.78378378, 0.75675676])}
{'fit_time': array([4.75371194, 3.95502043, 5.45340729, 3.73416877, 4.44259095]), 'score_time': array([0.43115425, 0.47506618, 0.42278266, 0.44981742, 0.42605376]), 'test_score': array([0.81578947, 0.78947368, 0.81578947, 0.78378378, 0.75675676])}
{'fit_time': array([3.97089028, 5.60635448, 3.93832374, 3.89130473, 5.54337549]), 'score_time': array([0.47697854, 0.48175836, 0.45023108, 0.47054529, 0.41921854]), 'test_score': array([0.81578947, 0.78947368, 0.81578947, 0.78378378, 0.75675676])}
{'fit_time': array([5.542974  , 3.76588011, 3.81548858, 5.60740757, 3.94011497]), 'score_time': array([0.42919922, 0.4491694 , 0.45158529, 0.42233706, 0.46704078]), 'test_score': array([0.81578947, 0.78947368, 0.81578947, 0.78378378, 0.75675676])}
{'fit_time': array([3.79639602, 5.54454803, 4.08418751, 3.93128347, 5.52458215]), 'score_time': array([0.45405865, 0.43265343, 0.47463131, 0.44899344, 0.41254354]), 'test_score': array([0.81578947, 0.78947368, 0.81578947, 0.78378378, 0.75675676])}
{'fit_time': array([5.48530006, 3.84433627, 4.03995061, 3.78265595, 5.53500032]), 'score_time': array([0.42575002, 0.45015645, 0.46228862, 0.44495201, 0.43003893]), 'test_score': array([0.81578947, 0.78947368, 0.81578947, 0.78378378, 0.75675676])}
{'fit_time': array([3.93825889, 3.81127167, 5.52224755, 3.968539  , 5.5450561 ]), 'score_time': array([0.45737386, 0.4632504 , 0.4382472 , 0.44606185, 0.43861866]), 'test_score': array([0.81578947, 0.78947368, 0.81578947, 0.78378378, 0.75675676])}
{'fit_time': array([3.83734298, 3.84083581, 5.53222656, 5.55897856, 3.83536363]), 'score_time': array([0.4566319 , 0.45577884, 0.42472339, 0.43260384, 0.46944022]), 'test_score': array([0.81578947, 0.78947368, 0.81578947, 0.78378378, 0.75675676])}
dimension:  9
{'fit_time': array([4.12917018, 4.91988754, 3.97323585, 5.07723713, 5.94481421]), 'score_time': array([0.48975182, 0.44089532, 0.48614097, 0.44894814, 0.45473742]), 'test_score': array([0.78947368, 0.84210526, 0.78947368, 0.78378378, 0.75675676])}
{'fit_time': array([5.78418851, 4.05704832, 4.13331103, 5.79393244, 4.25287867]), 'score_time': array([0.45979834, 0.4848249 , 0.49226904, 0.43757033, 0.48207641]), 'test_score': array([0.78947368, 0.84210526, 0.78947368, 0.78378378, 0.75675676])}
{'fit_time': array([5.87745404, 3.95558357, 4.06465364, 4.14542818, 5.86575603]), 'score_time': array([0.45373321, 0.46955061, 0.49035311, 0.48148775, 0.43878245]), 'test_score': array([0.78947368, 0.84210526, 0.78947368, 0.78378378, 0.75675676])}
{'fit_time': array([3.99118328, 5.86143398, 5.8353641 , 4.08200455, 4.12199664]), 'score_time': array([0.49049807, 0.46334648, 0.45453453, 0.48147821, 0.47957611]), 'test_score': array([0.78947368, 0.84210526, 0.78947368, 0.78378378, 0.75675676])}
{'fit_time': array([5.86257172, 4.15267515, 3.94872713, 4.08601356, 5.86558437]), 'score_time': array([0.44268394, 0.48335218, 0.46477723, 0.4696846 , 0.45354486]), 'test_score': array([0.78947368, 0.84210526, 0.78947368, 0.78378378, 0.75675676])}
{'fit_time': array([5.77123332, 5.79171777, 4.03935742, 3.92481256, 4.18746972]), 'score_time': array([0.44648838, 0.44860673, 0.47725034, 0.45482254, 0.48321509]), 'test_score': array([0.78947368, 0.84210526, 0.78947368, 0.78378378, 0.75675676])}
{'fit_time': array([5.84964061, 4.15919209, 5.91242218, 4.0112741 , 4.1476562 ]), 'score_time': array([0.44067335, 0.49583435, 0.47562361, 0.47357321, 0.48424745]), 'test_score': array([0.78947368, 0.84210526, 0.78947368, 0.78378378, 0.75675676])}
{'fit_time': array([4.16680098, 5.79108024, 3.96976233, 5.82310486, 4.11937332]), 'score_time': array([0.48020649, 0.45814967, 0.4770813 , 0.44258046, 0.47529197]), 'test_score': array([0.78947368, 0.84210526, 0.78947368, 0.78378378, 0.75675676])}
{'fit_time': array([4.05721402, 3.98693871, 5.71425676, 3.93928099, 5.79308438]), 'score_time': array([0.48715281, 0.47789311, 0.45177865, 0.45630074, 0.44428873]), 'test_score': array([0.78947368, 0.84210526, 0.78947368, 0.78378378, 0.75675676])}
{'fit_time': array([4.02713728, 4.2118938 , 6.05876589, 6.06359816, 3.99257755]), 'score_time': array([0.49125552, 0.47621632, 0.44924045, 0.44606113, 0.46597648]), 'test_score': array([0.78947368, 0.84210526, 0.78947368, 0.78378378, 0.75675676])}
dimension:  10
{'fit_time': array([6.21186471, 4.29659367, 6.19093537, 4.34497881, 4.2628696 ]), 'score_time': array([0.5064106 , 0.51184034, 0.48577189, 0.51307726, 0.49277163]), 'test_score': array([0.76315789, 0.81578947, 0.78947368, 0.81081081, 0.78378378])}
{'fit_time': array([6.20758104, 4.32129025, 4.3541944 , 4.26679087, 6.2476964 ]), 'score_time': array([0.46548605, 0.53015733, 0.50871253, 0.50986099, 0.4729538 ]), 'test_score': array([0.76315789, 0.81578947, 0.78947368, 0.81081081, 0.78378378])}
{'fit_time': array([4.2993443 , 4.27446818, 6.0636754 , 6.09057474, 4.37058663]), 'score_time': array([0.53926921, 0.50479531, 0.48747897, 0.45322108, 0.49704719]), 'test_score': array([0.76315789, 0.81578947, 0.78947368, 0.81081081, 0.78378378])}
{'fit_time': array([4.35003066, 4.32593942, 4.34403253, 6.16390634, 6.18832254]), 'score_time': array([0.51332474, 0.54854822, 0.49353981, 0.45216107, 0.47073817]), 'test_score': array([0.76315789, 0.81578947, 0.78947368, 0.81081081, 0.78378378])}
{'fit_time': array([6.25132346, 4.45005465, 4.29310465, 4.25241232, 6.19581079]), 'score_time': array([0.46721101, 0.49855828, 0.51205444, 0.51206231, 0.47568083]), 'test_score': array([0.76315789, 0.81578947, 0.78947368, 0.81081081, 0.78378378])}
{'fit_time': array([4.6231432 , 6.4752872 , 4.53100777, 4.44293118, 6.42154074]), 'score_time': array([0.51444578, 0.51515698, 0.51600385, 0.50009871, 0.47739172]), 'test_score': array([0.76315789, 0.81578947, 0.78947368, 0.81081081, 0.78378378])}
{'fit_time': array([5.38842273, 6.14164877, 4.91276217, 4.2756958 , 4.43693924]), 'score_time': array([0.50265455, 0.48672509, 0.4816184 , 0.48890376, 0.52286696]), 'test_score': array([0.76315789, 0.81578947, 0.78947368, 0.81081081, 0.78378378])}
{'fit_time': array([5.12479854, 5.55862236, 4.39068818, 4.26670098, 6.33208632]), 'score_time': array([0.50288653, 0.50265622, 0.5152843 , 0.51294708, 0.46694136]), 'test_score': array([0.76315789, 0.81578947, 0.78947368, 0.81081081, 0.78378378])}
{'fit_time': array([4.52248669, 6.36515188, 4.44824648, 4.57318735, 6.30690575]), 'score_time': array([0.52129841, 0.51354051, 0.50730252, 0.50336647, 0.48452568]), 'test_score': array([0.76315789, 0.81578947, 0.78947368, 0.81081081, 0.78378378])}
{'fit_time': array([6.05079746, 4.2559998 , 4.29949617, 4.18270421, 6.10232782]), 'score_time': array([0.4778285 , 0.51034904, 0.50231886, 0.48360682, 0.46822929]), 'test_score': array([0.76315789, 0.81578947, 0.78947368, 0.81081081, 0.78378378])}
dimension:  11
{'fit_time': array([6.44413352, 4.50803161, 4.46183276, 4.37979507, 6.46074772]), 'score_time': array([0.50143027, 0.54216337, 0.54476881, 0.51584506, 0.48851585]), 'test_score': array([0.78947368, 0.73684211, 0.81578947, 0.78378378, 0.7027027 ])}
{'fit_time': array([4.4709053 , 6.53347325, 4.43857694, 6.49646568, 4.65616441]), 'score_time': array([0.52870655, 0.5109508 , 0.52331209, 0.48295498, 0.53062725]), 'test_score': array([0.78947368, 0.73684211, 0.81578947, 0.78378378, 0.7027027 ])}
{'fit_time': array([4.55314255, 4.45126224, 6.47923636, 6.52266002, 4.50177288]), 'score_time': array([0.5290668 , 0.52336907, 0.50562072, 0.50475335, 0.52512836]), 'test_score': array([0.78947368, 0.73684211, 0.81578947, 0.78378378, 0.7027027 ])}
{'fit_time': array([4.41555262, 5.26350379, 6.31603169, 5.68582201, 4.35382581]), 'score_time': array([0.52506781, 0.52049828, 0.50017548, 0.50520158, 0.50402236]), 'test_score': array([0.78947368, 0.73684211, 0.81578947, 0.78378378, 0.7027027 ])}
{'fit_time': array([6.44011497, 4.48276448, 4.49735618, 4.57705951, 6.48007774]), 'score_time': array([0.48609781, 0.54607964, 0.54752469, 0.5317626 , 0.51732254]), 'test_score': array([0.78947368, 0.73684211, 0.81578947, 0.78378378, 0.7027027 ])}
{'fit_time': array([4.52530026, 6.54523492, 4.56413746, 4.50464487, 6.59317374]), 'score_time': array([0.53766727, 0.50880384, 0.54953909, 0.51595926, 0.50024319]), 'test_score': array([0.78947368, 0.73684211, 0.81578947, 0.78378378, 0.7027027 ])}
{'fit_time': array([4.44501662, 4.55860591, 6.52084064, 6.61804032, 4.56253099]), 'score_time': array([0.52497268, 0.54577208, 0.49942279, 0.52603841, 0.53783345]), 'test_score': array([0.78947368, 0.73684211, 0.81578947, 0.78378378, 0.7027027 ])}
{'fit_time': array([6.47491837, 4.6157546 , 4.48728323, 4.41521072, 6.52131224]), 'score_time': array([0.48632383, 0.52209449, 0.53919482, 0.5289278 , 0.51706338]), 'test_score': array([0.78947368, 0.73684211, 0.81578947, 0.78378378, 0.7027027 ])}
{'fit_time': array([6.5208261 , 4.48594022, 4.60878778, 4.42691135, 6.59818602]), 'score_time': array([0.48612809, 0.52663803, 0.54088974, 0.52369618, 0.51185751]), 'test_score': array([0.78947368, 0.73684211, 0.81578947, 0.78378378, 0.7027027 ])}
{'fit_time': array([4.5001955 , 6.57020664, 4.57885695, 6.5058105 , 4.61893773]), 'score_time': array([0.54051518, 0.51239777, 0.54942489, 0.48039603, 0.53202009]), 'test_score': array([0.78947368, 0.73684211, 0.81578947, 0.78378378, 0.7027027 ])}
dimension:  12
{'fit_time': array([4.71025276, 4.74077487, 4.85634995, 6.93896747, 6.87277627]), 'score_time': array([0.57901764, 0.56225848, 0.56653214, 0.52099586, 0.51018953]), 'test_score': array([0.76315789, 0.73684211, 0.73684211, 0.78378378, 0.72972973])}
{'fit_time': array([4.72138333, 4.84960198, 6.86223197, 4.67948437, 6.88879061]), 'score_time': array([0.5703187 , 0.56362009, 0.55001736, 0.53142095, 0.54274726]), 'test_score': array([0.76315789, 0.73684211, 0.73684211, 0.78378378, 0.72972973])}
{'fit_time': array([4.65475082, 6.79457569, 4.77713633, 6.89400387, 4.70271969]), 'score_time': array([0.5276289 , 0.51128793, 0.55292201, 0.53484178, 0.53928638]), 'test_score': array([0.76315789, 0.73684211, 0.73684211, 0.78378378, 0.72972973])}
{'fit_time': array([4.64903331, 4.60693121, 4.7283833 , 6.82192874, 6.82272124]), 'score_time': array([0.52924228, 0.55423903, 0.55520678, 0.51995039, 0.53239441]), 'test_score': array([0.76315789, 0.73684211, 0.73684211, 0.78378378, 0.72972973])}
{'fit_time': array([4.76423764, 6.80651569, 4.80428672, 4.66904545, 6.92124844]), 'score_time': array([0.560148  , 0.51055193, 0.55232358, 0.56871128, 0.52542233]), 'test_score': array([0.76315789, 0.73684211, 0.73684211, 0.78378378, 0.72972973])}
{'fit_time': array([6.78333974, 4.80541849, 4.79531693, 4.60703611, 6.8145833 ]), 'score_time': array([0.52400923, 0.55567241, 0.55633521, 0.52231002, 0.52586937]), 'test_score': array([0.76315789, 0.73684211, 0.73684211, 0.78378378, 0.72972973])}
{'fit_time': array([6.85084462, 4.68342662, 4.64915395, 6.8055377 , 4.75846839]), 'score_time': array([0.52726841, 0.57062149, 0.57267976, 0.50337267, 0.55729914]), 'test_score': array([0.76315789, 0.73684211, 0.73684211, 0.78378378, 0.72972973])}
{'fit_time': array([4.71132827, 4.7130568 , 6.94018054, 4.75924778, 6.83124328]), 'score_time': array([0.56327438, 0.55983758, 0.56093454, 0.55832291, 0.50456929]), 'test_score': array([0.76315789, 0.73684211, 0.73684211, 0.78378378, 0.72972973])}
{'fit_time': array([4.82945585, 4.6805954 , 6.86893177, 6.87697721, 4.74558926]), 'score_time': array([0.56062245, 0.57245851, 0.51537395, 0.50670171, 0.55747247]), 'test_score': array([0.76315789, 0.73684211, 0.73684211, 0.78378378, 0.72972973])}
{'fit_time': array([4.65241957, 4.85129881, 4.76318431, 6.84189987, 6.86266685]), 'score_time': array([0.54628611, 0.57157612, 0.57735181, 0.5055151 , 0.50679302]), 'test_score': array([0.76315789, 0.73684211, 0.73684211, 0.78378378, 0.72972973])}
dimension:  13
{'fit_time': array([5.00617552, 6.49094629, 5.68766403, 4.88624167, 7.23901606]), 'score_time': array([0.58471131, 0.56014037, 0.56959462, 0.56577897, 0.52444339]), 'test_score': array([0.78947368, 0.78947368, 0.63157895, 0.78378378, 0.78378378])}
{'fit_time': array([7.17635083, 4.94291544, 5.06993508, 4.96285462, 7.24341822]), 'score_time': array([0.53366876, 0.60634589, 0.58722305, 0.57862282, 0.54070997]), 'test_score': array([0.78947368, 0.78947368, 0.63157895, 0.78378378, 0.78378378])}
{'fit_time': array([4.98387432, 5.0353632 , 4.96091151, 7.22636604, 7.23287344]), 'score_time': array([0.59776616, 0.59607816, 0.59319639, 0.52724338, 0.53430343]), 'test_score': array([0.78947368, 0.78947368, 0.63157895, 0.78378378, 0.78378378])}
{'fit_time': array([5.06223726, 7.06745505, 4.86925411, 4.97272515, 7.20765257]), 'score_time': array([0.59542179, 0.57235551, 0.55955768, 0.54183769, 0.52669525]), 'test_score': array([0.78947368, 0.78947368, 0.63157895, 0.78378378, 0.78378378])}
{'fit_time': array([4.84337854, 4.75866151, 7.20927548, 7.03606153, 4.8823216 ]), 'score_time': array([0.56588244, 0.56959033, 0.55214238, 0.55258846, 0.58140993]), 'test_score': array([0.78947368, 0.78947368, 0.63157895, 0.78378378, 0.78378378])}
{'fit_time': array([4.89026546, 5.07657504, 7.2168355 , 7.10830593, 5.03877378]), 'score_time': array([0.55626369, 0.57869196, 0.54200721, 0.54306507, 0.5675137 ]), 'test_score': array([0.78947368, 0.78947368, 0.63157895, 0.78378378, 0.78378378])}
{'fit_time': array([4.85435367, 4.85402322, 7.04187655, 4.85663271, 7.19891739]), 'score_time': array([0.56529546, 0.57355261, 0.5466702 , 0.56705952, 0.55202579]), 'test_score': array([0.78947368, 0.78947368, 0.63157895, 0.78378378, 0.78378378])}
{'fit_time': array([7.12685609, 4.84907937, 4.90598607, 4.89503312, 7.06690526]), 'score_time': array([0.56546807, 0.58268213, 0.5800302 , 0.56934166, 0.535923  ]), 'test_score': array([0.78947368, 0.78947368, 0.63157895, 0.78378378, 0.78378378])}
{'fit_time': array([4.89223456, 7.00642347, 5.04125428, 4.76883459, 7.01332498]), 'score_time': array([0.5792377 , 0.53718805, 0.59595942, 0.54662991, 0.52221417]), 'test_score': array([0.78947368, 0.78947368, 0.63157895, 0.78378378, 0.78378378])}
{'fit_time': array([4.8933773 , 7.08841991, 5.10790992, 4.90206528, 7.2093637 ]), 'score_time': array([0.58412957, 0.5551157 , 0.60597301, 0.55875564, 0.53496027]), 'test_score': array([0.78947368, 0.78947368, 0.63157895, 0.78378378, 0.78378378])}
dimension:  14
{'fit_time': array([5.0336771 , 6.26650524, 6.50734091, 5.40250516, 7.44733357]), 'score_time': array([0.59707689, 0.60007524, 0.59183121, 0.62694216, 0.55118942]), 'test_score': array([0.76315789, 0.76315789, 0.63157895, 0.78378378, 0.78378378])}
{'fit_time': array([7.51784277, 5.20882082, 5.29876614, 5.27607918, 7.55896544]), 'score_time': array([0.55619049, 0.61794591, 0.60467291, 0.63322091, 0.55576992]), 'test_score': array([0.76315789, 0.76315789, 0.63157895, 0.78378378, 0.78378378])}
{'fit_time': array([5.17073369, 5.14532185, 7.53582048, 7.5887208 , 5.18721342]), 'score_time': array([0.61469579, 0.62287998, 0.57662654, 0.57966518, 0.58605003]), 'test_score': array([0.76315789, 0.76315789, 0.63157895, 0.78378378, 0.78378378])}
{'fit_time': array([5.73100924, 7.56473136, 7.0059731 , 5.27639103, 5.09618521]), 'score_time': array([0.57277727, 0.58021045, 0.57690191, 0.63288617, 0.59237313]), 'test_score': array([0.76315789, 0.76315789, 0.63157895, 0.78378378, 0.78378378])}
{'fit_time': array([5.11829901, 5.36819935, 7.53007269, 7.4068439 , 5.11131144]), 'score_time': array([0.6007092 , 0.60607934, 0.55967331, 0.57058764, 0.57677197]), 'test_score': array([0.76315789, 0.76315789, 0.63157895, 0.78378378, 0.78378378])}
{'fit_time': array([5.11743188, 4.99052048, 5.09503746, 7.29153156, 7.41846919]), 'score_time': array([0.60111022, 0.58776593, 0.60396433, 0.57523441, 0.55274534]), 'test_score': array([0.76315789, 0.76315789, 0.63157895, 0.78378378, 0.78378378])}
{'fit_time': array([5.92624736, 5.23438334, 5.20309448, 6.83188224, 7.62089372]), 'score_time': array([0.60187507, 0.62550402, 0.63178945, 0.57186818, 0.56834865]), 'test_score': array([0.76315789, 0.76315789, 0.63157895, 0.78378378, 0.78378378])}
{'fit_time': array([5.32114577, 5.24907565, 7.60924006, 7.49508929, 5.20394969]), 'score_time': array([0.62147999, 0.62104774, 0.5750587 , 0.56934071, 0.61401725]), 'test_score': array([0.76315789, 0.76315789, 0.63157895, 0.78378378, 0.78378378])}
{'fit_time': array([7.33299088, 5.46587586, 7.47999072, 5.3879168 , 5.10972548]), 'score_time': array([0.56295156, 0.61248827, 0.55552149, 0.58546066, 0.57126117]), 'test_score': array([0.76315789, 0.76315789, 0.63157895, 0.78378378, 0.78378378])}
{'fit_time': array([5.15834498, 5.08253384, 7.41042304, 7.35499525, 5.08353567]), 'score_time': array([0.57826996, 0.61133933, 0.59339976, 0.56222558, 0.58521295]), 'test_score': array([0.76315789, 0.76315789, 0.63157895, 0.78378378, 0.78378378])}
dimension:  15
{'fit_time': array([5.35342145, 6.55624366, 7.70547152, 6.52722001, 5.40313172]), 'score_time': array([0.64613509, 0.60828805, 0.5757997 , 0.61075997, 0.61795163]), 'test_score': array([0.73684211, 0.81578947, 0.65789474, 0.75675676, 0.72972973])}
{'fit_time': array([5.52067399, 7.95273519, 5.46727562, 7.9432261 , 5.29739976]), 'score_time': array([0.66212058, 0.61627913, 0.64002681, 0.61009121, 0.6491189 ]), 'test_score': array([0.73684211, 0.81578947, 0.65789474, 0.75675676, 0.72972973])}
{'fit_time': array([5.32504272, 5.39629865, 5.47735429, 7.74062777, 7.83245015]), 'score_time': array([0.62839079, 0.66185999, 0.63158941, 0.57795835, 0.6038456 ]), 'test_score': array([0.73684211, 0.81578947, 0.65789474, 0.75675676, 0.72972973])}
{'fit_time': array([5.26848316, 5.52601242, 7.76651716, 5.33677387, 7.91523886]), 'score_time': array([0.61928892, 0.63551211, 0.59433603, 0.62311172, 0.59938002]), 'test_score': array([0.73684211, 0.81578947, 0.65789474, 0.75675676, 0.72972973])}
{'fit_time': array([5.3089664 , 7.68748188, 5.54193807, 5.41927886, 7.78905082]), 'score_time': array([0.61520672, 0.6159513 , 0.64503503, 0.62896156, 0.59303761]), 'test_score': array([0.73684211, 0.81578947, 0.65789474, 0.75675676, 0.72972973])}
{'fit_time': array([5.36484742, 5.43677902, 5.50959921, 7.78050947, 7.88575935]), 'score_time': array([0.64704776, 0.62783504, 0.63867402, 0.57816172, 0.60946465]), 'test_score': array([0.73684211, 0.81578947, 0.65789474, 0.75675676, 0.72972973])}
{'fit_time': array([7.73283339, 5.52769828, 5.35376549, 7.6742909 , 5.52433395]), 'score_time': array([0.58583188, 0.64582181, 0.62938499, 0.57739162, 0.66048074]), 'test_score': array([0.73684211, 0.81578947, 0.65789474, 0.75675676, 0.72972973])}
{'fit_time': array([5.44477415, 6.28752351, 5.55827308, 6.90945864, 7.91211081]), 'score_time': array([0.61583591, 0.60445452, 0.64376831, 0.57382607, 0.60072422]), 'test_score': array([0.73684211, 0.81578947, 0.65789474, 0.75675676, 0.72972973])}
{'fit_time': array([5.33770823, 7.74820495, 5.3325181 , 5.21451497, 7.79274511]), 'score_time': array([0.63023305, 0.59756851, 0.66845942, 0.60609794, 0.59764171]), 'test_score': array([0.73684211, 0.81578947, 0.65789474, 0.75675676, 0.72972973])}
{'fit_time': array([5.29493999, 5.48967624, 5.41655397, 7.8801136 , 7.81331205]), 'score_time': array([0.62808418, 0.64213538, 0.64054275, 0.60185409, 0.58479285]), 'test_score': array([0.73684211, 0.81578947, 0.65789474, 0.75675676, 0.72972973])}
dimension:  16
{'fit_time': array([7.93422103, 5.61883688, 5.72765064, 5.66979361, 8.13577127]), 'score_time': array([0.66465068, 0.66144109, 0.65012956, 0.66440988, 0.61254716]), 'test_score': array([0.73684211, 0.81578947, 0.65789474, 0.75675676, 0.75675676])}
{'fit_time': array([8.20134616, 5.65273499, 5.55832577, 8.22078466, 5.67392659]), 'score_time': array([0.61765027, 0.66698313, 0.65055418, 0.60661864, 0.66397572]), 'test_score': array([0.73684211, 0.81578947, 0.65789474, 0.75675676, 0.75675676])}
{'fit_time': array([5.75369716, 8.08725405, 5.672364  , 5.6498332 , 8.02015615]), 'score_time': array([0.65511131, 0.6176033 , 0.65567756, 0.63256454, 0.60419273]), 'test_score': array([0.73684211, 0.81578947, 0.65789474, 0.75675676, 0.75675676])}
{'fit_time': array([7.9646337 , 5.5210681 , 5.45453429, 5.53663492, 8.12572026]), 'score_time': array([0.61685705, 0.65543723, 0.64948535, 0.62217736, 0.59149599]), 'test_score': array([0.73684211, 0.81578947, 0.65789474, 0.75675676, 0.75675676])}
{'fit_time': array([5.65359688, 8.02158546, 5.67258286, 5.63672495, 8.04861832]), 'score_time': array([0.65072632, 0.66449571, 0.6629982 , 0.62891698, 0.59598303]), 'test_score': array([0.73684211, 0.81578947, 0.65789474, 0.75675676, 0.75675676])}
{'fit_time': array([5.47628689, 8.02948403, 5.73163748, 6.69259071, 6.76003933]), 'score_time': array([0.64424849, 0.61129951, 0.68390417, 0.61325574, 0.64160895]), 'test_score': array([0.73684211, 0.81578947, 0.65789474, 0.75675676, 0.75675676])}
{'fit_time': array([8.15897059, 5.61226392, 5.66032696, 8.07422614, 5.50708914]), 'score_time': array([0.608778  , 0.69602585, 0.65228081, 0.61272907, 0.65212798]), 'test_score': array([0.73684211, 0.81578947, 0.65789474, 0.75675676, 0.75675676])}
{'fit_time': array([8.14456725, 5.77624154, 8.20129466, 5.65176153, 5.57623339]), 'score_time': array([0.60822916, 0.65977931, 0.61958313, 0.65297532, 0.65813541]), 'test_score': array([0.73684211, 0.81578947, 0.65789474, 0.75675676, 0.75675676])}
{'fit_time': array([8.09548974, 5.70726776, 5.65591645, 5.77407265, 8.20255637]), 'score_time': array([0.65788341, 0.66852069, 0.67304111, 0.66134   , 0.62029076]), 'test_score': array([0.73684211, 0.81578947, 0.65789474, 0.75675676, 0.75675676])}
{'fit_time': array([8.66918635, 6.21239352, 6.4160769 , 6.23034358, 8.58202744]), 'score_time': array([0.68045497, 0.68431759, 0.66509509, 0.63718939, 0.58995128]), 'test_score': array([0.73684211, 0.81578947, 0.65789474, 0.75675676, 0.75675676])}
dimension:  17
{'fit_time': array([5.77056646, 8.31442666, 5.63556194, 5.69990182, 8.54595637]), 'score_time': array([0.64446545, 0.64688706, 0.67631435, 0.64462328, 0.64471674]), 'test_score': array([0.76315789, 0.81578947, 0.68421053, 0.72972973, 0.75675676])}
{'fit_time': array([6.55859947, 8.42377639, 5.66071773, 7.55504942, 5.76060581]), 'score_time': array([0.63860393, 0.6198678 , 0.65361261, 0.6347661 , 0.65748453]), 'test_score': array([0.76315789, 0.81578947, 0.68421053, 0.72972973, 0.75675676])}
{'fit_time': array([5.83650661, 5.86501527, 6.05281138, 8.34924221, 8.44202089]), 'score_time': array([0.67299938, 0.68903136, 0.70915437, 0.62390375, 0.61446619]), 'test_score': array([0.76315789, 0.81578947, 0.68421053, 0.72972973, 0.75675676])}
{'fit_time': array([5.74567246, 8.4576509 , 5.81410909, 5.87424469, 8.42285061]), 'score_time': array([0.6584363 , 0.66285348, 0.68526864, 0.65337682, 0.61877227]), 'test_score': array([0.76315789, 0.81578947, 0.68421053, 0.72972973, 0.75675676])}
{'fit_time': array([8.32778859, 5.72639728, 5.6300118 , 5.71231771, 8.37519407]), 'score_time': array([0.64623618, 0.67849874, 0.65667129, 0.65606689, 0.63969207]), 'test_score': array([0.76315789, 0.81578947, 0.68421053, 0.72972973, 0.75675676])}
{'fit_time': array([5.77792597, 8.48181129, 5.90382481, 5.86268592, 8.56195307]), 'score_time': array([0.67496824, 0.62157059, 0.6919353 , 0.69457746, 0.67366481]), 'test_score': array([0.76315789, 0.81578947, 0.68421053, 0.72972973, 0.75675676])}
{'fit_time': array([8.46870494, 8.58424139, 5.81591773, 5.76528859, 6.02475619]), 'score_time': array([0.65483093, 0.62240934, 0.70565939, 0.66015291, 0.66363764]), 'test_score': array([0.76315789, 0.81578947, 0.68421053, 0.72972973, 0.75675676])}
{'fit_time': array([5.82694745, 5.80851865, 5.96487117, 8.43480802, 8.5514698 ]), 'score_time': array([0.66739488, 0.67583299, 0.72092652, 0.63607144, 0.61108136]), 'test_score': array([0.76315789, 0.81578947, 0.68421053, 0.72972973, 0.75675676])}
{'fit_time': array([5.90925026, 5.82519245, 8.47729588, 8.44114041, 5.79498911]), 'score_time': array([0.691396  , 0.68680811, 0.65645766, 0.63868022, 0.67501807]), 'test_score': array([0.76315789, 0.81578947, 0.68421053, 0.72972973, 0.75675676])}
{'fit_time': array([6.63804889, 5.87950826, 7.71453738, 8.405725  , 6.18426085]), 'score_time': array([0.65525198, 0.6958549 , 0.66034079, 0.63198233, 0.68666124]), 'test_score': array([0.76315789, 0.81578947, 0.68421053, 0.72972973, 0.75675676])}
dimension:  18
{'fit_time': array([6.19121027, 6.2928865 , 6.20485449, 8.88232255, 8.76862764]), 'score_time': array([0.73272181, 0.73070788, 0.7283895 , 0.63876653, 0.66212869]), 'test_score': array([0.78947368, 0.78947368, 0.68421053, 0.78378378, 0.78378378])}
{'fit_time': array([6.16619658, 6.11889052, 8.89262223, 8.8368957 , 6.17708826]), 'score_time': array([0.70248246, 0.72018099, 0.67470813, 0.6481905 , 0.73019433]), 'test_score': array([0.78947368, 0.78947368, 0.68421053, 0.78378378, 0.78378378])}
{'fit_time': array([6.25041652, 6.1321559 , 8.76681876, 8.74659371, 6.1695981 ]), 'score_time': array([0.7116549 , 0.72197771, 0.66158819, 0.65527868, 0.70548248]), 'test_score': array([0.78947368, 0.78947368, 0.68421053, 0.78378378, 0.78378378])}
{'fit_time': array([6.25369024, 6.41496539, 8.78474879, 8.72724533, 6.10858631]), 'score_time': array([0.67899966, 0.71250439, 0.64594722, 0.64910316, 0.68859339]), 'test_score': array([0.78947368, 0.78947368, 0.68421053, 0.78378378, 0.78378378])}
{'fit_time': array([5.87074876, 8.76802206, 6.21071196, 8.75077105, 5.83482242]), 'score_time': array([0.72000217, 0.66236186, 0.72539735, 0.63878584, 0.68236256]), 'test_score': array([0.78947368, 0.78947368, 0.68421053, 0.78378378, 0.78378378])}
{'fit_time': array([6.14193273, 8.69219589, 6.224123  , 8.57298088, 5.94725204]), 'score_time': array([0.69439268, 0.64963222, 0.72155404, 0.64823794, 0.65926266]), 'test_score': array([0.78947368, 0.78947368, 0.68421053, 0.78378378, 0.78378378])}
{'fit_time': array([5.93038464, 5.99563885, 8.73202515, 8.60212874, 5.94044018]), 'score_time': array([0.72258043, 0.71515918, 0.68566275, 0.64278316, 0.6908102 ]), 'test_score': array([0.78947368, 0.78947368, 0.68421053, 0.78378378, 0.78378378])}
{'fit_time': array([6.06093287, 6.18232608, 8.91988659, 6.035815  , 8.93015814]), 'score_time': array([0.70826483, 0.74093223, 0.66073489, 0.72371578, 0.66693044]), 'test_score': array([0.78947368, 0.78947368, 0.68421053, 0.78378378, 0.78378378])}
{'fit_time': array([6.17026353, 8.88050723, 6.30142689, 6.02369785, 8.64330649]), 'score_time': array([0.71601367, 0.64754725, 0.7178278 , 0.70973158, 0.67542315]), 'test_score': array([0.78947368, 0.78947368, 0.68421053, 0.78378378, 0.78378378])}
{'fit_time': array([6.13326216, 5.93020058, 8.72678852, 6.16647339, 8.86478829]), 'score_time': array([0.72544217, 0.69857192, 0.66348219, 0.71230984, 0.63493204]), 'test_score': array([0.78947368, 0.78947368, 0.68421053, 0.78378378, 0.78378378])}
dimension:  19
{'fit_time': array([6.16291523, 6.37368703, 6.34703088, 9.08393478, 9.22326875]), 'score_time': array([0.72428584, 0.7433362 , 0.7485559 , 0.67394137, 0.66482043]), 'test_score': array([0.76315789, 0.84210526, 0.71052632, 0.72972973, 0.78378378])}
{'fit_time': array([8.8583734 , 6.52533913, 6.25540662, 8.96664858, 6.13913417]), 'score_time': array([0.67143536, 0.76141238, 0.74712896, 0.65429068, 0.69072342]), 'test_score': array([0.76315789, 0.84210526, 0.71052632, 0.72972973, 0.78378378])}
{'fit_time': array([6.36181188, 9.03719854, 6.31698775, 6.1555233 , 9.20858765]), 'score_time': array([0.74596119, 0.68648529, 0.74391413, 0.71752071, 0.66730332]), 'test_score': array([0.76315789, 0.84210526, 0.71052632, 0.72972973, 0.78378378])}
{'fit_time': array([9.01260257, 6.49025106, 6.29566908, 9.05775714, 6.34605718]), 'score_time': array([0.6949873 , 0.7289753 , 0.73300791, 0.65299416, 0.71056247]), 'test_score': array([0.76315789, 0.84210526, 0.71052632, 0.72972973, 0.78378378])}
{'fit_time': array([6.17115545, 6.11694813, 8.95633936, 6.11546159, 8.91155863]), 'score_time': array([0.72840095, 0.73308969, 0.70355582, 0.69123125, 0.66181135]), 'test_score': array([0.76315789, 0.84210526, 0.71052632, 0.72972973, 0.78378378])}
{'fit_time': array([6.26123691, 9.21688581, 9.25217605, 6.35790563, 6.53675032]), 'score_time': array([0.72748351, 0.67421842, 0.68377638, 0.73383832, 0.73031163]), 'test_score': array([0.76315789, 0.84210526, 0.71052632, 0.72972973, 0.78378378])}
{'fit_time': array([9.04536557, 6.27529383, 6.31270409, 6.51528072, 9.15015984]), 'score_time': array([0.69226956, 0.7390337 , 0.74749637, 0.74183655, 0.66074443]), 'test_score': array([0.76315789, 0.84210526, 0.71052632, 0.72972973, 0.78378378])}
{'fit_time': array([9.23669457, 6.58511162, 7.85835242, 7.57180166, 6.19564605]), 'score_time': array([0.70190096, 0.73795629, 0.69115591, 0.67680645, 0.69181681]), 'test_score': array([0.76315789, 0.84210526, 0.71052632, 0.72972973, 0.78378378])}
{'fit_time': array([6.11746645, 6.37333298, 8.86642504, 8.95284104, 6.251827  ]), 'score_time': array([0.72359514, 0.76463389, 0.70825124, 0.65325785, 0.7389617 ]), 'test_score': array([0.76315789, 0.84210526, 0.71052632, 0.72972973, 0.78378378])}
{'fit_time': array([9.09011126, 6.17692995, 6.62564111, 6.37779427, 9.08427215]), 'score_time': array([0.68118954, 0.72088623, 0.75285149, 0.73969436, 0.65815258]), 'test_score': array([0.76315789, 0.84210526, 0.71052632, 0.72972973, 0.78378378])}
dimension:  20
{'fit_time': array([6.43849063, 6.38580871, 9.4951756 , 6.39996243, 9.51813626]), 'score_time': array([0.71606565, 0.74846721, 0.76713181, 0.73140979, 0.69231415]), 'test_score': array([0.73684211, 0.78947368, 0.71052632, 0.67567568, 0.78378378])}
{'fit_time': array([6.41178918, 9.16329455, 6.24111605, 9.28670335, 6.5929637 ]), 'score_time': array([0.74316406, 0.69833899, 0.76763773, 0.6886642 , 0.76397061]), 'test_score': array([0.73684211, 0.78947368, 0.71052632, 0.67567568, 0.78378378])}
{'fit_time': array([9.58159399, 6.57460594, 7.35153127, 6.40427256, 8.78063869]), 'score_time': array([0.72110081, 0.87457299, 0.77521658, 0.73125458, 0.68929458]), 'test_score': array([0.73684211, 0.78947368, 0.71052632, 0.67567568, 0.78378378])}
{'fit_time': array([6.42440796, 9.47650123, 6.64469981, 6.59437418, 9.51841974]), 'score_time': array([0.74902606, 0.69164968, 0.77542591, 0.75425959, 0.68039799]), 'test_score': array([0.73684211, 0.78947368, 0.71052632, 0.67567568, 0.78378378])}
{'fit_time': array([6.57906342, 6.54166031, 9.51561594, 9.43704271, 6.50786924]), 'score_time': array([0.74817419, 0.74492598, 0.720402  , 0.67999578, 0.69888449]), 'test_score': array([0.73684211, 0.78947368, 0.71052632, 0.67567568, 0.78378378])}
{'fit_time': array([8.78753471, 6.4209373 , 7.16688561, 6.37042689, 9.60980415]), 'score_time': array([0.68945026, 0.78685737, 0.73490262, 0.731637  , 0.74590111]), 'test_score': array([0.73684211, 0.78947368, 0.71052632, 0.67567568, 0.78378378])}
{'fit_time': array([6.25898767, 9.25769019, 6.58039403, 9.38284326, 6.47926235]), 'score_time': array([0.74727631, 0.69285965, 0.74885249, 0.71781707, 0.73059845]), 'test_score': array([0.73684211, 0.78947368, 0.71052632, 0.67567568, 0.78378378])}
{'fit_time': array([6.29631639, 6.46973944, 6.36345243, 9.32090902, 9.3046658 ]), 'score_time': array([0.71926761, 0.77240157, 0.73850226, 0.69269252, 0.7051003 ]), 'test_score': array([0.73684211, 0.78947368, 0.71052632, 0.67567568, 0.78378378])}
{'fit_time': array([6.3115468 , 6.40246773, 9.38743186, 6.7318573 , 9.00716853]), 'score_time': array([0.726964  , 0.7437973 , 0.72618413, 0.72599602, 0.70388484]), 'test_score': array([0.73684211, 0.78947368, 0.71052632, 0.67567568, 0.78378378])}
{'fit_time': array([9.3535676 , 6.33510685, 6.38506365, 9.46339679, 6.52753973]), 'score_time': array([0.688869  , 0.79734135, 0.76175618, 0.70806623, 0.7543993 ]), 'test_score': array([0.73684211, 0.78947368, 0.71052632, 0.67567568, 0.78378378])}
AdaBoosting with raw data
{'fit_time': array([ 9.22401953, 13.51980042,  9.5438323 ,  9.09070396, 13.50231838]), 'score_time': array([1.1340282 , 1.03734469, 1.18693233, 1.07565832, 0.99636364]), 'test_score': array([0.86842105, 0.84210526, 0.68421053, 0.83783784, 0.81081081])}
{'fit_time': array([13.80707836, 12.83180952,  9.35412574,  9.32295966,  9.53508782]), 'score_time': array([1.0195961 , 1.05479407, 1.16722345, 1.14011717, 1.53392148]), 'test_score': array([0.86842105, 0.84210526, 0.68421053, 0.83783784, 0.81081081])}
{'fit_time': array([ 8.92168212, 13.3049407 , 13.03434563,  8.97254515,  8.84509301]), 'score_time': array([1.09578085, 1.05507302, 1.01583767, 1.10573649, 1.04215527]), 'test_score': array([0.86842105, 0.84210526, 0.68421053, 0.83783784, 0.81081081])}
{'fit_time': array([13.27384591,  9.31080508,  9.09776902,  8.92693591, 13.64775324]), 'score_time': array([1.06203032, 1.11619949, 1.13928795, 1.06747794, 1.06093526]), 'test_score': array([0.86842105, 0.84210526, 0.68421053, 0.83783784, 0.81081081])}
{'fit_time': array([ 8.90233469, 13.14661312, 13.44216657,  8.82625198,  9.11963606]), 'score_time': array([1.09877086, 1.04579926, 1.01669598, 1.0369544 , 1.06988716]), 'test_score': array([0.86842105, 0.84210526, 0.68421053, 0.83783784, 0.81081081])}
{'fit_time': array([10.28047514, 12.01372313,  9.08908176,  8.94399214, 13.32229352]), 'score_time': array([1.05173349, 1.01081824, 1.14043498, 1.08847332, 0.98662806]), 'test_score': array([0.86842105, 0.84210526, 0.68421053, 0.83783784, 0.81081081])}
{'fit_time': array([ 9.14354563,  9.40420103, 13.20903873,  9.27934957, 13.68713212]), 'score_time': array([1.16137505, 1.12024426, 1.01403785, 1.09183836, 1.04014492]), 'test_score': array([0.86842105, 0.84210526, 0.68421053, 0.83783784, 0.81081081])}
{'fit_time': array([ 9.18389416, 10.14739299,  9.25253463, 12.96785712, 13.6394341 ]), 'score_time': array([1.11673903, 1.11765814, 1.13598657, 1.02453518, 1.00243711]), 'test_score': array([0.86842105, 0.84210526, 0.68421053, 0.83783784, 0.81081081])}
{'fit_time': array([ 8.91729307, 13.37823057,  8.981673  , 13.03598118,  8.76087642]), 'score_time': array([1.11754417, 1.07613301, 1.08085585, 0.99451399, 1.06385732]), 'test_score': array([0.86842105, 0.84210526, 0.68421053, 0.83783784, 0.81081081])}
{'fit_time': array([ 9.07906818,  9.20370984, 13.53030562, 13.61313391,  9.34906816]), 'score_time': array([1.12202263, 1.15695906, 1.01955748, 1.01927662, 1.10419726]), 'test_score': array([0.86842105, 0.84210526, 0.68421053, 0.83783784, 0.81081081])}

Maximum value Summary
PCA data [0.78947368 0.76315789 0.78947368 0.81578947 0.78947368 0.81578947
 0.81578947 0.81578947 0.84210526 0.81578947 0.81578947 0.78378378
 0.78947368 0.78378378 0.81578947 0.81578947 0.81578947 0.78947368
 0.84210526 0.78947368]
raw_data 0.868421052631579

Time Summary
PCA data [14.55773637 16.03872554 17.28173652 18.76270084 20.28033412 22.13989699
 23.32310092 24.80913942 26.26459839 27.9949641  29.12217588 30.61731358
 31.91206181 33.53520713 34.92273073 36.59264684 37.66406038 39.35308712
 40.62295048 41.84838538]
raw_data 59.61503429412842
